[timestamp] {imbalance_prev, dS_prev, imbalance_curr}. Buy/Sell price (timestamp). [Asset, Cash]
[34205200] {3, -100, 3}. Sell at 33.80 (34205190). [-1, 33.80].
[34207600] {2, 100, 2}.   Buy at 33.83 (34207600). [0, -0.03].
[34208800] {2, 100, 2}.   Buy at 33.83 (34208800). [1, -33.86].
[34210800] {2, 100, 2}.   Buy at 33.83 (34210800). [2, -67.69].
[34212000] {2, -100, 2}. Sell at 33.81 (34211948). [1, -33.88].
[34212800] {1, -200, 1}. Sell at 33.80 (34212799). [0, -0.08].
[34216000] {3, -100, 3}. Sell at 33.77 (34215957). [-1, 33.69].
[34228800] {4, 100, 4}.   Buy at 33.74 (34228800). [0, -0.05].
[34232400] {2, -100, 2}. Sell at 33.70 (34232263). [-1, 33.65].
[34253200] {1, -100, 1}. Sell at 33.70 (34253010). [-2, 67.35].
[34259200] {1, 400, 1}.   Buy at 33.77 (34259199). [-1, 33.58].
[34260000] {2, 100, 2}.   Buy at 33.81 (34259989). [0, -0.23].
[34262400] {3, 300, 3}.   Buy at 33.89 (34262355). [1, -34.12].
[34263200] {2, -100, 2}. Sell at 33.85 (34263135). [0, -0.27].
[34263600] {2, 200, 2}.   Buy at 33.89 (34263567). [1, -34.16].
[34269200] {3, -800, 3}. Sell at 33.77 (34269155). [0, -0.39].
[34276800] {2, 100, 2}.   Buy at 33.85 (34276727). [1, -34.24].
[34277200] {2, -100, 2}. Sell at 33.83 (34277124). [0, -0.41].
[34286400] {2, -100, 2}. Sell at 33.82 (34286101). [-1, 33.41].
[34298800] {1, -100, 1}. Sell at 33.80 (34298762). [-2, 67.21].
[34302000] {4, 100, 4}.   Buy at 33.82 (34301978). [-1, 33.39].
[34314800] {2, -100, 2}. Sell at 33.82 (34314418). [-2, 67.21].
[34318400] {1, 100, 1}.   Buy at 33.85 (34318391). [-1, 33.36].
[34333200] {3, -200, 3}. Sell at 33.82 (34333086). [-2, 67.18].
[34346000] {2, -100, 2}. Sell at 33.81 (34345964). [-3, 100.99].
[34348000] {4, 200, 4}.   Buy at 33.86 (34347988). [-2, 67.13].
[34351600] {4, 100, 4}.   Buy at 33.88 (34351484). [-1, 33.25].
[34357600] {1, 100, 1}.   Buy at 33.90 (34357379). [0, -0.65].
[34358400] {1, -100, 1}. Sell at 33.88 (34358400). [-1, 33.23].
[34368400] {2, -100, 2}. Sell at 33.87 (34368391). [-2, 67.10].
[34376400] {4, -100, 4}. Sell at 33.87 (34376202). [-3, 100.97].
[34376800] {4, -100, 4}. Sell at 33.87 (34376726). [-4, 134.84].
[34380000] {1, 100, 1}.   Buy at 33.90 (34380000). [-3, 100.94].
[34385200] {1, 100, 1}.   Buy at 33.90 (34385007). [-2, 67.04].
[34420000] {3, -100, 3}. Sell at 33.92 (34419907). [-3, 100.96].
[34422800] {3, -100, 3}. Sell at 33.92 (34422639). [-4, 134.88].
[34440800] {1, 100, 1}.   Buy at 33.96 (34440772). [-3, 100.92].
[34442000] {2, 100, 2}.   Buy at 33.95 (34441805). [-2, 66.97].
[34488400] {3, 100, 3}.   Buy at 33.94 (34488395). [-1, 33.03].
[34490800] {3, 100, 3}.   Buy at 33.94 (34490588). [0, -0.91].
[34514000] {2, -100, 2}. Sell at 33.91 (34513753). [-1, 33.00].
[34530000] {3, 100, 3}.   Buy at 33.92 (34529936). [0, -0.92].
[34544000] {2, -100, 2}. Sell at 33.90 (34543941). [-1, 32.98].
[34562800] {2, -100, 2}. Sell at 33.84 (34562743). [-2, 66.82].
[34570400] {2, -100, 2}. Sell at 33.82 (34570395). [-3, 100.64].
[34572800] {1, -100, 1}. Sell at 33.82 (34572684). [-4, 134.46].
[34596400] {3, 200, 3}.   Buy at 33.87 (34596264). [-3, 100.59].
[34606000] {2, 100, 2}.   Buy at 33.90 (34605846). [-2, 66.69].
[34631200] {4, 100, 4}.   Buy at 33.95 (34631191). [-1, 32.74].
[34640000] {2, 100, 2}.   Buy at 33.94 (34639978). [0, -1.20].
[34641200] {2, 200, 2}.   Buy at 33.96 (34641199). [1, -35.16].
[34662000] {1, 100, 1}.   Buy at 33.94 (34661998). [2, -69.10].
[34680000] {4, 100, 4}.   Buy at 33.95 (34679868). [3, -103.05].
[34693600] {4, 100, 4}.   Buy at 33.98 (34693581). [4, -137.03].
[34700000] {2, -100, 2}. Sell at 33.97 (34699783). [3, -103.06].
[34732400] {2, -200, 2}. Sell at 33.94 (34732157). [2, -69.12].
[34739600] {1, -100, 1}. Sell at 33.93 (34739596). [1, -35.19].
[34742800] {2, -100, 2}. Sell at 33.91 (34742704). [0, -1.28].
[34766400] {3, 100, 3}.   Buy at 33.93 (34766297). [1, -35.21].
[34774400] {3, 100, 3}.   Buy at 33.99 (34774394). [2, -69.20].
[34775200] {2, 100, 2}.   Buy at 33.99 (34775131). [3, -103.19].
[34801600] {2, -100, 2}. Sell at 33.97 (34801505). [2, -69.22].
[34804800] {2, -100, 2}. Sell at 33.96 (34804628). [1, -35.26].
[34806800] {2, -100, 2}. Sell at 33.95 (34806761). [0, -1.31].
[34813200] {1, -100, 1}. Sell at 33.93 (34813113). [-1, 32.62].
[34817200] {3, 100, 3}.   Buy at 33.95 (34817161). [0, -1.33].
[34824000] {2, -100, 2}. Sell at 33.93 (34823841). [-1, 32.60].
[34849200] {1, -100, 1}. Sell at 33.90 (34849129). [-2, 66.50].
[34857200] {1, -100, 1}. Sell at 33.93 (34857171). [-3, 100.43].
[34869600] {2, -100, 2}. Sell at 33.92 (34869598). [-4, 134.35].
[34872400] {1, -100, 1}. Sell at 33.91 (34872393). [-5, 168.26].
[34892800] {3, 200, 3}.   Buy at 33.93 (34892796). [-4, 134.33].
[34932400] {1, -100, 1}. Sell at 33.92 (34932376). [-5, 168.25].
[34933200] {2, -100, 2}. Sell at 33.91 (34933174). [-6, 202.16].
[34935600] {1, -100, 1}. Sell at 33.90 (34935388). [-7, 236.06].
[34938800] {3, 100, 3}.   Buy at 33.92 (34938763). [-6, 202.14].
[34955200] {3, -100, 3}. Sell at 33.91 (34955054). [-7, 236.05].
[34971600] {3, 100, 3}.   Buy at 33.93 (34971591). [-6, 202.12].
[34980400] {2, 100, 2}.   Buy at 33.94 (34980400). [-5, 168.18].
[34983200] {3, 100, 3}.   Buy at 33.95 (34983185). [-4, 134.23].
[35010800] {1, -200, 1}. Sell at 33.90 (35010742). [-5, 168.13].
[35033200] {3, 100, 3}.   Buy at 33.93 (35033189). [-4, 134.20].
[35038400] {4, 100, 4}.   Buy at 33.94 (35038391). [-3, 100.26].
[35121200] {2, 100, 2}.   Buy at 33.94 (35121198). [-2, 66.32].
[35164400] {3, 100, 3}.   Buy at 33.95 (35164394). [-1, 32.37].
[35166000] {4, 100, 4}.   Buy at 33.96 (35165997). [0, -1.59].
[35230000] {1, -100, 1}. Sell at 33.95 (35229974). [-1, 32.36].
[35310400] {3, 100, 3}.   Buy at 33.96 (35310393). [0, -1.60].
[35333600] {4, 200, 4}.   Buy at 33.99 (35333600). [1, -35.59].
[35362800] {3, 100, 3}.   Buy at 34.02 (35362788). [2, -69.61].
[35372800] {2, -200, 2}. Sell at 33.99 (35372754). [1, -35.62].
[35378400] {2, -100, 2}. Sell at 33.98 (35378392). [0, -1.64].
[35379600] {3, -200, 3}. Sell at 33.96 (35379450). [-1, 32.32].
[35399600] {2, -100, 2}. Sell at 33.95 (35399575). [-2, 66.27].
[35448800] {3, 100, 3}.   Buy at 33.98 (35448777). [-1, 32.29].
[35458400] {4, 100, 4}.   Buy at 33.99 (35458391). [0, -1.70].
[35468000] {2, -100, 2}. Sell at 33.96 (35467982). [-1, 32.26].
[35517200] {3, 100, 3}.   Buy at 33.96 (35517182). [0, -1.70].
[35615600] {3, 100, 3}.   Buy at 33.97 (35615434). [1, -35.67].
[35770800] {2, -100, 2}. Sell at 33.96 (35770617). [0, -1.71].
[35795200] {2, -200, 2}. Sell at 33.94 (35795171). [-1, 32.23].
[35884400] {4, 100, 4}.   Buy at 33.94 (35884366). [0, -1.71].
[36048000] {1, -100, 1}. Sell at 33.89 (36047700). [-1, 32.18].
[36053600] {1, 100, 1}.   Buy at 33.91 (36053518). [0, -1.73].
[36066000] {3, 100, 3}.   Buy at 33.92 (36065917). [1, -35.65].
[36066800] {3, 100, 3}.   Buy at 33.93 (36066793). [2, -69.58].
[36146000] {2, -100, 2}. Sell at 33.94 (36145974). [1, -35.64].
[36173200] {4, 100, 4}.   Buy at 33.98 (36173200). [2, -69.62].
[36196400] {2, -100, 2}. Sell at 33.96 (36196394). [1, -35.66].
[36196800] {2, 100, 2}.   Buy at 33.98 (36196552). [2, -69.64].
[36221600] {3, 100, 3}.   Buy at 33.99 (36221593). [3, -103.63].
[36222000] {3, 100, 3}.   Buy at 34.00 (36222000). [4, -137.63].
[36273600] {1, 100, 1}.   Buy at 34.01 (36273351). [5, -171.64].
[36394000] {3, 100, 3}.   Buy at 34.03 (36393952). [6, -205.67].
[36399200] {3, 100, 3}.   Buy at 34.04 (36399168). [7, -239.71].
[36593200] {2, -200, 2}. Sell at 34.01 (36593176). [6, -205.70].
[36594400] {2, -100, 2}. Sell at 34.00 (36594387). [5, -171.70].
[36598000] {1, -100, 1}. Sell at 33.99 (36597950). [4, -137.71].
[36598800] {2, -200, 2}. Sell at 33.97 (36598767). [3, -103.74].
[36599200] {2, -100, 2}. Sell at 33.96 (36599172). [2, -69.78].
[36788400] {2, -100, 2}. Sell at 33.96 (36788391). [1, -35.82].
[36802800] {2, -100, 2}. Sell at 33.95 (36802769). [0, -1.87].
[36829600] {3, 100, 3}.   Buy at 33.96 (36829551). [1, -35.83].
[36855200] {3, 100, 3}.   Buy at 33.97 (36855199). [2, -69.80].
[36865200] {3, -100, 3}. Sell at 33.94 (36865197). [1, -35.86].
[36892000] {3, 100, 3}.   Buy at 33.96 (36891936). [2, -69.82].
[36916800] {2, -100, 2}. Sell at 33.93 (36916792). [1, -35.89].
[36943600] {1, -100, 1}. Sell at 33.92 (36943600). [0, -1.97].
[36975600] {2, -100, 2}. Sell at 33.92 (36975585). [-1, 31.95].
[36980000] {2, -100, 2}. Sell at 33.91 (36979963). [-2, 65.86].
[36984400] {3, 100, 3}.   Buy at 33.92 (36984378). [-1, 31.94].
[37019200] {3, 100, 3}.   Buy at 33.92 (37019166). [0, -1.98].
[37108000] {3, 100, 3}.   Buy at 33.95 (37107998). [1, -35.93].
[37111200] {4, -200, 4}. Sell at 33.92 (37111197). [0, -2.01].
[37175600] {4, 100, 4}.   Buy at 33.93 (37175540). [1, -35.94].
[37218800] {4, 100, 4}.   Buy at 33.94 (37218800). [2, -69.88].
[37246400] {4, 100, 4}.   Buy at 33.96 (37246400). [3, -103.84].
[37253600] {4, 100, 4}.   Buy at 33.97 (37253589). [4, -137.81].
[37265600] {3, -100, 3}. Sell at 33.95 (37265451). [3, -103.86].
[37429200] {2, -100, 2}. Sell at 33.94 (37429192). [2, -69.92].
[37459600] {1, -100, 1}. Sell at 33.94 (37459590). [1, -35.98].
[37476400] {1, -100, 1}. Sell at 33.94 (37476296). [0, -2.04].
[37598800] {3, 200, 3}.   Buy at 33.98 (37598796). [1, -36.02].
[37692800] {3, 100, 3}.   Buy at 33.99 (37692793). [2, -70.01].
[37748800] {3, -100, 3}. Sell at 33.98 (37748744). [1, -36.03].
[37825200] {3, 100, 3}.   Buy at 34.00 (37825188). [2, -70.03].
[37834000] {1, -100, 1}. Sell at 33.98 (37833978). [1, -36.05].
[37837600] {1, -100, 1}. Sell at 33.97 (37837585). [0, -2.08].
[37848400] {2, 100, 2}.   Buy at 33.99 (37848391). [1, -36.07].
[37991200] {3, 100, 3}.   Buy at 34.02 (37991197). [2, -70.09].
[37993600] {2, -100, 2}. Sell at 34.00 (37993600). [1, -36.09].
[38028800] {3, 100, 3}.   Buy at 34.02 (38028788). [2, -70.11].
[38142800] {2, -100, 2}. Sell at 34.02 (38142783). [1, -36.09].
[38288400] {2, -100, 2}. Sell at 34.01 (38288392). [0, -2.08].
[38390000] {3, 100, 3}.   Buy at 34.05 (38389984). [1, -36.13].
[38450400] {4, 100, 4}.   Buy at 34.05 (38450398). [2, -70.18].
[38727600] {3, 100, 3}.   Buy at 34.05 (38727594). [3, -104.23].
[38888400] {3, 100, 3}.   Buy at 34.06 (38888400). [4, -138.29].
[38928400] {2, -100, 2}. Sell at 34.03 (38928391). [3, -104.26].
[39029600] {3, 100, 3}.   Buy at 34.03 (39029593). [4, -138.29].
[39034400] {3, 100, 3}.   Buy at 34.04 (39034349). [5, -172.33].
[39074400] {2, -100, 2}. Sell at 34.03 (39074382). [4, -138.30].
[39109600] {4, 100, 4}.   Buy at 34.05 (39109599). [5, -172.35].
[39332800] {2, -100, 2}. Sell at 34.02 (39332685). [4, -138.33].
[39362000] {3, -100, 3}. Sell at 33.99 (39362000). [3, -104.34].
[39370800] {3, 100, 3}.   Buy at 34.03 (39370740). [4, -138.37].
[39406000] {2, -100, 2}. Sell at 34.00 (39405976). [3, -104.37].
[39443200] {3, 100, 3}.   Buy at 34.01 (39443181). [4, -138.38].
[39468000] {1, -100, 1}. Sell at 33.99 (39467994). [3, -104.39].
[39528400] {1, -100, 1}. Sell at 33.98 (39528314). [2, -70.41].
[39568400] {1, -100, 1}. Sell at 33.96 (39568357). [1, -36.45].
[39576800] {3, 100, 3}.   Buy at 33.97 (39576761). [2, -70.42].
[39579600] {3, 100, 3}.   Buy at 33.98 (39579598). [3, -104.40].
[39590400] {2, 100, 2}.   Buy at 33.98 (39590311). [4, -138.38].
[39592400] {3, 200, 3}.   Buy at 34.01 (39592397). [5, -172.39].
[39712000] {3, 100, 3}.   Buy at 34.02 (39711935). [6, -206.41].
[39726800] {4, 100, 4}.   Buy at 34.03 (39726784). [7, -240.44].
[39756000] {2, -100, 2}. Sell at 34.03 (39755957). [6, -206.41].
[39785200] {2, 100, 2}.   Buy at 34.04 (39785200). [7, -240.45].
[40140800] {3, 100, 3}.   Buy at 34.07 (40140795). [8, -274.52].
[40141200] {3, 100, 3}.   Buy at 34.07 (40141190). [9, -308.59].
[40159600] {2, -100, 2}. Sell at 34.04 (40159559). [8, -274.55].
[40328400] {3, -100, 3}. Sell at 34.07 (40328317). [7, -240.48].
[40352800] {2, -100, 2}. Sell at 34.06 (40352724). [6, -206.42].
[40378400] {2, 100, 2}.   Buy at 34.08 (40378392). [7, -240.50].
[40493600] {2, -100, 2}. Sell at 34.07 (40493600). [6, -206.43].
[40498800] {2, -100, 2}. Sell at 34.06 (40498797). [5, -172.37].
[40524400] {3, 100, 3}.   Buy at 34.09 (40524354). [6, -206.46].
[40528400] {1, -100, 1}. Sell at 34.08 (40528398). [5, -172.38].
[40657600] {3, 100, 3}.   Buy at 34.08 (40657589). [6, -206.46].
[40710800] {1, -100, 1}. Sell at 34.07 (40710784). [5, -172.39].
[40782400] {2, 100, 2}.   Buy at 34.08 (40782392). [6, -206.47].
[40854000] {1, -100, 1}. Sell at 34.07 (40853998). [5, -172.40].
[40916400] {3, 100, 3}.   Buy at 34.08 (40916376). [6, -206.48].
[41232800] {2, -100, 2}. Sell at 34.03 (41232786). [5, -172.45].
[41353600] {2, 100, 2}.   Buy at 34.06 (41353506). [6, -206.51].
[41355200] {2, -100, 2}. Sell at 34.04 (41355200). [5, -172.47].
[41356800] {2, -100, 2}. Sell at 34.03 (41356735). [4, -138.44].
[41362800] {2, -100, 2}. Sell at 34.03 (41362781). [3, -104.41].
[41427200] {3, 100, 3}.   Buy at 34.03 (41427200). [4, -138.44].
[41452400] {2, -100, 2}. Sell at 34.02 (41452383). [3, -104.42].
[41554800] {3, 100, 3}.   Buy at 34.04 (41554756). [4, -138.46].
[41563200] {3, -100, 3}. Sell at 34.02 (41563182). [3, -104.44].
[41611200] {1, -100, 1}. Sell at 34.02 (41611167). [2, -70.42].
[41655200] {3, 100, 3}.   Buy at 34.05 (41655192). [3, -104.47].
[41715200] {2, -100, 2}. Sell at 34.03 (41715156). [2, -70.44].
[41740800] {2, 100, 2}.   Buy at 34.05 (41740624). [3, -104.49].
[41758000] {2, -100, 2}. Sell at 34.03 (41758000). [2, -70.46].
[41829600] {1, -100, 1}. Sell at 34.02 (41829579). [1, -36.44].
[41978800] {4, 100, 4}.   Buy at 34.07 (41978769). [2, -70.51].
[42012000] {3, -100, 3}. Sell at 34.05 (42011953). [1, -36.46].
[42080400] {4, 100, 4}.   Buy at 34.05 (42080355). [2, -70.51].
[42281200] {3, -100, 3}. Sell at 34.02 (42281189). [1, -36.49].
[42461600] {2, 100, 2}.   Buy at 34.02 (42461507). [2, -70.51].
[42639200] {1, -100, 1}. Sell at 33.99 (42639166). [1, -36.52].
[42717200] {2, -100, 2}. Sell at 34.02 (42717169). [0, -2.50].
[42737200] {3, 100, 3}.   Buy at 34.04 (42737177). [1, -36.54].
[42808000] {4, 100, 4}.   Buy at 34.03 (42807990). [2, -70.57].
[43046000] {3, 100, 3}.   Buy at 34.03 (43045975). [3, -104.60].
[43119600] {2, -100, 2}. Sell at 34.02 (43119600). [2, -70.58].
[43139600] {2, -100, 2}. Sell at 34.03 (43139562). [1, -36.55].
[43214400] {2, -100, 2}. Sell at 34.02 (43214389). [0, -2.53].
[43331600] {3, 100, 3}.   Buy at 34.04 (43331580). [1, -36.57].
[43348000] {3, 100, 3}.   Buy at 34.05 (43347990). [2, -70.62].
[43443600] {3, 100, 3}.   Buy at 34.03 (43443585). [3, -104.65].
[43489200] {3, 100, 3}.   Buy at 34.03 (43489196). [4, -138.68].
[43594800] {2, 100, 2}.   Buy at 34.05 (43594796). [5, -172.73].
[43618800] {3, 100, 3}.   Buy at 34.02 (43618534). [6, -206.75].
[43687600] {3, 100, 3}.   Buy at 34.02 (43687597). [7, -240.77].
[43740800] {3, 100, 3}.   Buy at 34.04 (43740755). [8, -274.81].
[43748400] {3, -100, 3}. Sell at 34.02 (43748397). [7, -240.79].
[43752800] {2, -100, 2}. Sell at 34.01 (43752770). [6, -206.78].
[43862400] {2, -100, 2}. Sell at 34.01 (43862399). [5, -172.77].
[44062400] {3, 100, 3}.   Buy at 34.03 (44062383). [6, -206.80].
[44149200] {2, -100, 2}. Sell at 34.01 (44149166). [5, -172.79].
[44298800] {3, 100, 3}.   Buy at 34.02 (44298798). [6, -206.81].
[44344400] {2, -100, 2}. Sell at 34.00 (44344363). [5, -172.81].
[44348400] {3, 100, 3}.   Buy at 34.02 (44348391). [6, -206.83].
[44393200] {3, 100, 3}.   Buy at 34.03 (44393197). [7, -240.86].
[44705600] {2, -200, 2}. Sell at 33.98 (44705597). [6, -206.88].
[44711200] {1, -100, 1}. Sell at 33.97 (44711175). [5, -172.91].
[45000000] {3, 100, 3}.   Buy at 34.01 (45000000). [6, -206.92].
[45011200] {3, 100, 3}.   Buy at 34.02 (45011200). [7, -240.94].
[45138800] {1, 100, 1}.   Buy at 34.03 (45138788). [8, -274.97].
[45384400] {3, 100, 3}.   Buy at 34.04 (45384400). [9, -309.01].
[45420800] {2, -100, 2}. Sell at 34.01 (45420800). [8, -275.00].
[45534400] {3, -100, 3}. Sell at 34.01 (45534379). [7, -240.99].
[45597600] {4, 100, 4}.   Buy at 34.04 (45597533). [8, -275.03].
[45608800] {3, 100, 3}.   Buy at 34.05 (45608767). [9, -309.08].
[45656000] {3, 100, 3}.   Buy at 34.06 (45655994). [10, -343.14].
[45660000] {2, -100, 2}. Sell at 34.04 (45659958). [9, -309.10].
[46045600] {2, -100, 2}. Sell at 34.00 (46045600). [8, -275.10].
[46277200] {3, 100, 3}.   Buy at 34.02 (46277147). [9, -309.12].
[46477600] {3, 100, 3}.   Buy at 34.01 (46477598). [10, -343.13].
[46604800] {1, -100, 1}. Sell at 33.99 (46604780). [9, -309.14].
[46632400] {1, -100, 1}. Sell at 33.97 (46632385). [8, -275.17].
[46656800] {3, 100, 3}.   Buy at 34.00 (46656787). [9, -309.17].
[46732800] {3, 100, 3}.   Buy at 34.00 (46732665). [10, -343.17].
[46975200] {4, 100, 4}.   Buy at 33.99 (46975199). [11, -377.16].
[47062000] {2, -100, 2}. Sell at 33.97 (47061950). [10, -343.19].
[47172000] {1, -100, 1}. Sell at 33.98 (47171976). [9, -309.21].
[47213600] {1, -100, 1}. Sell at 33.96 (47213597). [8, -275.25].
[47285600] {2, -100, 2}. Sell at 33.95 (47285575). [7, -241.30].
[47339600] {2, 100, 2}.   Buy at 33.96 (47339526). [8, -275.26].
[47377200] {2, -100, 2}. Sell at 33.93 (47377195). [7, -241.33].
[47630000] {2, 100, 2}.   Buy at 33.91 (47629932). [8, -275.24].
[47717200] {2, -100, 2}. Sell at 33.86 (47716998). [7, -241.38].
[47810800] {1, -100, 1}. Sell at 33.84 (47810797). [6, -207.54].
[47890800] {2, -100, 2}. Sell at 33.82 (47890795). [5, -173.72].
[47891200] {2, 100, 2}.   Buy at 33.84 (47891114). [6, -207.56].
[47893600] {2, -100, 2}. Sell at 33.82 (47893459). [5, -173.74].
[47922000] {2, -100, 2}. Sell at 33.80 (47921991). [4, -139.94].
[47926400] {2, 100, 2}.   Buy at 33.82 (47926399). [5, -173.76].
[47999600] {2, 100, 2}.   Buy at 33.82 (47999594). [6, -207.58].
[48147200] {2, -100, 2}. Sell at 33.82 (48147103). [5, -173.76].
[48148000] {2, -100, 2}. Sell at 33.81 (48147993). [4, -139.95].
[48228800] {3, -100, 3}. Sell at 33.80 (48228642). [3, -106.15].
[48257600] {2, -100, 2}. Sell at 33.77 (48257569). [2, -72.38].
[48293600] {2, 100, 2}.   Buy at 33.79 (48293528). [3, -106.17].
[48330400] {2, 100, 2}.   Buy at 33.80 (48330309). [4, -139.97].
[48342000] {3, 100, 3}.   Buy at 33.81 (48342000). [5, -173.78].
[48342400] {3, 100, 3}.   Buy at 33.81 (48342390). [6, -207.59].
[48465600] {3, 100, 3}.   Buy at 33.83 (48465600). [7, -241.42].
[48468800] {3, 100, 3}.   Buy at 33.84 (48468789). [8, -275.26].
[48492400] {4, 100, 4}.   Buy at 33.82 (48492398). [9, -309.08].
[48566800] {2, -100, 2}. Sell at 33.80 (48566695). [8, -275.28].
[48569600] {4, 100, 4}.   Buy at 33.82 (48569547). [9, -309.10].
[48589600] {3, 200, 3}.   Buy at 33.85 (48589591). [10, -342.95].
[48590400] {1, -100, 1}. Sell at 33.83 (48590381). [9, -309.12].
[48591600] {2, -100, 2}. Sell at 33.82 (48591590). [8, -275.30].
[48638800] {3, 200, 3}.   Buy at 33.85 (48638799). [9, -309.15].
[48716400] {3, 100, 3}.   Buy at 33.88 (48716374). [10, -343.03].
[48774400] {4, 100, 4}.   Buy at 33.89 (48774386). [11, -376.92].
[49317200] {2, -100, 2}. Sell at 33.90 (49317189). [10, -343.02].
[49638400] {3, 100, 3}.   Buy at 33.90 (49638399). [11, -376.92].
[49650400] {3, 100, 3}.   Buy at 33.91 (49650398). [12, -410.83].
[50176800] {2, -100, 2}. Sell at 33.89 (50176792). [11, -376.94].
[50211600] {3, 100, 3}.   Buy at 33.91 (50211596). [12, -410.85].
[50278000] {2, -100, 2}. Sell at 33.88 (50278000). [11, -376.97].
[50294000] {2, 100, 2}.   Buy at 33.90 (50293945). [12, -410.87].
[50332400] {3, 100, 3}.   Buy at 33.91 (50332368). [13, -444.78].
[50335600] {3, -100, 3}. Sell at 33.89 (50335481). [12, -410.89].
[50399200] {1, -100, 1}. Sell at 33.87 (50399200). [11, -377.02].
[50427600] {3, 100, 3}.   Buy at 33.89 (50427532). [12, -410.91].
[50881200] {2, 100, 2}.   Buy at 33.88 (50881153). [13, -444.79].
[51007600] {2, 100, 2}.   Buy at 33.89 (51007548). [14, -478.68].
[51212800] {2, -100, 2}. Sell at 33.88 (51212726). [13, -444.80].
[51436400] {1, -100, 1}. Sell at 33.86 (51436351). [12, -410.94].
[51696400] {1, -100, 1}. Sell at 33.85 (51696357). [11, -377.09].
[51725200] {1, -100, 1}. Sell at 33.84 (51725186). [10, -343.25].
[51726000] {1, -100, 1}. Sell at 33.83 (51725990). [9, -309.42].
[51742800] {1, 100, 1}.   Buy at 33.85 (51742799). [10, -343.27].
[51821200] {2, -100, 2}. Sell at 33.84 (51821195). [9, -309.43].
[51859200] {3, 100, 3}.   Buy at 33.86 (51859192). [10, -343.29].
[52054400] {3, 100, 3}.   Buy at 33.86 (52054391). [11, -377.15].
[52227600] {3, 100, 3}.   Buy at 33.89 (52227600). [12, -411.04].
[52264000] {3, 100, 3}.   Buy at 33.90 (52263991). [13, -444.94].
[52476800] {2, -100, 2}. Sell at 33.90 (52476799). [12, -411.04].
[52488000] {3, 100, 3}.   Buy at 33.91 (52487998). [13, -444.95].
[52532800] {3, -100, 3}. Sell at 33.88 (52532752). [12, -411.07].
[52664800] {1, -100, 1}. Sell at 33.87 (52664799). [11, -377.20].
[52804800] {3, 100, 3}.   Buy at 33.90 (52804771). [12, -411.10].
[52842400] {3, 100, 3}.   Buy at 33.92 (52842368). [13, -445.02].
[53105600] {1, -100, 1}. Sell at 33.84 (53105588). [12, -411.18].
[53148800] {3, 100, 3}.   Buy at 33.87 (53148789). [13, -445.05].
[53312000] {3, -100, 3}. Sell at 33.87 (53311981). [12, -411.18].
[53325600] {2, -100, 2}. Sell at 33.88 (53325569). [11, -377.30].
[53338000] {2, 100, 2}.   Buy at 33.91 (53337994). [12, -411.21].
[53364800] {3, -100, 3}. Sell at 33.89 (53364784). [11, -377.32].
[53662800] {3, 100, 3}.   Buy at 33.91 (53662740). [12, -411.23].
[53823200] {1, -100, 1}. Sell at 33.88 (53823180). [11, -377.35].
[53826800] {1, -100, 1}. Sell at 33.87 (53826785). [10, -343.48].
[53844000] {3, 100, 3}.   Buy at 33.88 (53843999). [11, -377.36].
[53847200] {3, 100, 3}.   Buy at 33.89 (53847125). [12, -411.25].
[53856000] {2, -100, 2}. Sell at 33.88 (53855964). [11, -377.37].
[53862000] {2, 100, 2}.   Buy at 33.90 (53861997). [12, -411.27].
[53974000] {1, -100, 1}. Sell at 33.89 (53973996). [11, -377.38].
[54123600] {2, -100, 2}. Sell at 33.88 (54123598). [10, -343.50].
[54148800] {4, 100, 4}.   Buy at 33.89 (54148770). [11, -377.39].
[54290800] {4, -100, 4}. Sell at 33.87 (54290774). [10, -343.52].
[54313600] {4, 100, 4}.   Buy at 33.90 (54313575). [11, -377.42].
[54359600] {3, -100, 3}. Sell at 33.91 (54359588). [10, -343.51].
[54360400] {3, -100, 3}. Sell at 33.90 (54360375). [9, -309.61].
[54396800] {1, -100, 1}. Sell at 33.88 (54396790). [8, -275.73].
[54429200] {2, 100, 2}.   Buy at 33.90 (54429177). [9, -309.63].
[54508400] {2, -100, 2}. Sell at 33.91 (54508398). [8, -275.72].
[54620800] {3, 100, 3}.   Buy at 33.91 (54620792). [9, -309.63].
[54636000] {3, 100, 3}.   Buy at 33.92 (54635981). [10, -343.55].
[54636800] {3, -100, 3}. Sell at 33.90 (54636790). [9, -309.65].
[54712800] {1, -100, 1}. Sell at 33.88 (54712782). [8, -275.77].
[54743200] {3, 100, 3}.   Buy at 33.91 (54743169). [9, -309.68].
[54756800] {4, 100, 4}.   Buy at 33.93 (54756797). [10, -343.61].
[54836400] {2, -100, 2}. Sell at 33.89 (54836386). [9, -309.72].
[54900800] {1, -100, 1}. Sell at 33.88 (54900756). [8, -275.84].
[54931600] {1, -100, 1}. Sell at 33.88 (54931598). [7, -241.96].
[54953200] {3, -100, 3}. Sell at 33.89 (54953200). [6, -208.07].
[54968800] {2, -100, 2}. Sell at 33.89 (54968765). [5, -174.18].
[54972400] {3, -100, 3}. Sell at 33.87 (54972395). [4, -140.31].
[54983200] {2, -100, 2}. Sell at 33.87 (54983197). [3, -106.44].
[54983600] {2, -100, 2}. Sell at 33.86 (54983590). [2, -72.58].
[54994000] {2, -100, 2}. Sell at 33.85 (54993960). [1, -38.73].
[54997200] {2, -100, 2}. Sell at 33.84 (54997198). [0, -4.89].
[55003200] {3, 100, 3}.   Buy at 33.86 (55003161). [1, -38.75].
[55139200] {1, -100, 1}. Sell at 33.83 (55139189). [0, -4.92].
[55141600] {3, 100, 3}.   Buy at 33.84 (55141579). [1, -38.76].
[55157600] {3, 100, 3}.   Buy at 33.85 (55157426). [2, -72.61].
[55167600] {3, 100, 3}.   Buy at 33.86 (55167549). [3, -106.47].
[55262000] {2, -200, 2}. Sell at 33.84 (55262000). [2, -72.63].
[55276400] {2, -100, 2}. Sell at 33.83 (55276396). [1, -38.80].
[55332800] {1, -100, 1}. Sell at 33.82 (55332719). [0, -4.98].
[55347600] {4, 100, 4}.   Buy at 33.85 (55347598). [1, -38.83].
[55401600] {2, -100, 2}. Sell at 33.84 (55401598). [0, -4.99].
[55546400] {3, 100, 3}.   Buy at 33.87 (55546394). [1, -38.86].
[55603600] {4, 100, 4}.   Buy at 33.89 (55603591). [2, -72.75].
[55907200] {3, 100, 3}.   Buy at 33.92 (55907179). [3, -106.67].
[55951600] {3, 100, 3}.   Buy at 33.93 (55951600). [4, -140.60].
[55980400] {2, 100, 2}.   Buy at 33.90 (55980359). [5, -174.50].
[55987600] {2, 100, 2}.   Buy at 33.91 (55987567). [6, -208.41].
[55999200] {2, -100, 2}. Sell at 33.89 (55999118). [5, -174.52].
[56006000] {2, -100, 2}. Sell at 33.88 (56005994). [4, -140.64].
[56025200] {2, 100, 2}.   Buy at 33.90 (56025009). [5, -174.54].
[56103200] {3, 100, 3}.   Buy at 33.91 (56103179). [6, -208.45].
[56202400] {2, 100, 2}.   Buy at 33.92 (56202388). [7, -242.37].
[56208800] {4, 100, 4}.   Buy at 33.93 (56208788). [8, -276.30].
[56282800] {4, 100, 4}.   Buy at 33.93 (56282708). [9, -310.23].
[56290800] {3, 100, 3}.   Buy at 33.94 (56290796). [10, -344.17].
[56304000] {1, -100, 1}. Sell at 33.91 (56304000). [9, -310.26].
[56392000] {2, 100, 2}.   Buy at 33.95 (56391925). [10, -344.21].
[56392800] {2, -100, 2}. Sell at 33.93 (56392704). [9, -310.28].
[56396800] {3, 100, 3}.   Buy at 33.95 (56396790). [10, -344.23].
[56398800] {3, 100, 3}.   Buy at 33.96 (56398794). [11, -378.19].
[56418400] {3, -100, 3}. Sell at 33.93 (56418393). [10, -344.26].
[56513200] {4, 100, 4}.   Buy at 33.95 (56513196). [11, -378.21].
[56599600] {3, 100, 3}.   Buy at 33.97 (56599600). [12, -412.18].
[56637200] {1, -100, 1}. Sell at 33.95 (56637191). [11, -378.23].
[56686800] {1, -100, 1}. Sell at 33.94 (56686797). [10, -344.29].
[56696800] {1, -100, 1}. Sell at 33.92 (56696800). [9, -310.37].
[56712000] {1, 100, 1}.   Buy at 33.93 (56711933). [10, -344.30].
[56714000] {1, 100, 1}.   Buy at 33.93 (56713932). [11, -378.23].
[56718000] {2, -100, 2}. Sell at 33.91 (56718000). [10, -344.32].
[56718400] {2, 100, 2}.   Buy at 33.93 (56718371). [11, -378.25].
[56764800] {2, 100, 2}.   Buy at 33.94 (56764799). [12, -412.19].
[56790000] {3, 100, 3}.   Buy at 33.96 (56789995). [13, -446.15].
[56830000] {2, 100, 2}.   Buy at 33.97 (56829808). [14, -480.12].
[56858800] {4, 100, 4}.   Buy at 33.99 (56858800). [15, -514.11].
[56876800] {3, 100, 3}.   Buy at 34.00 (56876730). [16, -548.11].
[56973600] {1, -100, 1}. Sell at 33.96 (56973534). [15, -514.15].
[56997200] {1, -100, 1}. Sell at 33.95 (56997154). [14, -480.20].
[57000400] {2, 100, 2}.   Buy at 33.97 (57000399). [15, -514.17].
[57112400] {1, -100, 1}. Sell at 33.96 (57112373). [14, -480.21].
[57118000] {1, -100, 1}. Sell at 33.95 (57117999). [13, -446.26].
[57181200] {1, -100, 1}. Sell at 33.94 (57181199). [12, -412.32].
[57228800] {2, 100, 2}.   Buy at 33.96 (57228786). [13, -446.28].
[57293600] {3, -200, 3}. Sell at 33.94 (57293565). [12, -412.34].
[57298400] {3, 100, 3}.   Buy at 33.97 (57298395). [13, -446.31].
[57300400] {2, -100, 2}. Sell at 33.95 (57300355). [12, -412.36].
[57344400] {3, 100, 3}.   Buy at 34.01 (57344369). [13, -446.37].
[57365200] {1, -100, 1}. Sell at 33.98 (57365198). [12, -412.39].
[57420400] {3, 100, 3}.   Buy at 34.00 (57420392). [13, -446.39].
[57564000] {1, -100, 1}. Sell at 33.99 (57563976). [12, -412.40].
[57576000] {1, -100, 1}. Sell at 33.98 (57575975). [11, -378.42].
[57595200] {2, -100, 2}. Sell at 33.97 (57595200). [10, -344.45].
[57600000] Closing long position 10 shares at 33.97 (57599975).
[57600000] Final cash: -4.75.
