[timestamp] {imbalance_prev, dS_prev, imbalance_curr}. Buy/Sell price (timestamp). [Asset, Cash]
[34205200] {3, -100, 3}. Sell at 33.80 (34205190). [-1, 33.80].
[34207600] {2, 100, 2}.   Buy at 33.81 (34207600). [0, -0.01].
[34208800] {2, 100, 2}.   Buy at 33.82 (34208800). [1, -33.83].
[34210800] {2, 100, 2}.   Buy at 33.82 (34210800). [2, -67.65].
[34212000] {2, -100, 2}. Sell at 33.81 (34211948). [1, -33.84].
[34212800] {1, -200, 1}. Sell at 33.80 (34212799). [0, -0.04].
[34216000] {3, -100, 3}. Sell at 33.77 (34215957). [-1, 33.73].
[34228800] {4, 100, 4}.   Buy at 33.73 (34228800). [0, 0.00].
[34232400] {2, -100, 2}. Sell at 33.70 (34232263). [-1, 33.70].
[34253200] {1, -100, 1}. Sell at 33.70 (34253010). [-2, 67.40].
[34259200] {1, 400, 1}.   Buy at 33.75 (34259199). [-1, 33.65].
[34260000] {2, 100, 2}.   Buy at 33.78 (34259989). [0, -0.13].
[34262400] {3, 300, 3}.   Buy at 33.85 (34262355). [1, -33.98].
[34263200] {2, -100, 2}. Sell at 33.85 (34263135). [0, -0.13].
[34263600] {2, 200, 2}.   Buy at 33.87 (34263567). [1, -34.00].
[34269200] {3, -800, 3}. Sell at 33.77 (34269155). [0, -0.23].
[34276800] {2, 100, 2}.   Buy at 33.84 (34276727). [1, -34.07].
[34277200] {2, -100, 2}. Sell at 33.83 (34277124). [0, -0.24].
[34286400] {2, -100, 2}. Sell at 33.82 (34286101). [-1, 33.58].
[34298800] {1, -100, 1}. Sell at 33.80 (34298762). [-2, 67.38].
[34302000] {4, 100, 4}.   Buy at 33.81 (34301978). [-1, 33.57].
[34314800] {2, -100, 2}. Sell at 33.82 (34314418). [-2, 67.39].
[34318400] {1, 100, 1}.   Buy at 33.83 (34318391). [-1, 33.56].
[34333200] {3, -200, 3}. Sell at 33.82 (34333086). [-2, 67.38].
[34346000] {2, -100, 2}. Sell at 33.81 (34345964). [-3, 101.19].
[34348000] {4, 200, 4}.   Buy at 33.85 (34347988). [-2, 67.34].
[34351600] {4, 100, 4}.   Buy at 33.87 (34351484). [-1, 33.47].
[34357600] {1, 100, 1}.   Buy at 33.89 (34357379). [0, -0.42].
[34358400] {1, -100, 1}. Sell at 33.88 (34358400). [-1, 33.46].
[34368400] {2, -100, 2}. Sell at 33.87 (34368391). [-2, 67.33].
[34376400] {4, -100, 4}. Sell at 33.87 (34376202). [-3, 101.20].
[34376800] {4, -100, 4}. Sell at 33.87 (34376726). [-4, 135.07].
[34380000] {1, 100, 1}.   Buy at 33.89 (34380000). [-3, 101.18].
[34385200] {1, 100, 1}.   Buy at 33.89 (34385007). [-2, 67.29].
[34420000] {3, -100, 3}. Sell at 33.92 (34419907). [-3, 101.21].
[34422800] {3, -100, 3}. Sell at 33.92 (34422639). [-4, 135.13].
[34440800] {1, 100, 1}.   Buy at 33.95 (34440772). [-3, 101.18].
[34442000] {2, 100, 2}.   Buy at 33.94 (34441805). [-2, 67.24].
[34488400] {3, 100, 3}.   Buy at 33.93 (34488395). [-1, 33.31].
[34490800] {3, 100, 3}.   Buy at 33.93 (34490588). [0, -0.62].
[34514000] {2, -100, 2}. Sell at 33.91 (34513753). [-1, 33.29].
[34530000] {3, 100, 3}.   Buy at 33.91 (34529936). [0, -0.62].
[34544000] {2, -100, 2}. Sell at 33.90 (34543941). [-1, 33.28].
[34562800] {2, -100, 2}. Sell at 33.84 (34562743). [-2, 67.12].
[34570400] {2, -100, 2}. Sell at 33.82 (34570395). [-3, 100.94].
[34572800] {1, -100, 1}. Sell at 33.82 (34572684). [-4, 134.76].
[34596400] {3, 200, 3}.   Buy at 33.86 (34596264). [-3, 100.90].
[34606000] {2, 100, 2}.   Buy at 33.89 (34605846). [-2, 67.01].
[34631200] {4, 100, 4}.   Buy at 33.94 (34631191). [-1, 33.07].
[34640000] {2, 100, 2}.   Buy at 33.93 (34639978). [0, -0.86].
[34641200] {2, 200, 2}.   Buy at 33.95 (34641199). [1, -34.81].
[34662000] {1, 100, 1}.   Buy at 33.93 (34661998). [2, -68.74].
[34680000] {4, 100, 4}.   Buy at 33.94 (34679868). [3, -102.68].
[34693600] {4, 100, 4}.   Buy at 33.97 (34693581). [4, -136.65].
[34700000] {2, -100, 2}. Sell at 33.97 (34699783). [3, -102.68].
[34732400] {2, -200, 2}. Sell at 33.94 (34732157). [2, -68.74].
[34739600] {1, -100, 1}. Sell at 33.93 (34739596). [1, -34.81].
[34742800] {2, -100, 2}. Sell at 33.91 (34742704). [0, -0.90].
[34766400] {3, 100, 3}.   Buy at 33.92 (34766297). [1, -34.82].
[34774400] {3, 100, 3}.   Buy at 33.97 (34774394). [2, -68.79].
[34775200] {2, 100, 2}.   Buy at 33.98 (34775131). [3, -102.77].
[34801600] {2, -100, 2}. Sell at 33.97 (34801505). [2, -68.80].
[34804800] {2, -100, 2}. Sell at 33.96 (34804628). [1, -34.84].
[34806800] {2, -100, 2}. Sell at 33.95 (34806761). [0, -0.89].
[34813200] {1, -100, 1}. Sell at 33.93 (34813113). [-1, 33.04].
[34817200] {3, 100, 3}.   Buy at 33.94 (34817161). [0, -0.90].
[34824000] {2, -100, 2}. Sell at 33.93 (34823841). [-1, 33.03].
[34849200] {1, -100, 1}. Sell at 33.90 (34849129). [-2, 66.93].
[34857200] {1, -100, 1}. Sell at 33.93 (34857171). [-3, 100.86].
[34869600] {2, -100, 2}. Sell at 33.92 (34869598). [-4, 134.78].
[34872400] {1, -100, 1}. Sell at 33.91 (34872393). [-5, 168.69].
[34892800] {3, 200, 3}.   Buy at 33.92 (34892796). [-4, 134.77].
[34932400] {1, -100, 1}. Sell at 33.92 (34932376). [-5, 168.69].
[34933200] {2, -100, 2}. Sell at 33.91 (34933174). [-6, 202.60].
[34935600] {1, -100, 1}. Sell at 33.90 (34935388). [-7, 236.50].
[34938800] {3, 100, 3}.   Buy at 33.91 (34938763). [-6, 202.59].
[34955200] {3, -100, 3}. Sell at 33.91 (34955054). [-7, 236.50].
[34971600] {3, 100, 3}.   Buy at 33.92 (34971591). [-6, 202.58].
[34980400] {2, 100, 2}.   Buy at 33.93 (34980400). [-5, 168.65].
[34983200] {3, 100, 3}.   Buy at 33.94 (34983185). [-4, 134.71].
[35010800] {1, -200, 1}. Sell at 33.90 (35010742). [-5, 168.61].
[35033200] {3, 100, 3}.   Buy at 33.92 (35033189). [-4, 134.69].
[35038400] {4, 100, 4}.   Buy at 33.93 (35038391). [-3, 100.76].
[35121200] {2, 100, 2}.   Buy at 33.93 (35121198). [-2, 66.83].
[35164400] {3, 100, 3}.   Buy at 33.94 (35164394). [-1, 32.89].
[35166000] {4, 100, 4}.   Buy at 33.95 (35165997). [0, -1.06].
[35230000] {1, -100, 1}. Sell at 33.95 (35229974). [-1, 32.89].
[35310400] {3, 100, 3}.   Buy at 33.95 (35310393). [0, -1.06].
[35333600] {4, 200, 4}.   Buy at 33.98 (35333600). [1, -35.04].
[35362800] {3, 100, 3}.   Buy at 34.01 (35362788). [2, -69.05].
[35372800] {2, -200, 2}. Sell at 33.99 (35372754). [1, -35.06].
[35378400] {2, -100, 2}. Sell at 33.98 (35378392). [0, -1.08].
[35379600] {3, -200, 3}. Sell at 33.96 (35379450). [-1, 32.88].
[35399600] {2, -100, 2}. Sell at 33.95 (35399575). [-2, 66.83].
[35448800] {3, 100, 3}.   Buy at 33.97 (35448777). [-1, 32.86].
[35458400] {4, 100, 4}.   Buy at 33.98 (35458391). [0, -1.12].
[35468000] {2, -100, 2}. Sell at 33.96 (35467982). [-1, 32.84].
[35517200] {3, 100, 3}.   Buy at 33.95 (35517182). [0, -1.11].
[35615600] {3, 100, 3}.   Buy at 33.96 (35615434). [1, -35.07].
[35770800] {2, -100, 2}. Sell at 33.96 (35770617). [0, -1.11].
[35795200] {2, -200, 2}. Sell at 33.94 (35795171). [-1, 32.83].
[35884400] {4, 100, 4}.   Buy at 33.93 (35884366). [0, -1.10].
[36048000] {1, -100, 1}. Sell at 33.89 (36047700). [-1, 32.79].
[36053600] {1, 100, 1}.   Buy at 33.90 (36053518). [0, -1.11].
[36066000] {3, 100, 3}.   Buy at 33.91 (36065917). [1, -35.02].
[36066800] {3, 100, 3}.   Buy at 33.92 (36066793). [2, -68.94].
[36146000] {2, -100, 2}. Sell at 33.94 (36145974). [1, -35.00].
[36173200] {4, 100, 4}.   Buy at 33.97 (36173200). [2, -68.97].
[36196400] {2, -100, 2}. Sell at 33.96 (36196394). [1, -35.01].
[36196800] {2, 100, 2}.   Buy at 33.97 (36196552). [2, -68.98].
[36221600] {3, 100, 3}.   Buy at 33.98 (36221593). [3, -102.96].
[36222000] {3, 100, 3}.   Buy at 33.99 (36222000). [4, -136.95].
[36273600] {1, 100, 1}.   Buy at 34.00 (36273351). [5, -170.95].
[36394000] {3, 100, 3}.   Buy at 34.02 (36393952). [6, -204.97].
[36399200] {3, 100, 3}.   Buy at 34.03 (36399168). [7, -239.00].
[36593200] {2, -200, 2}. Sell at 34.01 (36593176). [6, -204.99].
[36594400] {2, -100, 2}. Sell at 34.00 (36594387). [5, -170.99].
[36598000] {1, -100, 1}. Sell at 33.99 (36597950). [4, -137.00].
[36598800] {2, -200, 2}. Sell at 33.97 (36598767). [3, -103.03].
[36599200] {2, -100, 2}. Sell at 33.96 (36599172). [2, -69.07].
[36788400] {2, -100, 2}. Sell at 33.96 (36788391). [1, -35.11].
[36802800] {2, -100, 2}. Sell at 33.95 (36802769). [0, -1.16].
[36829600] {3, 100, 3}.   Buy at 33.95 (36829551). [1, -35.11].
[36855200] {3, 100, 3}.   Buy at 33.96 (36855199). [2, -69.07].
[36865200] {3, -100, 3}. Sell at 33.94 (36865197). [1, -35.13].
[36892000] {3, 100, 3}.   Buy at 33.95 (36891936). [2, -69.08].
[36916800] {2, -100, 2}. Sell at 33.93 (36916792). [1, -35.15].
[36943600] {1, -100, 1}. Sell at 33.92 (36943600). [0, -1.23].
[36975600] {2, -100, 2}. Sell at 33.92 (36975585). [-1, 32.69].
[36980000] {2, -100, 2}. Sell at 33.91 (36979963). [-2, 66.60].
[36984400] {3, 100, 3}.   Buy at 33.91 (36984378). [-1, 32.69].
[37019200] {3, 100, 3}.   Buy at 33.91 (37019166). [0, -1.22].
[37108000] {3, 100, 3}.   Buy at 33.94 (37107998). [1, -35.16].
[37111200] {4, -200, 4}. Sell at 33.92 (37111197). [0, -1.24].
[37175600] {4, 100, 4}.   Buy at 33.92 (37175540). [1, -35.16].
[37218800] {4, 100, 4}.   Buy at 33.93 (37218800). [2, -69.09].
[37246400] {4, 100, 4}.   Buy at 33.95 (37246400). [3, -103.04].
[37253600] {4, 100, 4}.   Buy at 33.96 (37253589). [4, -137.00].
[37265600] {3, -100, 3}. Sell at 33.95 (37265451). [3, -103.05].
[37429200] {2, -100, 2}. Sell at 33.94 (37429192). [2, -69.11].
[37459600] {1, -100, 1}. Sell at 33.94 (37459590). [1, -35.17].
[37476400] {1, -100, 1}. Sell at 33.94 (37476296). [0, -1.23].
[37598800] {3, 200, 3}.   Buy at 33.97 (37598796). [1, -35.20].
[37692800] {3, 100, 3}.   Buy at 33.98 (37692793). [2, -69.18].
[37748800] {3, -100, 3}. Sell at 33.98 (37748744). [1, -35.20].
[37825200] {3, 100, 3}.   Buy at 33.99 (37825188). [2, -69.19].
[37834000] {1, -100, 1}. Sell at 33.98 (37833978). [1, -35.21].
[37837600] {1, -100, 1}. Sell at 33.97 (37837585). [0, -1.24].
[37848400] {2, 100, 2}.   Buy at 33.98 (37848391). [1, -35.22].
[37991200] {3, 100, 3}.   Buy at 34.01 (37991197). [2, -69.23].
[37993600] {2, -100, 2}. Sell at 34.00 (37993600). [1, -35.23].
[38028800] {3, 100, 3}.   Buy at 34.01 (38028788). [2, -69.24].
[38142800] {2, -100, 2}. Sell at 34.02 (38142783). [1, -35.22].
[38288400] {2, -100, 2}. Sell at 34.01 (38288392). [0, -1.21].
[38390000] {3, 100, 3}.   Buy at 34.04 (38389984). [1, -35.25].
[38450400] {4, 100, 4}.   Buy at 34.04 (38450398). [2, -69.29].
[38727600] {3, 100, 3}.   Buy at 34.04 (38727594). [3, -103.33].
[38888400] {3, 100, 3}.   Buy at 34.05 (38888400). [4, -137.38].
[38928400] {2, -100, 2}. Sell at 34.03 (38928391). [3, -103.35].
[39029600] {3, 100, 3}.   Buy at 34.02 (39029593). [4, -137.37].
[39034400] {3, 100, 3}.   Buy at 34.03 (39034349). [5, -171.40].
[39074400] {2, -100, 2}. Sell at 34.03 (39074382). [4, -137.37].
[39109600] {4, 100, 4}.   Buy at 34.04 (39109599). [5, -171.41].
[39332800] {2, -100, 2}. Sell at 34.02 (39332685). [4, -137.39].
[39362000] {3, -100, 3}. Sell at 33.99 (39362000). [3, -103.40].
[39370800] {3, 100, 3}.   Buy at 34.02 (39370740). [4, -137.42].
[39406000] {2, -100, 2}. Sell at 34.00 (39405976). [3, -103.42].
[39443200] {3, 100, 3}.   Buy at 34.00 (39443181). [4, -137.42].
[39468000] {1, -100, 1}. Sell at 33.99 (39467994). [3, -103.43].
[39528400] {1, -100, 1}. Sell at 33.98 (39528314). [2, -69.45].
[39568400] {1, -100, 1}. Sell at 33.96 (39568357). [1, -35.49].
[39576800] {3, 100, 3}.   Buy at 33.96 (39576761). [2, -69.45].
[39579600] {3, 100, 3}.   Buy at 33.97 (39579598). [3, -103.42].
[39590400] {2, 100, 2}.   Buy at 33.97 (39590311). [4, -137.39].
[39592400] {3, 200, 3}.   Buy at 34.00 (39592397). [5, -171.39].
[39712000] {3, 100, 3}.   Buy at 34.01 (39711935). [6, -205.40].
[39726800] {4, 100, 4}.   Buy at 34.02 (39726784). [7, -239.42].
[39756000] {2, -100, 2}. Sell at 34.03 (39755957). [6, -205.39].
[39785200] {2, 100, 2}.   Buy at 34.03 (39785200). [7, -239.42].
[40140800] {3, 100, 3}.   Buy at 34.05 (40140795). [8, -273.47].
[40141200] {3, 100, 3}.   Buy at 34.06 (40141190). [9, -307.53].
[40159600] {2, -100, 2}. Sell at 34.04 (40159559). [8, -273.49].
[40328400] {3, -100, 3}. Sell at 34.07 (40328317). [7, -239.42].
[40352800] {2, -100, 2}. Sell at 34.06 (40352724). [6, -205.36].
[40378400] {2, 100, 2}.   Buy at 34.07 (40378392). [7, -239.43].
[40493600] {2, -100, 2}. Sell at 34.07 (40493600). [6, -205.36].
[40498800] {2, -100, 2}. Sell at 34.06 (40498797). [5, -171.30].
[40524400] {3, 100, 3}.   Buy at 34.08 (40524354). [6, -205.38].
[40528400] {1, -100, 1}. Sell at 34.08 (40528398). [5, -171.30].
[40657600] {3, 100, 3}.   Buy at 34.07 (40657589). [6, -205.37].
[40710800] {1, -100, 1}. Sell at 34.07 (40710784). [5, -171.30].
[40782400] {2, 100, 2}.   Buy at 34.07 (40782392). [6, -205.37].
[40854000] {1, -100, 1}. Sell at 34.07 (40853998). [5, -171.30].
[40916400] {3, 100, 3}.   Buy at 34.07 (40916376). [6, -205.37].
[41232800] {2, -100, 2}. Sell at 34.03 (41232786). [5, -171.34].
[41353600] {2, 100, 2}.   Buy at 34.05 (41353506). [6, -205.39].
[41355200] {2, -100, 2}. Sell at 34.04 (41355200). [5, -171.35].
[41356800] {2, -100, 2}. Sell at 34.03 (41356735). [4, -137.32].
[41362800] {2, -100, 2}. Sell at 34.03 (41362781). [3, -103.29].
[41427200] {3, 100, 3}.   Buy at 34.02 (41427200). [4, -137.31].
[41452400] {2, -100, 2}. Sell at 34.02 (41452383). [3, -103.29].
[41554800] {3, 100, 3}.   Buy at 34.03 (41554756). [4, -137.32].
[41563200] {3, -100, 3}. Sell at 34.02 (41563182). [3, -103.30].
[41611200] {1, -100, 1}. Sell at 34.02 (41611167). [2, -69.28].
[41655200] {3, 100, 3}.   Buy at 34.04 (41655192). [3, -103.32].
[41715200] {2, -100, 2}. Sell at 34.03 (41715156). [2, -69.29].
[41740800] {2, 100, 2}.   Buy at 34.04 (41740624). [3, -103.33].
[41758000] {2, -100, 2}. Sell at 34.03 (41758000). [2, -69.30].
[41829600] {1, -100, 1}. Sell at 34.02 (41829579). [1, -35.28].
[41978800] {4, 100, 4}.   Buy at 34.06 (41978769). [2, -69.34].
[42012000] {3, -100, 3}. Sell at 34.05 (42011953). [1, -35.29].
[42080400] {4, 100, 4}.   Buy at 34.04 (42080355). [2, -69.33].
[42281200] {3, -100, 3}. Sell at 34.02 (42281189). [1, -35.31].
[42461600] {2, 100, 2}.   Buy at 34.01 (42461507). [2, -69.32].
[42639200] {1, -100, 1}. Sell at 33.99 (42639166). [1, -35.33].
[42717200] {2, -100, 2}. Sell at 34.02 (42717169). [0, -1.31].
[42737200] {3, 100, 3}.   Buy at 34.03 (42737177). [1, -35.34].
[42808000] {4, 100, 4}.   Buy at 34.02 (42807990). [2, -69.36].
[43046000] {3, 100, 3}.   Buy at 34.02 (43045975). [3, -103.38].
[43119600] {2, -100, 2}. Sell at 34.02 (43119600). [2, -69.36].
[43139600] {2, -100, 2}. Sell at 34.03 (43139562). [1, -35.33].
[43214400] {2, -100, 2}. Sell at 34.02 (43214389). [0, -1.31].
[43331600] {3, 100, 3}.   Buy at 34.03 (43331580). [1, -35.34].
[43348000] {3, 100, 3}.   Buy at 34.04 (43347990). [2, -69.38].
[43443600] {3, 100, 3}.   Buy at 34.02 (43443585). [3, -103.40].
[43489200] {3, 100, 3}.   Buy at 34.02 (43489196). [4, -137.42].
[43594800] {2, 100, 2}.   Buy at 34.04 (43594796). [5, -171.46].
[43618800] {3, 100, 3}.   Buy at 34.01 (43618534). [6, -205.47].
[43687600] {3, 100, 3}.   Buy at 34.01 (43687597). [7, -239.48].
[43740800] {3, 100, 3}.   Buy at 34.03 (43740755). [8, -273.51].
[43748400] {3, -100, 3}. Sell at 34.02 (43748397). [7, -239.49].
[43752800] {2, -100, 2}. Sell at 34.01 (43752770). [6, -205.48].
[43862400] {2, -100, 2}. Sell at 34.01 (43862399). [5, -171.47].
[44062400] {3, 100, 3}.   Buy at 34.02 (44062383). [6, -205.49].
[44149200] {2, -100, 2}. Sell at 34.01 (44149166). [5, -171.48].
[44298800] {3, 100, 3}.   Buy at 34.01 (44298798). [6, -205.49].
[44344400] {2, -100, 2}. Sell at 34.00 (44344363). [5, -171.49].
[44348400] {3, 100, 3}.   Buy at 34.01 (44348391). [6, -205.50].
[44393200] {3, 100, 3}.   Buy at 34.02 (44393197). [7, -239.52].
[44705600] {2, -200, 2}. Sell at 33.98 (44705597). [6, -205.54].
[44711200] {1, -100, 1}. Sell at 33.97 (44711175). [5, -171.57].
[45000000] {3, 100, 3}.   Buy at 34.00 (45000000). [6, -205.57].
[45011200] {3, 100, 3}.   Buy at 34.01 (45011200). [7, -239.58].
[45138800] {1, 100, 1}.   Buy at 34.02 (45138788). [8, -273.60].
[45384400] {3, 100, 3}.   Buy at 34.03 (45384400). [9, -307.63].
[45420800] {2, -100, 2}. Sell at 34.01 (45420800). [8, -273.62].
[45534400] {3, -100, 3}. Sell at 34.01 (45534379). [7, -239.61].
[45597600] {4, 100, 4}.   Buy at 34.03 (45597533). [8, -273.64].
[45608800] {3, 100, 3}.   Buy at 34.04 (45608767). [9, -307.68].
[45656000] {3, 100, 3}.   Buy at 34.05 (45655994). [10, -341.73].
[45660000] {2, -100, 2}. Sell at 34.04 (45659958). [9, -307.69].
[46045600] {2, -100, 2}. Sell at 34.00 (46045600). [8, -273.69].
[46277200] {3, 100, 3}.   Buy at 34.01 (46277147). [9, -307.70].
[46477600] {3, 100, 3}.   Buy at 34.00 (46477598). [10, -341.70].
[46604800] {1, -100, 1}. Sell at 33.99 (46604780). [9, -307.71].
[46632400] {1, -100, 1}. Sell at 33.97 (46632385). [8, -273.74].
[46656800] {3, 100, 3}.   Buy at 33.99 (46656787). [9, -307.73].
[46732800] {3, 100, 3}.   Buy at 33.99 (46732665). [10, -341.72].
[46975200] {4, 100, 4}.   Buy at 33.98 (46975199). [11, -375.70].
[47062000] {2, -100, 2}. Sell at 33.97 (47061950). [10, -341.73].
[47172000] {1, -100, 1}. Sell at 33.98 (47171976). [9, -307.75].
[47213600] {1, -100, 1}. Sell at 33.96 (47213597). [8, -273.79].
[47285600] {2, -100, 2}. Sell at 33.95 (47285575). [7, -239.84].
[47339600] {2, 100, 2}.   Buy at 33.95 (47339526). [8, -273.79].
[47377200] {2, -100, 2}. Sell at 33.93 (47377195). [7, -239.86].
[47630000] {2, 100, 2}.   Buy at 33.90 (47629932). [8, -273.76].
[47717200] {2, -100, 2}. Sell at 33.86 (47716998). [7, -239.90].
[47810800] {1, -100, 1}. Sell at 33.84 (47810797). [6, -206.06].
[47890800] {2, -100, 2}. Sell at 33.82 (47890795). [5, -172.24].
[47891200] {2, 100, 2}.   Buy at 33.83 (47891114). [6, -206.07].
[47893600] {2, -100, 2}. Sell at 33.82 (47893459). [5, -172.25].
[47922000] {2, -100, 2}. Sell at 33.80 (47921991). [4, -138.45].
[47926400] {2, 100, 2}.   Buy at 33.81 (47926399). [5, -172.26].
[47999600] {2, 100, 2}.   Buy at 33.81 (47999594). [6, -206.07].
[48147200] {2, -100, 2}. Sell at 33.82 (48147103). [5, -172.25].
[48148000] {2, -100, 2}. Sell at 33.81 (48147993). [4, -138.44].
[48228800] {3, -100, 3}. Sell at 33.80 (48228642). [3, -104.64].
[48257600] {2, -100, 2}. Sell at 33.77 (48257569). [2, -70.87].
[48293600] {2, 100, 2}.   Buy at 33.78 (48293528). [3, -104.65].
[48330400] {2, 100, 2}.   Buy at 33.79 (48330309). [4, -138.44].
[48342000] {3, 100, 3}.   Buy at 33.80 (48342000). [5, -172.24].
[48342400] {3, 100, 3}.   Buy at 33.80 (48342390). [6, -206.04].
[48465600] {3, 100, 3}.   Buy at 33.82 (48465600). [7, -239.86].
[48468800] {3, 100, 3}.   Buy at 33.83 (48468789). [8, -273.69].
[48492400] {4, 100, 4}.   Buy at 33.81 (48492398). [9, -307.50].
[48566800] {2, -100, 2}. Sell at 33.80 (48566695). [8, -273.70].
[48569600] {4, 100, 4}.   Buy at 33.81 (48569547). [9, -307.51].
[48589600] {3, 200, 3}.   Buy at 33.84 (48589591). [10, -341.35].
[48590400] {1, -100, 1}. Sell at 33.83 (48590381). [9, -307.52].
[48591600] {2, -100, 2}. Sell at 33.82 (48591590). [8, -273.70].
[48638800] {3, 200, 3}.   Buy at 33.84 (48638799). [9, -307.54].
[48716400] {3, 100, 3}.   Buy at 33.87 (48716374). [10, -341.41].
[48774400] {4, 100, 4}.   Buy at 33.88 (48774386). [11, -375.29].
[49317200] {2, -100, 2}. Sell at 33.90 (49317189). [10, -341.39].
[49638400] {3, 100, 3}.   Buy at 33.89 (49638399). [11, -375.28].
[49650400] {3, 100, 3}.   Buy at 33.90 (49650398). [12, -409.18].
[50176800] {2, -100, 2}. Sell at 33.89 (50176792). [11, -375.29].
[50211600] {3, 100, 3}.   Buy at 33.90 (50211596). [12, -409.19].
[50278000] {2, -100, 2}. Sell at 33.88 (50278000). [11, -375.31].
[50294000] {2, 100, 2}.   Buy at 33.89 (50293945). [12, -409.20].
[50332400] {3, 100, 3}.   Buy at 33.90 (50332368). [13, -443.10].
[50335600] {3, -100, 3}. Sell at 33.89 (50335481). [12, -409.21].
[50399200] {1, -100, 1}. Sell at 33.87 (50399200). [11, -375.34].
[50427600] {3, 100, 3}.   Buy at 33.88 (50427532). [12, -409.22].
[50881200] {2, 100, 2}.   Buy at 33.87 (50881153). [13, -443.09].
[51007600] {2, 100, 2}.   Buy at 33.88 (51007548). [14, -476.97].
[51212800] {2, -100, 2}. Sell at 33.88 (51212726). [13, -443.09].
[51436400] {1, -100, 1}. Sell at 33.86 (51436351). [12, -409.23].
[51696400] {1, -100, 1}. Sell at 33.85 (51696357). [11, -375.38].
[51725200] {1, -100, 1}. Sell at 33.84 (51725186). [10, -341.54].
[51726000] {1, -100, 1}. Sell at 33.83 (51725990). [9, -307.71].
[51742800] {1, 100, 1}.   Buy at 33.84 (51742799). [10, -341.55].
[51821200] {2, -100, 2}. Sell at 33.84 (51821195). [9, -307.71].
[51859200] {3, 100, 3}.   Buy at 33.85 (51859192). [10, -341.56].
[52054400] {3, 100, 3}.   Buy at 33.85 (52054391). [11, -375.41].
[52227600] {3, 100, 3}.   Buy at 33.88 (52227600). [12, -409.29].
[52264000] {3, 100, 3}.   Buy at 33.89 (52263991). [13, -443.18].
[52476800] {2, -100, 2}. Sell at 33.90 (52476799). [12, -409.28].
[52488000] {3, 100, 3}.   Buy at 33.90 (52487998). [13, -443.18].
[52532800] {3, -100, 3}. Sell at 33.88 (52532752). [12, -409.30].
[52664800] {1, -100, 1}. Sell at 33.87 (52664799). [11, -375.43].
[52804800] {3, 100, 3}.   Buy at 33.89 (52804771). [12, -409.32].
[52842400] {3, 100, 3}.   Buy at 33.91 (52842368). [13, -443.23].
[53105600] {1, -100, 1}. Sell at 33.84 (53105588). [12, -409.39].
[53148800] {3, 100, 3}.   Buy at 33.86 (53148789). [13, -443.25].
[53312000] {3, -100, 3}. Sell at 33.87 (53311981). [12, -409.38].
[53325600] {2, -100, 2}. Sell at 33.88 (53325569). [11, -375.50].
[53338000] {2, 100, 2}.   Buy at 33.90 (53337994). [12, -409.40].
[53364800] {3, -100, 3}. Sell at 33.89 (53364784). [11, -375.51].
[53662800] {3, 100, 3}.   Buy at 33.90 (53662740). [12, -409.41].
[53823200] {1, -100, 1}. Sell at 33.88 (53823180). [11, -375.53].
[53826800] {1, -100, 1}. Sell at 33.87 (53826785). [10, -341.66].
[53844000] {3, 100, 3}.   Buy at 33.87 (53843999). [11, -375.53].
[53847200] {3, 100, 3}.   Buy at 33.88 (53847125). [12, -409.41].
[53856000] {2, -100, 2}. Sell at 33.88 (53855964). [11, -375.53].
[53862000] {2, 100, 2}.   Buy at 33.89 (53861997). [12, -409.42].
[53974000] {1, -100, 1}. Sell at 33.89 (53973996). [11, -375.53].
[54123600] {2, -100, 2}. Sell at 33.88 (54123598). [10, -341.65].
[54148800] {4, 100, 4}.   Buy at 33.88 (54148770). [11, -375.53].
[54290800] {4, -100, 4}. Sell at 33.87 (54290774). [10, -341.66].
[54313600] {4, 100, 4}.   Buy at 33.89 (54313575). [11, -375.55].
[54359600] {3, -100, 3}. Sell at 33.91 (54359588). [10, -341.64].
[54360400] {3, -100, 3}. Sell at 33.90 (54360375). [9, -307.74].
[54396800] {1, -100, 1}. Sell at 33.88 (54396790). [8, -273.86].
[54429200] {2, 100, 2}.   Buy at 33.89 (54429177). [9, -307.75].
[54508400] {2, -100, 2}. Sell at 33.91 (54508398). [8, -273.84].
[54620800] {3, 100, 3}.   Buy at 33.90 (54620792). [9, -307.74].
[54636000] {3, 100, 3}.   Buy at 33.91 (54635981). [10, -341.65].
[54636800] {3, -100, 3}. Sell at 33.90 (54636790). [9, -307.75].
[54712800] {1, -100, 1}. Sell at 33.88 (54712782). [8, -273.87].
[54743200] {3, 100, 3}.   Buy at 33.90 (54743169). [9, -307.77].
[54756800] {4, 100, 4}.   Buy at 33.92 (54756797). [10, -341.69].
[54836400] {2, -100, 2}. Sell at 33.89 (54836386). [9, -307.80].
[54900800] {1, -100, 1}. Sell at 33.88 (54900756). [8, -273.92].
[54931600] {1, -100, 1}. Sell at 33.88 (54931598). [7, -240.04].
[54953200] {3, -100, 3}. Sell at 33.89 (54953200). [6, -206.15].
[54968800] {2, -100, 2}. Sell at 33.89 (54968765). [5, -172.26].
[54972400] {3, -100, 3}. Sell at 33.87 (54972395). [4, -138.39].
[54983200] {2, -100, 2}. Sell at 33.87 (54983197). [3, -104.52].
[54983600] {2, -100, 2}. Sell at 33.86 (54983590). [2, -70.66].
[54994000] {2, -100, 2}. Sell at 33.85 (54993960). [1, -36.81].
[54997200] {2, -100, 2}. Sell at 33.84 (54997198). [0, -2.97].
[55003200] {3, 100, 3}.   Buy at 33.85 (55003161). [1, -36.82].
[55139200] {1, -100, 1}. Sell at 33.83 (55139189). [0, -2.99].
[55141600] {3, 100, 3}.   Buy at 33.83 (55141579). [1, -36.82].
[55157600] {3, 100, 3}.   Buy at 33.84 (55157426). [2, -70.66].
[55167600] {3, 100, 3}.   Buy at 33.85 (55167549). [3, -104.51].
[55262000] {2, -200, 2}. Sell at 33.84 (55262000). [2, -70.67].
[55276400] {2, -100, 2}. Sell at 33.83 (55276396). [1, -36.84].
[55332800] {1, -100, 1}. Sell at 33.82 (55332719). [0, -3.02].
[55347600] {4, 100, 4}.   Buy at 33.84 (55347598). [1, -36.86].
[55401600] {2, -100, 2}. Sell at 33.84 (55401598). [0, -3.02].
[55546400] {3, 100, 3}.   Buy at 33.86 (55546394). [1, -36.88].
[55603600] {4, 100, 4}.   Buy at 33.88 (55603591). [2, -70.76].
[55907200] {3, 100, 3}.   Buy at 33.91 (55907179). [3, -104.67].
[55951600] {3, 100, 3}.   Buy at 33.92 (55951600). [4, -138.59].
[55980400] {2, 100, 2}.   Buy at 33.89 (55980359). [5, -172.48].
[55987600] {2, 100, 2}.   Buy at 33.90 (55987567). [6, -206.38].
[55999200] {2, -100, 2}. Sell at 33.89 (55999118). [5, -172.49].
[56006000] {2, -100, 2}. Sell at 33.88 (56005994). [4, -138.61].
[56025200] {2, 100, 2}.   Buy at 33.89 (56025009). [5, -172.50].
[56103200] {3, 100, 3}.   Buy at 33.90 (56103179). [6, -206.40].
[56202400] {2, 100, 2}.   Buy at 33.91 (56202388). [7, -240.31].
[56208800] {4, 100, 4}.   Buy at 33.92 (56208788). [8, -274.23].
[56282800] {4, 100, 4}.   Buy at 33.92 (56282708). [9, -308.15].
[56290800] {3, 100, 3}.   Buy at 33.93 (56290796). [10, -342.08].
[56304000] {1, -100, 1}. Sell at 33.91 (56304000). [9, -308.17].
[56392000] {2, 100, 2}.   Buy at 33.94 (56391925). [10, -342.11].
[56392800] {2, -100, 2}. Sell at 33.93 (56392704). [9, -308.18].
[56396800] {3, 100, 3}.   Buy at 33.94 (56396790). [10, -342.12].
[56398800] {3, 100, 3}.   Buy at 33.95 (56398794). [11, -376.07].
[56418400] {3, -100, 3}. Sell at 33.93 (56418393). [10, -342.14].
[56513200] {4, 100, 4}.   Buy at 33.94 (56513196). [11, -376.08].
[56599600] {3, 100, 3}.   Buy at 33.96 (56599600). [12, -410.04].
[56637200] {1, -100, 1}. Sell at 33.95 (56637191). [11, -376.09].
[56686800] {1, -100, 1}. Sell at 33.94 (56686797). [10, -342.15].
[56696800] {1, -100, 1}. Sell at 33.92 (56696800). [9, -308.23].
[56712000] {1, 100, 1}.   Buy at 33.92 (56711933). [10, -342.15].
[56714000] {1, 100, 1}.   Buy at 33.92 (56713932). [11, -376.07].
[56718000] {2, -100, 2}. Sell at 33.91 (56718000). [10, -342.16].
[56718400] {2, 100, 2}.   Buy at 33.92 (56718371). [11, -376.08].
[56764800] {2, 100, 2}.   Buy at 33.93 (56764799). [12, -410.01].
[56790000] {3, 100, 3}.   Buy at 33.95 (56789995). [13, -443.96].
[56830000] {2, 100, 2}.   Buy at 33.96 (56829808). [14, -477.92].
[56858800] {4, 100, 4}.   Buy at 33.98 (56858800). [15, -511.90].
[56876800] {3, 100, 3}.   Buy at 33.99 (56876730). [16, -545.89].
[56973600] {1, -100, 1}. Sell at 33.96 (56973534). [15, -511.93].
[56997200] {1, -100, 1}. Sell at 33.95 (56997154). [14, -477.98].
[57000400] {2, 100, 2}.   Buy at 33.96 (57000399). [15, -511.94].
[57112400] {1, -100, 1}. Sell at 33.96 (57112373). [14, -477.98].
[57118000] {1, -100, 1}. Sell at 33.95 (57117999). [13, -444.03].
[57181200] {1, -100, 1}. Sell at 33.94 (57181199). [12, -410.09].
[57228800] {2, 100, 2}.   Buy at 33.95 (57228786). [13, -444.04].
[57293600] {3, -200, 3}. Sell at 33.94 (57293565). [12, -410.10].
[57298400] {3, 100, 3}.   Buy at 33.96 (57298395). [13, -444.06].
[57300400] {2, -100, 2}. Sell at 33.95 (57300355). [12, -410.11].
[57344400] {3, 100, 3}.   Buy at 34.00 (57344369). [13, -444.11].
[57365200] {1, -100, 1}. Sell at 33.98 (57365198). [12, -410.13].
[57420400] {3, 100, 3}.   Buy at 33.99 (57420392). [13, -444.12].
[57564000] {1, -100, 1}. Sell at 33.99 (57563976). [12, -410.13].
[57576000] {1, -100, 1}. Sell at 33.98 (57575975). [11, -376.15].
[57595200] {2, -100, 2}. Sell at 33.97 (57595200). [10, -342.18].
[57600000] Closing long position 10 shares at 33.97 (57599975).
[57600000] Final cash: -2.48.
