This is pdfTeX, Version 3.1415926-2.5-1.40.14 (TeX Live 2013/Debian) (format=pdflatex 2015.8.11)  16 SEP 2015 19:10
entering extended mode
 \write18 enabled.
 %&-line parsing enabled.
**presentation.tex
(./presentation.tex
LaTeX2e <2011/06/27>
Babel <3.9h> and hyphenation patterns for 2 languages loaded.
(/home/anton/texmf/tex/latex/beamer/beamer.cls
(/home/anton/texmf/tex/latex/beamer/beamerbasercs.sty
Package: beamerbasercs 2015/03/08 (rcs-revision 368aa9ba9d38)
)
Document Class: beamer 2015/01/05 3.36 A class for typesetting presentations (r
cs-revision 8a39122e1f63)
(/home/anton/texmf/tex/latex/beamer/beamerbasemodes.sty
Package: beamerbasemodes 2013/09/03 (rcs-revision 768f2d98ca64)
\beamer@tempbox=\box26
\beamer@tempcount=\count79
\c@beamerpauses=\count80

(/home/anton/texmf/tex/latex/beamer/beamerbasedecode.sty
Package: beamerbasedecode 2010/05/01 (rcs-revision efa082c6111d)
\beamer@slideinframe=\count81
\beamer@minimum=\count82
)
\beamer@commentbox=\box27
\beamer@modecount=\count83
)
(/usr/share/texlive/texmf-dist/tex/generic/oberdiek/ifpdf.sty
Package: ifpdf 2011/01/30 v2.3 Provides the ifpdf switch (HO)
Package ifpdf Info: pdfTeX in PDF mode is detected.
)
\headheight=\dimen102
\headdp=\dimen103
\footheight=\dimen104
\sidebarheight=\dimen105
\beamer@tempdim=\dimen106
\beamer@finalheight=\dimen107
\beamer@animht=\dimen108
\beamer@animdp=\dimen109
\beamer@animwd=\dimen110
\beamer@leftmargin=\dimen111
\beamer@rightmargin=\dimen112
\beamer@leftsidebar=\dimen113
\beamer@rightsidebar=\dimen114
\beamer@boxsize=\dimen115
\beamer@vboxoffset=\dimen116
\beamer@descdefault=\dimen117
\beamer@descriptionwidth=\dimen118
\beamer@lastskip=\skip41
\beamer@areabox=\box28
\beamer@animcurrent=\box29
\beamer@animshowbox=\box30
\beamer@sectionbox=\box31
\beamer@logobox=\box32
\beamer@linebox=\box33
\beamer@sectioncount=\count84
\beamer@subsubsectionmax=\count85
\beamer@subsectionmax=\count86
\beamer@sectionmax=\count87
\beamer@totalheads=\count88
\beamer@headcounter=\count89
\beamer@partstartpage=\count90
\beamer@sectionstartpage=\count91
\beamer@subsectionstartpage=\count92
\beamer@animationtempa=\count93
\beamer@animationtempb=\count94
\beamer@xpos=\count95
\beamer@ypos=\count96
\beamer@showpartnumber=\count97
\beamer@currentsubsection=\count98
\beamer@coveringdepth=\count99
\beamer@sectionadjust=\count100
\beamer@tocsectionnumber=\count101

(/home/anton/texmf/tex/latex/beamer/beamerbaseoptions.sty
Package: beamerbaseoptions 2013/03/10 (rcs-revision 47431932db0d)

(/usr/share/texlive/texmf-dist/tex/latex/graphics/keyval.sty
Package: keyval 1999/03/16 v1.13 key=value parser (DPC)
\KV@toks@=\toks14
))
\beamer@paperwidth=\skip42
\beamer@paperheight=\skip43

(/usr/share/texlive/texmf-dist/tex/latex/geometry/geometry.sty
Package: geometry 2010/09/12 v5.6 Page Geometry

(/usr/share/texlive/texmf-dist/tex/generic/oberdiek/ifvtex.sty
Package: ifvtex 2010/03/01 v1.5 Detect VTeX and its facilities (HO)
Package ifvtex Info: VTeX not detected.
)
(/usr/share/texlive/texmf-dist/tex/generic/ifxetex/ifxetex.sty
Package: ifxetex 2010/09/12 v0.6 Provides ifxetex conditional
)
\Gm@cnth=\count102
\Gm@cntv=\count103
\c@Gm@tempcnt=\count104
\Gm@bindingoffset=\dimen119
\Gm@wd@mp=\dimen120
\Gm@odd@mp=\dimen121
\Gm@even@mp=\dimen122
\Gm@layoutwidth=\dimen123
\Gm@layoutheight=\dimen124
\Gm@layouthoffset=\dimen125
\Gm@layoutvoffset=\dimen126
\Gm@dimlist=\toks15
)
(/usr/share/texlive/texmf-dist/tex/latex/base/size11.clo
File: size11.clo 2007/10/19 v1.4h Standard LaTeX file (size option)
)
(/usr/share/texmf/tex/latex/pgf/basiclayer/pgfcore.sty
(/usr/share/texlive/texmf-dist/tex/latex/graphics/graphicx.sty
Package: graphicx 1999/02/16 v1.0f Enhanced LaTeX Graphics (DPC,SPQR)

(/usr/share/texlive/texmf-dist/tex/latex/graphics/graphics.sty
Package: graphics 2009/02/05 v1.0o Standard LaTeX Graphics (DPC,SPQR)

(/usr/share/texlive/texmf-dist/tex/latex/graphics/trig.sty
Package: trig 1999/03/16 v1.09 sin cos tan (DPC)
)
(/usr/share/texlive/texmf-dist/tex/latex/latexconfig/graphics.cfg
File: graphics.cfg 2010/04/23 v1.9 graphics configuration of TeX Live
)
Package graphics Info: Driver file: pdftex.def on input line 91.

(/usr/share/texlive/texmf-dist/tex/latex/pdftex-def/pdftex.def
File: pdftex.def 2011/05/27 v0.06d Graphics/color for pdfTeX

(/usr/share/texlive/texmf-dist/tex/generic/oberdiek/infwarerr.sty
Package: infwarerr 2010/04/08 v1.3 Providing info/warning/error messages (HO)
)
(/usr/share/texlive/texmf-dist/tex/generic/oberdiek/ltxcmds.sty
Package: ltxcmds 2011/11/09 v1.22 LaTeX kernel commands for general use (HO)
)
\Gread@gobject=\count105
))
\Gin@req@height=\dimen127
\Gin@req@width=\dimen128
)
(/usr/share/texmf/tex/latex/pgf/systemlayer/pgfsys.sty
(/usr/share/texmf/tex/latex/pgf/utilities/pgfrcs.sty
(/usr/share/texmf/tex/generic/pgf/utilities/pgfutil-common.tex
\pgfutil@everybye=\toks16
)
(/usr/share/texmf/tex/generic/pgf/utilities/pgfutil-latex.def
\pgfutil@abb=\box34

(/usr/share/texlive/texmf-dist/tex/latex/ms/everyshi.sty
Package: everyshi 2001/05/15 v3.00 EveryShipout Package (MS)
))
(/usr/share/texmf/tex/generic/pgf/utilities/pgfrcs.code.tex
Package: pgfrcs 2010/10/25 v2.10 (rcs-revision 1.24)
))
(/usr/share/texmf/tex/generic/pgf/systemlayer/pgfsys.code.tex
Package: pgfsys 2010/06/30 v2.10 (rcs-revision 1.37)

(/usr/share/texmf/tex/generic/pgf/utilities/pgfkeys.code.tex
\pgfkeys@pathtoks=\toks17
\pgfkeys@temptoks=\toks18

(/usr/share/texmf/tex/generic/pgf/utilities/pgfkeysfiltered.code.tex
\pgfkeys@tmptoks=\toks19
))
\pgf@x=\dimen129
\pgf@y=\dimen130
\pgf@xa=\dimen131
\pgf@ya=\dimen132
\pgf@xb=\dimen133
\pgf@yb=\dimen134
\pgf@xc=\dimen135
\pgf@yc=\dimen136
\w@pgf@writea=\write3
\r@pgf@reada=\read1
\c@pgf@counta=\count106
\c@pgf@countb=\count107
\c@pgf@countc=\count108
\c@pgf@countd=\count109

(/usr/share/texmf/tex/generic/pgf/systemlayer/pgf.cfg
File: pgf.cfg 2008/05/14  (rcs-revision 1.7)
)
Package pgfsys Info: Driver file for pgf: pgfsys-pdftex.def on input line 900.

(/usr/share/texmf/tex/generic/pgf/systemlayer/pgfsys-pdftex.def
File: pgfsys-pdftex.def 2009/05/22  (rcs-revision 1.26)

(/usr/share/texmf/tex/generic/pgf/systemlayer/pgfsys-common-pdf.def
File: pgfsys-common-pdf.def 2008/05/19  (rcs-revision 1.10)
)))
(/usr/share/texmf/tex/generic/pgf/systemlayer/pgfsyssoftpath.code.tex
File: pgfsyssoftpath.code.tex 2008/07/18  (rcs-revision 1.7)
\pgfsyssoftpath@smallbuffer@items=\count110
\pgfsyssoftpath@bigbuffer@items=\count111
)
(/usr/share/texmf/tex/generic/pgf/systemlayer/pgfsysprotocol.code.tex
File: pgfsysprotocol.code.tex 2006/10/16  (rcs-revision 1.4)
))
(/usr/share/texmf/tex/latex/xcolor/xcolor.sty
Package: xcolor 2007/01/21 v2.11 LaTeX color extensions (UK)

(/usr/share/texlive/texmf-dist/tex/latex/latexconfig/color.cfg
File: color.cfg 2007/01/18 v1.5 color configuration of teTeX/TeXLive
)
Package xcolor Info: Driver file: pdftex.def on input line 225.
Package xcolor Info: Model `cmy' substituted by `cmy0' on input line 1337.
Package xcolor Info: Model `hsb' substituted by `rgb' on input line 1341.
Package xcolor Info: Model `RGB' extended on input line 1353.
Package xcolor Info: Model `HTML' substituted by `rgb' on input line 1355.
Package xcolor Info: Model `Hsb' substituted by `hsb' on input line 1356.
Package xcolor Info: Model `tHsb' substituted by `hsb' on input line 1357.
Package xcolor Info: Model `HSB' substituted by `hsb' on input line 1358.
Package xcolor Info: Model `Gray' substituted by `gray' on input line 1359.
Package xcolor Info: Model `wave' substituted by `hsb' on input line 1360.
)
(/usr/share/texmf/tex/generic/pgf/basiclayer/pgfcore.code.tex
Package: pgfcore 2010/04/11 v2.10 (rcs-revision 1.7)

(/usr/share/texmf/tex/generic/pgf/math/pgfmath.code.tex
(/usr/share/texmf/tex/generic/pgf/math/pgfmathcalc.code.tex
(/usr/share/texmf/tex/generic/pgf/math/pgfmathutil.code.tex)
(/usr/share/texmf/tex/generic/pgf/math/pgfmathparser.code.tex
\pgfmath@dimen=\dimen137
\pgfmath@count=\count112
\pgfmath@box=\box35
\pgfmath@toks=\toks20
\pgfmath@stack@operand=\toks21
\pgfmath@stack@operation=\toks22
)
(/usr/share/texmf/tex/generic/pgf/math/pgfmathfunctions.code.tex
(/usr/share/texmf/tex/generic/pgf/math/pgfmathfunctions.basic.code.tex)
(/usr/share/texmf/tex/generic/pgf/math/pgfmathfunctions.trigonometric.code.tex)
(/usr/share/texmf/tex/generic/pgf/math/pgfmathfunctions.random.code.tex)
(/usr/share/texmf/tex/generic/pgf/math/pgfmathfunctions.comparison.code.tex)
(/usr/share/texmf/tex/generic/pgf/math/pgfmathfunctions.base.code.tex)
(/usr/share/texmf/tex/generic/pgf/math/pgfmathfunctions.round.code.tex)
(/usr/share/texmf/tex/generic/pgf/math/pgfmathfunctions.misc.code.tex)))
(/usr/share/texmf/tex/generic/pgf/math/pgfmathfloat.code.tex
\c@pgfmathroundto@lastzeros=\count113
))
(/usr/share/texmf/tex/generic/pgf/basiclayer/pgfcorepoints.code.tex
File: pgfcorepoints.code.tex 2010/04/09  (rcs-revision 1.20)
\pgf@picminx=\dimen138
\pgf@picmaxx=\dimen139
\pgf@picminy=\dimen140
\pgf@picmaxy=\dimen141
\pgf@pathminx=\dimen142
\pgf@pathmaxx=\dimen143
\pgf@pathminy=\dimen144
\pgf@pathmaxy=\dimen145
\pgf@xx=\dimen146
\pgf@xy=\dimen147
\pgf@yx=\dimen148
\pgf@yy=\dimen149
\pgf@zx=\dimen150
\pgf@zy=\dimen151
)
(/usr/share/texmf/tex/generic/pgf/basiclayer/pgfcorepathconstruct.code.tex
File: pgfcorepathconstruct.code.tex 2010/08/03  (rcs-revision 1.24)
\pgf@path@lastx=\dimen152
\pgf@path@lasty=\dimen153
)
(/usr/share/texmf/tex/generic/pgf/basiclayer/pgfcorepathusage.code.tex
File: pgfcorepathusage.code.tex 2008/04/22  (rcs-revision 1.12)
\pgf@shorten@end@additional=\dimen154
\pgf@shorten@start@additional=\dimen155
)
(/usr/share/texmf/tex/generic/pgf/basiclayer/pgfcorescopes.code.tex
File: pgfcorescopes.code.tex 2010/09/08  (rcs-revision 1.34)
\pgfpic=\box36
\pgf@hbox=\box37
\pgf@layerbox@main=\box38
\pgf@picture@serial@count=\count114
)
(/usr/share/texmf/tex/generic/pgf/basiclayer/pgfcoregraphicstate.code.tex
File: pgfcoregraphicstate.code.tex 2008/04/22  (rcs-revision 1.9)
\pgflinewidth=\dimen156
)
(/usr/share/texmf/tex/generic/pgf/basiclayer/pgfcoretransformations.code.tex
File: pgfcoretransformations.code.tex 2009/06/10  (rcs-revision 1.11)
\pgf@pt@x=\dimen157
\pgf@pt@y=\dimen158
\pgf@pt@temp=\dimen159
)
(/usr/share/texmf/tex/generic/pgf/basiclayer/pgfcorequick.code.tex
File: pgfcorequick.code.tex 2008/10/09  (rcs-revision 1.3)
)
(/usr/share/texmf/tex/generic/pgf/basiclayer/pgfcoreobjects.code.tex
File: pgfcoreobjects.code.tex 2006/10/11  (rcs-revision 1.2)
)
(/usr/share/texmf/tex/generic/pgf/basiclayer/pgfcorepathprocessing.code.tex
File: pgfcorepathprocessing.code.tex 2008/10/09  (rcs-revision 1.8)
)
(/usr/share/texmf/tex/generic/pgf/basiclayer/pgfcorearrows.code.tex
File: pgfcorearrows.code.tex 2008/04/23  (rcs-revision 1.11)
)
(/usr/share/texmf/tex/generic/pgf/basiclayer/pgfcoreshade.code.tex
File: pgfcoreshade.code.tex 2008/11/23  (rcs-revision 1.13)
\pgf@max=\dimen160
\pgf@sys@shading@range@num=\count115
)
(/usr/share/texmf/tex/generic/pgf/basiclayer/pgfcoreimage.code.tex
File: pgfcoreimage.code.tex 2010/03/25  (rcs-revision 1.16)

(/usr/share/texmf/tex/generic/pgf/basiclayer/pgfcoreexternal.code.tex
File: pgfcoreexternal.code.tex 2010/09/01  (rcs-revision 1.17)
\pgfexternal@startupbox=\box39
))
(/usr/share/texmf/tex/generic/pgf/basiclayer/pgfcorelayers.code.tex
File: pgfcorelayers.code.tex 2010/08/27  (rcs-revision 1.2)
)
(/usr/share/texmf/tex/generic/pgf/basiclayer/pgfcoretransparency.code.tex
File: pgfcoretransparency.code.tex 2008/01/17  (rcs-revision 1.2)
)
(/usr/share/texmf/tex/generic/pgf/basiclayer/pgfcorepatterns.code.tex
File: pgfcorepatterns.code.tex 2009/07/02  (rcs-revision 1.3)
)))
(/usr/share/texmf/tex/latex/pgf/utilities/xxcolor.sty
Package: xxcolor 2003/10/24 ver 0.1
\XC@nummixins=\count116
\XC@countmixins=\count117
)
(/usr/share/texlive/texmf-dist/tex/generic/oberdiek/atbegshi.sty
Package: atbegshi 2011/10/05 v1.16 At begin shipout hook (HO)
)
(/usr/share/texlive/texmf-dist/tex/latex/hyperref/hyperref.sty
Package: hyperref 2012/11/06 v6.83m Hypertext links for LaTeX

(/usr/share/texlive/texmf-dist/tex/generic/oberdiek/hobsub-hyperref.sty
Package: hobsub-hyperref 2012/05/28 v1.13 Bundle oberdiek, subset hyperref (HO)


(/usr/share/texlive/texmf-dist/tex/generic/oberdiek/hobsub-generic.sty
Package: hobsub-generic 2012/05/28 v1.13 Bundle oberdiek, subset generic (HO)
Package: hobsub 2012/05/28 v1.13 Construct package bundles (HO)
Package hobsub Info: Skipping package `infwarerr' (already loaded).
Package hobsub Info: Skipping package `ltxcmds' (already loaded).
Package: ifluatex 2010/03/01 v1.3 Provides the ifluatex switch (HO)
Package ifluatex Info: LuaTeX not detected.
Package hobsub Info: Skipping package `ifvtex' (already loaded).
Package: intcalc 2007/09/27 v1.1 Expandable calculations with integers (HO)
Package hobsub Info: Skipping package `ifpdf' (already loaded).
Package: etexcmds 2011/02/16 v1.5 Avoid name clashes with e-TeX commands (HO)
Package etexcmds Info: Could not find \expanded.
(etexcmds)             That can mean that you are not using pdfTeX 1.50 or
(etexcmds)             that some package has redefined \expanded.
(etexcmds)             In the latter case, load this package earlier.
Package: kvsetkeys 2012/04/25 v1.16 Key value parser (HO)
Package: kvdefinekeys 2011/04/07 v1.3 Define keys (HO)
Package: pdftexcmds 2011/11/29 v0.20 Utility functions of pdfTeX for LuaTeX (HO
)
Package pdftexcmds Info: LuaTeX not detected.
Package pdftexcmds Info: \pdf@primitive is available.
Package pdftexcmds Info: \pdf@ifprimitive is available.
Package pdftexcmds Info: \pdfdraftmode found.
Package: pdfescape 2011/11/25 v1.13 Implements pdfTeX's escape features (HO)
Package: bigintcalc 2012/04/08 v1.3 Expandable calculations on big integers (HO
)
Package: bitset 2011/01/30 v1.1 Handle bit-vector datatype (HO)
Package: uniquecounter 2011/01/30 v1.2 Provide unlimited unique counter (HO)
)
Package hobsub Info: Skipping package `hobsub' (already loaded).
Package: letltxmacro 2010/09/02 v1.4 Let assignment for LaTeX macros (HO)
Package: hopatch 2012/05/28 v1.2 Wrapper for package hooks (HO)
Package: xcolor-patch 2011/01/30 xcolor patch
Package: atveryend 2011/06/30 v1.8 Hooks at the very end of document (HO)
Package atveryend Info: \enddocument detected (standard20110627).
Package hobsub Info: Skipping package `atbegshi' (already loaded).
Package: refcount 2011/10/16 v3.4 Data extraction from label references (HO)
Package: hycolor 2011/01/30 v1.7 Color options for hyperref/bookmark (HO)
)
(/usr/share/texlive/texmf-dist/tex/latex/oberdiek/auxhook.sty
Package: auxhook 2011/03/04 v1.3 Hooks for auxiliary files (HO)
)
(/usr/share/texlive/texmf-dist/tex/latex/oberdiek/kvoptions.sty
Package: kvoptions 2011/06/30 v3.11 Key value format for package options (HO)
)
\@linkdim=\dimen161
\Hy@linkcounter=\count118
\Hy@pagecounter=\count119

(/usr/share/texlive/texmf-dist/tex/latex/hyperref/pd1enc.def
File: pd1enc.def 2012/11/06 v6.83m Hyperref: PDFDocEncoding definition (HO)
)
\Hy@SavedSpaceFactor=\count120

(/usr/share/texlive/texmf-dist/tex/latex/latexconfig/hyperref.cfg
File: hyperref.cfg 2002/06/06 v1.2 hyperref configuration of TeXLive
)
Package hyperref Info: Option `bookmarks' set `true' on input line 4319.
Package hyperref Info: Option `bookmarksopen' set `true' on input line 4319.
Package hyperref Info: Option `implicit' set `false' on input line 4319.
Package hyperref Info: Hyper figures OFF on input line 4443.
Package hyperref Info: Link nesting OFF on input line 4448.
Package hyperref Info: Hyper index ON on input line 4451.
Package hyperref Info: Plain pages OFF on input line 4458.
Package hyperref Info: Backreferencing OFF on input line 4463.
Package hyperref Info: Implicit mode OFF; no redefinition of LaTeX internals.
Package hyperref Info: Bookmarks ON on input line 4688.
\c@Hy@tempcnt=\count121

(/usr/share/texlive/texmf-dist/tex/latex/url/url.sty
\Urlmuskip=\muskip10
Package: url 2013/09/16  ver 3.4  Verb mode for urls, etc.
)
LaTeX Info: Redefining \url on input line 5041.
\XeTeXLinkMargin=\dimen162
\Fld@menulength=\count122
\Field@Width=\dimen163
\Fld@charsize=\dimen164
Package hyperref Info: Hyper figures OFF on input line 6295.
Package hyperref Info: Link nesting OFF on input line 6300.
Package hyperref Info: Hyper index ON on input line 6303.
Package hyperref Info: backreferencing OFF on input line 6310.
Package hyperref Info: Link coloring OFF on input line 6315.
Package hyperref Info: Link coloring with OCG OFF on input line 6320.
Package hyperref Info: PDF/A mode OFF on input line 6325.
LaTeX Info: Redefining \ref on input line 6365.
LaTeX Info: Redefining \pageref on input line 6369.
\Hy@abspage=\count123


Package hyperref Message: Stopped early.

)

Package hyperref Message: Driver (autodetected): hpdftex.

(/usr/share/texlive/texmf-dist/tex/latex/hyperref/hpdftex.def
File: hpdftex.def 2012/11/06 v6.83m Hyperref driver for pdfTeX
\Fld@listcount=\count124
\c@bookmark@seq@number=\count125

(/usr/share/texlive/texmf-dist/tex/latex/oberdiek/rerunfilecheck.sty
Package: rerunfilecheck 2011/04/15 v1.7 Rerun checks for auxiliary files (HO)
Package uniquecounter Info: New unique counter `rerunfilecheck' on input line 2
82.
))
(/home/anton/texmf/tex/latex/beamer/beamerbaserequires.sty
Package: beamerbaserequires 2010/05/01  (rcs-revision efa082c6111d)

(/home/anton/texmf/tex/latex/beamer/beamerbasecompatibility.sty
Package: beamerbasecompatibility 2012/05/01  (rcs-revision 67c48b3b652d)
)
(/home/anton/texmf/tex/latex/beamer/beamerbasefont.sty
Package: beamerbasefont 2015/01/05  (rcs-revision b4b4bee242e2)

(/usr/share/texlive/texmf-dist/tex/latex/amsfonts/amssymb.sty
Package: amssymb 2013/01/14 v3.01 AMS font symbols

(/usr/share/texlive/texmf-dist/tex/latex/amsfonts/amsfonts.sty
Package: amsfonts 2013/01/14 v3.01 Basic AMSFonts support
\@emptytoks=\toks23
\symAMSa=\mathgroup4
\symAMSb=\mathgroup5
LaTeX Font Info:    Overwriting math alphabet `\mathfrak' in version `bold'
(Font)                  U/euf/m/n --> U/euf/b/n on input line 106.
))
(/usr/share/texlive/texmf-dist/tex/latex/sansmathaccent/sansmathaccent.sty
Package: sansmathaccent 2013/03/28

(/usr/share/texlive/texmf-dist/tex/latex/filehook/filehook.sty
Package: filehook 2011/10/12 v0.5d Hooks for input files
)))
(/home/anton/texmf/tex/latex/beamer/beamerbasetranslator.sty
Package: beamerbasetranslator 2010/06/11  (rcs-revision 85fd1cc7fc42)

(/home/anton/texmf/tex/latex/beamer/translator/translator.sty
Package: translator 2010/06/12 ver 1.10

(/home/anton/texmf/tex/latex/beamer/translator/translator-language-mappings.tex
))) (/home/anton/texmf/tex/latex/beamer/beamerbasemisc.sty
Package: beamerbasemisc 2013/09/03  (rcs-revision a55719c41d85)
)
(/home/anton/texmf/tex/latex/beamer/beamerbasetwoscreens.sty
Package: beamerbasetwoscreens 2010/05/01  (rcs-revision efa082c6111d)
)
(/home/anton/texmf/tex/latex/beamer/beamerbaseoverlay.sty
Package: beamerbaseoverlay 2013/12/25  (rcs-revision f6bd5e3805da)
\beamer@argscount=\count126
\beamer@lastskipcover=\skip44
\beamer@trivlistdepth=\count127
)
(/home/anton/texmf/tex/latex/beamer/beamerbasetitle.sty
Package: beamerbasetitle 2010/09/21  (rcs-revision f0446ed0b6ae)
)
(/home/anton/texmf/tex/latex/beamer/beamerbasesection.sty
Package: beamerbasesection 2013/06/07  (rcs-revision 60b9fe0f342f)
\c@lecture=\count128
\c@part=\count129
\c@section=\count130
\c@subsection=\count131
\c@subsubsection=\count132
)
(/home/anton/texmf/tex/latex/beamer/beamerbaseframe.sty
Package: beamerbaseframe 2014/02/20  (rcs-revision 4b8ceeeff434)
\beamer@framebox=\box40
\beamer@frametitlebox=\box41
\beamer@zoombox=\box42
\beamer@zoomcount=\count133
\beamer@zoomframecount=\count134
\beamer@frametextheight=\dimen165
\c@subsectionslide=\count135
\beamer@frametopskip=\skip45
\beamer@framebottomskip=\skip46
\beamer@frametopskipautobreak=\skip47
\beamer@framebottomskipautobreak=\skip48
\beamer@envbody=\toks24
\framewidth=\dimen166
\c@framenumber=\count136
)
(/home/anton/texmf/tex/latex/beamer/beamerbaseverbatim.sty
Package: beamerbaseverbatim 2015/01/05  (rcs-revision 431510bb5890)
\beamer@verbatimfileout=\write4
)
(/home/anton/texmf/tex/latex/beamer/beamerbaseframesize.sty
Package: beamerbaseframesize 2011/09/12  (rcs-revision 70f9d8411e54)
\beamer@splitbox=\box43
\beamer@autobreakcount=\count137
\beamer@autobreaklastheight=\dimen167
\beamer@frametitletoks=\toks25
\beamer@framesubtitletoks=\toks26
)
(/home/anton/texmf/tex/latex/beamer/beamerbaseframecomponents.sty
Package: beamerbaseframecomponents 2013/10/18  (rcs-revision 5cf6c5555a45)
\beamer@footins=\box44
)
(/home/anton/texmf/tex/latex/beamer/beamerbasecolor.sty
Package: beamerbasecolor 2015/02/21  (rcs-revision d944b04ee2d5)
)
(/home/anton/texmf/tex/latex/beamer/beamerbasenotes.sty
Package: beamerbasenotes 2012/12/19  (rcs-revision 1686da3db3c9)
\beamer@frameboxcopy=\box45
)
(/home/anton/texmf/tex/latex/beamer/beamerbasetoc.sty
Package: beamerbasetoc 2015/03/08  (rcs-revision 7270298bbaae)
)
(/home/anton/texmf/tex/latex/beamer/beamerbasetemplates.sty
Package: beamerbasetemplates 2010/05/01  (rcs-revision efa082c6111d)
\beamer@sbttoks=\toks27

(/home/anton/texmf/tex/latex/beamer/beamerbaseauxtemplates.sty
Package: beamerbaseauxtemplates 2014/06/30  (rcs-revision 580088513a67)

(/home/anton/texmf/tex/latex/beamer/beamerbaseboxes.sty
Package: beamerbaseboxes 2012/05/13  (rcs-revision 56972908a390)
\bmb@box=\box46
\bmb@colorbox=\box47
\bmb@boxshadow=\box48
\bmb@boxshadowball=\box49
\bmb@boxshadowballlarge=\box50
\bmb@temp=\dimen168
\bmb@dima=\dimen169
\bmb@dimb=\dimen170
\bmb@prevheight=\dimen171
)
\beamer@blockheadheight=\dimen172
))
(/home/anton/texmf/tex/latex/beamer/beamerbaselocalstructure.sty
Package: beamerbaselocalstructure 2014/09/10  (rcs-revision 393f6dcff371)

(/usr/share/texlive/texmf-dist/tex/latex/tools/enumerate.sty
Package: enumerate 1999/03/05 v3.00 enumerate extensions (DPC)
\@enLab=\toks28
)
\c@figure=\count138
\c@table=\count139
\abovecaptionskip=\skip49
\belowcaptionskip=\skip50
)
(/home/anton/texmf/tex/latex/beamer/beamerbasenavigation.sty
Package: beamerbasenavigation 2015/02/27  (rcs-revision 923f4bf87efa)
\beamer@section@min@dim=\dimen173
)
(/home/anton/texmf/tex/latex/beamer/beamerbasetheorems.sty
Package: beamerbasetheorems 2010/06/06  (rcs-revision 7e7cc5e53e9d)

(/usr/share/texlive/texmf-dist/tex/latex/amsmath/amsmath.sty
Package: amsmath 2013/01/14 v2.14 AMS math features
\@mathmargin=\skip51

For additional information on amsmath, use the `?' option.
(/usr/share/texlive/texmf-dist/tex/latex/amsmath/amstext.sty
Package: amstext 2000/06/29 v2.01

(/usr/share/texlive/texmf-dist/tex/latex/amsmath/amsgen.sty
File: amsgen.sty 1999/11/30 v2.0
\@emptytoks=\toks29
\ex@=\dimen174
))
(/usr/share/texlive/texmf-dist/tex/latex/amsmath/amsbsy.sty
Package: amsbsy 1999/11/29 v1.2d
\pmbraise@=\dimen175
)
(/usr/share/texlive/texmf-dist/tex/latex/amsmath/amsopn.sty
Package: amsopn 1999/12/14 v2.01 operator names
)
\inf@bad=\count140
LaTeX Info: Redefining \frac on input line 210.
\uproot@=\count141
\leftroot@=\count142
LaTeX Info: Redefining \overline on input line 306.
\classnum@=\count143
\DOTSCASE@=\count144
LaTeX Info: Redefining \ldots on input line 378.
LaTeX Info: Redefining \dots on input line 381.
LaTeX Info: Redefining \cdots on input line 466.
\Mathstrutbox@=\box51
\strutbox@=\box52
\big@size=\dimen176
LaTeX Font Info:    Redeclaring font encoding OML on input line 566.
LaTeX Font Info:    Redeclaring font encoding OMS on input line 567.
\macc@depth=\count145
\c@MaxMatrixCols=\count146
\dotsspace@=\muskip11
\c@parentequation=\count147
\dspbrk@lvl=\count148
\tag@help=\toks30
\row@=\count149
\column@=\count150
\maxfields@=\count151
\andhelp@=\toks31
\eqnshift@=\dimen177
\alignsep@=\dimen178
\tagshift@=\dimen179
\tagwidth@=\dimen180
\totwidth@=\dimen181
\lineht@=\dimen182
\@envbody=\toks32
\multlinegap=\skip52
\multlinetaggap=\skip53
\mathdisplay@stack=\toks33
LaTeX Info: Redefining \[ on input line 2665.
LaTeX Info: Redefining \] on input line 2666.
)
(/usr/share/texlive/texmf-dist/tex/latex/amscls/amsthm.sty
Package: amsthm 2004/08/06 v2.20
\thm@style=\toks34
\thm@bodyfont=\toks35
\thm@headfont=\toks36
\thm@notefont=\toks37
\thm@headpunct=\toks38
\thm@preskip=\skip54
\thm@postskip=\skip55
\thm@headsep=\skip56
\dth@everypar=\toks39
)
\c@theorem=\count152
)
(/home/anton/texmf/tex/latex/beamer/beamerbasethemes.sty
Package: beamerbasethemes 2010/05/01  (rcs-revision efa082c6111d)
))
(/home/anton/texmf/tex/latex/beamer/themes/theme/beamerthemedefault.sty
Package: beamerthemedefault 2010/06/17  (rcs-revision d02a7cf4d8ae)

(/home/anton/texmf/tex/latex/beamer/themes/font/beamerfontthemedefault.sty
Package: beamerfontthemedefault 2012/12/19  (rcs-revision 1686da3db3c9)
)
(/home/anton/texmf/tex/latex/beamer/themes/color/beamercolorthemedefault.sty
Package: beamercolorthemedefault 2012/12/19  (rcs-revision 1686da3db3c9)
)
(/home/anton/texmf/tex/latex/beamer/themes/inner/beamerinnerthemedefault.sty
Package: beamerinnerthemedefault 2014/06/30  (rcs-revision 580088513a67)
\beamer@dima=\dimen183
\beamer@dimb=\dimen184
)
(/home/anton/texmf/tex/latex/beamer/themes/outer/beamerouterthemedefault.sty
Package: beamerouterthemedefault 2012/12/19  (rcs-revision 1686da3db3c9)
))) (./preamble.tex
(/home/anton/texmf/tex/latex/beamer/themes/theme/beamerthemeGoettingen.sty
Package: beamerthemeGoettingen 2010/06/17  (rcs-revision d02a7cf4d8ae)

(/home/anton/texmf/tex/latex/beamer/themes/outer/beamerouterthemesidebar.sty
Package: beamerouterthemesidebar 2010/06/17  (rcs-revision d02a7cf4d8ae)
\beamer@sidebarwidth=\dimen185
\beamer@headheight=\dimen186
))
(/home/anton/texmf/tex/latex/beamer/themes/color/beamercolorthemebeaver.sty
Package: beamercolorthemebeaver 2010/06/17  (rcs-revision d02a7cf4d8ae)
)
(/usr/share/texlive/texmf-dist/tex/latex/booktabs/booktabs.sty
Package: booktabs 2005/04/14 v1.61803 publication quality tables
\heavyrulewidth=\dimen187
\lightrulewidth=\dimen188
\cmidrulewidth=\dimen189
\belowrulesep=\dimen190
\belowbottomsep=\dimen191
\aboverulesep=\dimen192
\abovetopsep=\dimen193
\cmidrulesep=\dimen194
\cmidrulekern=\dimen195
\defaultaddspace=\dimen196
\@cmidla=\count153
\@cmidlb=\count154
\@aboverulesep=\dimen197
\@belowrulesep=\dimen198
\@thisruleclass=\count155
\@lastruleclass=\count156
\@thisrulewidth=\dimen199
)
(/home/anton/texmf/tex/latex/adjustbox/adjustbox.sty
Package: adjustbox 2012/05/21 v1.0 Adjusting TeX boxes (trim, clip, ...)

(/usr/share/texlive/texmf-dist/tex/latex/xkeyval/xkeyval.sty
Package: xkeyval 2012/10/14 v2.6b package option processing (HA)

(/usr/share/texlive/texmf-dist/tex/generic/xkeyval/xkeyval.tex
\XKV@toks=\toks40
\XKV@tempa@toks=\toks41
\XKV@depth=\count157
File: xkeyval.tex 2012/10/14 v2.6b key=value parser (HA)
))
(/home/anton/texmf/tex/latex/adjustbox/adjcalc.sty
Package: adjcalc 2012/05/16 v1.1 Provides advanced setlength with multiple back
-ends (calc, etex, pgfmath)
)
(/home/anton/texmf/tex/latex/adjustbox/trimclip.sty
Package: trimclip 2012/05/16 v1.0 Trim and clip general TeX material

(/usr/share/texlive/texmf-dist/tex/latex/collectbox/collectbox.sty
Package: collectbox 2012/05/17 v0.4b Collect macro arguments as boxes
\collectedbox=\box53
)
\tc@llx=\dimen200
\tc@lly=\dimen201
\tc@urx=\dimen202
\tc@ury=\dimen203
Package trimclip Info: Using driver 'tc-pdftex.def'.

(/home/anton/texmf/tex/latex/adjustbox/tc-pdftex.def
File: tc-pdftex.def 2012/05/13 v1.0 Clipping driver for pdftex
))
\adjbox@Width=\dimen204
\adjbox@Height=\dimen205
\adjbox@Depth=\dimen206
\adjbox@Totalheight=\dimen207

(/usr/share/texlive/texmf-dist/tex/latex/ifoddpage/ifoddpage.sty
Package: ifoddpage 2011/09/13 v1.0 Conditionals for odd/even page detection
\c@checkoddpage=\count158
)
(/usr/share/texlive/texmf-dist/tex/latex/varwidth/varwidth.sty
Package: varwidth 2009/03/30 ver 0.92;  Variable-width minipages
\@vwid@box=\box54
\sift@deathcycles=\count159
\@vwid@loff=\dimen208
\@vwid@roff=\dimen209
))
(/usr/share/texlive/texmf-dist/tex/latex/subfig/subfig.sty
Package: subfig 2005/06/28 ver: 1.3 subfig package

(/usr/share/texlive/texmf-dist/tex/latex/caption/caption.sty
Package: caption 2013/05/02 v3.3-89 Customizing captions (AR)

(/usr/share/texlive/texmf-dist/tex/latex/caption/caption3.sty
Package: caption3 2013/05/02 v1.6-88 caption3 kernel (AR)
Package caption3 Info: TeX engine: e-TeX on input line 57.
\captionmargin=\dimen210
\captionmargin@=\dimen211
\captionwidth=\dimen212
\caption@tempdima=\dimen213
\caption@indent=\dimen214
\caption@parindent=\dimen215
\caption@hangindent=\dimen216
)
\c@ContinuedFloat=\count160
Package caption Info: beamer document class.
Package caption Info: hyperref package is loaded.
Package caption Info: Hyperref support is turned off
(caption)             because hyperref has stopped early.
)
\c@KVtest=\count161
\sf@farskip=\skip57
\sf@captopadj=\dimen217
\sf@capskip=\skip58
\sf@nearskip=\skip59
\c@subfigure=\count162
\c@subfigure@save=\count163
\c@depth=\count164
\c@subtable=\count165
\c@subtable@save=\count166
\sf@top=\skip60
\sf@bottom=\skip61
)
\sympureletters=\mathgroup6
LaTeX Font Info:    Overwriting symbol font `pureletters' in version `bold'
(Font)                  OT1/mathkerncmss/m/sl --> OT1/mathkerncmss/bx/sl on inp
ut line 15.

(/usr/share/texlive/texmf-dist/tex/latex/tools/bm.sty
Package: bm 2004/02/26 v1.1c Bold Symbol Support (DPC/FMi)
\symboldoperators=\mathgroup7
\symboldletters=\mathgroup8
\symboldsymbols=\mathgroup9
\symboldpureletters=\mathgroup10
LaTeX Font Info:    Redeclaring math alphabet \mathbf on input line 138.
LaTeX Info: Redefining \bm on input line 204.
)
(/usr/share/texlive/texmf-dist/tex/latex/doublestroke/dsfont.sty
Package: dsfont 1995/08/01 v0.1 Double stroke roman fonts
)
(/usr/share/texlive/texmf-dist/tex/latex/multirow/multirow.sty
\bigstrutjot=\dimen218
))
(build/presentation.aux)
\openout1 = `presentation.aux'.

LaTeX Font Info:    Checking defaults for OML/cmm/m/it on input line 3.
LaTeX Font Info:    ... okay on input line 3.
LaTeX Font Info:    Checking defaults for T1/cmr/m/n on input line 3.
LaTeX Font Info:    ... okay on input line 3.
LaTeX Font Info:    Checking defaults for OT1/cmr/m/n on input line 3.
LaTeX Font Info:    ... okay on input line 3.
LaTeX Font Info:    Checking defaults for OMS/cmsy/m/n on input line 3.
LaTeX Font Info:    ... okay on input line 3.
LaTeX Font Info:    Checking defaults for OMX/cmex/m/n on input line 3.
LaTeX Font Info:    ... okay on input line 3.
LaTeX Font Info:    Checking defaults for U/cmr/m/n on input line 3.
LaTeX Font Info:    ... okay on input line 3.
LaTeX Font Info:    Checking defaults for PD1/pdf/m/n on input line 3.
LaTeX Font Info:    ... okay on input line 3.

*geometry* driver: auto-detecting
*geometry* detected driver: pdftex
*geometry* verbose mode - [ preamble ] result:
* driver: pdftex
* paper: custom
* layout: <same size as paper>
* layoutoffset:(h,v)=(0.0pt,0.0pt)
* modes: includehead includefoot 
* h-part:(L,W,R)=(14.22636pt, 278.83713pt, 71.13187pt)
* v-part:(T,H,B)=(0.0pt, 273.14662pt, 0.0pt)
* \paperwidth=364.19536pt
* \paperheight=273.14662pt
* \textwidth=278.83713pt
* \textheight=244.6939pt
* \oddsidemargin=-58.04362pt
* \evensidemargin=-58.04362pt
* \topmargin=-72.26999pt
* \headheight=14.22636pt
* \headsep=0.0pt
* \topskip=11.0pt
* \footskip=14.22636pt
* \marginparwidth=4.0pt
* \marginparsep=10.0pt
* \columnsep=10.0pt
* \skip\footins=10.0pt plus 4.0pt minus 2.0pt
* \hoffset=0.0pt
* \voffset=0.0pt
* \mag=1000
* \@twocolumnfalse
* \@twosidefalse
* \@mparswitchfalse
* \@reversemarginfalse
* (1in=72.27pt=25.4mm, 1cm=28.453pt)

(/usr/share/texlive/texmf-dist/tex/context/base/supp-pdf.mkii
[Loading MPS to PDF converter (version 2006.09.02).]
\scratchcounter=\count167
\scratchdimen=\dimen219
\scratchbox=\box55
\nofMPsegments=\count168
\nofMParguments=\count169
\everyMPshowfont=\toks42
\MPscratchCnt=\count170
\MPscratchDim=\dimen220
\MPnumerator=\count171
\makeMPintoPDFobject=\count172
\everyMPtoPDFconversion=\toks43
) (/usr/share/texlive/texmf-dist/tex/latex/oberdiek/epstopdf-base.sty
Package: epstopdf-base 2010/02/09 v2.5 Base part for package epstopdf

(/usr/share/texlive/texmf-dist/tex/latex/oberdiek/grfext.sty
Package: grfext 2010/08/19 v1.1 Manage graphics extensions (HO)
)
Package grfext Info: Graphics extension search list:
(grfext)             [.png,.pdf,.jpg,.mps,.jpeg,.jbig2,.jb2,.PNG,.PDF,.JPG,.JPE
G,.JBIG2,.JB2,.eps]
(grfext)             \AppendGraphicsExtensions on input line 452.

(/usr/share/texlive/texmf-dist/tex/latex/latexconfig/epstopdf-sys.cfg
File: epstopdf-sys.cfg 2010/07/13 v1.3 Configuration of (r)epstopdf for TeX Liv
e
))
ABD: EveryShipout initializing macros
\AtBeginShipoutBox=\box56
Package hyperref Info: Link coloring OFF on input line 3.

(/usr/share/texlive/texmf-dist/tex/latex/hyperref/nameref.sty
Package: nameref 2012/10/27 v2.43 Cross-referencing by name of section

(/usr/share/texlive/texmf-dist/tex/generic/oberdiek/gettitlestring.sty
Package: gettitlestring 2010/12/03 v1.4 Cleanup title references (HO)
)
\c@section@level=\count173
)
LaTeX Info: Redefining \ref on input line 3.
LaTeX Info: Redefining \pageref on input line 3.
LaTeX Info: Redefining \nameref on input line 3.

(build/presentation.out) (build/presentation.out)
\@outlinefile=\write5
\openout5 = `presentation.out'.

LaTeX Font Info:    Overwriting symbol font `operators' in version `normal'
(Font)                  OT1/cmr/m/n --> OT1/cmss/m/n on input line 3.
LaTeX Font Info:    Overwriting symbol font `operators' in version `bold'
(Font)                  OT1/cmr/bx/n --> OT1/cmss/bx/n on input line 3.
\symnumbers=\mathgroup11
LaTeX Font Info:    Redeclaring symbol font `pureletters' on input line 3.
LaTeX Font Info:    Overwriting symbol font `pureletters' in version `normal'
(Font)                  OT1/mathkerncmss/m/sl --> OT1/cmss/m/it on input line 3
.
LaTeX Font Info:    Overwriting symbol font `pureletters' in version `bold'
(Font)                  OT1/mathkerncmss/bx/sl --> OT1/cmss/m/it on input line 
3.
LaTeX Font Info:    Overwriting math alphabet `\mathrm' in version `normal'
(Font)                  OT1/cmss/m/n --> OT1/cmr/m/n on input line 3.
LaTeX Font Info:    Redeclaring math alphabet \mathbf on input line 3.
LaTeX Font Info:    Redeclaring math alphabet \mathsf on input line 3.
LaTeX Font Info:    Overwriting math alphabet `\mathsf' in version `normal'
(Font)                  OT1/cmss/m/n --> OT1/cmss/m/n on input line 3.
LaTeX Font Info:    Overwriting math alphabet `\mathsf' in version `bold'
(Font)                  OT1/cmss/bx/n --> OT1/cmss/m/n on input line 3.
LaTeX Font Info:    Redeclaring math alphabet \mathit on input line 3.
LaTeX Font Info:    Overwriting math alphabet `\mathit' in version `normal'
(Font)                  OT1/cmr/m/it --> OT1/cmss/m/it on input line 3.
LaTeX Font Info:    Overwriting math alphabet `\mathit' in version `bold'
(Font)                  OT1/cmr/bx/it --> OT1/cmss/m/it on input line 3.
LaTeX Font Info:    Redeclaring math alphabet \mathtt on input line 3.
LaTeX Font Info:    Overwriting math alphabet `\mathtt' in version `normal'
(Font)                  OT1/cmtt/m/n --> OT1/cmtt/m/n on input line 3.
LaTeX Font Info:    Overwriting math alphabet `\mathtt' in version `bold'
(Font)                  OT1/cmtt/m/n --> OT1/cmtt/m/n on input line 3.
LaTeX Font Info:    Overwriting symbol font `numbers' in version `bold'
(Font)                  OT1/cmss/m/n --> OT1/cmss/bx/n on input line 3.
LaTeX Font Info:    Overwriting symbol font `pureletters' in version `bold'
(Font)                  OT1/cmss/m/it --> OT1/cmss/bx/it on input line 3.
LaTeX Font Info:    Overwriting math alphabet `\mathrm' in version `bold'
(Font)                  OT1/cmss/bx/n --> OT1/cmr/bx/n on input line 3.
LaTeX Font Info:    Overwriting math alphabet `\mathbf' in version `bold'
(Font)                  OT1/cmss/bx/n --> OT1/cmss/bx/n on input line 3.
LaTeX Font Info:    Overwriting math alphabet `\mathsf' in version `bold'
(Font)                  OT1/cmss/m/n --> OT1/cmss/bx/n on input line 3.
LaTeX Font Info:    Overwriting math alphabet `\mathit' in version `bold'
(Font)                  OT1/cmss/m/it --> OT1/cmss/bx/it on input line 3.
LaTeX Font Info:    Overwriting math alphabet `\mathtt' in version `bold'
(Font)                  OT1/cmtt/m/n --> OT1/cmtt/bx/n on input line 3.
LaTeX Font Info:    Redeclaring symbol font `pureletters' on input line 3.
LaTeX Font Info:    Overwriting symbol font `pureletters' in version `normal'
(Font)                  OT1/cmss/m/it --> OT1/mathkerncmss/m/sl on input line 3
.
LaTeX Font Info:    Overwriting symbol font `pureletters' in version `bold'
(Font)                  OT1/cmss/bx/it --> OT1/mathkerncmss/m/sl on input line 
3.
LaTeX Font Info:    Overwriting symbol font `pureletters' in version `bold'
(Font)                  OT1/mathkerncmss/m/sl --> OT1/mathkerncmss/bx/sl on inp
ut line 3.

(/home/anton/texmf/tex/latex/beamer/translator/dicts/translator-basic-dictionar
y/translator-basic-dictionary-English.dict
Dictionary: translator-basic-dictionary, Language: English 
)
(/home/anton/texmf/tex/latex/beamer/translator/dicts/translator-bibliography-di
ctionary/translator-bibliography-dictionary-English.dict
Dictionary: translator-bibliography-dictionary, Language: English 
)
(/home/anton/texmf/tex/latex/beamer/translator/dicts/translator-environment-dic
tionary/translator-environment-dictionary-English.dict
Dictionary: translator-environment-dictionary, Language: English 
)
(/home/anton/texmf/tex/latex/beamer/translator/dicts/translator-months-dictiona
ry/translator-months-dictionary-English.dict
Dictionary: translator-months-dictionary, Language: English 
)
(/home/anton/texmf/tex/latex/beamer/translator/dicts/translator-numbers-diction
ary/translator-numbers-dictionary-English.dict
Dictionary: translator-numbers-dictionary, Language: English 
)
(/home/anton/texmf/tex/latex/beamer/translator/dicts/translator-theorem-diction
ary/translator-theorem-dictionary-English.dict
Dictionary: translator-theorem-dictionary, Language: English 
)
LaTeX Info: Redefining \includegraphics on input line 3.
Package caption Info: Begin \AtBeginDocument code.
Package caption Info: subfig package v1.3 is loaded.
Package caption Info: Incompatible package detected (regarding \caption).
(caption)             \caption = macro:->\ifx \@captype \@undefined \@latex@err
or {\noexpand \caption outside figure or table}\@ehd \expandafter \@gobble \els
e \refstepcounter \@captype \expandafter \@firstofone \fi {\@dblarg {\@caption 
\@captype }}.


Package caption Warning: \caption will not be redefined since it's already
(caption)                redefined by a document class or package which is
(caption)                unknown to the caption package.
See the caption package documentation for explanation.

Package caption Info: End \AtBeginDocument code.
(build/presentation.nav)

LaTeX Font Warning: Font shape `OT1/cmss/m/n' in size <4> not available
(Font)              size <5> substituted on input line 4.

[1{/home/anton/.texmf-var/fonts/map/pdftex/updmap/pdftex.map}

]
(build/presentation.toc) [2

] (build/presentation.toc) [3

]
(./frames/frame-1-background.tex) (build/presentation.toc) [4

]
(./frames/frame-2-EDA.tex
LaTeX Font Info:    Try loading font information for U+msa on input line 7.

(/usr/share/texlive/texmf-dist/tex/latex/amsfonts/umsa.fd
File: umsa.fd 2013/01/14 v3.01 AMS symbols A
)
LaTeX Font Info:    Try loading font information for U+msb on input line 7.

(/usr/share/texlive/texmf-dist/tex/latex/amsfonts/umsb.fd
File: umsb.fd 2013/01/14 v3.01 AMS symbols B
)
LaTeX Font Info:    Try loading font information for OT1+mathkerncmss on input 
line 7.

(/usr/share/texlive/texmf-dist/tex/latex/sansmathaccent/ot1mathkerncmss.fd
File: ot1mathkerncmss.fd 2013/03/27 Fontinst v1.933 font definitions for OT1/ma
thkerncmss.
)
[5

] [6

] <frames/figs/LOB4.pdf, id=152, 387.27084pt x 294.79936pt>
File: frames/figs/LOB4.pdf Graphic file (type pdf)

<use frames/figs/LOB4.pdf>
Package pdftex.def Info: frames/figs/LOB4.pdf used on input line 13.
(pdftex.def)             Requested size: 387.26988pt x 294.79865pt.
 [7

 <./frames/figs/LOB4.pdf>]
<frames/figs/LOB4-formula.pdf, id=188, 387.27084pt x 294.79936pt>
File: frames/figs/LOB4-formula.pdf Graphic file (type pdf)

<use frames/figs/LOB4-formula.pdf>
Package pdftex.def Info: frames/figs/LOB4-formula.pdf used on input line 13.
(pdftex.def)             Requested size: 387.26988pt x 294.79865pt.
 [8

 <./frames/figs/LOB4-formula.pdf>]
<frames/figs/imbalance1.pdf, id=225, 276.84428pt x 209.04097pt>
File: frames/figs/imbalance1.pdf Graphic file (type pdf)

<use frames/figs/imbalance1.pdf>
Package pdftex.def Info: frames/figs/imbalance1.pdf used on input line 42.
(pdftex.def)             Requested size: 276.8436pt x 209.04044pt.

Overfull \vbox (11.6324pt too high) detected at line 42
 []

[9

 <./frames/figs/imbalance1.pdf>]
<frames/figs/imbalance2.pdf, id=259, 276.84428pt x 209.04097pt>
File: frames/figs/imbalance2.pdf Graphic file (type pdf)

<use frames/figs/imbalance2.pdf>
Package pdftex.def Info: frames/figs/imbalance2.pdf used on input line 42.
(pdftex.def)             Requested size: 276.8436pt x 209.04044pt.

Overfull \vbox (12.24072pt too high) detected at line 42
 []

[10

 <./frames/figs/imbalance2.pdf>]
<frames/figs/imbalance3.pdf, id=293, 276.84428pt x 209.04097pt>
File: frames/figs/imbalance3.pdf Graphic file (type pdf)

<use frames/figs/imbalance3.pdf>
Package pdftex.def Info: frames/figs/imbalance3.pdf used on input line 42.
(pdftex.def)             Requested size: 276.8436pt x 209.04044pt.

Overfull \vbox (25.2324pt too high) detected at line 42
 []

[11

 <./frames/figs/imbalance3.pdf>]
Overfull \vbox (5.36269pt too high) detected at line 42
 []

[12

] <frames/figs/timewindows.pdf, id=331, 318.01007pt x 93.62779pt>
File: frames/figs/timewindows.pdf Graphic file (type pdf)

<use frames/figs/timewindows.pdf>
Package pdftex.def Info: frames/figs/timewindows.pdf used on input line 54.
(pdftex.def)             Requested size: 318.00928pt x 93.62755pt.
 [13

 <./frames/figs/timewindows.pdf>] [14

]
[15

]
Overfull \vbox (1.20908pt too high) detected at line 104
 []

[16

] [17

] [18

]
<frames/figs/FARO_naive_strat_comp.pdf, id=442, 224.2789pt x 220.11435pt>
File: frames/figs/FARO_naive_strat_comp.pdf Graphic file (type pdf)

<use frames/figs/FARO_naive_strat_comp.pdf>
Package pdftex.def Info: frames/figs/FARO_naive_strat_comp.pdf used on input li
ne 150.
(pdftex.def)             Requested size: 97.59474pt x 83.65103pt.

<frames/figs/NTAP_naive_strat_comp.pdf, id=443, 224.2789pt x 220.10832pt>
File: frames/figs/NTAP_naive_strat_comp.pdf Graphic file (type pdf)

<use frames/figs/NTAP_naive_strat_comp.pdf>
Package pdftex.def Info: frames/figs/NTAP_naive_strat_comp.pdf used on input li
ne 150.
(pdftex.def)             Requested size: 97.59474pt x 83.6521pt.

<frames/figs/ORCL_naive_strat_comp.pdf, id=444, 224.2789pt x 220.10832pt>
File: frames/figs/ORCL_naive_strat_comp.pdf Graphic file (type pdf)

<use frames/figs/ORCL_naive_strat_comp.pdf>
Package pdftex.def Info: frames/figs/ORCL_naive_strat_comp.pdf used on input li
ne 150.
(pdftex.def)             Requested size: 97.59474pt x 83.6521pt.

<frames/figs/INTC_naive_strat_comp.pdf, id=445, 224.2789pt x 220.10832pt>
File: frames/figs/INTC_naive_strat_comp.pdf Graphic file (type pdf)

<use frames/figs/INTC_naive_strat_comp.pdf>
Package pdftex.def Info: frames/figs/INTC_naive_strat_comp.pdf used on input li
ne 150.
(pdftex.def)             Requested size: 97.59474pt x 83.6521pt.

<frames/figs/naivestratlegend.pdf, id=446, 221.16426pt x 18.36261pt>
File: frames/figs/naivestratlegend.pdf Graphic file (type pdf)

<use frames/figs/naivestratlegend.pdf>
Package pdftex.def Info: frames/figs/naivestratlegend.pdf used on input line 15
0.
(pdftex.def)             Requested size: 221.16371pt x 18.36255pt.

Overfull \vbox (61.31871pt too high) detected at line 150
 []

[19

 <./frames/figs/FARO_naive_strat_comp.pdf> <./frames/figs/NTAP_naive_strat_comp
.pdf> <./frames/figs/ORCL_naive_strat_comp.pdf> <./frames/figs/INTC_naive_strat
_comp.pdf> <./frames/figs/naivestratlegend.pdf>] [20

] [21

])
(build/presentation.toc) [22

] (./frames/frame-3-ctsstoch.tex [23

] [24

] [25

]
[26

] [27

] [28

] [29

] [30

]
Overfull \hbox (8.54462pt too wide) detected at line 135
[] []
 []

[31

] [32

] [33

] [34

] [35

]
Overfull \hbox (21.43782pt too wide) detected at line 163
[] []
 []

[36

]
Overfull \hbox (27.03703pt too wide) detected at line 180
[] []
 []

[37

] [38

]
LaTeX Font Info:    Try loading font information for U+dsrom on input line 208.

 (/usr/share/texlive/texmf-dist/tex/latex/doublestroke/Udsrom.fd
File: Udsrom.fd 1995/08/01 v0.1 Double stroke roman font definitions
)
Overfull \hbox (34.60388pt too wide) detected at line 208
[] []
 []

[39

]
Overfull \hbox (48.08235pt too wide) in paragraph at lines 223--223
[]  
 []


Overfull \hbox (4.72543pt too wide) detected at line 223
[][] \OT1/cmss/m/n/10.95 = [] []
 []

[40

]
Overfull \hbox (48.08235pt too wide) in paragraph at lines 223--223
[]  
 []


Overfull \hbox (4.72543pt too wide) detected at line 223
[][] \OT1/cmss/m/n/10.95 = [] []
 []

[41

]
Overfull \hbox (48.08235pt too wide) in paragraph at lines 223--223
[]  
 []


Overfull \hbox (4.72543pt too wide) detected at line 223
[][] \OT1/cmss/m/n/10.95 = [] []
 []

[42

]
Overfull \hbox (48.08235pt too wide) in paragraph at lines 223--223
[]  
 []


Overfull \hbox (4.72543pt too wide) detected at line 223
[][] \OT1/cmss/m/n/10.95 = [] []
 []

[43

]
Overfull \hbox (48.08235pt too wide) in paragraph at lines 223--223
[]  
 []


Overfull \hbox (4.72543pt too wide) detected at line 223
[][] \OT1/cmss/m/n/10.95 = [] []
 []

[44

]
Overfull \hbox (72.96645pt too wide) detected at line 237
[] []
 []

[45

] [46

] [47

] [48

]) (build/presentation.toc) [49

]
(./frames/frame-4-dscrstoch.tex [50

] [51

] [52

] [53

] [54

]
Overfull \hbox (6.61282pt too wide) detected at line 137
[] []
 []


Overfull \hbox (0.185pt too wide) in paragraph at lines 137--137
[]  
 []

[55

]
Overfull \hbox (18.53236pt too wide) detected at line 162
[] []
 []

[56

]
Overfull \hbox (123.99257pt too wide) detected at line 181
[] []
 []


Overfull \hbox (123.99257pt too wide) detected at line 181
[] []
 []

[57

]
Overfull \hbox (108.61563pt too wide) detected at line 198
[] []
 []


Overfull \hbox (8.87877pt too wide) detected at line 198
\OMS/cmsy/m/n/10.95 @\OT1/cmss/m/n/10.95 (\OT1/mathkerncmss/m/sl/10.95 q\OT1/cm
ss/m/n/10.95 ) = [] \OT1/mathkerncmss/bx/sl/10.95 P[] []
 []

[58

]
Overfull \hbox (155.1026pt too wide) detected at line 215
[] []
 []

[59

] [60

]) (build/presentation.toc) [61

] (./frames/frame-5-results.tex [62

]
[63

] [64

]
<frames/figs/timewindows-nfpc.pdf, id=1131, 316.12103pt x 88.58595pt>
File: frames/figs/timewindows-nfpc.pdf Graphic file (type pdf)

<use frames/figs/timewindows-nfpc.pdf>
Package pdftex.def Info: frames/figs/timewindows-nfpc.pdf used on input line 79
.
(pdftex.def)             Requested size: 316.12025pt x 88.58572pt.

<frames/figs/timewindows-reg.pdf, id=1132, 323.51666pt x 100.90398pt>
File: frames/figs/timewindows-reg.pdf Graphic file (type pdf)

<use frames/figs/timewindows-reg.pdf>
Package pdftex.def Info: frames/figs/timewindows-reg.pdf used on input line 79.

(pdftex.def)             Requested size: 323.51587pt x 100.90372pt.
 [65

 <./frames/figs/timewindows-nfpc.pdf> <./frames/figs/timewindows-reg.pdf>]
<frames/figs/dp_cts_z1.pdf, id=1193, 229.64095pt x 205.66435pt>
File: frames/figs/dp_cts_z1.pdf Graphic file (type pdf)

<use frames/figs/dp_cts_z1.pdf>
Package pdftex.def Info: frames/figs/dp_cts_z1.pdf used on input line 134.
(pdftex.def)             Requested size: 229.64037pt x 205.66385pt.

<frames/figs/dp_cts_nFPC_z1.pdf, id=1194, 229.64095pt x 205.66435pt>
File: frames/figs/dp_cts_nFPC_z1.pdf Graphic file (type pdf)

<use frames/figs/dp_cts_nFPC_z1.pdf>
Package pdftex.def Info: frames/figs/dp_cts_nFPC_z1.pdf used on input line 134.

(pdftex.def)             Requested size: 229.64037pt x 205.66385pt.

<frames/figs/dp_dscr_z1.pdf, id=1195, 229.64095pt x 205.66435pt>
File: frames/figs/dp_dscr_z1.pdf Graphic file (type pdf)

<use frames/figs/dp_dscr_z1.pdf>
Package pdftex.def Info: frames/figs/dp_dscr_z1.pdf used on input line 134.
(pdftex.def)             Requested size: 229.64037pt x 205.66385pt.

<frames/figs/dp_dscr_nFPC_z1.pdf, id=1196, 229.64095pt x 205.66435pt>
File: frames/figs/dp_dscr_nFPC_z1.pdf Graphic file (type pdf)

<use frames/figs/dp_dscr_nFPC_z1.pdf>
Package pdftex.def Info: frames/figs/dp_dscr_nFPC_z1.pdf used on input line 134
.
(pdftex.def)             Requested size: 229.64037pt x 205.66385pt.

<frames/figs/dm_cts_z15.pdf, id=1197, 229.64095pt x 205.66435pt>
File: frames/figs/dm_cts_z15.pdf Graphic file (type pdf)

<use frames/figs/dm_cts_z15.pdf>
Package pdftex.def Info: frames/figs/dm_cts_z15.pdf used on input line 134.
(pdftex.def)             Requested size: 229.64037pt x 205.66385pt.

<frames/figs/dm_cts_nFPC_z15.pdf, id=1198, 229.64095pt x 205.66435pt>
File: frames/figs/dm_cts_nFPC_z15.pdf Graphic file (type pdf)

<use frames/figs/dm_cts_nFPC_z15.pdf>
Package pdftex.def Info: frames/figs/dm_cts_nFPC_z15.pdf used on input line 134
.
(pdftex.def)             Requested size: 229.64037pt x 205.66385pt.

<frames/figs/dm_dscr_z15.pdf, id=1199, 229.64095pt x 205.66435pt>
File: frames/figs/dm_dscr_z15.pdf Graphic file (type pdf)

<use frames/figs/dm_dscr_z15.pdf>
Package pdftex.def Info: frames/figs/dm_dscr_z15.pdf used on input line 134.
(pdftex.def)             Requested size: 229.64037pt x 205.66385pt.

<frames/figs/dm_dscr_nFPC_z15.pdf, id=1200, 229.64095pt x 205.66435pt>
File: frames/figs/dm_dscr_nFPC_z15.pdf Graphic file (type pdf)

<use frames/figs/dm_dscr_nFPC_z15.pdf>
Package pdftex.def Info: frames/figs/dm_dscr_nFPC_z15.pdf used on input line 13
4.
(pdftex.def)             Requested size: 229.64037pt x 205.66385pt.

<frames/figs/altdeltalegend.pdf, id=1201, 427.18697pt x 57.2529pt>
File: frames/figs/altdeltalegend.pdf Graphic file (type pdf)

<use frames/figs/altdeltalegend.pdf>
Package pdftex.def Info: frames/figs/altdeltalegend.pdf used on input line 134.

(pdftex.def)             Requested size: 427.18591pt x 57.25275pt.
 [66

 <./frames/figs/dp_cts_z1.pdf> <./frames/figs/dp_cts_nFPC_z1.pdf> <./frames/fig
s/dp_dscr_z1.pdf> <./frames/figs/dp_dscr_nFPC_z1.pdf> <./frames/figs/dm_cts_z15
.pdf> <./frames/figs/dm_cts_nFPC_z15.pdf> <./frames/figs/dm_dscr_z15.pdf> <./fr
ames/figs/dm_dscr_nFPC_z15.pdf> <./frames/figs/altdeltalegend.pdf>]
<frames/figs/dp_cts_z8.pdf, id=1287, 229.64095pt x 205.66435pt>
File: frames/figs/dp_cts_z8.pdf Graphic file (type pdf)

<use frames/figs/dp_cts_z8.pdf>
Package pdftex.def Info: frames/figs/dp_cts_z8.pdf used on input line 188.
(pdftex.def)             Requested size: 229.64037pt x 205.66385pt.

<frames/figs/dp_cts_nFPC_z8.pdf, id=1288, 229.64095pt x 205.66435pt>
File: frames/figs/dp_cts_nFPC_z8.pdf Graphic file (type pdf)

<use frames/figs/dp_cts_nFPC_z8.pdf>
Package pdftex.def Info: frames/figs/dp_cts_nFPC_z8.pdf used on input line 188.

(pdftex.def)             Requested size: 229.64037pt x 205.66385pt.

<frames/figs/dp_dscr_z8.pdf, id=1289, 229.64095pt x 205.66435pt>
File: frames/figs/dp_dscr_z8.pdf Graphic file (type pdf)

<use frames/figs/dp_dscr_z8.pdf>
Package pdftex.def Info: frames/figs/dp_dscr_z8.pdf used on input line 188.
(pdftex.def)             Requested size: 229.64037pt x 205.66385pt.

<frames/figs/dp_dscr_nFPC_z8.pdf, id=1290, 229.64095pt x 205.66435pt>
File: frames/figs/dp_dscr_nFPC_z8.pdf Graphic file (type pdf)

<use frames/figs/dp_dscr_nFPC_z8.pdf>
Package pdftex.def Info: frames/figs/dp_dscr_nFPC_z8.pdf used on input line 188
.
(pdftex.def)             Requested size: 229.64037pt x 205.66385pt.

<frames/figs/dm_cts_z8.pdf, id=1291, 229.64095pt x 205.66435pt>
File: frames/figs/dm_cts_z8.pdf Graphic file (type pdf)

<use frames/figs/dm_cts_z8.pdf>
Package pdftex.def Info: frames/figs/dm_cts_z8.pdf used on input line 188.
(pdftex.def)             Requested size: 229.64037pt x 205.66385pt.

<frames/figs/dm_cts_nFPC_z8.pdf, id=1292, 229.64095pt x 205.66435pt>
File: frames/figs/dm_cts_nFPC_z8.pdf Graphic file (type pdf)

<use frames/figs/dm_cts_nFPC_z8.pdf>
Package pdftex.def Info: frames/figs/dm_cts_nFPC_z8.pdf used on input line 188.

(pdftex.def)             Requested size: 229.64037pt x 205.66385pt.

<frames/figs/dm_dscr_z8.pdf, id=1293, 229.64095pt x 205.66435pt>
File: frames/figs/dm_dscr_z8.pdf Graphic file (type pdf)

<use frames/figs/dm_dscr_z8.pdf>
Package pdftex.def Info: frames/figs/dm_dscr_z8.pdf used on input line 188.
(pdftex.def)             Requested size: 229.64037pt x 205.66385pt.

<frames/figs/dm_dscr_nFPC_z8.pdf, id=1294, 229.64095pt x 205.66435pt>
File: frames/figs/dm_dscr_nFPC_z8.pdf Graphic file (type pdf)

<use frames/figs/dm_dscr_nFPC_z8.pdf>
Package pdftex.def Info: frames/figs/dm_dscr_nFPC_z8.pdf used on input line 188
.
(pdftex.def)             Requested size: 229.64037pt x 205.66385pt.
File: frames/figs/altdeltalegend.pdf Graphic file (type pdf)
 <use frames/figs/altdeltalegend.pdf>
Package pdftex.def Info: frames/figs/altdeltalegend.pdf used on input line 188.

(pdftex.def)             Requested size: 427.18591pt x 57.25275pt.

[67

 <./frames/figs/dp_cts_z8.pdf> <./frames/figs/dp_cts_nFPC_z8.pdf> <./frames/fig
s/dp_dscr_z8.pdf> <./frames/figs/dp_dscr_nFPC_z8.pdf> <./frames/figs/dm_cts_z8.
pdf> <./frames/figs/dm_cts_nFPC_z8.pdf> <./frames/figs/dm_dscr_z8.pdf> <./frame
s/figs/dm_dscr_nFPC_z8.pdf>]
<frames/figs/dp_cts_z15.pdf, id=1366, 229.64095pt x 205.66435pt>
File: frames/figs/dp_cts_z15.pdf Graphic file (type pdf)

<use frames/figs/dp_cts_z15.pdf>
Package pdftex.def Info: frames/figs/dp_cts_z15.pdf used on input line 242.
(pdftex.def)             Requested size: 229.64037pt x 205.66385pt.

<frames/figs/dp_cts_nFPC_z15.pdf, id=1367, 229.64095pt x 205.66435pt>
File: frames/figs/dp_cts_nFPC_z15.pdf Graphic file (type pdf)

<use frames/figs/dp_cts_nFPC_z15.pdf>
Package pdftex.def Info: frames/figs/dp_cts_nFPC_z15.pdf used on input line 242
.
(pdftex.def)             Requested size: 229.64037pt x 205.66385pt.

<frames/figs/dp_dscr_z15.pdf, id=1368, 229.64095pt x 205.66435pt>
File: frames/figs/dp_dscr_z15.pdf Graphic file (type pdf)

<use frames/figs/dp_dscr_z15.pdf>
Package pdftex.def Info: frames/figs/dp_dscr_z15.pdf used on input line 242.
(pdftex.def)             Requested size: 229.64037pt x 205.66385pt.

<frames/figs/dp_dscr_nFPC_z15.pdf, id=1369, 229.64095pt x 205.66435pt>
File: frames/figs/dp_dscr_nFPC_z15.pdf Graphic file (type pdf)

<use frames/figs/dp_dscr_nFPC_z15.pdf>
Package pdftex.def Info: frames/figs/dp_dscr_nFPC_z15.pdf used on input line 24
2.
(pdftex.def)             Requested size: 229.64037pt x 205.66385pt.

<frames/figs/dm_cts_z1.pdf, id=1370, 229.64095pt x 205.66435pt>
File: frames/figs/dm_cts_z1.pdf Graphic file (type pdf)

<use frames/figs/dm_cts_z1.pdf>
Package pdftex.def Info: frames/figs/dm_cts_z1.pdf used on input line 242.
(pdftex.def)             Requested size: 229.64037pt x 205.66385pt.

<frames/figs/dm_cts_nFPC_z1.pdf, id=1371, 229.64095pt x 205.66435pt>
File: frames/figs/dm_cts_nFPC_z1.pdf Graphic file (type pdf)

<use frames/figs/dm_cts_nFPC_z1.pdf>
Package pdftex.def Info: frames/figs/dm_cts_nFPC_z1.pdf used on input line 242.

(pdftex.def)             Requested size: 229.64037pt x 205.66385pt.

<frames/figs/dm_dscr_z1.pdf, id=1372, 229.64095pt x 205.66435pt>
File: frames/figs/dm_dscr_z1.pdf Graphic file (type pdf)

<use frames/figs/dm_dscr_z1.pdf>
Package pdftex.def Info: frames/figs/dm_dscr_z1.pdf used on input line 242.
(pdftex.def)             Requested size: 229.64037pt x 205.66385pt.

<frames/figs/dm_dscr_nFPC_z1.pdf, id=1373, 229.64095pt x 205.66435pt>
File: frames/figs/dm_dscr_nFPC_z1.pdf Graphic file (type pdf)

<use frames/figs/dm_dscr_nFPC_z1.pdf>
Package pdftex.def Info: frames/figs/dm_dscr_nFPC_z1.pdf used on input line 242
.
(pdftex.def)             Requested size: 229.64037pt x 205.66385pt.
File: frames/figs/altdeltalegend.pdf Graphic file (type pdf)
 <use frames/figs/altdeltalegend.pdf>
Package pdftex.def Info: frames/figs/altdeltalegend.pdf used on input line 242.

(pdftex.def)             Requested size: 427.18591pt x 57.25275pt.

[68

 <./frames/figs/dp_cts_z15.pdf> <./frames/figs/dp_cts_nFPC_z15.pdf> <./frames/f
igs/dp_dscr_z15.pdf> <./frames/figs/dp_dscr_nFPC_z15.pdf> <./frames/figs/dm_cts
_z1.pdf> <./frames/figs/dm_cts_nFPC_z1.pdf> <./frames/figs/dm_dscr_z1.pdf> <./f
rames/figs/dm_dscr_nFPC_z1.pdf>]
<frames/figs/ORCL_comp4stoch.pdf, id=1444, 478.08011pt x 267.01355pt>
File: frames/figs/ORCL_comp4stoch.pdf Graphic file (type pdf)

<use frames/figs/ORCL_comp4stoch.pdf>
Package pdftex.def Info: frames/figs/ORCL_comp4stoch.pdf used on input line 251
.
(pdftex.def)             Requested size: 478.07893pt x 267.01288pt.
 [69

 <./frames/figs/ORCL_comp4stoch.pdf>]
<frames/figs/ORCL_comp4stoch_inv.pdf, id=1465, 470.01697pt x 267.01558pt>
File: frames/figs/ORCL_comp4stoch_inv.pdf Graphic file (type pdf)

<use frames/figs/ORCL_comp4stoch_inv.pdf>
Package pdftex.def Info: frames/figs/ORCL_comp4stoch_inv.pdf used on input line
 258.
(pdftex.def)             Requested size: 470.01581pt x 267.01492pt.
 [70

 <./frames/figs/ORCL_comp4stoch_inv.pdf>]
<frames/figs/samplepath_cts_paths.pdf, id=1489, 187.09499pt x 167.48973pt>
File: frames/figs/samplepath_cts_paths.pdf Graphic file (type pdf)

<use frames/figs/samplepath_cts_paths.pdf>
Package pdftex.def Info: frames/figs/samplepath_cts_paths.pdf used on input lin
e 280.
(pdftex.def)             Requested size: 187.09451pt x 167.48932pt.

<frames/figs/samplepath_dscr_paths.pdf, id=1490, 187.09499pt x 167.48973pt>
File: frames/figs/samplepath_dscr_paths.pdf Graphic file (type pdf)

<use frames/figs/samplepath_dscr_paths.pdf>
Package pdftex.def Info: frames/figs/samplepath_dscr_paths.pdf used on input li
ne 280.
(pdftex.def)             Requested size: 187.09451pt x 167.48932pt.

<frames/figs/samplepathslegend.pdf, id=1491, 372.90115pt x 61.63728pt>
File: frames/figs/samplepathslegend.pdf Graphic file (type pdf)

<use frames/figs/samplepathslegend.pdf>
Package pdftex.def Info: frames/figs/samplepathslegend.pdf used on input line 2
80.
(pdftex.def)             Requested size: 372.90024pt x 61.63712pt.

Overfull \vbox (4.28839pt too high) detected at line 280
 []

[71

 <./frames/figs/samplepath_cts_paths.pdf> <./frames/figs/samplepath_dscr_paths.
pdf> <./frames/figs/samplepathslegend.pdf>]
<frames/figs/samplepath_cts_depths.pdf, id=1535, 187.09499pt x 174.52704pt>
File: frames/figs/samplepath_cts_depths.pdf Graphic file (type pdf)

<use frames/figs/samplepath_cts_depths.pdf>
Package pdftex.def Info: frames/figs/samplepath_cts_depths.pdf used on input li
ne 299.
(pdftex.def)             Requested size: 187.09451pt x 174.5266pt.

<frames/figs/samplepath_dscr_depths.pdf, id=1536, 187.09499pt x 174.52704pt>
File: frames/figs/samplepath_dscr_depths.pdf Graphic file (type pdf)

<use frames/figs/samplepath_dscr_depths.pdf>
Package pdftex.def Info: frames/figs/samplepath_dscr_depths.pdf used on input l
ine 299.
(pdftex.def)             Requested size: 187.09451pt x 174.5266pt.
 [72

 <./frames/figs/samplepath_cts_depths.pdf> <./frames/figs/samplepath_dscr_depth
s.pdf>]
<frames/figs/IS_sameday_FARO.pdf, id=1576, 248.35887pt x 242.88141pt>
File: frames/figs/IS_sameday_FARO.pdf Graphic file (type pdf)

<use frames/figs/IS_sameday_FARO.pdf>
Package pdftex.def Info: frames/figs/IS_sameday_FARO.pdf used on input line 330
.
(pdftex.def)             Requested size: 248.35826pt x 242.88081pt.

<frames/figs/IS_sameday_ORCL.pdf, id=1577, 248.35887pt x 242.88141pt>
File: frames/figs/IS_sameday_ORCL.pdf Graphic file (type pdf)

<use frames/figs/IS_sameday_ORCL.pdf>
Package pdftex.def Info: frames/figs/IS_sameday_ORCL.pdf used on input line 330
.
(pdftex.def)             Requested size: 248.35826pt x 242.88081pt.

<frames/figs/IS_sameday_NTAP.pdf, id=1578, 248.35887pt x 242.88141pt>
File: frames/figs/IS_sameday_NTAP.pdf Graphic file (type pdf)

<use frames/figs/IS_sameday_NTAP.pdf>
Package pdftex.def Info: frames/figs/IS_sameday_NTAP.pdf used on input line 330
.
(pdftex.def)             Requested size: 248.35826pt x 242.88081pt.

<frames/figs/IS_sameday_INTC.pdf, id=1579, 248.35887pt x 242.88141pt>
File: frames/figs/IS_sameday_INTC.pdf Graphic file (type pdf)

<use frames/figs/IS_sameday_INTC.pdf>
Package pdftex.def Info: frames/figs/IS_sameday_INTC.pdf used on input line 330
.
(pdftex.def)             Requested size: 248.35826pt x 242.88081pt.

<frames/figs/strategylegend.pdf, id=1580, 540.79941pt x 18.4961pt>
File: frames/figs/strategylegend.pdf Graphic file (type pdf)

<use frames/figs/strategylegend.pdf>
Package pdftex.def Info: frames/figs/strategylegend.pdf used on input line 330.

(pdftex.def)             Requested size: 540.7981pt x 18.49603pt.

Overfull \vbox (10.16432pt too high) detected at line 330
 []

[73

 <./frames/figs/IS_sameday_FARO.pdf> <./frames/figs/IS_sameday_ORCL.pdf> <./fra
mes/figs/IS_sameday_NTAP.pdf> <./frames/figs/IS_sameday_INTC.pdf> <./frames/fig
s/strategylegend.pdf>]
Overfull \vbox (8.17674pt too high) detected at line 363
 []

[74

] <frames/figs/IS_annual_ORCL.pdf, id=1653, 248.35887pt x 242.8804pt>
File: frames/figs/IS_annual_ORCL.pdf Graphic file (type pdf)

<use frames/figs/IS_annual_ORCL.pdf>
Package pdftex.def Info: frames/figs/IS_annual_ORCL.pdf used on input line 391.

(pdftex.def)             Requested size: 248.35826pt x 242.8798pt.

<frames/figs/IS_annual_INTC.pdf, id=1654, 248.35887pt x 242.8804pt>
File: frames/figs/IS_annual_INTC.pdf Graphic file (type pdf)

<use frames/figs/IS_annual_INTC.pdf>
Package pdftex.def Info: frames/figs/IS_annual_INTC.pdf used on input line 391.

(pdftex.def)             Requested size: 248.35826pt x 242.8798pt.
File: frames/figs/strategylegend.pdf Graphic file (type pdf)
 <use frames/figs/strategylegend.pdf>
Package pdftex.def Info: frames/figs/strategylegend.pdf used on input line 391.

(pdftex.def)             Requested size: 540.7981pt x 18.49603pt.

[75

 <./frames/figs/IS_annual_ORCL.pdf> <./frames/figs/IS_annual_INTC.pdf>]
[76

] [77

] <frames/figs/OOS_annual_INTC.pdf, id=1714, 248.35887pt x 242.8794pt>
File: frames/figs/OOS_annual_INTC.pdf Graphic file (type pdf)

<use frames/figs/OOS_annual_INTC.pdf>
Package pdftex.def Info: frames/figs/OOS_annual_INTC.pdf used on input line 456
.
(pdftex.def)             Requested size: 248.35826pt x 242.87878pt.

<frames/figs/OOS_annual_AAPL.pdf, id=1715, 248.35887pt x 242.8794pt>
File: frames/figs/OOS_annual_AAPL.pdf Graphic file (type pdf)

<use frames/figs/OOS_annual_AAPL.pdf>
Package pdftex.def Info: frames/figs/OOS_annual_AAPL.pdf used on input line 456
.
(pdftex.def)             Requested size: 248.35826pt x 242.87878pt.
File: frames/figs/strategylegend.pdf Graphic file (type pdf)
 <use frames/figs/strategylegend.pdf>
Package pdftex.def Info: frames/figs/strategylegend.pdf used on input line 456.

(pdftex.def)             Requested size: 540.7981pt x 18.49603pt.

[78

 <./frames/figs/OOS_annual_INTC.pdf> <./frames/figs/OOS_annual_AAPL.pdf>]
[79

]
LaTeX Font Info:    Font shape `OT1/cmtt/bx/n' in size <10.95> not available
(Font)              Font shape `OT1/cmtt/m/n' tried instead on input line 500.
 [80

]) (build/presentation.toc) [81

] (./frames/frame-6-futurework.tex
[82

] [83

] [84

] [85

]) (./frames/frame-7-endmatter.tex [86

] [87

])
\tf@nav=\write6
\openout6 = `presentation.nav'.

\tf@toc=\write7
\openout7 = `presentation.toc'.

\tf@snm=\write8
\openout8 = `presentation.snm'.

Package atveryend Info: Empty hook `BeforeClearDocument' on input line 29.
Package atveryend Info: Empty hook `AfterLastShipout' on input line 29.

(build/presentation.aux)
Package atveryend Info: Executing hook `AtVeryEndDocument' on input line 29.
Package atveryend Info: Executing hook `AtEndAfterFileList' on input line 29.
Package rerunfilecheck Info: File `presentation.out' has not changed.
(rerunfilecheck)             Checksum: <no file>.


LaTeX Font Warning: Size substitutions with differences
(Font)              up to 1.0pt have occurred.

Package atveryend Info: Empty hook `AtVeryVeryEnd' on input line 29.
 ) 
Here is how much of TeX's memory you used:
 18686 strings out of 495028
 346063 string characters out of 6181497
 416656 words of memory out of 7000000
 21125 multiletter control sequences out of 15000+600000
 38263 words of font info for 120 fonts, out of 8000000 for 9000
 14 hyphenation exceptions out of 8191
 72i,23n,105p,421b,630s stack positions out of 5000i,500n,10000p,7000000b,80000s
 </home/anton/.texmf-var/fonts/pk/ljfour/jknappen/ec/ecso0800.450pk> </home/a
nton/.texmf-var/fonts/pk/ljfour/jknappen/ec/ecso1200.720pk> </home/anton/.texmf
-var/fonts/pk/ljfour/jknappen/ec/ecso0800.600pk> </home/anton/.texmf-var/fonts/
pk/ljfour/jknappen/ec/ecso1000.657pk></usr/share/texlive/texmf-dist/fonts/type1
/public/amsfonts/cm/cmex10.pfb></usr/share/texlive/texmf-dist/fonts/type1/publi
c/amsfonts/cmextra/cmex8.pfb></usr/share/texlive/texmf-dist/fonts/type1/public/
amsfonts/cm/cmmi10.pfb></usr/share/texlive/texmf-dist/fonts/type1/public/amsfon
ts/cm/cmmi12.pfb></usr/share/texlive/texmf-dist/fonts/type1/public/amsfonts/cm/
cmmi6.pfb></usr/share/texlive/texmf-dist/fonts/type1/public/amsfonts/cm/cmmi7.p
fb></usr/share/texlive/texmf-dist/fonts/type1/public/amsfonts/cm/cmmi8.pfb></us
r/share/texlive/texmf-dist/fonts/type1/public/amsfonts/cm/cmmi9.pfb></usr/share
/texlive/texmf-dist/fonts/type1/public/amsfonts/cm/cmmib10.pfb></usr/share/texl
ive/texmf-dist/fonts/type1/public/amsfonts/cmextra/cmmib8.pfb></usr/share/texli
ve/texmf-dist/fonts/type1/public/amsfonts/cm/cmr10.pfb></usr/share/texlive/texm
f-dist/fonts/type1/public/amsfonts/cm/cmr12.pfb></usr/share/texlive/texmf-dist/
fonts/type1/public/amsfonts/cm/cmss10.pfb></usr/share/texlive/texmf-dist/fonts/
type1/public/amsfonts/cm/cmss12.pfb></usr/share/texlive/texmf-dist/fonts/type1/
public/amsfonts/cm/cmss8.pfb></usr/share/texlive/texmf-dist/fonts/type1/public/
amsfonts/cm/cmss9.pfb></usr/share/texlive/texmf-dist/fonts/type1/public/amsfont
s/cm/cmssbx10.pfb></usr/share/texlive/texmf-dist/fonts/type1/public/amsfonts/cm
/cmssi10.pfb></usr/share/texlive/texmf-dist/fonts/type1/public/amsfonts/cm/cmss
i12.pfb></usr/share/texlive/texmf-dist/fonts/type1/public/amsfonts/cm/cmssi8.pf
b></usr/share/texlive/texmf-dist/fonts/type1/public/amsfonts/cm/cmssi9.pfb></us
r/share/texlive/texmf-dist/fonts/type1/public/amsfonts/cm/cmsy10.pfb></usr/shar
e/texlive/texmf-dist/fonts/type1/public/amsfonts/cm/cmsy6.pfb></usr/share/texli
ve/texmf-dist/fonts/type1/public/amsfonts/cm/cmsy7.pfb></usr/share/texlive/texm
f-dist/fonts/type1/public/amsfonts/cm/cmsy8.pfb></usr/share/texlive/texmf-dist/
fonts/type1/public/amsfonts/cm/cmtt10.pfb></usr/share/texlive/texmf-dist/fonts/
type1/public/doublestroke/dsrom10.pfb></usr/share/texlive/texmf-dist/fonts/type
1/public/doublestroke/dsrom8.pfb></usr/share/texlive/texmf-dist/fonts/type1/pub
lic/amsfonts/symbols/msam10.pfb></usr/share/texlive/texmf-dist/fonts/type1/publ
ic/amsfonts/symbols/msam7.pfb></usr/share/texlive/texmf-dist/fonts/type1/public
/amsfonts/symbols/msbm10.pfb></usr/share/texlive/texmf-dist/fonts/type1/urw/pal
atino/uplr8a.pfb></usr/share/texlive/texmf-dist/fonts/type1/urw/palatino/uplri8
a.pfb>
Output written on build/presentation.pdf (87 pages, 2645757 bytes).
PDF statistics:
 2034 PDF objects out of 2073 (max. 8388607)
 1813 compressed objects within 19 object streams
 183 named destinations out of 1000 (max. 500000)
 367 words of extra memory for PDF output out of 10000 (max. 10000000)

