[timestamp] {imbalance_prev, dS_prev, imbalance_curr}. Buy/Sell price (timestamp). [Asset, Cash]
[34558400] {3, 100, 3}.   Buy at 35.25 (34558373). [1, -35.25].
[34563400] {3, 200, 3}.   Buy at 35.25 (34563363). [2, -70.50].
[34567000] {3, 200, 3}.   Buy at 35.25 (34566974). [3, -105.75].
[34568700] {3, 100, 3}.   Buy at 35.25 (34568699). [4, -141.00].
[34573200] {3, 200, 3}.   Buy at 35.25 (34573132). [5, -176.25].
[34787202] {4, 0, 4}. MO buy arrived. Sell at 35.16 (34787202). [4, -141.09].
[34787300] {4, 200, 4}.   Buy at 35.46 (34787279). [5, -176.55].
[34787400] {4, 100, 4}.   Buy at 35.46 (34787377). [6, -212.01].
[34787500] {4, 100, 4}.   Buy at 35.46 (34787498). [7, -247.47].
[34792500] {4, 300, 4}.   Buy at 35.50 (34792469). [8, -282.97].
[34793300] {4, 200, 4}.   Buy at 35.50 (34793240). [9, -318.47].
[34802500] {4, 100, 4}.   Buy at 35.50 (34802492). [10, -353.97].
[34818500] {4, 100, 4}.   Buy at 35.50 (34818491). [11, -389.47].
[34827300] {4, 200, 4}.   Buy at 35.50 (34827287). [12, -424.97].
[34834600] {4, 200, 4}.   Buy at 35.50 (34834597). [13, -460.47].
[34850400] {3, 200, 3}.   Buy at 35.64 (34850400). [14, -496.11].
[34901100] {2, 100, 2}.   Buy at 35.74 (34901085). [15, -531.85].
[35155600] {1, 700, 1}.   Buy at 35.44 (35155522). [16, -567.29].
[35194400] {2, 100, 2}.   Buy at 35.53 (35194400). [17, -602.82].
[35194800] {2, -100, 2}. Sell at 35.26 (35194746). [16, -567.56].
[35295900] {4, 100, 4}.   Buy at 35.48 (35295888). [17, -603.04].
[35316700] {3, 100, 3}.   Buy at 35.52 (35316666). [18, -638.56].
[35373200] {1, -1000, 1}. Sell at 35.23 (35373146). [17, -603.33].
[35388800] {3, 200, 3}.   Buy at 35.51 (35388719). [18, -638.84].
[35389500] {3, -100, 3}. Sell at 35.29 (35389436). [17, -603.55].
[35394500] {3, 100, 3}.   Buy at 35.51 (35394441). [18, -639.06].
[35412100] {3, -400, 3}. Sell at 35.27 (35412048). [17, -603.79].
[35703900] {4, 100, 4}.   Buy at 35.48 (35703816). [18, -639.27].
[35716900] {4, 200, 4}.   Buy at 35.51 (35716877). [19, -674.78].
[35718200] {3, -100, 3}. Sell at 35.29 (35718192). [18, -639.49].
[35756800] {4, 100, 4}.   Buy at 35.57 (35756722). [19, -675.06].
[35757300] {4, 100, 4}.   Buy at 35.57 (35757293). [20, -710.63].
[36083500] {4, 100, 4}.   Buy at 35.62 (36083492). [21, -746.25].
[36083600] {4, -100, 4}. Sell at 35.38 (36083573). [20, -710.87].
[36279300] {4, 400, 4}.   Buy at 35.59 (36279248). [21, -746.46].
[36281600] {4, -100, 4}. Sell at 35.43 (36281566). [20, -711.03].
[37202500] {4, 200, 4}.   Buy at 35.67 (37202493). [21, -746.70].
[37207500] {3, -200, 3}. Sell at 35.51 (37207493). [20, -711.19].
[37832000] {1, 400, 1}.   Buy at 35.62 (37831936). [21, -746.81].
[37861100] {1, -200, 1}. Sell at 35.42 (37861044). [20, -711.39].
[37871100] {1, -100, 1}. Sell at 35.41 (37871060). [19, -675.98].
[37894263] {1, 0, 1}. MO buy arrived. Sell at 35.41 (37894263). [18, -640.57].
[37900720] {1, 400, 2}. MO buy arrived. Sell at 35.45 (37900720). [17, -605.12].
[37900800] {2, 100, 2}.   Buy at 35.61 (37900725). [18, -640.73].
[37901700] {4, 200, 4}.   Buy at 35.61 (37901690). [19, -676.34].
[37928600] {4, 100, 4}.   Buy at 35.71 (37928571). [20, -712.05].
[37952900] {4, -100, 4}. Sell at 35.58 (37952850). [19, -676.47].
[37955100] {4, -100, 4}. Sell at 35.58 (37955011). [18, -640.89].
[37957618] {4, 0, 4}. MO sell arrived. Buy at 35.71 (37957618). [19, -676.60].
[37970653] {3, 0, 4}. MO sell arrived. Buy at 35.69 (37970653). [20, -712.29].
[37990944] {2, 0, 2}. MO sell arrived. Buy at 35.61 (37990944). [21, -747.90].
[37994967] {3, 200, 3}. MO buy arrived. Sell at 35.48 (37994967). [20, -712.42].
[37995000] {3, 200, 3}.   Buy at 35.67 (37994974). [21, -748.09].
[37997169] {4, 200, 4}. MO buy arrived. Sell at 35.52 (37997169). [20, -712.57].
[37997200] {4, 200, 4}.   Buy at 35.71 (37997177). [21, -748.28].
[38049100] {4, -200, 4}. Sell at 35.55 (38049011). [20, -712.73].
[38358000] {1, -100, 1}. Sell at 35.52 (38357928). [19, -677.21].
[38437000] {1, 400, 1}.   Buy at 35.71 (38436999). [20, -712.92].
[38476300] {1, -400, 1}. Sell at 35.52 (38476278). [19, -677.40].
[38476600] {3, -100, 3}. Sell at 35.52 (38476590). [18, -641.88].
[38476769] {4, -300, 3}. MO buy arrived. Sell at 35.56 (38476769). [17, -606.32].
[38633700] {1, 200, 1}.   Buy at 35.69 (38633657). [18, -642.01].
[38658900] {1, 400, 1}.   Buy at 35.66 (38658811). [19, -677.67].
[38662914] {1, 0, 1}. MO sell arrived. Buy at 35.65 (38662914). [20, -713.32].
[38663000] {1, -100, 1}. Sell at 35.44 (38662937). [19, -677.88].
[38668200] {1, -400, 1}. Sell at 35.44 (38668200). [18, -642.44].
[38704200] {1, -400, 1}. Sell at 35.44 (38704141). [17, -607.00].
[38704400] {1, 400, 1}.   Buy at 35.64 (38704315). [18, -642.64].
[38712200] {1, -400, 1}. Sell at 35.44 (38712137). [17, -607.20].
[38716200] {1, -400, 1}. Sell at 35.40 (38716168). [16, -571.80].
[38725800] {4, 100, 4}.   Buy at 35.63 (38725767). [17, -607.43].
[38726200] {4, -100, 4}. Sell at 35.42 (38726188). [16, -572.01].
[38726800] {4, -100, 4}. Sell at 35.42 (38726772). [15, -536.59].
[38728500] {4, 100, 4}.   Buy at 35.62 (38728496). [16, -572.21].
[38772800] {4, 200, 4}.   Buy at 35.63 (38772781). [17, -607.84].
[38773796] {4, 200, 4}. MO buy arrived. Sell at 35.48 (38773796). [16, -572.36].
[38773800] {4, 200, 4}.   Buy at 35.64 (38773799). [17, -608.00].
[38843265] {4, 100, 4}. MO buy arrived. Sell at 35.47 (38843265). [16, -572.53].
[38843300] {4, 100, 4}.   Buy at 35.67 (38843269). [17, -608.20].
[38843900] {4, 200, 4}.   Buy at 35.67 (38843857). [18, -643.87].
[38848300] {4, -200, 4}. Sell at 35.46 (38848274). [17, -608.41].
[38894000] {3, -100, 3}. Sell at 35.48 (38893936). [16, -572.93].
[38989100] {2, -200, 2}. Sell at 35.45 (38989094). [15, -537.48].
[38989200] {2, 200, 2}.   Buy at 35.66 (38989196). [16, -573.14].
[39038400] {3, 200, 3}.   Buy at 35.67 (39038344). [17, -608.81].
[39061800] {4, -100, 4}. Sell at 35.51 (39061731). [16, -573.30].
[39283000] {4, -200, 4}. Sell at 35.50 (39282929). [15, -537.80].
[39411718] {4, 0, 4}. MO buy arrived. Sell at 35.54 (39411718). [14, -502.26].
[39411800] {4, 100, 4}.   Buy at 35.76 (39411724). [15, -538.02].
[39457800] {3, -100, 3}. Sell at 35.58 (39457773). [14, -502.44].
[39462249] {3, 200, 4}. MO buy arrived. Sell at 35.61 (39462249). [13, -466.83].
[39462500] {1, -200, 1}. Sell at 35.60 (39462441). [12, -431.23].
[39501401] {1, 0, 4}. MO buy arrived. Sell at 35.60 (39501401). [11, -395.63].
[39707090] {1, -300, 4}. MO sell arrived. Buy at 35.70 (39707090). [12, -431.33].
[39713100] {3, 300, 3}.   Buy at 35.69 (39713100). [13, -467.02].
[39721056] {3, 0, 1}. MO buy arrived. Sell at 35.51 (39721056). [12, -431.51].
[39728200] {3, 300, 3}.   Buy at 35.70 (39728116). [13, -467.21].
[39733000] {2, -100, 2}. Sell at 35.54 (39732965). [12, -431.67].
[39748300] {1, -100, 1}. Sell at 35.57 (39748281). [11, -396.10].
[40153200] {4, 200, 4}.   Buy at 35.75 (40153193). [12, -431.85].
[40159500] {3, -400, 3}. Sell at 35.58 (40159456). [11, -396.27].
[40517668] {3, 200, 4}. MO buy arrived. Sell at 35.66 (40517668). [10, -360.61].
[40517668] {3, 200, 4}. MO buy arrived. Sell at 35.66 (40517668). [9, -324.95].
[40545088] {2, 200, 4}. MO buy arrived. Sell at 35.70 (40545088). [8, -289.25].
[40545200] {4, -100, 4}. Sell at 35.69 (40545183). [7, -253.56].
[40548200] {4, 200, 4}.   Buy at 35.84 (40548167). [8, -289.40].
[40599800] {3, 300, 3}.   Buy at 35.81 (40599713). [9, -325.21].
[40800600] {3, 200, 3}.   Buy at 35.82 (40800598). [10, -361.03].
[40881861] {3, 200, 4}. MO buy arrived. Sell at 35.69 (40881861). [9, -325.34].
[40881864] {3, 200, 4}. MO buy arrived. Sell at 35.71 (40881864). [8, -289.63].
[40917062] {3, 0, 4}. MO buy arrived. Sell at 35.72 (40917062). [7, -253.91].
[40918026] {4, 0, 4}. MO buy arrived. Sell at 35.75 (40918026). [6, -218.16].
[40921400] {3, -200, 3}. Sell at 35.71 (40921351). [5, -182.45].
[41316000] {2, -200, 2}. Sell at 35.73 (41315983). [4, -146.72].
[41492400] {1, 200, 1}.   Buy at 35.91 (41492396). [5, -182.63].
[41511476] {3, 0, 3}. MO sell arrived. Buy at 35.82 (41511476). [6, -218.45].
[41511479] {3, 0, 3}. MO buy arrived. Sell at 35.80 (41511479). [5, -182.65].
[41512560] {3, 100, 3}. MO buy arrived. Sell at 35.81 (41512560). [4, -146.84].
[41512600] {3, 100, 3}.   Buy at 35.83 (41512594). [5, -182.67].
[41513056] {3, 100, 3}. MO buy arrived. Sell at 35.82 (41513056). [4, -146.85].
[41513100] {3, 100, 3}.   Buy at 35.84 (41513059). [5, -182.69].
[41542456] {2, 100, 1}. MO buy arrived. Sell at 35.86 (41542456). [4, -146.83].
[41542456] {2, 100, 1}. MO buy arrived. Sell at 35.86 (41542456). [3, -110.97].
[41556108] {2, 0, 2}. MO buy arrived. Sell at 35.86 (41556108). [2, -75.11].
[41556200] {2, 600, 2}.   Buy at 35.91 (41556108). [3, -111.02].
[41631975] {2, 100, 2}. MO buy arrived. Sell at 35.86 (41631975). [2, -75.16].
[41632000] {2, 100, 2}.   Buy at 35.92 (41631988). [3, -111.08].
[41885000] {4, -100, 4}. Sell at 35.85 (41884985). [2, -75.23].
[42066242] {2, 0, 2}. MO sell arrived. Buy at 35.97 (42066242). [3, -111.20].
[42066300] {2, -100, 2}. Sell at 35.84 (42066278). [2, -75.36].
[43136121] {3, 0, 3}. MO buy arrived. Sell at 35.89 (43136121). [1, -39.47].
[43136121] {3, 0, 3}. MO buy arrived. Sell at 35.89 (43136121). [0, -3.58].
[43136200] {3, 100, 3}.   Buy at 36.00 (43136142). [1, -39.58].
[43185200] {4, 200, 4}.   Buy at 35.97 (43185199). [2, -75.55].
[43476200] {4, 100, 4}.   Buy at 35.99 (43476135). [3, -111.54].
[43532661] {2, 100, 3}. MO buy arrived. Sell at 35.91 (43532661). [2, -75.63].
[43532664] {2, 100, 3}. MO buy arrived. Sell at 35.92 (43532664). [1, -39.71].
[43568008] {3, 0, 3}. MO buy arrived. Sell at 35.91 (43568008). [0, -3.80].
[43568015] {3, 0, 3}. MO buy arrived. Sell at 35.93 (43568015). [-1, 32.13].
[43569100] {3, -100, 3}. Sell at 35.95 (43569027). [-2, 68.08].
[43569800] {3, -100, 3}. Sell at 35.95 (43569713). [-3, 104.03].
[43570000] {3, -100, 3}. Sell at 35.95 (43569961). [-4, 139.98].
[43570600] {3, -100, 3}. Sell at 35.95 (43570549). [-5, 175.93].
[43570900] {3, -100, 3}. Sell at 35.95 (43570849). [-6, 211.88].
[43571636] {3, 0, 3}. MO sell arrived. Buy at 36.05 (43571636). [-5, 175.83].
[43574000] {3, -200, 3}. Sell at 35.93 (43573963). [-6, 211.76].
[43607800] {1, -100, 1}. Sell at 35.91 (43607722). [-7, 247.67].
[43657800] {4, 100, 4}.   Buy at 36.00 (43657768). [-6, 211.67].
[43709000] {3, -100, 3}. Sell at 35.89 (43708990). [-7, 247.56].
[43710000] {3, -100, 3}. Sell at 35.89 (43709985). [-8, 283.45].
[43735000] {2, 100, 2}.   Buy at 36.02 (43734936). [-7, 247.43].
[43851700] {3, -100, 3}. Sell at 35.89 (43851633). [-8, 283.32].
[43856600] {3, -100, 3}. Sell at 35.89 (43856528). [-9, 319.21].
[43908600] {4, 100, 4}.   Buy at 36.04 (43908597). [-8, 283.17].
[43908800] {2, -100, 2}. Sell at 35.91 (43908724). [-9, 319.08].
[43995000] {2, -300, 2}. Sell at 35.87 (43994919). [-10, 354.95].
[44030100] {4, -100, 4}. Sell at 35.88 (44030007). [-11, 390.83].
[44112700] {4, -100, 4}. Sell at 35.90 (44112636). [-12, 426.73].
[44117100] {3, 100, 3}.   Buy at 36.06 (44117096). [-11, 390.67].
[44215500] {4, -100, 4}. Sell at 35.90 (44215458). [-12, 426.57].
[44237100] {4, -100, 4}. Sell at 35.90 (44237077). [-13, 462.47].
[44239700] {4, 100, 4}.   Buy at 36.04 (44239634). [-12, 426.43].
[44240200] {4, -100, 4}. Sell at 35.90 (44240136). [-13, 462.33].
[44248100] {4, -100, 4}. Sell at 35.90 (44248017). [-14, 498.23].
[44260000] {4, 100, 4}.   Buy at 36.05 (44259987). [-13, 462.18].
[44265000] {4, -100, 4}. Sell at 35.90 (44264984). [-14, 498.08].
[44333900] {4, -100, 4}. Sell at 35.90 (44333834). [-15, 533.98].
[44334300] {4, 100, 4}.   Buy at 36.05 (44334254). [-14, 497.93].
[44338100] {4, -100, 4}. Sell at 35.90 (44338015). [-15, 533.83].
[44345400] {4, -100, 4}. Sell at 35.90 (44345335). [-16, 569.73].
[44361200] {3, -200, 3}. Sell at 35.93 (44361128). [-17, 605.66].
[44389100] {2, -100, 2}. Sell at 35.92 (44389061). [-18, 641.58].
[44393200] {3, -100, 3}. Sell at 35.92 (44393194). [-19, 677.50].
[45500500] {4, 400, 4}.   Buy at 36.09 (45500476). [-18, 641.41].
[45824600] {4, 100, 4}.   Buy at 36.18 (45824545). [-17, 605.23].
[45825100] {4, -100, 4}. Sell at 36.04 (45825016). [-18, 641.27].
[45832400] {4, 100, 4}.   Buy at 36.18 (45832398). [-17, 605.09].
[45965527] {4, 0, 4}. MO sell arrived. Buy at 36.18 (45965527). [-16, 568.91].
[45965700] {1, -100, 1}. Sell at 36.03 (45965686). [-17, 604.94].
[45966100] {1, -200, 1}. Sell at 36.00 (45966082). [-18, 640.94].
[46165900] {4, 100, 4}.   Buy at 36.18 (46165874). [-17, 604.76].
[46428300] {1, 400, 1}.   Buy at 36.20 (46428266). [-16, 568.56].
[46479800] {1, -200, 1}. Sell at 36.04 (46479748). [-17, 604.60].
[46515286] {2, 0, 3}. MO sell arrived. Buy at 36.19 (46515286). [-16, 568.41].
[46527659] {4, -300, 3}. MO sell arrived. Buy at 36.19 (46527659). [-15, 532.22].
[46527665] {4, -300, 3}. MO sell arrived. Buy at 36.19 (46527665). [-14, 496.03].
[46568517] {2, 0, 2}. MO sell arrived. Buy at 36.19 (46568517). [-13, 459.84].
[46568600] {2, 500, 2}.   Buy at 36.19 (46568517). [-12, 423.65].
[46574290] {2, 500, 2}. MO sell arrived. Buy at 36.19 (46574290). [-11, 387.46].
[46574300] {2, 500, 2}.   Buy at 36.19 (46574291). [-10, 351.27].
[46580110] {2, 0, 2}. MO sell arrived. Buy at 36.14 (46580110). [-9, 315.13].
[46580110] {2, 0, 2}. MO sell arrived. Buy at 36.14 (46580110). [-8, 278.99].
[46591915] {2, 0, 2}. MO sell arrived. Buy at 36.14 (46591915). [-7, 242.85].
[46614070] {2, 0, 3}. MO sell arrived. Buy at 36.17 (46614070). [-6, 206.68].
[46639372] {3, 300, 3}. MO sell arrived. Buy at 36.17 (46639372). [-5, 170.51].
[46639400] {3, 300, 3}.   Buy at 36.17 (46639372). [-4, 134.34].
[46718316] {2, 0, 2}. MO sell arrived. Buy at 36.19 (46718316). [-3, 98.15].
[46718400] {2, 300, 2}.   Buy at 36.19 (46718317). [-2, 61.96].
[46744076] {2, 300, 2}. MO sell arrived. Buy at 36.19 (46744076). [-1, 25.77].
[46744100] {2, 300, 2}.   Buy at 36.18 (46744078). [0, -10.41].
[46759909] {2, 0, 2}. MO sell arrived. Buy at 36.18 (46759909). [1, -46.59].
[46760000] {2, 300, 2}.   Buy at 36.17 (46759912). [2, -82.76].
[46764215] {3, 0, 3}. MO sell arrived. Buy at 36.14 (46764215). [3, -118.90].
[46764300] {3, 300, 3}.   Buy at 36.14 (46764215). [4, -155.04].
[46815336] {4, 0, 4}. MO sell arrived. Buy at 36.14 (46815336). [5, -191.18].
[46815400] {4, 300, 4}.   Buy at 36.14 (46815337). [6, -227.32].
[46850030] {2, 0, 2}. MO sell arrived. Buy at 36.17 (46850030). [7, -263.49].
[46874802] {4, 0, 4}. MO sell arrived. Buy at 36.16 (46874802). [8, -299.65].
[46890938] {1, 0, 1}. MO sell arrived. Buy at 36.14 (46890938). [9, -335.79].
[46897800] {1, -100, 1}. Sell at 36.07 (46897767). [8, -299.72].
[46910996] {1, -400, 4}. MO sell arrived. Buy at 36.13 (46910996). [9, -335.85].
[47049246] {3, 0, 3}. MO sell arrived. Buy at 36.12 (47049246). [10, -371.97].
[47049246] {3, 0, 3}. MO sell arrived. Buy at 36.12 (47049246). [11, -408.09].
[47051000] {3, 100, 3}.   Buy at 36.11 (47050980). [12, -444.20].
[47093745] {3, 0, 3}. MO sell arrived. Buy at 36.11 (47093745). [13, -480.31].
[47116477] {2, -300, 3}. MO sell arrived. Buy at 36.12 (47116477). [14, -516.43].
[47134000] {1, -200, 1}. Sell at 36.01 (47133966). [13, -480.42].
[47142739] {2, 0, 2}. MO sell arrived. Buy at 36.08 (47142739). [14, -516.50].
[47142740] {2, 0, 2}. MO sell arrived. Buy at 36.07 (47142740). [15, -552.57].
[47144695] {3, 0, 2}. MO sell arrived. Buy at 36.07 (47144695). [16, -588.64].
[47145427] {2, 0, 2}. MO sell arrived. Buy at 36.04 (47145427). [17, -624.68].
[47157900] {1, 300, 1}.   Buy at 36.03 (47157824). [18, -660.71].
[47192300] {1, 200, 1}.   Buy at 36.03 (47192292). [19, -696.74].
[47215100] {1, 100, 1}.   Buy at 36.03 (47215084). [20, -732.77].
[47254100] {1, 300, 1}.   Buy at 36.03 (47254070). [21, -768.80].
[47303033] {1, 0, 1}. MO buy arrived. Sell at 35.97 (47303033). [20, -732.83].
[47323938] {3, 0, 3}. MO buy arrived. Sell at 36.04 (47323938). [19, -696.79].
[47323940] {3, 0, 3}. MO buy arrived. Sell at 36.04 (47323940). [18, -660.75].
[47411300] {1, 100, 1}.   Buy at 36.11 (47411284). [19, -696.86].
[48032290] {2, 0, 1}. MO sell arrived. Buy at 36.14 (48032290). [20, -733.00].
[48033707] {1, 0, 1}. MO sell arrived. Buy at 36.13 (48033707). [21, -769.13].
[48033800] {1, -200, 1}. Sell at 36.01 (48033719). [20, -733.12].
[48405590] {1, 100, 4}. MO buy arrived. Sell at 36.04 (48405590). [19, -697.08].
[48411800] {3, 200, 3}.   Buy at 36.15 (48411710). [20, -733.23].
[49208070] {3, -700, 2}. MO sell arrived. Buy at 36.18 (49208070). [21, -769.41].
[50213905] {3, 0, 3}. MO sell arrived. Buy at 36.16 (50213905). [22, -805.57].
[50507616] {2, 0, 3}. MO sell arrived. Buy at 36.14 (50507616). [23, -841.71].
[50585300] {1, 200, 1}.   Buy at 36.14 (50585284). [24, -877.85].
[50845000] {1, -100, 1}. Sell at 36.05 (50844972). [23, -841.80].
[51133226] {2, 0, 2}. MO buy arrived. Sell at 36.06 (51133226). [22, -805.74].
[51133300] {2, 100, 2}.   Buy at 36.14 (51133232). [23, -841.88].
[51141800] {1, -100, 1}. Sell at 36.04 (51141708). [22, -805.84].
[51406400] {2, 100, 2}.   Buy at 36.15 (51406345). [23, -841.99].
[51426200] {3, 100, 3}.   Buy at 36.15 (51426157). [24, -878.14].
[51438100] {2, 100, 2}.   Buy at 36.15 (51438025). [25, -914.29].
[51466293] {2, -500, 1}. MO sell arrived. Buy at 36.16 (51466293). [26, -950.45].
[51466400] {1, -300, 1}. Sell at 36.03 (51466394). [25, -914.42].
[51471300] {1, -100, 1}. Sell at 36.02 (51471272). [24, -878.40].
[51480600] {1, -200, 1}. Sell at 36.02 (51480572). [23, -842.38].
[51564500] {1, -100, 1}. Sell at 36.01 (51564453). [22, -806.37].
[51669800] {1, -300, 1}. Sell at 36.01 (51669743). [21, -770.36].
[51671800] {1, -300, 1}. Sell at 36.01 (51671724). [20, -734.35].
[51708100] {1, -100, 1}. Sell at 36.00 (51708033). [19, -698.35].
[51756200] {1, -100, 1}. Sell at 35.99 (51756147). [18, -662.36].
[51756600] {2, 200, 2}.   Buy at 36.10 (51756530). [19, -698.46].
[51824176] {1, 900, 1}. MO buy arrived. Sell at 36.08 (51824176). [18, -662.38].
[51824176] {1, 900, 1}. MO buy arrived. Sell at 36.08 (51824176). [17, -626.30].
[51824176] {1, 900, 1}. MO buy arrived. Sell at 36.08 (51824176). [16, -590.22].
[51824178] {1, 900, 1}. MO buy arrived. Sell at 36.08 (51824178). [15, -554.14].
[51824200] {1, 900, 1}.   Buy at 36.13 (51824187). [16, -590.27].
[51825800] {2, 200, 2}.   Buy at 36.12 (51825787). [17, -626.39].
[51852700] {2, -200, 2}. Sell at 35.97 (51852628). [16, -590.42].
[51897900] {2, -200, 2}. Sell at 35.97 (51897807). [15, -554.45].
[51917664] {3, 900, 3}. MO buy arrived. Sell at 36.00 (51917664). [14, -518.45].
[51917666] {3, 900, 3}. MO buy arrived. Sell at 36.09 (51917666). [13, -482.36].
[51917700] {3, 900, 3}.   Buy at 36.11 (51917676). [14, -518.47].
[51921266] {2, 100, 2}. MO sell arrived. Buy at 36.11 (51921266). [15, -554.58].
[51921266] {2, 100, 2}. MO buy arrived. Sell at 36.09 (51921266). [14, -518.49].
[51921300] {2, 100, 2}.   Buy at 36.11 (51921269). [15, -554.60].
[51944270] {2, -200, 2}. MO sell arrived. Buy at 36.10 (51944270). [16, -590.70].
[51944300] {2, -200, 2}. Sell at 36.07 (51944270). [15, -554.63].
[51979316] {2, 0, 2}. MO sell arrived. Buy at 36.09 (51979316). [16, -590.72].
[51979400] {2, 200, 2}.   Buy at 36.09 (51979316). [17, -626.81].
[52107584] {2, 200, 3}. MO sell arrived. Buy at 36.10 (52107584). [18, -662.91].
[52261047] {2, 0, 2}. MO sell arrived. Buy at 36.10 (52261047). [19, -699.01].
[52552800] {3, 100, 3}.   Buy at 36.11 (52552773). [20, -735.12].
[52681257] {3, -200, 2}. MO sell arrived. Buy at 36.10 (52681257). [21, -771.22].
[52681257] {3, -200, 2}. MO sell arrived. Buy at 36.10 (52681257). [22, -807.32].
[52688700] {3, -100, 3}. Sell at 36.00 (52688658). [21, -771.32].
[52735708] {4, 0, 4}. MO sell arrived. Buy at 36.10 (52735708). [22, -807.42].
[53077103] {2, 0, 2}. MO sell arrived. Buy at 36.10 (53077103). [23, -843.52].
[53079709] {3, 0, 3}. MO sell arrived. Buy at 36.10 (53079709). [24, -879.62].
[53107908] {2, 0, 2}. MO sell arrived. Buy at 36.10 (53107908). [25, -915.72].
[53108000] {2, -400, 2}. Sell at 36.00 (53107919). [24, -879.72].
[53108500] {4, -100, 4}. Sell at 35.99 (53108442). [23, -843.73].
[53143059] {2, 0, 4}. MO sell arrived. Buy at 36.05 (53143059). [24, -879.78].
[53144114] {4, 0, 4}. MO buy arrived. Sell at 36.00 (53144114). [23, -843.78].
[53144114] {4, 0, 4}. MO sell arrived. Buy at 36.05 (53144114). [24, -879.83].
[53571200] {4, 100, 4}.   Buy at 36.10 (53571176). [25, -915.93].
[53577700] {4, -100, 4}. Sell at 36.00 (53577621). [24, -879.93].
[53622000] {4, 100, 4}.   Buy at 36.10 (53621990). [25, -916.03].
[53638300] {2, -200, 2}. Sell at 36.01 (53638236). [24, -880.02].
[53698100] {4, -100, 4}. Sell at 36.03 (53698100). [23, -843.99].
[53704100] {4, -300, 4}. Sell at 36.00 (53704099). [22, -807.99].
[53707800] {4, -100, 4}. Sell at 36.00 (53707708). [21, -771.99].
[53709800] {4, 200, 4}.   Buy at 36.14 (53709746). [22, -808.13].
[53721782] {4, -100, 2}. MO sell arrived. Buy at 36.10 (53721782). [23, -844.23].
[53727000] {2, -200, 2}. Sell at 36.01 (53726974). [22, -808.22].
[53748400] {1, 100, 1}.   Buy at 36.14 (53748314). [23, -844.36].
[54136000] {3, 100, 3}.   Buy at 36.13 (54135997). [24, -880.49].
[54148800] {3, 200, 3}.   Buy at 36.11 (54148737). [25, -916.60].
[54149000] {3, 0, 3}. MO sell arrived. Buy at 36.10 (54149000). [26, -952.70].
[54234543] {3, 0, 3}. MO sell arrived. Buy at 36.09 (54234543). [27, -988.79].
[54416230] {4, 0, 4}. MO buy arrived. Sell at 36.05 (54416230). [26, -952.74].
[54416230] {4, 0, 4}. MO buy arrived. Sell at 36.05 (54416230). [25, -916.69].
[54416777] {2, 100, 4}. MO buy arrived. Sell at 36.05 (54416777). [24, -880.64].
[54416778] {2, 100, 4}. MO buy arrived. Sell at 36.05 (54416778). [23, -844.59].
[54417800] {4, -100, 4}. Sell at 36.05 (54417711). [22, -808.54].
[54420500] {2, -200, 2}. Sell at 36.05 (54420440). [21, -772.49].
[54432500] {3, -100, 3}. Sell at 36.05 (54432490). [20, -736.44].
[54447800] {4, -100, 4}. Sell at 36.05 (54447732). [19, -700.39].
[54452200] {3, 100, 3}.   Buy at 36.13 (54452179). [20, -736.52].
[54626936] {3, 0, 3}. MO sell arrived. Buy at 36.12 (54626936). [21, -772.64].
[54713300] {3, 200, 3}.   Buy at 36.12 (54713260). [22, -808.76].
[54724700] {3, 300, 3}.   Buy at 36.12 (54724607). [23, -844.88].
[54733200] {3, 400, 3}.   Buy at 36.12 (54733109). [24, -881.00].
[54748929] {4, 0, 4}. MO buy arrived. Sell at 36.10 (54748929). [23, -844.90].
[54753303] {4, 100, 3}. MO buy arrived. Sell at 36.11 (54753303). [22, -808.79].
[54753755] {3, 0, 3}. MO sell arrived. Buy at 36.18 (54753755). [23, -844.97].
[54763800] {3, -100, 3}. Sell at 36.10 (54763745). [22, -808.87].
[54775800] {2, -100, 2}. Sell at 36.09 (54775770). [21, -772.78].
[54897300] {3, -100, 3}. Sell at 36.08 (54897213). [20, -736.70].
[54916037] {3, 0, 3}. MO buy arrived. Sell at 36.11 (54916037). [19, -700.59].
[54923000] {2, 100, 2}.   Buy at 36.21 (54922956). [20, -736.80].
[54993845] {2, 0, 2}. MO sell arrived. Buy at 36.18 (54993845). [21, -772.98].
[54993900] {2, -100, 2}. Sell at 36.14 (54993878). [20, -736.84].
[54995525] {3, 0, 3}. MO sell arrived. Buy at 36.17 (54995525). [21, -773.01].
[55008976] {2, -100, 2}. MO sell arrived. Buy at 36.16 (55008976). [22, -809.17].
[55009000] {2, -100, 2}. Sell at 36.10 (55008982). [21, -773.07].
[55059600] {1, -200, 1}. Sell at 36.06 (55059528). [20, -737.01].
[55080100] {2, -100, 2}. Sell at 36.02 (55080075). [19, -700.99].
[55105777] {3, 200, 4}. MO buy arrived. Sell at 35.98 (55105777). [18, -665.01].
[55126102] {3, 0, 3}. MO sell arrived. Buy at 36.10 (55126102). [19, -701.11].
[55126157] {3, -300, 2}. MO sell arrived. Buy at 36.08 (55126157). [20, -737.19].
[55252000] {3, 100, 3}.   Buy at 36.06 (55251951). [21, -773.25].
[55259200] {3, 200, 3}.   Buy at 36.06 (55259111). [22, -809.31].
[55265200] {3, 300, 3}.   Buy at 36.06 (55265111). [23, -845.37].
[55273800] {1, -100, 1}. Sell at 35.96 (55273797). [22, -809.41].
[55275800] {2, 100, 2}.   Buy at 36.05 (55275707). [23, -845.46].
[55289200] {3, 200, 3}.   Buy at 36.05 (55289110). [24, -881.51].
[55402800] {2, 100, 2}.   Buy at 36.05 (55402771). [25, -917.56].
[55553728] {2, 0, 2}. MO buy arrived. Sell at 35.95 (55553728). [24, -881.61].
[55805798] {2, 0, 2}. MO sell arrived. Buy at 35.98 (55805798). [25, -917.59].
[55833748] {3, 0, 3}. MO sell arrived. Buy at 35.97 (55833748). [26, -953.56].
[55833748] {3, 0, 3}. MO sell arrived. Buy at 35.97 (55833748). [27, -989.53].
[55833748] {3, 0, 3}. MO sell arrived. Buy at 35.97 (55833748). [28, -1025.50].
[55915189] {3, -100, 2}. MO sell arrived. Buy at 35.93 (55915189). [29, -1061.43].
[55923521] {3, 0, 3}. MO sell arrived. Buy at 35.91 (55923521). [30, -1097.34].
[55977756] {3, 0, 2}. MO buy arrived. Sell at 35.87 (55977756). [29, -1061.47].
[55989100] {3, 100, 3}.   Buy at 35.97 (55989099). [30, -1097.44].
[56002934] {4, 0, 4}. MO sell arrived. Buy at 35.96 (56002934). [31, -1133.40].
[56183979] {2, 0, 2}. MO sell arrived. Buy at 35.97 (56183979). [32, -1169.37].
[56349800] {3, 100, 3}.   Buy at 35.97 (56349713). [33, -1205.34].
[56466382] {2, -100, 3}. MO sell arrived. Buy at 35.96 (56466382). [34, -1241.30].
[56725500] {3, 100, 3}.   Buy at 35.97 (56725432). [35, -1277.27].
[56733800] {3, 100, 3}.   Buy at 35.97 (56733731). [36, -1313.24].
[56742800] {3, 100, 3}.   Buy at 35.97 (56742733). [37, -1349.21].
[56743885] {3, 0, 2}. MO buy arrived. Sell at 35.95 (56743885). [36, -1313.26].
[56747800] {2, 100, 2}.   Buy at 36.02 (56747708). [37, -1349.28].
[56815119] {2, 0, 2}. MO buy arrived. Sell at 35.96 (56815119). [36, -1313.32].
[56815120] {2, 0, 2}. MO buy arrived. Sell at 35.96 (56815120). [35, -1277.36].
[56815122] {2, 0, 2}. MO buy arrived. Sell at 35.97 (56815122). [34, -1241.39].
[56815125] {2, 0, 2}. MO buy arrived. Sell at 35.97 (56815125). [33, -1205.42].
[56815150] {2, 100, 3}. MO buy arrived. Sell at 35.96 (56815150). [32, -1169.46].
[56815181] {2, 100, 3}. MO buy arrived. Sell at 35.96 (56815181). [31, -1133.50].
[56815188] {2, 100, 3}. MO buy arrived. Sell at 35.96 (56815188). [30, -1097.54].
[56815212] {2, 100, 3}. MO buy arrived. Sell at 35.97 (56815212). [29, -1061.57].
[56815400] {2, 100, 2}.   Buy at 36.09 (56815335). [30, -1097.66].
[56815709] {2, 0, 2}. MO buy arrived. Sell at 36.01 (56815709). [29, -1061.65].
[56820600] {2, -200, 2}. Sell at 35.99 (56820547). [28, -1025.66].
[56821100] {2, 100, 2}.   Buy at 36.07 (56821027). [29, -1061.73].
[56829342] {3, 0, 3}. MO sell arrived. Buy at 36.05 (56829342). [30, -1097.78].
[56831800] {1, -200, 1}. Sell at 35.95 (56831714). [29, -1061.83].
[56866100] {2, 200, 2}.   Buy at 36.07 (56866069). [30, -1097.90].
[56887348] {3, 0, 3}. MO sell arrived. Buy at 36.04 (56887348). [31, -1133.94].
[57016900] {3, 300, 3}.   Buy at 36.04 (57016834). [32, -1169.98].
[57102850] {2, -200, 2}. MO sell arrived. Buy at 36.03 (57102850). [33, -1206.01].
[57102900] {2, -200, 2}. Sell at 35.98 (57102850). [32, -1170.03].
[57120127] {2, 0, 2}. MO sell arrived. Buy at 36.04 (57120127). [33, -1206.07].
[57120144] {2, 0, 2}. MO sell arrived. Buy at 36.02 (57120144). [34, -1242.09].
[57120200] {2, -900, 2}. Sell at 35.89 (57120176). [33, -1206.20].
[57129800] {2, -100, 2}. Sell at 35.92 (57129709). [32, -1170.28].
[57131800] {2, 200, 2}.   Buy at 36.01 (57131714). [33, -1206.29].
[57238898] {2, 0, 4}. MO sell arrived. Buy at 36.00 (57238898). [34, -1242.29].
[57307115] {3, 0, 3}. MO sell arrived. Buy at 36.00 (57307115). [35, -1278.29].
[57319414] {3, 0, 3}. MO sell arrived. Buy at 35.97 (57319414). [36, -1314.26].
[57325411] {3, 0, 3}. MO sell arrived. Buy at 35.96 (57325411). [37, -1350.22].
[57325412] {3, 0, 3}. MO sell arrived. Buy at 35.96 (57325412). [38, -1386.18].
[57327800] {3, 100, 3}.   Buy at 35.95 (57327764). [39, -1422.13].
[57335500] {3, 100, 3}.   Buy at 35.95 (57335435). [40, -1458.08].
[57356422] {3, 0, 3}. MO buy arrived. Sell at 35.92 (57356422). [39, -1422.16].
[57359249] {3, 0, 3}. MO sell arrived. Buy at 35.95 (57359249). [40, -1458.11].
[57446092] {3, -100, 2}. MO sell arrived. Buy at 35.95 (57446092). [41, -1494.06].
[57466846] {3, 0, 3}. MO buy arrived. Sell at 35.91 (57466846). [40, -1458.15].
[57517800] {3, 100, 3}.   Buy at 35.99 (57517785). [41, -1494.14].
[57538224] {3, 0, 3}. MO sell arrived. Buy at 36.00 (57538224). [42, -1530.14].
[57540451] {4, -100, 3}. MO sell arrived. Buy at 35.99 (57540451). [43, -1566.13].
[57557765] {3, -200, 3}. MO sell arrived. Buy at 35.99 (57557765). [44, -1602.12].
[57557800] {3, -200, 3}. Sell at 35.95 (57557792). [43, -1566.17].
[57560396] {3, 0, 3}. MO sell arrived. Buy at 35.97 (57560396). [44, -1602.14].
[57560800] {3, -100, 3}. Sell at 35.92 (57560778). [43, -1566.22].
[57562057] {3, 0, 3}. MO buy arrived. Sell at 35.92 (57562057). [42, -1530.30].
[57566158] {2, 0, 2}. MO sell arrived. Buy at 35.97 (57566158). [43, -1566.27].
[57566263] {2, 0, 1}. MO sell arrived. Buy at 35.95 (57566263). [44, -1602.22].
[57569125] {2, 0, 2}. MO sell arrived. Buy at 35.95 (57569125). [45, -1638.17].
[57571564] {2, 0, 1}. MO sell arrived. Buy at 35.95 (57571564). [46, -1674.12].
[57572217] {1, 0, 1}. MO sell arrived. Buy at 35.95 (57572217). [47, -1710.07].
[57583178] {4, 0, 4}. MO buy arrived. Sell at 35.89 (57583178). [46, -1674.18].
[57595045] {2, 0, 2}. MO buy arrived. Sell at 35.91 (57595045). [45, -1638.27].
[57598739] {4, 0, 4}. MO buy arrived. Sell at 35.92 (57598739). [44, -1602.35].
[57599157] {4, 0, 4}. MO sell arrived. Buy at 35.94 (57599157). [45, -1638.29].
[57600000] Closing long position 45 shares at 35.92 (57599848).
[57600000] Final cash: -21.89.
[57600000] Normalized Final cash: -0.63.
