[timestamp] {imbalance_prev, dS_prev, imbalance_curr}. Buy/Sell price (timestamp). [Asset, Cash]
[34202895] {2, 1800, 2}. MO sell arrived. Buy at 895.93 (34202895). [1, -895.93].
[34202896] {2, 1800, 2}. MO sell arrived. Buy at 895.75 (34202896). [2, -1791.68].
[34227059] {2, 3700, 2}. MO sell arrived. Buy at 894.04 (34227059). [3, -2685.72].
[34227060] {2, 3700, 2}. MO sell arrived. Buy at 894.04 (34227060). [4, -3579.76].
[34235295] {2, 800, 2}. MO sell arrived. Buy at 894.30 (34235295). [5, -4474.06].
[34235296] {2, 800, 2}. MO sell arrived. Buy at 894.30 (34235296). [6, -5368.36].
[34253617] {2, -2100, 2}. MO buy arrived. Sell at 897.00 (34253617). [5, -4471.36].
[34337820] {1, -100, 1}. MO buy arrived. Sell at 899.00 (34337820). [4, -3572.36].
[34337827] {1, -100, 1}. MO buy arrived. Sell at 899.01 (34337827). [3, -2673.35].
[34337829] {1, -100, 1}. MO buy arrived. Sell at 899.20 (34337829). [2, -1774.15].
[34337839] {1, -100, 1}. MO buy arrived. Sell at 899.20 (34337839). [1, -874.95].
[34337841] {1, -100, 1}. MO buy arrived. Sell at 899.22 (34337841). [0, 24.27].
[34350606] {1, 600, 1}. MO sell arrived. Buy at 899.17 (34350606). [1, -874.90].
[34350779] {1, 600, 1}. MO sell arrived. Buy at 899.17 (34350779). [2, -1774.07].
[34371409] {1, 100, 1}. MO sell arrived. Buy at 898.65 (34371409). [3, -2672.72].
[34415539] {3, 1100, 3}. MO sell arrived. Buy at 898.43 (34415539). [4, -3571.15].
[34415541] {3, 1100, 3}. MO sell arrived. Buy at 898.37 (34415541). [5, -4469.52].
[34432211] {1, -100, 1}. MO buy arrived. Sell at 899.35 (34432211). [4, -3570.17].
[34437914] {2, -700, 2}. MO buy arrived. Sell at 898.58 (34437914). [3, -2671.59].
[34437915] {2, -700, 2}. MO buy arrived. Sell at 899.27 (34437915). [2, -1772.32].
[34437915] {2, -700, 2}. MO buy arrived. Sell at 899.27 (34437915). [1, -873.05].
[34437930] {2, -700, 2}. MO buy arrived. Sell at 898.60 (34437930). [0, 25.55].
[34437937] {2, -700, 2}. MO buy arrived. Sell at 898.60 (34437937). [-1, 924.15].
[34437979] {2, -700, 2}. MO buy arrived. Sell at 898.58 (34437979). [-2, 1822.73].
[34437998] {2, -700, 2}. MO buy arrived. Sell at 898.78 (34437998). [-3, 2721.51].
[34567951] {1, 1200, 1}. MO sell arrived. Buy at 903.63 (34567951). [-2, 1817.88].
[34567952] {1, 1200, 1}. MO sell arrived. Buy at 903.48 (34567952). [-1, 914.40].
[34574007] {2, 200, 2}. MO sell arrived. Buy at 903.66 (34574007). [0, 10.74].
[34592356] {2, 100, 2}. MO sell arrived. Buy at 903.78 (34592356). [1, -893.04].
[34610174] {2, -3900, 2}. MO buy arrived. Sell at 903.17 (34610174). [0, 10.13].
[34610174] {2, -3900, 2}. MO buy arrived. Sell at 903.17 (34610174). [-1, 913.30].
[34705600] {2, 1600, 2}. MO sell arrived. Buy at 900.53 (34705600). [0, 12.77].
[34705622] {2, 1600, 2}. MO sell arrived. Buy at 900.70 (34705622). [1, -887.93].
[34705622] {2, 1600, 2}. MO sell arrived. Buy at 900.70 (34705622). [2, -1788.63].
[34705623] {2, 1600, 2}. MO sell arrived. Buy at 900.70 (34705623). [3, -2689.33].
[34728404] {2, -800, 2}. MO buy arrived. Sell at 900.61 (34728404). [2, -1788.72].
[34751405] {2, 3300, 2}. MO sell arrived. Buy at 899.93 (34751405). [3, -2688.65].
[34751413] {2, 3300, 2}. MO sell arrived. Buy at 899.93 (34751413). [4, -3588.58].
[34751418] {2, 3300, 2}. MO sell arrived. Buy at 899.93 (34751418). [5, -4488.51].
[34751424] {2, 3300, 2}. MO sell arrived. Buy at 899.93 (34751424). [6, -5388.44].
[34751425] {2, 3300, 2}. MO sell arrived. Buy at 899.90 (34751425). [7, -6288.34].
[34751426] {2, 3300, 2}. MO sell arrived. Buy at 899.90 (34751426). [8, -7188.24].
[34774308] {1, 100, 1}. MO sell arrived. Buy at 899.79 (34774308). [9, -8088.03].
[34774314] {1, 100, 1}. MO sell arrived. Buy at 899.78 (34774314). [10, -8987.81].
[34774316] {1, 100, 1}. MO sell arrived. Buy at 899.74 (34774316). [11, -9887.55].
[34825436] {2, -300, 2}. MO buy arrived. Sell at 900.00 (34825436). [10, -8987.55].
[34840635] {1, 2100, 1}. MO sell arrived. Buy at 900.07 (34840635). [11, -9887.62].
[34884160] {2, -400, 2}. MO buy arrived. Sell at 901.60 (34884160). [10, -8986.02].
[34908300] {1, 2600, 1}. MO sell arrived. Buy at 901.64 (34908300). [11, -9887.66].
[34934203] {2, -1200, 2}. MO buy arrived. Sell at 901.86 (34934203). [10, -8985.80].
[34937403] {3, -400, 3}. MO buy arrived. Sell at 901.67 (34937403). [9, -8084.13].
[34937404] {3, -400, 3}. MO buy arrived. Sell at 901.67 (34937404). [8, -7182.46].
[35011300] {2, 600, 2}. MO sell arrived. Buy at 901.97 (35011300). [9, -8084.43].
[35075371] {2, -600, 2}. MO buy arrived. Sell at 903.63 (35075371). [8, -7180.80].
[35075376] {2, -600, 2}. MO buy arrived. Sell at 903.49 (35075376). [7, -6277.31].
[35084880] {2, -600, 2}. MO buy arrived. Sell at 902.83 (35084880). [6, -5374.48].
[35108434] {1, 300, 1}. MO sell arrived. Buy at 903.01 (35108434). [7, -6277.49].
[35132442] {2, 100, 2}. MO sell arrived. Buy at 902.65 (35132442). [8, -7180.14].
[35146700] {2, -1800, 2}. MO buy arrived. Sell at 902.68 (35146700). [7, -6277.46].
[35166705] {2, 1100, 2}. MO sell arrived. Buy at 902.77 (35166705). [8, -7180.23].
[35245824] {2, 100, 2}. MO sell arrived. Buy at 903.27 (35245824). [9, -8083.50].
[35246990] {3, 600, 3}. MO sell arrived. Buy at 903.44 (35246990). [10, -8986.94].
[35315715] {2, -200, 2}. MO buy arrived. Sell at 902.87 (35315715). [9, -8084.07].
[35315717] {2, -200, 2}. MO buy arrived. Sell at 903.00 (35315717). [8, -7181.07].
[35315717] {2, -200, 2}. MO buy arrived. Sell at 903.00 (35315717). [7, -6278.07].
[35333655] {2, 300, 2}. MO sell arrived. Buy at 903.10 (35333655). [8, -7181.17].
[35369330] {2, -200, 2}. MO buy arrived. Sell at 903.00 (35369330). [7, -6278.17].
[35369339] {2, -200, 2}. MO buy arrived. Sell at 903.17 (35369339). [6, -5375.00].
[35369339] {2, -200, 2}. MO buy arrived. Sell at 903.17 (35369339). [5, -4471.83].
[35369346] {2, -200, 2}. MO buy arrived. Sell at 903.22 (35369346). [4, -3568.61].
[35369348] {2, -200, 2}. MO buy arrived. Sell at 903.27 (35369348). [3, -2665.34].
[35414315] {3, 500, 3}. MO sell arrived. Buy at 903.32 (35414315). [4, -3568.66].
[35429038] {3, -1000, 3}. MO buy arrived. Sell at 903.98 (35429038). [3, -2664.68].
[35429096] {3, -1000, 3}. MO buy arrived. Sell at 903.98 (35429096). [2, -1760.70].
[35452740] {1, -2800, 1}. MO buy arrived. Sell at 904.78 (35452740). [1, -855.92].
[35456533] {3, 1500, 3}. MO sell arrived. Buy at 904.70 (35456533). [2, -1760.62].
[35456801] {2, 1000, 2}. MO sell arrived. Buy at 904.55 (35456801). [3, -2665.17].
[35457426] {3, -2700, 3}. MO buy arrived. Sell at 904.92 (35457426). [2, -1760.25].
[35457426] {3, -2700, 3}. MO buy arrived. Sell at 904.92 (35457426). [1, -855.33].
[35467031] {2, 1000, 2}. MO sell arrived. Buy at 904.61 (35467031). [2, -1759.94].
[35520000] {2, -600, 2}. MO buy arrived. Sell at 904.91 (35520000). [1, -855.03].
[35521259] {1, -300, 1}. MO buy arrived. Sell at 905.01 (35521259). [0, 49.98].
[35521262] {1, -300, 1}. MO buy arrived. Sell at 905.01 (35521262). [-1, 954.99].
[35521264] {1, -300, 1}. MO buy arrived. Sell at 905.05 (35521264). [-2, 1860.04].
[35521283] {1, -300, 1}. MO buy arrived. Sell at 905.07 (35521283). [-3, 2765.11].
[35521785] {1, 1200, 1}. MO sell arrived. Buy at 904.84 (35521785). [-2, 1860.27].
[35565954] {1, -600, 1}. MO buy arrived. Sell at 905.75 (35565954). [-3, 2766.02].
[35565956] {1, -600, 1}. MO buy arrived. Sell at 905.81 (35565956). [-4, 3671.83].
[35570408] {3, 500, 3}. MO sell arrived. Buy at 905.82 (35570408). [-3, 2766.01].
[35570478] {3, 500, 3}. MO sell arrived. Buy at 905.68 (35570478). [-2, 1860.33].
[35570478] {3, 500, 3}. MO sell arrived. Buy at 905.68 (35570478). [-1, 954.65].
[35570771] {1, -1200, 1}. MO buy arrived. Sell at 905.85 (35570771). [-2, 1860.50].
[35576203] {1, -600, 1}. MO buy arrived. Sell at 905.69 (35576203). [-3, 2766.19].
[35619058] {2, -100, 2}. MO buy arrived. Sell at 905.20 (35619058). [-4, 3671.39].
[35619058] {2, -100, 2}. MO buy arrived. Sell at 905.20 (35619058). [-5, 4576.59].
[35619059] {2, -100, 2}. MO buy arrived. Sell at 905.20 (35619059). [-6, 5481.79].
[35622490] {3, 500, 3}. MO sell arrived. Buy at 905.09 (35622490). [-5, 4576.70].
[35626493] {1, -200, 1}. MO buy arrived. Sell at 905.30 (35626493). [-6, 5482.00].
[35642916] {1, 600, 1}. MO sell arrived. Buy at 905.65 (35642916). [-5, 4576.35].
[35682841] {3, 2300, 3}. MO sell arrived. Buy at 905.80 (35682841). [-4, 3670.55].
[35684482] {2, -500, 2}. MO buy arrived. Sell at 905.99 (35684482). [-5, 4576.54].
[35710943] {2, -300, 2}. MO buy arrived. Sell at 905.46 (35710943). [-6, 5482.00].
[35746500] {1, -100, 1}. MO buy arrived. Sell at 906.00 (35746500). [-7, 6388.00].
[35746501] {1, -100, 1}. MO buy arrived. Sell at 906.00 (35746501). [-8, 7294.00].
[35746501] {1, -100, 1}. MO buy arrived. Sell at 906.00 (35746501). [-9, 8200.00].
[35865553] {3, 3300, 3}. MO sell arrived. Buy at 907.11 (35865553). [-8, 7292.89].
[35865553] {3, 3300, 3}. MO sell arrived. Buy at 907.11 (35865553). [-7, 6385.78].
[35865554] {3, 3300, 3}. MO sell arrived. Buy at 907.10 (35865554). [-6, 5478.68].
[35865942] {3, 2400, 3}. MO sell arrived. Buy at 907.27 (35865942). [-5, 4571.41].
[35874502] {2, -700, 2}. MO buy arrived. Sell at 906.79 (35874502). [-6, 5478.20].
[36064926] {3, -1000, 3}. MO buy arrived. Sell at 907.45 (36064926). [-7, 6385.65].
[36127699] {1, -400, 1}. MO buy arrived. Sell at 908.00 (36127699). [-8, 7293.65].
[36128551] {1, -100, 1}. MO buy arrived. Sell at 908.00 (36128551). [-9, 8201.65].
[36131042] {2, -500, 2}. MO buy arrived. Sell at 907.98 (36131042). [-10, 9109.63].
[36131762] {2, -100, 2}. MO buy arrived. Sell at 907.98 (36131762). [-11, 10017.61].
[36131763] {2, -100, 2}. MO buy arrived. Sell at 908.00 (36131763). [-12, 10925.61].
[36131771] {2, -100, 2}. MO buy arrived. Sell at 908.00 (36131771). [-13, 11833.61].
[36135781] {1, 300, 1}. MO sell arrived. Buy at 907.90 (36135781). [-12, 10925.71].
[36141454] {3, 1300, 3}. MO sell arrived. Buy at 908.40 (36141454). [-11, 10017.31].
[36141483] {3, 1300, 3}. MO sell arrived. Buy at 908.25 (36141483). [-10, 9109.06].
[36154008] {1, -1000, 1}. MO buy arrived. Sell at 908.25 (36154008). [-11, 10017.31].
[36189054] {3, 600, 3}. MO sell arrived. Buy at 909.06 (36189054). [-10, 9108.25].
[36189055] {3, 600, 3}. MO sell arrived. Buy at 908.88 (36189055). [-9, 8199.37].
[36272188] {2, 700, 2}. MO sell arrived. Buy at 908.50 (36272188). [-8, 7290.87].
[36272190] {2, 700, 2}. MO sell arrived. Buy at 908.50 (36272190). [-7, 6382.37].
[36286326] {3, 1400, 3}. MO sell arrived. Buy at 909.44 (36286326). [-6, 5472.93].
[36286326] {3, 1400, 3}. MO sell arrived. Buy at 909.44 (36286326). [-5, 4563.49].
[36286328] {3, 1400, 3}. MO sell arrived. Buy at 909.20 (36286328). [-4, 3654.29].
[36286332] {3, 1400, 3}. MO sell arrived. Buy at 909.20 (36286332). [-3, 2745.09].
[36294011] {3, -1500, 3}. MO buy arrived. Sell at 909.42 (36294011). [-4, 3654.51].
[36313390] {3, -800, 3}. MO buy arrived. Sell at 909.86 (36313390). [-5, 4564.37].
[36369414] {2, 1000, 2}. MO sell arrived. Buy at 910.16 (36369414). [-4, 3654.21].
[36378132] {2, -200, 2}. MO buy arrived. Sell at 910.69 (36378132). [-5, 4564.90].
[36421313] {2, 600, 2}. MO sell arrived. Buy at 911.33 (36421313). [-4, 3653.57].
[36451528] {2, 300, 2}. MO sell arrived. Buy at 910.70 (36451528). [-3, 2742.87].
[36609675] {2, 1000, 2}. MO sell arrived. Buy at 909.61 (36609675). [-2, 1833.26].
[36609675] {2, 1000, 2}. MO sell arrived. Buy at 909.61 (36609675). [-1, 923.65].
[36611569] {2, -500, 2}. MO buy arrived. Sell at 909.74 (36611569). [-2, 1833.39].
[36611569] {2, -500, 2}. MO buy arrived. Sell at 909.74 (36611569). [-3, 2743.13].
[36613437] {1, 100, 1}. MO sell arrived. Buy at 909.11 (36613437). [-2, 1834.02].
[36627313] {3, 100, 3}. MO sell arrived. Buy at 909.71 (36627313). [-1, 924.31].
[36639122] {2, 600, 2}. MO sell arrived. Buy at 909.85 (36639122). [0, 14.46].
[36639122] {2, 600, 2}. MO sell arrived. Buy at 909.85 (36639122). [1, -895.39].
[36639125] {2, 600, 2}. MO sell arrived. Buy at 909.80 (36639125). [2, -1805.19].
[36675976] {3, 1400, 3}. MO sell arrived. Buy at 909.41 (36675976). [3, -2714.60].
[36675976] {3, 1400, 3}. MO sell arrived. Buy at 909.41 (36675976). [4, -3624.01].
[36681415] {2, -600, 2}. MO buy arrived. Sell at 908.94 (36681415). [3, -2715.07].
[36681470] {2, -600, 2}. MO buy arrived. Sell at 908.92 (36681470). [2, -1806.15].
[36698869] {2, 900, 2}. MO sell arrived. Buy at 908.21 (36698869). [3, -2714.36].
[36707945] {2, 500, 2}. MO sell arrived. Buy at 908.22 (36707945). [4, -3622.58].
[36727170] {2, 200, 2}. MO sell arrived. Buy at 908.09 (36727170). [5, -4530.67].
[36788207] {2, 700, 2}. MO sell arrived. Buy at 907.91 (36788207). [6, -5438.58].
[36788207] {2, 700, 2}. MO sell arrived. Buy at 907.91 (36788207). [7, -6346.49].
[36788207] {2, 700, 2}. MO sell arrived. Buy at 907.91 (36788207). [8, -7254.40].
[36823962] {1, 800, 1}. MO sell arrived. Buy at 908.10 (36823962). [9, -8162.50].
[36823963] {1, 800, 1}. MO sell arrived. Buy at 907.97 (36823963). [10, -9070.47].
[36823963] {1, 800, 1}. MO sell arrived. Buy at 907.97 (36823963). [11, -9978.44].
[36823964] {1, 800, 1}. MO sell arrived. Buy at 907.85 (36823964). [12, -10886.29].
[36841311] {2, 1000, 2}. MO sell arrived. Buy at 907.48 (36841311). [13, -11793.77].
[36841328] {2, 1000, 2}. MO sell arrived. Buy at 907.45 (36841328). [14, -12701.22].
[36841341] {2, 1000, 2}. MO sell arrived. Buy at 907.43 (36841341). [15, -13608.65].
[36841341] {2, 1000, 2}. MO sell arrived. Buy at 907.43 (36841341). [16, -14516.08].
[36841353] {2, 1000, 2}. MO sell arrived. Buy at 907.43 (36841353). [17, -15423.51].
[36841808] {1, 700, 1}. MO sell arrived. Buy at 907.43 (36841808). [18, -16330.94].
[36842008] {1, 700, 1}. MO sell arrived. Buy at 907.43 (36842008). [19, -17238.37].
[36842208] {1, 700, 1}. MO sell arrived. Buy at 907.43 (36842208). [20, -18145.80].
[36847681] {1, -100, 1}. MO buy arrived. Sell at 907.24 (36847681). [19, -17238.56].
[36857143] {3, 3100, 3}. MO sell arrived. Buy at 907.43 (36857143). [20, -18145.99].
[36950900] {1, -2500, 1}. MO buy arrived. Sell at 907.90 (36950900). [19, -17238.09].
[36950900] {1, -2500, 1}. MO buy arrived. Sell at 907.90 (36950900). [18, -16330.19].
[36950900] {1, -2500, 1}. MO buy arrived. Sell at 907.90 (36950900). [17, -15422.29].
[36950900] {1, -2500, 1}. MO buy arrived. Sell at 907.90 (36950900). [16, -14514.39].
[36950906] {1, -2500, 1}. MO buy arrived. Sell at 907.85 (36950906). [15, -13606.54].
[37071983] {2, -100, 2}. MO buy arrived. Sell at 908.51 (37071983). [14, -12698.03].
[37161241] {3, 2200, 3}. MO sell arrived. Buy at 908.68 (37161241). [15, -13606.71].
[37161241] {3, 2200, 3}. MO sell arrived. Buy at 908.68 (37161241). [16, -14515.39].
[37177827] {2, -100, 2}. MO buy arrived. Sell at 909.01 (37177827). [15, -13606.38].
[37206270] {1, 100, 1}. MO sell arrived. Buy at 908.60 (37206270). [16, -14514.98].
[37206272] {1, 100, 1}. MO sell arrived. Buy at 908.50 (37206272). [17, -15423.48].
[37206272] {1, 100, 1}. MO sell arrived. Buy at 908.50 (37206272). [18, -16331.98].
[37418102] {3, -900, 3}. MO buy arrived. Sell at 907.24 (37418102). [17, -15424.74].
[37418141] {3, -900, 3}. MO buy arrived. Sell at 907.24 (37418141). [16, -14517.50].
[37418164] {3, -900, 3}. MO buy arrived. Sell at 907.24 (37418164). [15, -13610.26].
[37421469] {2, 400, 2}. MO sell arrived. Buy at 906.95 (37421469). [16, -14517.21].
[37569896] {1, -200, 1}. MO buy arrived. Sell at 906.52 (37569896). [15, -13610.69].
[37569899] {1, -200, 1}. MO buy arrived. Sell at 906.62 (37569899). [14, -12704.07].
[37601295] {1, -100, 1}. MO buy arrived. Sell at 906.01 (37601295). [13, -11798.06].
[37646839] {2, 1000, 2}. MO sell arrived. Buy at 905.55 (37646839). [14, -12703.61].
[37698374] {2, 400, 2}. MO sell arrived. Buy at 906.09 (37698374). [15, -13609.70].
[37698418] {2, 300, 2}. MO sell arrived. Buy at 906.00 (37698418). [16, -14515.70].
[37698419] {2, 300, 2}. MO sell arrived. Buy at 906.00 (37698419). [17, -15421.70].
[37848275] {1, 1400, 1}. MO sell arrived. Buy at 904.99 (37848275). [18, -16326.69].
[37878128] {3, 800, 3}. MO sell arrived. Buy at 904.98 (37878128). [19, -17231.67].
[38054456] {2, -400, 2}. MO buy arrived. Sell at 904.95 (38054456). [18, -16326.72].
[38054460] {2, -400, 2}. MO buy arrived. Sell at 904.98 (38054460). [17, -15421.74].
[38113992] {2, 700, 2}. MO sell arrived. Buy at 905.13 (38113992). [18, -16326.87].
[38131425] {1, -1700, 1}. MO buy arrived. Sell at 905.00 (38131425). [17, -15421.87].
[38131427] {1, -1700, 1}. MO buy arrived. Sell at 905.00 (38131427). [16, -14516.87].
[38171288] {1, -100, 1}. MO buy arrived. Sell at 904.77 (38171288). [15, -13612.10].
[38193110] {3, -100, 3}. MO buy arrived. Sell at 904.56 (38193110). [14, -12707.54].
[38424827] {3, -1900, 3}. MO buy arrived. Sell at 905.29 (38424827). [13, -11802.25].
[38424829] {3, -1900, 3}. MO buy arrived. Sell at 905.30 (38424829). [12, -10896.95].
[38559400] {2, -1200, 2}. MO buy arrived. Sell at 905.69 (38559400). [11, -9991.26].
[38698210] {2, -1000, 2}. MO buy arrived. Sell at 904.87 (38698210). [10, -9086.39].
[38988067] {2, 100, 2}. MO sell arrived. Buy at 906.66 (38988067). [11, -9993.05].
[39231612] {3, 300, 3}. MO sell arrived. Buy at 906.08 (39231612). [12, -10899.13].
[39654732] {2, -100, 2}. MO buy arrived. Sell at 908.70 (39654732). [11, -9990.43].
[39654751] {2, -100, 2}. MO buy arrived. Sell at 908.71 (39654751). [10, -9081.72].
[39654753] {2, -100, 2}. MO buy arrived. Sell at 908.71 (39654753). [9, -8173.01].
[39744634] {2, 3200, 2}. MO sell arrived. Buy at 909.01 (39744634). [10, -9082.02].
[39744660] {2, 3200, 2}. MO sell arrived. Buy at 909.01 (39744660). [11, -9991.03].
[39744660] {2, 3200, 2}. MO sell arrived. Buy at 909.01 (39744660). [12, -10900.04].
[39756147] {3, -400, 3}. MO buy arrived. Sell at 909.54 (39756147). [11, -9990.50].
[39756154] {3, -400, 3}. MO buy arrived. Sell at 909.70 (39756154). [10, -9080.80].
[39756160] {3, -400, 3}. MO buy arrived. Sell at 909.78 (39756160). [9, -8171.02].
[39756168] {3, -400, 3}. MO buy arrived. Sell at 909.79 (39756168). [8, -7261.23].
[39756175] {3, -400, 3}. MO buy arrived. Sell at 909.81 (39756175). [7, -6351.42].
[39920816] {1, -1300, 1}. MO buy arrived. Sell at 909.10 (39920816). [6, -5442.32].
[39920816] {1, -1300, 1}. MO buy arrived. Sell at 909.10 (39920816). [5, -4533.22].
[39920816] {1, -1300, 1}. MO buy arrived. Sell at 909.10 (39920816). [4, -3624.12].
[39920817] {1, -1300, 1}. MO buy arrived. Sell at 909.32 (39920817). [3, -2714.80].
[39920819] {1, -1300, 1}. MO buy arrived. Sell at 909.32 (39920819). [2, -1805.48].
[39920819] {1, -1300, 1}. MO buy arrived. Sell at 909.32 (39920819). [1, -896.16].
[39933483] {1, 200, 1}. MO sell arrived. Buy at 908.62 (39933483). [2, -1804.78].
[40284328] {1, -400, 1}. MO buy arrived. Sell at 908.19 (40284328). [1, -896.59].
[40289322] {1, -600, 1}. MO buy arrived. Sell at 908.07 (40289322). [0, 11.48].
[40329703] {2, -100, 2}. MO buy arrived. Sell at 907.82 (40329703). [-1, 919.30].
[40329756] {2, -100, 2}. MO buy arrived. Sell at 908.17 (40329756). [-2, 1827.47].
[40350124] {2, 1100, 2}. MO sell arrived. Buy at 907.84 (40350124). [-1, 919.63].
[40350640] {1, 100, 1}. MO sell arrived. Buy at 907.99 (40350640). [0, 11.64].
[40350669] {1, 100, 1}. MO sell arrived. Buy at 907.97 (40350669). [1, -896.33].
[40350669] {1, 100, 1}. MO sell arrived. Buy at 907.97 (40350669). [2, -1804.30].
[40358582] {2, 100, 2}. MO sell arrived. Buy at 907.87 (40358582). [3, -2712.17].
[40484118] {2, 100, 2}. MO sell arrived. Buy at 908.02 (40484118). [4, -3620.19].
[40484119] {2, 100, 2}. MO sell arrived. Buy at 908.02 (40484119). [5, -4528.21].
[40484166] {2, 100, 2}. MO sell arrived. Buy at 908.05 (40484166). [6, -5436.26].
[40491913] {3, -100, 3}. MO buy arrived. Sell at 907.81 (40491913). [5, -4528.45].
[40492339] {3, -600, 3}. MO buy arrived. Sell at 907.87 (40492339). [4, -3620.58].
[40601802] {3, 1300, 3}. MO sell arrived. Buy at 907.89 (40601802). [5, -4528.47].
[40601824] {3, 1300, 3}. MO sell arrived. Buy at 907.89 (40601824). [6, -5436.36].
[40852867] {1, -1900, 1}. MO buy arrived. Sell at 908.21 (40852867). [5, -4528.15].
[40852868] {1, -1900, 1}. MO buy arrived. Sell at 908.40 (40852868). [4, -3619.75].
[41219513] {2, 800, 2}. MO sell arrived. Buy at 908.69 (41219513). [5, -4528.44].
[41506558] {2, -900, 2}. MO buy arrived. Sell at 908.76 (41506558). [4, -3619.68].
[41659851] {1, 1200, 1}. MO sell arrived. Buy at 908.89 (41659851). [5, -4528.57].
[42450482] {2, -400, 2}. MO buy arrived. Sell at 909.22 (42450482). [4, -3619.35].
[42689556] {3, -200, 3}. MO buy arrived. Sell at 909.64 (42689556). [3, -2709.71].
[43158100] {1, -800, 1}. MO buy arrived. Sell at 908.90 (43158100). [2, -1800.81].
[43158125] {1, -800, 1}. MO buy arrived. Sell at 908.90 (43158125). [1, -891.91].
[43158130] {1, -800, 1}. MO buy arrived. Sell at 908.90 (43158130). [0, 16.99].
[43347182] {2, 700, 2}. MO sell arrived. Buy at 909.00 (43347182). [1, -892.01].
[43564464] {1, -1300, 1}. MO buy arrived. Sell at 908.80 (43564464). [0, 16.79].
[43594691] {1, -3000, 1}. MO buy arrived. Sell at 908.90 (43594691). [-1, 925.69].
[43594692] {1, -3000, 1}. MO buy arrived. Sell at 908.90 (43594692). [-2, 1834.59].
[43594693] {1, -3000, 1}. MO buy arrived. Sell at 908.94 (43594693). [-3, 2743.53].
[43971990] {1, -1700, 1}. MO buy arrived. Sell at 908.77 (43971990). [-4, 3652.30].
[43971990] {1, -1700, 1}. MO buy arrived. Sell at 908.77 (43971990). [-5, 4561.07].
[43971990] {1, -1700, 1}. MO buy arrived. Sell at 908.77 (43971990). [-6, 5469.84].
[43971991] {1, -1700, 1}. MO buy arrived. Sell at 909.14 (43971991). [-7, 6378.98].
[44346412] {3, 2600, 3}. MO sell arrived. Buy at 908.80 (44346412). [-6, 5470.18].
[44435393] {2, 1500, 2}. MO sell arrived. Buy at 908.97 (44435393). [-5, 4561.21].
[44760604] {3, -500, 3}. MO buy arrived. Sell at 909.18 (44760604). [-6, 5470.39].
[44868804] {3, 1700, 3}. MO sell arrived. Buy at 909.30 (44868804). [-5, 4561.09].
[45036149] {1, 800, 1}. MO sell arrived. Buy at 909.12 (45036149). [-4, 3651.97].
[45036149] {1, 800, 1}. MO sell arrived. Buy at 909.12 (45036149). [-3, 2742.85].
[45236213] {1, -1100, 1}. MO buy arrived. Sell at 908.81 (45236213). [-4, 3651.66].
[45236219] {1, -1100, 1}. MO buy arrived. Sell at 909.03 (45236219). [-5, 4560.69].
[45236219] {1, -1100, 1}. MO buy arrived. Sell at 909.03 (45236219). [-6, 5469.72].
[46723374] {3, 100, 3}. MO sell arrived. Buy at 908.00 (46723374). [-5, 4561.72].
[46781283] {2, 800, 2}. MO sell arrived. Buy at 906.66 (46781283). [-4, 3655.06].
[46832837] {3, -100, 3}. MO buy arrived. Sell at 906.52 (46832837). [-5, 4561.58].
[46832838] {3, -100, 3}. MO buy arrived. Sell at 906.52 (46832838). [-6, 5468.10].
[46912207] {3, -2600, 3}. MO buy arrived. Sell at 906.33 (46912207). [-7, 6374.43].
[46999453] {2, 2000, 2}. MO sell arrived. Buy at 904.95 (46999453). [-6, 5469.48].
[47018552] {3, -1700, 3}. MO buy arrived. Sell at 906.14 (47018552). [-7, 6375.62].
[47244509] {2, 700, 2}. MO sell arrived. Buy at 906.16 (47244509). [-6, 5469.46].
[47290845] {2, -500, 2}. MO buy arrived. Sell at 906.37 (47290845). [-7, 6375.83].
[47394503] {2, -1600, 2}. MO buy arrived. Sell at 905.81 (47394503). [-8, 7281.64].
[47394504] {2, -1600, 2}. MO buy arrived. Sell at 905.50 (47394504). [-9, 8187.14].
[47394504] {2, -1600, 2}. MO buy arrived. Sell at 905.50 (47394504). [-10, 9092.64].
[47394520] {2, -1600, 2}. MO buy arrived. Sell at 905.81 (47394520). [-11, 9998.45].
[47394520] {2, -1600, 2}. MO buy arrived. Sell at 905.81 (47394520). [-12, 10904.26].
[47394537] {2, -1600, 2}. MO buy arrived. Sell at 905.50 (47394537). [-13, 11809.76].
[47394578] {2, -1600, 2}. MO buy arrived. Sell at 905.50 (47394578). [-14, 12715.26].
[47394580] {2, -1600, 2}. MO buy arrived. Sell at 905.50 (47394580). [-15, 13620.76].
[47589485] {1, -1000, 1}. MO buy arrived. Sell at 905.88 (47589485). [-16, 14526.64].
[47589491] {1, -1000, 1}. MO buy arrived. Sell at 905.88 (47589491). [-17, 15432.52].
[47589511] {1, -400, 1}. MO buy arrived. Sell at 905.88 (47589511). [-18, 16338.40].
[47589529] {1, -400, 1}. MO buy arrived. Sell at 905.88 (47589529). [-19, 17244.28].
[47589530] {1, -400, 1}. MO buy arrived. Sell at 905.88 (47589530). [-20, 18150.16].
[47589550] {1, -400, 1}. MO buy arrived. Sell at 905.88 (47589550). [-21, 19056.04].
[47589570] {1, -400, 1}. MO buy arrived. Sell at 905.88 (47589570). [-22, 19961.92].
[47596303] {2, -1400, 2}. MO buy arrived. Sell at 905.88 (47596303). [-23, 20867.80].
[47682315] {2, 2400, 2}. MO sell arrived. Buy at 906.53 (47682315). [-22, 19961.27].
[47682315] {2, 2400, 2}. MO sell arrived. Buy at 906.53 (47682315). [-21, 19054.74].
[47682315] {2, 2400, 2}. MO sell arrived. Buy at 906.53 (47682315). [-20, 18148.21].
[47682315] {2, 2400, 2}. MO sell arrived. Buy at 906.53 (47682315). [-19, 17241.68].
[47682316] {2, 2400, 2}. MO sell arrived. Buy at 906.53 (47682316). [-18, 16335.15].
[47682317] {2, 2400, 2}. MO sell arrived. Buy at 906.53 (47682317). [-17, 15428.62].
[47682416] {2, 6200, 2}. MO sell arrived. Buy at 906.76 (47682416). [-16, 14521.86].
[47682426] {2, 6200, 2}. MO sell arrived. Buy at 906.76 (47682426). [-15, 13615.10].
[47821409] {3, -800, 3}. MO buy arrived. Sell at 907.06 (47821409). [-16, 14522.16].
[47822012] {3, -700, 3}. MO buy arrived. Sell at 907.05 (47822012). [-17, 15429.21].
[47822017] {3, -700, 3}. MO buy arrived. Sell at 907.06 (47822017). [-18, 16336.27].
[47822017] {3, -700, 3}. MO buy arrived. Sell at 907.06 (47822017). [-19, 17243.33].
[47822017] {3, -700, 3}. MO buy arrived. Sell at 907.06 (47822017). [-20, 18150.39].
[47822020] {3, -700, 3}. MO buy arrived. Sell at 907.05 (47822020). [-21, 19057.44].
[47822021] {3, -700, 3}. MO buy arrived. Sell at 907.05 (47822021). [-22, 19964.49].
[47879289] {2, 800, 2}. MO sell arrived. Buy at 907.07 (47879289). [-21, 19057.42].
[47903390] {2, 1800, 2}. MO sell arrived. Buy at 907.15 (47903390). [-20, 18150.27].
[47903414] {2, -2200, 2}. MO buy arrived. Sell at 907.24 (47903414). [-21, 19057.51].
[48272124] {2, -100, 2}. MO buy arrived. Sell at 906.84 (48272124). [-22, 19964.35].
[48557148] {2, -3000, 2}. MO buy arrived. Sell at 906.23 (48557148). [-23, 20870.58].
[48568256] {1, 100, 1}. MO sell arrived. Buy at 906.14 (48568256). [-22, 19964.44].
[48568358] {1, 200, 1}. MO sell arrived. Buy at 906.18 (48568358). [-21, 19058.26].
[48568359] {1, 200, 1}. MO sell arrived. Buy at 906.17 (48568359). [-20, 18152.09].
[48845589] {2, 300, 2}. MO sell arrived. Buy at 906.28 (48845589). [-19, 17245.81].
[48845589] {2, 300, 2}. MO sell arrived. Buy at 906.28 (48845589). [-18, 16339.53].
[48845590] {2, 300, 2}. MO sell arrived. Buy at 906.27 (48845590). [-17, 15433.26].
[48871116] {2, 100, 2}. MO sell arrived. Buy at 906.35 (48871116). [-16, 14526.91].
[48874530] {2, 100, 2}. MO sell arrived. Buy at 906.15 (48874530). [-15, 13620.76].
[49269243] {2, 1100, 2}. MO sell arrived. Buy at 906.50 (49269243). [-14, 12714.26].
[49653004] {1, -400, 1}. MO buy arrived. Sell at 906.92 (49653004). [-15, 13621.18].
[49883143] {2, -100, 2}. MO buy arrived. Sell at 906.03 (49883143). [-16, 14527.21].
[49883167] {2, -100, 2}. MO buy arrived. Sell at 906.03 (49883167). [-17, 15433.24].
[50288206] {2, 100, 2}. MO sell arrived. Buy at 905.15 (50288206). [-16, 14528.09].
[51633725] {2, -600, 2}. MO buy arrived. Sell at 904.40 (51633725). [-17, 15432.49].
[51791691] {2, -400, 2}. MO buy arrived. Sell at 903.61 (51791691). [-18, 16336.10].
[51894912] {2, -400, 2}. MO buy arrived. Sell at 903.23 (51894912). [-19, 17239.33].
[51894915] {2, -400, 2}. MO buy arrived. Sell at 903.23 (51894915). [-20, 18142.56].
[51962553] {1, -200, 1}. MO buy arrived. Sell at 902.26 (51962553). [-21, 19044.82].
[52070728] {2, 2400, 2}. MO sell arrived. Buy at 903.11 (52070728). [-20, 18141.71].
[52305984] {2, 400, 2}. MO sell arrived. Buy at 903.30 (52305984). [-19, 17238.41].
[52305985] {2, 400, 2}. MO sell arrived. Buy at 903.25 (52305985). [-18, 16335.16].
[52305985] {2, 400, 2}. MO sell arrived. Buy at 903.25 (52305985). [-17, 15431.91].
[52305985] {2, 400, 2}. MO sell arrived. Buy at 903.25 (52305985). [-16, 14528.66].
[52305985] {2, 400, 2}. MO sell arrived. Buy at 903.25 (52305985). [-15, 13625.41].
[52305985] {2, 400, 2}. MO sell arrived. Buy at 903.25 (52305985). [-14, 12722.16].
[52377932] {2, -2200, 2}. MO buy arrived. Sell at 904.14 (52377932). [-15, 13626.30].
[52377932] {2, -2200, 2}. MO buy arrived. Sell at 904.14 (52377932). [-16, 14530.44].
[53069644] {2, -4000, 2}. MO buy arrived. Sell at 903.05 (53069644). [-17, 15433.49].
[53098008] {2, 100, 2}. MO sell arrived. Buy at 902.67 (53098008). [-16, 14530.82].
[53224341] {2, -300, 2}. MO buy arrived. Sell at 901.64 (53224341). [-17, 15432.46].
[53224341] {2, -300, 2}. MO buy arrived. Sell at 901.64 (53224341). [-18, 16334.10].
[53228527] {1, 100, 1}. MO sell arrived. Buy at 900.89 (53228527). [-17, 15433.21].
[53228527] {1, 100, 1}. MO sell arrived. Buy at 900.89 (53228527). [-16, 14532.32].
[53228527] {1, 100, 1}. MO sell arrived. Buy at 900.89 (53228527). [-15, 13631.43].
[53228527] {1, 100, 1}. MO sell arrived. Buy at 900.89 (53228527). [-14, 12730.54].
[53228527] {1, 100, 1}. MO sell arrived. Buy at 900.89 (53228527). [-13, 11829.65].
[53228528] {1, 100, 1}. MO sell arrived. Buy at 900.79 (53228528). [-12, 10928.86].
[53242206] {3, -400, 3}. MO buy arrived. Sell at 900.12 (53242206). [-13, 11828.98].
[53242214] {3, -400, 3}. MO buy arrived. Sell at 900.12 (53242214). [-14, 12729.10].
[53242239] {3, -400, 3}. MO buy arrived. Sell at 900.00 (53242239). [-15, 13629.10].
[53242244] {3, -400, 3}. MO buy arrived. Sell at 900.00 (53242244). [-16, 14529.10].
[53242245] {3, -400, 3}. MO buy arrived. Sell at 900.00 (53242245). [-17, 15429.10].
[53242249] {3, -400, 3}. MO buy arrived. Sell at 900.00 (53242249). [-18, 16329.10].
[53242253] {3, -400, 3}. MO buy arrived. Sell at 900.26 (53242253). [-19, 17229.36].
[53242254] {3, -400, 3}. MO buy arrived. Sell at 900.26 (53242254). [-20, 18129.62].
[53243672] {1, -100, 1}. MO buy arrived. Sell at 900.00 (53243672). [-21, 19029.62].
[53243678] {1, -100, 1}. MO buy arrived. Sell at 900.00 (53243678). [-22, 19929.62].
[53243681] {1, -100, 1}. MO buy arrived. Sell at 900.00 (53243681). [-23, 20829.62].
[53243692] {1, -100, 1}. MO buy arrived. Sell at 900.00 (53243692). [-24, 21729.62].
[53243693] {1, -100, 1}. MO buy arrived. Sell at 900.25 (53243693). [-25, 22629.87].
[53249230] {2, 2700, 2}. MO sell arrived. Buy at 900.65 (53249230). [-24, 21729.22].
[53249247] {2, 2700, 2}. MO sell arrived. Buy at 900.79 (53249247). [-23, 20828.43].
[53249253] {2, 2700, 2}. MO sell arrived. Buy at 900.79 (53249253). [-22, 19927.64].
[53272375] {3, 600, 3}. MO sell arrived. Buy at 901.00 (53272375). [-21, 19026.64].
[53283877] {2, 600, 2}. MO sell arrived. Buy at 901.47 (53283877). [-20, 18125.17].
[53296458] {2, 1000, 2}. MO sell arrived. Buy at 901.96 (53296458). [-19, 17223.21].
[53296458] {2, 1000, 2}. MO sell arrived. Buy at 901.96 (53296458). [-18, 16321.25].
[53340292] {2, -1300, 2}. MO buy arrived. Sell at 903.00 (53340292). [-19, 17224.25].
[53457982] {2, -2000, 2}. MO buy arrived. Sell at 902.78 (53457982). [-20, 18127.03].
[53530121] {2, 1500, 2}. MO sell arrived. Buy at 902.10 (53530121). [-19, 17224.93].
[53530129] {2, 1500, 2}. MO sell arrived. Buy at 902.05 (53530129). [-18, 16322.88].
[53694505] {3, 2500, 3}. MO sell arrived. Buy at 902.30 (53694505). [-17, 15420.58].
[53707406] {3, -600, 3}. MO buy arrived. Sell at 902.74 (53707406). [-18, 16323.32].
[53812531] {2, 3600, 2}. MO sell arrived. Buy at 903.96 (53812531). [-17, 15419.36].
[53823327] {1, -1500, 1}. MO buy arrived. Sell at 903.71 (53823327). [-18, 16323.07].
[53823327] {1, -1500, 1}. MO buy arrived. Sell at 903.71 (53823327). [-19, 17226.78].
[53869032] {2, 700, 2}. MO sell arrived. Buy at 903.44 (53869032). [-18, 16323.34].
[53966638] {1, -200, 1}. MO buy arrived. Sell at 904.80 (53966638). [-19, 17228.14].
[54068484] {3, 2700, 3}. MO sell arrived. Buy at 903.71 (54068484). [-18, 16324.43].
[54138513] {3, -6500, 3}. MO buy arrived. Sell at 903.37 (54138513). [-19, 17227.80].
[54138513] {3, -6500, 3}. MO buy arrived. Sell at 903.37 (54138513). [-20, 18131.17].
[54138514] {3, -6500, 3}. MO buy arrived. Sell at 903.54 (54138514). [-21, 19034.71].
[54152877] {2, 100, 2}. MO sell arrived. Buy at 903.27 (54152877). [-20, 18131.44].
[54152877] {2, 100, 2}. MO sell arrived. Buy at 903.27 (54152877). [-19, 17228.17].
[54152878] {2, 100, 2}. MO sell arrived. Buy at 903.27 (54152878). [-18, 16324.90].
[54305643] {3, 500, 3}. MO sell arrived. Buy at 904.11 (54305643). [-17, 15420.79].
[54306625] {3, 600, 3}. MO sell arrived. Buy at 904.11 (54306625). [-16, 14516.68].
[54306625] {3, 600, 3}. MO sell arrived. Buy at 904.11 (54306625). [-15, 13612.57].
[54306626] {3, 600, 3}. MO sell arrived. Buy at 903.80 (54306626). [-14, 12708.77].
[54364324] {2, -1700, 2}. MO buy arrived. Sell at 904.94 (54364324). [-15, 13613.71].
[54364327] {2, -1700, 2}. MO buy arrived. Sell at 904.94 (54364327). [-16, 14518.65].
[54364328] {2, -1700, 2}. MO buy arrived. Sell at 904.94 (54364328). [-17, 15423.59].
[54364330] {2, -1700, 2}. MO buy arrived. Sell at 905.05 (54364330). [-18, 16328.64].
[54364330] {2, -1700, 2}. MO buy arrived. Sell at 905.05 (54364330). [-19, 17233.69].
[54364332] {2, -1700, 2}. MO buy arrived. Sell at 905.05 (54364332). [-20, 18138.74].
[54364333] {2, -1700, 2}. MO buy arrived. Sell at 905.15 (54364333). [-21, 19043.89].
[54364333] {2, -1700, 2}. MO buy arrived. Sell at 905.15 (54364333). [-22, 19949.04].
[54364333] {2, -1700, 2}. MO buy arrived. Sell at 905.15 (54364333). [-23, 20854.19].
[54485787] {1, 200, 1}. MO sell arrived. Buy at 905.12 (54485787). [-22, 19949.07].
[54637100] {3, 1700, 3}. MO sell arrived. Buy at 906.86 (54637100). [-21, 19042.21].
[54637101] {3, 1700, 3}. MO sell arrived. Buy at 906.86 (54637101). [-20, 18135.35].
[54637114] {3, 1700, 3}. MO sell arrived. Buy at 906.78 (54637114). [-19, 17228.57].
[54765629] {3, 1500, 3}. MO sell arrived. Buy at 908.05 (54765629). [-18, 16320.52].
[54771077] {3, -1400, 3}. MO buy arrived. Sell at 908.86 (54771077). [-19, 17229.38].
[54773068] {2, -600, 2}. MO buy arrived. Sell at 908.85 (54773068). [-20, 18138.23].
[55053330] {2, -300, 2}. MO buy arrived. Sell at 906.70 (55053330). [-21, 19044.93].
[55171890] {1, 600, 1}. MO sell arrived. Buy at 905.81 (55171890). [-20, 18139.12].
[55171890] {1, 600, 1}. MO sell arrived. Buy at 905.81 (55171890). [-19, 17233.31].
[55171978] {1, -100, 1}. MO buy arrived. Sell at 905.87 (55171978). [-20, 18139.18].
[55171979] {1, -100, 1}. MO buy arrived. Sell at 906.00 (55171979). [-21, 19045.18].
[55555830] {3, 100, 3}. MO sell arrived. Buy at 906.94 (55555830). [-20, 18138.24].
[56213480] {3, 100, 3}. MO sell arrived. Buy at 908.83 (56213480). [-19, 17229.41].
[56213480] {3, 100, 3}. MO sell arrived. Buy at 908.83 (56213480). [-18, 16320.58].
[56213483] {3, 100, 3}. MO sell arrived. Buy at 908.77 (56213483). [-17, 15411.81].
[56213484] {3, 100, 3}. MO sell arrived. Buy at 908.77 (56213484). [-16, 14503.04].
[56575405] {1, -100, 1}. MO buy arrived. Sell at 912.22 (56575405). [-17, 15415.26].
[56575453] {1, -100, 1}. MO buy arrived. Sell at 912.22 (56575453). [-18, 16327.48].
[56575454] {1, -100, 1}. MO buy arrived. Sell at 912.22 (56575454). [-19, 17239.70].
[56594466] {1, 900, 1}. MO sell arrived. Buy at 912.00 (56594466). [-18, 16327.70].
[56594467] {1, 900, 1}. MO sell arrived. Buy at 912.00 (56594467). [-17, 15415.70].
[56594467] {1, 900, 1}. MO sell arrived. Buy at 912.00 (56594467). [-16, 14503.70].
[56594467] {1, 900, 1}. MO sell arrived. Buy at 912.00 (56594467). [-15, 13591.70].
[56594467] {1, 900, 1}. MO sell arrived. Buy at 912.00 (56594467). [-14, 12679.70].
[56621733] {1, 600, 1}. MO sell arrived. Buy at 912.22 (56621733). [-13, 11767.48].
[56621733] {1, 600, 1}. MO sell arrived. Buy at 912.22 (56621733). [-12, 10855.26].
[56773645] {2, 100, 2}. MO sell arrived. Buy at 912.28 (56773645). [-11, 9942.98].
[56775803] {2, -300, 2}. MO buy arrived. Sell at 912.44 (56775803). [-12, 10855.42].
[56775813] {2, -300, 2}. MO buy arrived. Sell at 912.44 (56775813). [-13, 11767.86].
[56819253] {3, -100, 3}. MO buy arrived. Sell at 912.72 (56819253). [-14, 12680.58].
[56819288] {3, -100, 3}. MO buy arrived. Sell at 912.72 (56819288). [-15, 13593.30].
[56852860] {1, -100, 1}. MO buy arrived. Sell at 913.07 (56852860). [-16, 14506.37].
[56978400] {2, 300, 2}. MO sell arrived. Buy at 911.53 (56978400). [-15, 13594.84].
[56978418] {2, 300, 2}. MO sell arrived. Buy at 911.50 (56978418). [-14, 12683.34].
[56978445] {2, 300, 2}. MO sell arrived. Buy at 911.35 (56978445). [-13, 11771.99].
[57002424] {1, 1400, 1}. MO sell arrived. Buy at 910.75 (57002424). [-12, 10861.24].
[57002475] {1, 1400, 1}. MO sell arrived. Buy at 910.61 (57002475). [-11, 9950.63].
[57032908] {2, 4200, 2}. MO sell arrived. Buy at 911.12 (57032908). [-10, 9039.51].
[57032950] {2, 4200, 2}. MO sell arrived. Buy at 911.12 (57032950). [-9, 8128.39].
[57063269] {2, -100, 2}. MO buy arrived. Sell at 911.49 (57063269). [-10, 9039.88].
[57138743] {2, 300, 2}. MO sell arrived. Buy at 911.35 (57138743). [-9, 8128.53].
[57249324] {3, 1100, 3}. MO sell arrived. Buy at 911.00 (57249324). [-8, 7217.53].
[57307201] {3, 1500, 3}. MO sell arrived. Buy at 911.85 (57307201). [-7, 6305.68].
[57307201] {3, 1500, 3}. MO sell arrived. Buy at 911.85 (57307201). [-6, 5393.83].
[57307201] {3, 1500, 3}. MO sell arrived. Buy at 911.85 (57307201). [-5, 4481.98].
[57490668] {1, -1300, 1}. MO buy arrived. Sell at 915.32 (57490668). [-6, 5397.30].
[57527031] {1, 1800, 1}. MO sell arrived. Buy at 915.27 (57527031). [-5, 4482.03].
[57527119] {1, -1800, 1}. MO buy arrived. Sell at 915.46 (57527119). [-6, 5397.49].
[57527134] {1, -1800, 1}. MO buy arrived. Sell at 915.46 (57527134). [-7, 6312.95].
[57527138] {1, -1800, 1}. MO buy arrived. Sell at 915.46 (57527138). [-8, 7228.41].
[57543934] {1, 3600, 1}. MO sell arrived. Buy at 915.96 (57543934). [-7, 6312.45].
[57543935] {1, 3600, 1}. MO sell arrived. Buy at 915.96 (57543935). [-6, 5396.49].
[57543957] {1, 3600, 1}. MO sell arrived. Buy at 915.96 (57543957). [-5, 4480.53].
[57547752] {1, -100, 1}. MO buy arrived. Sell at 916.03 (57547752). [-6, 5396.56].
[57591237] {1, -1900, 1}. MO buy arrived. Sell at 916.22 (57591237). [-7, 6312.78].
[57600000] Closing short position -7 shares at 915.89 (57600000).
[57600000] Final cash: -98.45.
[57600000] Normalized Final cash: -0.11.
