[timestamp] {imbalance_prev, dS_prev, imbalance_curr}. Buy/Sell price (timestamp). [Asset, Cash]
[34203700] {2, -600, 2}. Sell at 35.59 (34203616). [-1, 35.59].
[34206400] {3, -400, 3}. Sell at 35.59 (34206400). [-2, 71.18].
[34206600] {2, -200, 2}. Sell at 35.60 (34206559). [-3, 106.78].
[34264600] {2, 200, 2}.   Buy at 35.64 (34264580). [-2, 71.14].
[34276700] {3, 100, 3}.   Buy at 35.70 (34276697). [-1, 35.44].
[34294600] {3, 100, 3}.   Buy at 35.75 (34294578). [0, -0.31].
[34306400] {2, 200, 2}.   Buy at 35.75 (34306386). [1, -36.06].
[34306500] {2, -100, 2}. Sell at 35.71 (34306483). [0, -0.35].
[34322400] {3, 100, 3}.   Buy at 35.76 (34322400). [1, -36.11].
[34330700] {2, -200, 2}. Sell at 35.71 (34330700). [0, -0.40].
[34335300] {2, 100, 2}.   Buy at 35.68 (34335296). [1, -36.08].
[34336100] {1, -100, 1}. Sell at 35.66 (34336076). [0, -0.42].
[34336700] {1, 100, 1}.   Buy at 35.68 (34336656). [1, -36.10].
[34338300] {1, 200, 1}.   Buy at 35.72 (34338246). [2, -71.82].
[34338400] {1, -100, 1}. Sell at 35.66 (34338379). [1, -36.16].
[34339000] {1, -300, 1}. Sell at 35.66 (34338998). [0, -0.50].
[34356200] {3, 200, 3}.   Buy at 35.76 (34356173). [1, -36.26].
[34360600] {2, -100, 2}. Sell at 35.74 (34360599). [0, -0.52].
[34368100] {2, 100, 2}.   Buy at 35.76 (34368071). [1, -36.28].
[34370300] {2, -100, 2}. Sell at 35.74 (34370278). [0, -0.54].
[34375400] {2, -600, 2}. Sell at 35.68 (34375346). [-1, 35.14].
[34393100] {2, 300, 2}.   Buy at 35.69 (34393096). [0, -0.55].
[34395600] {1, -200, 1}. Sell at 35.62 (34395543). [-1, 35.07].
[34397700] {1, -200, 1}. Sell at 35.59 (34397678). [-2, 70.66].
[34419200] {1, -400, 1}. Sell at 35.63 (34419101). [-3, 106.29].
[34419900] {2, 200, 2}.   Buy at 35.73 (34419808). [-2, 70.56].
[34427400] {2, 500, 2}.   Buy at 35.77 (34427333). [-1, 34.79].
[34427500] {2, -500, 2}. Sell at 35.68 (34427467). [-2, 70.47].
[34471000] {3, 400, 3}.   Buy at 35.73 (34470952). [-1, 34.74].
[34480700] {2, -500, 2}. Sell at 35.65 (34480678). [-2, 70.39].
[34500800] {2, 300, 2}.   Buy at 35.71 (34500779). [-1, 34.68].
[34501000] {1, -400, 1}. Sell at 35.63 (34500950). [-2, 70.31].
[34502500] {1, 100, 1}.   Buy at 35.71 (34502467). [-1, 34.60].
[34502600] {1, -100, 1}. Sell at 35.67 (34502596). [-2, 70.27].
[34543700] {2, -400, 2}. Sell at 35.63 (34543673). [-3, 105.90].
[34592900] {1, -200, 1}. Sell at 35.59 (34592870). [-4, 141.49].
[34593200] {2, -100, 2}. Sell at 35.57 (34593199). [-5, 177.06].
[34594200] {1, -100, 1}. Sell at 35.56 (34594133). [-6, 212.62].
[34594500] {1, -100, 1}. Sell at 35.57 (34594440). [-7, 248.19].
[34595700] {3, 100, 3}.   Buy at 35.62 (34595675). [-6, 212.57].
[34624700] {1, -100, 1}. Sell at 35.57 (34624695). [-7, 248.14].
[34625400] {2, -100, 2}. Sell at 35.56 (34625346). [-8, 283.70].
[34627400] {2, -100, 2}. Sell at 35.56 (34627356). [-9, 319.26].
[34638800] {3, -100, 3}. Sell at 35.55 (34638794). [-10, 354.81].
[34745400] {1, -100, 1}. Sell at 35.51 (34745370). [-11, 390.32].
[34750500] {3, 100, 3}.   Buy at 35.55 (34750492). [-10, 354.77].
[34797000] {1, -100, 1}. Sell at 35.53 (34796945). [-11, 390.30].
[34817000] {2, 100, 2}.   Buy at 35.55 (34816955). [-10, 354.75].
[34866900] {2, -100, 2}. Sell at 35.51 (34866842). [-11, 390.26].
[34910300] {3, 100, 3}.   Buy at 35.53 (34910296). [-10, 354.73].
[34917300] {1, 200, 1}.   Buy at 35.54 (34917253). [-9, 319.19].
[34935300] {2, -200, 2}. Sell at 35.54 (34935300). [-10, 354.73].
[34939400] {2, -100, 2}. Sell at 35.55 (34939388). [-11, 390.28].
[35017900] {3, 100, 3}.   Buy at 35.57 (35017878). [-10, 354.71].
[35023500] {3, 200, 3}.   Buy at 35.59 (35023496). [-9, 319.12].
[35024900] {3, -100, 3}. Sell at 35.57 (35024873). [-10, 354.69].
[35026000] {2, 200, 2}.   Buy at 35.60 (35025978). [-9, 319.09].
[35026600] {1, -100, 1}. Sell at 35.58 (35026600). [-10, 354.67].
[35026700] {1, 200, 1}.   Buy at 35.62 (35026674). [-9, 319.05].
[35026800] {1, -100, 1}. Sell at 35.59 (35026780). [-10, 354.64].
[35026900] {1, -100, 1}. Sell at 35.57 (35026895). [-11, 390.21].
[35027900] {2, 200, 2}.   Buy at 35.62 (35027900). [-10, 354.59].
[35041100] {1, 100, 1}.   Buy at 35.62 (35041065). [-9, 318.97].
[35053800] {2, -200, 2}. Sell at 35.58 (35053765). [-10, 354.55].
[35067700] {1, -100, 1}. Sell at 35.54 (35067672). [-11, 390.09].
[35097800] {2, 100, 2}.   Buy at 35.56 (35097800). [-10, 354.53].
[35103700] {2, -100, 2}. Sell at 35.54 (35103700). [-11, 390.07].
[35104100] {1, -100, 1}. Sell at 35.53 (35104011). [-12, 425.60].
[35113900] {2, -100, 2}. Sell at 35.55 (35113900). [-13, 461.15].
[35117100] {2, -100, 2}. Sell at 35.56 (35117064). [-14, 496.71].
[35117300] {3, -100, 3}. Sell at 35.56 (35117264). [-15, 532.27].
[35117400] {3, 100, 3}.   Buy at 35.58 (35117367). [-14, 496.69].
[35117500] {3, -100, 3}. Sell at 35.56 (35117485). [-15, 532.25].
[35117600] {3, 100, 3}.   Buy at 35.58 (35117588). [-14, 496.67].
[35117800] {3, -100, 3}. Sell at 35.56 (35117797). [-15, 532.23].
[35119800] {3, -100, 3}. Sell at 35.57 (35119793). [-16, 567.80].
[35124300] {2, -100, 2}. Sell at 35.58 (35124297). [-17, 603.38].
[35140400] {1, -100, 1}. Sell at 35.56 (35140396). [-18, 638.94].
[35140600] {2, -100, 2}. Sell at 35.55 (35140543). [-19, 674.49].
[35166100] {3, 100, 3}.   Buy at 35.58 (35166062). [-18, 638.91].
[35174400] {2, -100, 2}. Sell at 35.57 (35174396). [-19, 674.48].
[35181900] {2, 100, 2}.   Buy at 35.61 (35181825). [-18, 638.87].
[35226700] {3, -100, 3}. Sell at 35.56 (35226697). [-19, 674.43].
[35242700] {3, 100, 3}.   Buy at 35.59 (35242677). [-18, 638.84].
[35246200] {1, -100, 1}. Sell at 35.59 (35246182). [-19, 674.43].
[35246600] {2, 100, 2}.   Buy at 35.61 (35246590). [-18, 638.82].
[35257700] {2, 100, 2}.   Buy at 35.62 (35257687). [-17, 603.20].
[35291200] {3, 100, 3}.   Buy at 35.63 (35291194). [-16, 567.57].
[35320100] {3, 200, 3}.   Buy at 35.67 (35320098). [-15, 531.90].
[35331600] {2, 100, 2}.   Buy at 35.70 (35331599). [-14, 496.20].
[35339500] {2, -100, 2}. Sell at 35.70 (35339421). [-15, 531.90].
[35345800] {3, 100, 3}.   Buy at 35.73 (35345748). [-14, 496.17].
[35358900] {3, 100, 3}.   Buy at 35.73 (35358900). [-13, 460.44].
[35369600] {3, -100, 3}. Sell at 35.71 (35369538). [-14, 496.15].
[35417900] {2, -100, 2}. Sell at 35.68 (35417887). [-15, 531.83].
[35420100] {3, 100, 3}.   Buy at 35.68 (35420039). [-14, 496.15].
[35437100] {3, 100, 3}.   Buy at 35.69 (35437054). [-13, 460.46].
[35442900] {2, -100, 2}. Sell at 35.68 (35442869). [-14, 496.14].
[35448000] {2, 100, 2}.   Buy at 35.71 (35447969). [-13, 460.43].
[35449000] {2, 100, 2}.   Buy at 35.72 (35448988). [-12, 424.71].
[35458500] {2, 100, 2}.   Buy at 35.73 (35458452). [-11, 388.98].
[35467800] {2, -100, 2}. Sell at 35.71 (35467762). [-12, 424.69].
[35509900] {2, -100, 2}. Sell at 35.69 (35509900). [-13, 460.38].
[35510100] {2, -100, 2}. Sell at 35.68 (35510052). [-14, 496.06].
[35512900] {2, -200, 2}. Sell at 35.66 (35512896). [-15, 531.72].
[35522400] {3, -100, 3}. Sell at 35.65 (35522399). [-16, 567.37].
[35540700] {3, -100, 3}. Sell at 35.62 (35540698). [-17, 602.99].
[35569700] {1, -100, 1}. Sell at 35.62 (35569680). [-18, 638.61].
[35579700] {2, -100, 2}. Sell at 35.60 (35579688). [-19, 674.21].
[35581700] {2, -100, 2}. Sell at 35.60 (35581700). [-20, 709.81].
[35605500] {3, 100, 3}.   Buy at 35.62 (35605449). [-19, 674.19].
[35608900] {3, 100, 3}.   Buy at 35.63 (35608893). [-18, 638.56].
[35609700] {3, 100, 3}.   Buy at 35.63 (35609644). [-17, 602.93].
[35610900] {3, 100, 3}.   Buy at 35.64 (35610879). [-16, 567.29].
[35616600] {3, -100, 3}. Sell at 35.60 (35616589). [-17, 602.89].
[35621600] {3, 100, 3}.   Buy at 35.63 (35621541). [-16, 567.26].
[35643100] {2, 100, 2}.   Buy at 35.65 (35643100). [-15, 531.61].
[35671400] {3, -200, 3}. Sell at 35.63 (35671384). [-16, 567.24].
[35672000] {3, 100, 3}.   Buy at 35.65 (35671975). [-15, 531.59].
[35710600] {2, 100, 2}.   Buy at 35.68 (35710600). [-14, 495.91].
[35710700] {2, -100, 2}. Sell at 35.66 (35710663). [-15, 531.57].
[35716000] {2, -100, 2}. Sell at 35.65 (35715988). [-16, 567.22].
[35738100] {3, 100, 3}.   Buy at 35.67 (35738100). [-15, 531.55].
[35770500] {2, -200, 2}. Sell at 35.66 (35770488). [-16, 567.21].
[35831800] {3, -100, 3}. Sell at 35.66 (35831796). [-17, 602.87].
[35929100] {3, 100, 3}.   Buy at 35.68 (35929040). [-16, 567.19].
[35940100] {3, 100, 3}.   Buy at 35.69 (35940076). [-15, 531.50].
[35956300] {3, -100, 3}. Sell at 35.67 (35956300). [-16, 567.17].
[35971800] {2, -100, 2}. Sell at 35.66 (35971740). [-17, 602.83].
[35989300] {3, 200, 3}.   Buy at 35.71 (35989291). [-16, 567.12].
[35996800] {2, -100, 2}. Sell at 35.71 (35996737). [-17, 602.83].
[36061100] {3, 100, 3}.   Buy at 35.71 (36061099). [-16, 567.12].
[36075200] {2, 100, 2}.   Buy at 35.75 (36075200). [-15, 531.37].
[36075400] {2, 100, 2}.   Buy at 35.76 (36075376). [-14, 495.61].
[36078500] {3, 100, 3}.   Buy at 35.78 (36078497). [-13, 459.83].
[36078900] {3, 100, 3}.   Buy at 35.79 (36078859). [-12, 424.04].
[36083200] {3, -100, 3}. Sell at 35.76 (36083197). [-13, 459.80].
[36084500] {3, 100, 3}.   Buy at 35.78 (36084458). [-12, 424.02].
[36085900] {3, -100, 3}. Sell at 35.76 (36085829). [-13, 459.78].
[36086400] {3, -100, 3}. Sell at 35.76 (36086394). [-14, 495.54].
[36086900] {3, 100, 3}.   Buy at 35.78 (36086888). [-13, 459.76].
[36087000] {3, -100, 3}. Sell at 35.76 (36086996). [-14, 495.52].
[36087100] {3, 100, 3}.   Buy at 35.78 (36087025). [-13, 459.74].
[36090100] {2, 100, 2}.   Buy at 35.80 (36090073). [-12, 423.94].
[36109200] {3, 100, 3}.   Buy at 35.80 (36109195). [-11, 388.14].
[36131200] {2, -100, 2}. Sell at 35.78 (36131197). [-12, 423.92].
[36138800] {3, -100, 3}. Sell at 35.78 (36138746). [-13, 459.70].
[36138900] {3, 100, 3}.   Buy at 35.80 (36138847). [-12, 423.90].
[36140700] {3, 100, 3}.   Buy at 35.81 (36140683). [-11, 388.09].
[36180000] {2, -100, 2}. Sell at 35.79 (36179997). [-12, 423.88].
[36231000] {2, -100, 2}. Sell at 35.82 (36230932). [-13, 459.70].
[36271400] {1, -100, 1}. Sell at 35.81 (36271368). [-14, 495.51].
[36306100] {2, 100, 2}.   Buy at 35.84 (36306035). [-13, 459.67].
[36324100] {2, 100, 2}.   Buy at 35.84 (36324032). [-12, 423.83].
[36329100] {2, -100, 2}. Sell at 35.82 (36329060). [-13, 459.65].
[36329700] {3, 100, 3}.   Buy at 35.84 (36329700). [-12, 423.81].
[36331600] {2, -100, 2}. Sell at 35.82 (36331595). [-13, 459.63].
[36356700] {2, 100, 2}.   Buy at 35.84 (36356661). [-12, 423.79].
[36360300] {2, 100, 2}.   Buy at 35.84 (36360297). [-11, 387.95].
[36399100] {3, 100, 3}.   Buy at 35.86 (36399099). [-10, 352.09].
[36417600] {2, 100, 2}.   Buy at 35.86 (36417598). [-9, 316.23].
[36417700] {2, -100, 2}. Sell at 35.84 (36417678). [-10, 352.07].
[36434700] {2, 100, 2}.   Buy at 35.86 (36434681). [-9, 316.21].
[36466600] {1, -100, 1}. Sell at 35.84 (36466593). [-10, 352.05].
[36531700] {3, -300, 3}. Sell at 35.78 (36531699). [-11, 387.83].
[36544300] {3, 100, 3}.   Buy at 35.78 (36544231). [-10, 352.05].
[36544400] {3, -100, 3}. Sell at 35.76 (36544362). [-11, 387.81].
[36549300] {3, 100, 3}.   Buy at 35.78 (36549246). [-10, 352.03].
[36550100] {3, -100, 3}. Sell at 35.76 (36550062). [-11, 387.79].
[36554100] {3, 100, 3}.   Buy at 35.78 (36554071). [-10, 352.01].
[36562600] {2, -100, 2}. Sell at 35.76 (36562586). [-11, 387.77].
[36562800] {2, 100, 2}.   Buy at 35.78 (36562752). [-10, 351.99].
[36562900] {2, -100, 2}. Sell at 35.76 (36562900). [-11, 387.75].
[36563000] {2, -100, 2}. Sell at 35.76 (36563000). [-12, 423.51].
[36604400] {2, -200, 2}. Sell at 35.73 (36604390). [-13, 459.24].
[36633800] {2, 100, 2}.   Buy at 35.73 (36633795). [-12, 423.51].
[36660600] {2, -100, 2}. Sell at 35.71 (36660600). [-13, 459.22].
[36669100] {1, -100, 1}. Sell at 35.69 (36669085). [-14, 494.91].
[36681700] {2, -100, 2}. Sell at 35.69 (36681628). [-15, 530.60].
[36683100] {2, 100, 2}.   Buy at 35.72 (36683041). [-14, 494.88].
[36683700] {2, 100, 2}.   Buy at 35.72 (36683642). [-13, 459.16].
[36695100] {2, -100, 2}. Sell at 35.71 (36695032). [-14, 494.87].
[36712700] {3, 100, 3}.   Buy at 35.72 (36712696). [-13, 459.15].
[36792400] {1, -100, 1}. Sell at 35.73 (36792341). [-14, 494.88].
[36829600] {1, -100, 1}. Sell at 35.73 (36829594). [-15, 530.61].
[36833000] {2, -100, 2}. Sell at 35.73 (36833000). [-16, 566.34].
[36840900] {3, 100, 3}.   Buy at 35.75 (36840897). [-15, 530.59].
[36855400] {2, 100, 2}.   Buy at 35.77 (36855391). [-14, 494.82].
[36865100] {2, -100, 2}. Sell at 35.74 (36865035). [-15, 530.56].
[36892900] {3, 100, 3}.   Buy at 35.77 (36892891). [-14, 494.79].
[36915700] {2, 100, 2}.   Buy at 35.79 (36915684). [-13, 459.00].
[36922800] {1, -100, 1}. Sell at 35.78 (36922717). [-14, 494.78].
[36936800] {2, 100, 2}.   Buy at 35.81 (36936799). [-13, 458.97].
[36938500] {3, 100, 3}.   Buy at 35.82 (36938484). [-12, 423.15].
[37028800] {2, 100, 2}.   Buy at 35.81 (37028737). [-11, 387.34].
[37038900] {2, 100, 2}.   Buy at 35.82 (37038837). [-10, 351.52].
[37043300] {2, 100, 2}.   Buy at 35.83 (37043299). [-9, 315.69].
[37049900] {3, 100, 3}.   Buy at 35.84 (37049900). [-8, 279.85].
[37075200] {1, -100, 1}. Sell at 35.83 (37075168). [-9, 315.68].
[37079700] {2, 100, 2}.   Buy at 35.84 (37079657). [-8, 279.84].
[37083700] {2, 100, 2}.   Buy at 35.85 (37083670). [-7, 243.99].
[37118100] {2, -100, 2}. Sell at 35.82 (37118092). [-8, 279.81].
[37121800] {2, 100, 2}.   Buy at 35.84 (37121756). [-7, 243.97].
[37168100] {2, -200, 2}. Sell at 35.78 (37168098). [-8, 279.75].
[37168200] {2, 100, 2}.   Buy at 35.80 (37168189). [-7, 243.95].
[37170100] {3, -100, 3}. Sell at 35.77 (37170051). [-8, 279.72].
[37176400] {3, 100, 3}.   Buy at 35.81 (37176370). [-7, 243.91].
[37188500] {2, 200, 2}.   Buy at 35.82 (37188458). [-6, 208.09].
[37234000] {2, 100, 2}.   Buy at 35.83 (37233971). [-5, 172.26].
[37245400] {2, 100, 2}.   Buy at 35.86 (37245399). [-4, 136.40].
[37256900] {2, -200, 2}. Sell at 35.83 (37256895). [-5, 172.23].
[37265000] {2, -100, 2}. Sell at 35.84 (37265000). [-6, 208.07].
[37265300] {2, -100, 2}. Sell at 35.84 (37265286). [-7, 243.91].
[37265400] {2, 100, 2}.   Buy at 35.86 (37265371). [-6, 208.05].
[37272300] {2, 100, 2}.   Buy at 35.86 (37272262). [-5, 172.19].
[37300000] {3, 100, 3}.   Buy at 35.86 (37299968). [-4, 136.33].
[37322500] {2, 100, 2}.   Buy at 35.88 (37322485). [-3, 100.45].
[37391700] {2, 100, 2}.   Buy at 35.89 (37391700). [-2, 64.56].
[37457000] {2, 100, 2}.   Buy at 35.87 (37456964). [-1, 28.69].
[37476600] {2, -100, 2}. Sell at 35.82 (37476543). [-2, 64.51].
[37482100] {1, -100, 1}. Sell at 35.81 (37482062). [-3, 100.32].
[37491100] {2, -100, 2}. Sell at 35.78 (37491054). [-4, 136.10].
[37497300] {2, -100, 2}. Sell at 35.77 (37497263). [-5, 171.87].
[37540000] {2, 100, 2}.   Buy at 35.80 (37539974). [-4, 136.07].
[37548800] {1, -100, 1}. Sell at 35.78 (37548794). [-5, 171.85].
[37574900] {2, -100, 2}. Sell at 35.78 (37574895). [-6, 207.63].
[37576900] {2, -100, 2}. Sell at 35.77 (37576898). [-7, 243.40].
[37616500] {2, -100, 2}. Sell at 35.77 (37616493). [-8, 279.17].
[37693100] {3, 100, 3}.   Buy at 35.83 (37693076). [-7, 243.34].
[37693900] {1, -100, 1}. Sell at 35.81 (37693896). [-8, 279.15].
[37705000] {3, 100, 3}.   Buy at 35.82 (37704965). [-7, 243.33].
[37718500] {3, -100, 3}. Sell at 35.80 (37718474). [-8, 279.13].
[37720800] {2, -100, 2}. Sell at 35.79 (37720800). [-9, 314.92].
[37729600] {2, 100, 2}.   Buy at 35.80 (37729552). [-8, 279.12].
[37776600] {1, -100, 1}. Sell at 35.79 (37776599). [-9, 314.91].
[37785400] {2, -100, 2}. Sell at 35.77 (37785400). [-10, 350.68].
[37789100] {1, -100, 1}. Sell at 35.77 (37789054). [-11, 386.45].
[37794900] {3, -100, 3}. Sell at 35.77 (37794894). [-12, 422.22].
[37800900] {2, 100, 2}.   Buy at 35.80 (37800863). [-11, 386.42].
[37852500] {1, -100, 1}. Sell at 35.79 (37852499). [-12, 422.21].
[37854200] {3, -100, 3}. Sell at 35.78 (37854170). [-13, 457.99].
[37854300] {3, 100, 3}.   Buy at 35.80 (37854218). [-12, 422.19].
[37872300] {2, 100, 2}.   Buy at 35.84 (37872300). [-11, 386.35].
[37873700] {2, 100, 2}.   Buy at 35.85 (37873682). [-10, 350.50].
[37874800] {1, -100, 1}. Sell at 35.83 (37874750). [-11, 386.33].
[37879800] {3, 100, 3}.   Buy at 35.84 (37879794). [-10, 350.49].
[37895500] {3, -200, 3}. Sell at 35.82 (37895465). [-11, 386.31].
[37898900] {1, -100, 1}. Sell at 35.82 (37898840). [-12, 422.13].
[37922000] {2, 100, 2}.   Buy at 35.82 (37922000). [-11, 386.31].
[37922200] {1, -100, 1}. Sell at 35.81 (37922164). [-12, 422.12].
[37922300] {1, 100, 1}.   Buy at 35.83 (37922259). [-11, 386.29].
[37924700] {1, -100, 1}. Sell at 35.81 (37924627). [-12, 422.10].
[37928600] {2, -100, 2}. Sell at 35.80 (37928595). [-13, 457.90].
[37929100] {2, -100, 2}. Sell at 35.80 (37929077). [-14, 493.70].
[37932000] {2, 200, 2}.   Buy at 35.83 (37931971). [-13, 457.87].
[37939700] {2, 200, 2}.   Buy at 35.83 (37939700). [-12, 422.04].
[37939900] {1, 100, 1}.   Buy at 35.83 (37939871). [-11, 386.21].
[37940900] {2, 100, 2}.   Buy at 35.83 (37940897). [-10, 350.38].
[37946000] {2, 300, 2}.   Buy at 35.85 (37945997). [-9, 314.53].
[37959200] {3, -100, 3}. Sell at 35.85 (37959155). [-10, 350.38].
[37960500] {3, 100, 3}.   Buy at 35.87 (37960500). [-9, 314.51].
[37970800] {1, -100, 1}. Sell at 35.84 (37970725). [-10, 350.35].
[37970900] {1, -100, 1}. Sell at 35.83 (37970900). [-11, 386.18].
[37985700] {3, 100, 3}.   Buy at 35.85 (37985700). [-10, 350.33].
[37989500] {2, 100, 2}.   Buy at 35.88 (37989500). [-9, 314.45].
[37992900] {2, 100, 2}.   Buy at 35.89 (37992825). [-8, 278.56].
[37993300] {1, -100, 1}. Sell at 35.87 (37993254). [-9, 314.43].
[37994600] {1, 100, 1}.   Buy at 35.89 (37994555). [-8, 278.54].
[38022100] {3, 100, 3}.   Buy at 35.89 (38022078). [-7, 242.65].
[38024100] {2, 100, 2}.   Buy at 35.90 (38024064). [-6, 206.75].
[38024200] {2, -100, 2}. Sell at 35.88 (38024173). [-7, 242.63].
[38029400] {2, -100, 2}. Sell at 35.88 (38029400). [-8, 278.51].
[38029500] {2, -100, 2}. Sell at 35.88 (38029500). [-9, 314.39].
[38077100] {2, 200, 2}.   Buy at 35.89 (38077057). [-8, 278.50].
[38145800] {3, -100, 3}. Sell at 35.89 (38145731). [-9, 314.39].
[38168600] {2, 100, 2}.   Buy at 35.91 (38168580). [-8, 278.48].
[38192100] {1, -100, 1}. Sell at 35.90 (38192084). [-9, 314.38].
[38192400] {3, -100, 3}. Sell at 35.89 (38192395). [-10, 350.27].
[38192600] {3, 100, 3}.   Buy at 35.91 (38192600). [-9, 314.36].
[38218600] {2, 100, 2}.   Buy at 35.92 (38218592). [-8, 278.44].
[38219700] {2, -100, 2}. Sell at 35.89 (38219644). [-9, 314.33].
[38219800] {2, -100, 2}. Sell at 35.89 (38219784). [-10, 350.22].
[38220700] {1, -100, 1}. Sell at 35.89 (38220684). [-11, 386.11].
[38220800] {1, 100, 1}.   Buy at 35.91 (38220785). [-10, 350.20].
[38221400] {1, -100, 1}. Sell at 35.89 (38221325). [-11, 386.09].
[38246100] {1, -100, 1}. Sell at 35.87 (38246070). [-12, 421.96].
[38269500] {1, -100, 1}. Sell at 35.84 (38269498). [-13, 457.80].
[38270800] {2, -100, 2}. Sell at 35.83 (38270794). [-14, 493.63].
[38271100] {2, -100, 2}. Sell at 35.82 (38271045). [-15, 529.45].
[38343600] {1, 100, 1}.   Buy at 35.82 (38343600). [-14, 493.63].
[38347400] {2, 100, 2}.   Buy at 35.82 (38347359). [-13, 457.81].
[38365800] {2, 100, 2}.   Buy at 35.82 (38365798). [-12, 421.99].
[38387800] {2, 100, 2}.   Buy at 35.83 (38387798). [-11, 386.16].
[38401700] {2, -100, 2}. Sell at 35.81 (38401699). [-12, 421.97].
[38402600] {2, 100, 2}.   Buy at 35.83 (38402598). [-11, 386.14].
[38430900] {2, -100, 2}. Sell at 35.82 (38430865). [-12, 421.96].
[38431000] {2, 100, 2}.   Buy at 35.84 (38430994). [-11, 386.12].
[38435700] {2, 100, 2}.   Buy at 35.83 (38435686). [-10, 350.29].
[38440900] {3, 100, 3}.   Buy at 35.84 (38440900). [-9, 314.45].
[38470000] {1, -100, 1}. Sell at 35.81 (38469954). [-10, 350.26].
[38479400] {2, 100, 2}.   Buy at 35.83 (38479363). [-9, 314.43].
[38480100] {3, 100, 3}.   Buy at 35.84 (38480076). [-8, 278.59].
[38512700] {1, -100, 1}. Sell at 35.82 (38512698). [-9, 314.41].
[38520900] {2, 100, 2}.   Buy at 35.83 (38520893). [-8, 278.58].
[38578200] {2, -100, 2}. Sell at 35.82 (38578179). [-9, 314.40].
[38594200] {2, -100, 2}. Sell at 35.82 (38594187). [-10, 350.22].
[38597000] {2, -100, 2}. Sell at 35.82 (38596999). [-11, 386.04].
[38600100] {1, -200, 1}. Sell at 35.83 (38600080). [-12, 421.87].
[38630000] {2, -100, 2}. Sell at 35.82 (38629984). [-13, 457.69].
[38654900] {1, -100, 1}. Sell at 35.81 (38654890). [-14, 493.50].
[38672400] {1, -100, 1}. Sell at 35.81 (38672389). [-15, 529.31].
[38700400] {2, 200, 2}.   Buy at 35.82 (38700383). [-14, 493.49].
[38700500] {2, -100, 2}. Sell at 35.80 (38700482). [-15, 529.29].
[38727000] {1, 200, 1}.   Buy at 35.84 (38727000). [-14, 493.45].
[38742900] {2, 100, 2}.   Buy at 35.84 (38742857). [-13, 457.61].
[38743900] {1, -100, 1}. Sell at 35.82 (38743899). [-14, 493.43].
[38760300] {2, 100, 2}.   Buy at 35.85 (38760272). [-13, 457.58].
[38760400] {2, -100, 2}. Sell at 35.83 (38760368). [-14, 493.41].
[38772500] {3, 100, 3}.   Buy at 35.86 (38772500). [-13, 457.55].
[38780900] {3, 100, 3}.   Buy at 35.87 (38780900). [-12, 421.68].
[38802800] {1, -100, 1}. Sell at 35.85 (38802796). [-13, 457.53].
[38818500] {2, -100, 2}. Sell at 35.84 (38818500). [-14, 493.37].
[38828200] {3, 100, 3}.   Buy at 35.83 (38828188). [-13, 457.54].
[38863200] {2, 100, 2}.   Buy at 35.85 (38863200). [-12, 421.69].
[38863500] {2, 100, 2}.   Buy at 35.86 (38863499). [-11, 385.83].
[38888400] {3, 100, 3}.   Buy at 35.86 (38888395). [-10, 349.97].
[38896900] {2, -100, 2}. Sell at 35.84 (38896876). [-11, 385.81].
[38903400] {3, 100, 3}.   Buy at 35.87 (38903378). [-10, 349.94].
[38903500] {3, -100, 3}. Sell at 35.85 (38903475). [-11, 385.79].
[38919700] {2, -100, 2}. Sell at 35.84 (38919687). [-12, 421.63].
[38949400] {2, -100, 2}. Sell at 35.83 (38949398). [-13, 457.46].
[38981800] {2, 100, 2}.   Buy at 35.85 (38981800). [-12, 421.61].
[38987900] {2, -100, 2}. Sell at 35.83 (38987900). [-13, 457.44].
[39030400] {3, 100, 3}.   Buy at 35.86 (39030397). [-12, 421.58].
[39038400] {1, 100, 1}.   Buy at 35.88 (39038388). [-11, 385.70].
[39058300] {1, -100, 1}. Sell at 35.89 (39058300). [-12, 421.59].
[39060100] {2, -100, 2}. Sell at 35.88 (39060058). [-13, 457.47].
[39072100] {1, -100, 1}. Sell at 35.87 (39072100). [-14, 493.34].
[39090100] {2, -100, 2}. Sell at 35.84 (39090096). [-15, 529.18].
[39130800] {3, 100, 3}.   Buy at 35.84 (39130794). [-14, 493.34].
[39133400] {2, -100, 2}. Sell at 35.82 (39133397). [-15, 529.16].
[39146000] {3, -100, 3}. Sell at 35.81 (39145997). [-16, 564.97].
[39147100] {3, -100, 3}. Sell at 35.80 (39147055). [-17, 600.77].
[39163500] {3, 100, 3}.   Buy at 35.82 (39163495). [-16, 564.95].
[39170400] {3, 100, 3}.   Buy at 35.83 (39170379). [-15, 529.12].
[39180100] {2, 100, 2}.   Buy at 35.85 (39180063). [-14, 493.27].
[39180200] {2, -100, 2}. Sell at 35.83 (39180198). [-15, 529.10].
[39210000] {2, 100, 2}.   Buy at 35.87 (39209975). [-14, 493.23].
[39268200] {1, -100, 1}. Sell at 35.85 (39268200). [-15, 529.08].
[39283100] {3, -100, 3}. Sell at 35.83 (39283094). [-16, 564.91].
[39307400] {3, 100, 3}.   Buy at 35.86 (39307380). [-15, 529.05].
[39309400] {2, -100, 2}. Sell at 35.85 (39309366). [-16, 564.90].
[39329000] {2, -100, 2}. Sell at 35.85 (39328954). [-17, 600.75].
[39345700] {3, 100, 3}.   Buy at 35.88 (39345688). [-16, 564.87].
[39361200] {2, 100, 2}.   Buy at 35.89 (39361181). [-15, 528.98].
[39362700] {2, -100, 2}. Sell at 35.87 (39362695). [-16, 564.85].
[39370500] {3, 100, 3}.   Buy at 35.90 (39370500). [-15, 528.95].
[39387400] {3, 100, 3}.   Buy at 35.90 (39387383). [-14, 493.05].
[39411800] {3, 100, 3}.   Buy at 35.90 (39411799). [-13, 457.15].
[39417400] {2, 100, 2}.   Buy at 35.92 (39417393). [-12, 421.23].
[39417600] {2, -100, 2}. Sell at 35.90 (39417530). [-13, 457.13].
[39418300] {1, -100, 1}. Sell at 35.89 (39418268). [-14, 493.02].
[39419400] {2, 100, 2}.   Buy at 35.90 (39419350). [-13, 457.12].
[39419600] {3, -100, 3}. Sell at 35.88 (39419532). [-14, 493.00].
[39435100] {3, -100, 3}. Sell at 35.87 (39435099). [-15, 528.87].
[39493100] {2, -100, 2}. Sell at 35.83 (39493059). [-16, 564.70].
[39526000] {3, 100, 3}.   Buy at 35.86 (39525936). [-15, 528.84].
[39541400] {1, -100, 1}. Sell at 35.85 (39541388). [-16, 564.69].
[39575600] {1, -100, 1}. Sell at 35.85 (39575566). [-17, 600.54].
[39576100] {2, -200, 2}. Sell at 35.83 (39576055). [-18, 636.37].
[39579600] {3, 100, 3}.   Buy at 35.86 (39579598). [-17, 600.51].
[39580500] {1, 100, 1}.   Buy at 35.86 (39580486). [-16, 564.65].
[39591400] {2, -100, 2}. Sell at 35.85 (39591392). [-17, 600.50].
[39591500] {2, 100, 2}.   Buy at 35.87 (39591497). [-16, 564.63].
[39592300] {2, 100, 2}.   Buy at 35.88 (39592297). [-15, 528.75].
[39605700] {3, 100, 3}.   Buy at 35.88 (39605630). [-14, 492.87].
[39610100] {3, -100, 3}. Sell at 35.87 (39610082). [-15, 528.74].
[39611000] {2, 100, 2}.   Buy at 35.89 (39610995). [-14, 492.85].
[39647100] {2, 100, 2}.   Buy at 35.92 (39647096). [-13, 456.93].
[39648300] {2, 100, 2}.   Buy at 35.93 (39648291). [-12, 421.00].
[39649300] {1, -100, 1}. Sell at 35.91 (39649295). [-13, 456.91].
[39675900] {2, 100, 2}.   Buy at 35.94 (39675891). [-12, 420.97].
[39679100] {2, -100, 2}. Sell at 35.92 (39679064). [-13, 456.89].
[39704200] {2, -100, 2}. Sell at 35.91 (39704175). [-14, 492.80].
[39726600] {2, 100, 2}.   Buy at 35.93 (39726583). [-13, 456.87].
[39728200] {2, 100, 2}.   Buy at 35.93 (39728191). [-12, 420.94].
[39744600] {2, 200, 2}.   Buy at 35.94 (39744600). [-11, 385.00].
[39745600] {3, 100, 3}.   Buy at 35.95 (39745597). [-10, 349.05].
[39746500] {3, -100, 3}. Sell at 35.93 (39746498). [-11, 384.98].
[39755700] {2, -100, 2}. Sell at 35.93 (39755690). [-12, 420.91].
[39781900] {2, 100, 2}.   Buy at 35.95 (39781863). [-11, 384.96].
[39782000] {2, -100, 2}. Sell at 35.93 (39781994). [-12, 420.89].
[39782300] {2, -100, 2}. Sell at 35.93 (39782260). [-13, 456.82].
[39783500] {1, -100, 1}. Sell at 35.93 (39783454). [-14, 492.75].
[39786100] {2, -100, 2}. Sell at 35.94 (39786050). [-15, 528.69].
[39820000] {3, 100, 3}.   Buy at 35.98 (39819982). [-14, 492.71].
[39829600] {2, -100, 2}. Sell at 35.94 (39829509). [-15, 528.65].
[39835900] {3, -100, 3}. Sell at 35.93 (39835846). [-16, 564.58].
[39840600] {2, 100, 2}.   Buy at 35.95 (39840554). [-15, 528.63].
[39870700] {2, -100, 2}. Sell at 35.93 (39870678). [-16, 564.56].
[39897400] {3, -100, 3}. Sell at 35.89 (39897376). [-17, 600.45].
[39903200] {2, -100, 2}. Sell at 35.88 (39903199). [-18, 636.33].
[39921000] {1, -100, 1}. Sell at 35.87 (39920994). [-19, 672.20].
[39952100] {2, 200, 2}.   Buy at 35.89 (39952100). [-18, 636.31].
[39953900] {1, 100, 1}.   Buy at 35.90 (39953861). [-17, 600.41].
[39971700] {1, -100, 1}. Sell at 35.89 (39971691). [-18, 636.30].
[39980500] {1, 100, 1}.   Buy at 35.92 (39980476). [-17, 600.38].
[39982500] {1, -100, 1}. Sell at 35.90 (39982500). [-18, 636.28].
[39982600] {1, -100, 1}. Sell at 35.90 (39982501). [-19, 672.18].
[39982700] {1, 100, 1}.   Buy at 35.92 (39982602). [-18, 636.26].
[39982800] {1, -100, 1}. Sell at 35.90 (39982704). [-19, 672.16].
[39982900] {1, 100, 1}.   Buy at 35.92 (39982807). [-18, 636.24].
[39983000] {1, -100, 1}. Sell at 35.90 (39982905). [-19, 672.14].
[39983100] {1, 100, 1}.   Buy at 35.92 (39983058). [-18, 636.22].
[39989100] {1, -100, 1}. Sell at 35.89 (39989075). [-19, 672.11].
[39992800] {1, 100, 1}.   Buy at 35.92 (39992790). [-18, 636.19].
[40004000] {2, -100, 2}. Sell at 35.90 (40003989). [-19, 672.09].
[40044100] {2, -100, 2}. Sell at 35.88 (40044099). [-20, 707.97].
[40057000] {3, 200, 3}.   Buy at 35.90 (40056989). [-19, 672.07].
[40078200] {2, -100, 2}. Sell at 35.88 (40078162). [-20, 707.95].
[40089000] {2, -100, 2}. Sell at 35.87 (40088986). [-21, 743.82].
[40089200] {3, 100, 3}.   Buy at 35.88 (40089185). [-20, 707.94].
[40089600] {2, -100, 2}. Sell at 35.86 (40089578). [-21, 743.80].
[40101100] {2, 100, 2}.   Buy at 35.89 (40101097). [-20, 707.91].
[40102300] {1, -100, 1}. Sell at 35.86 (40102285). [-21, 743.77].
[40133900] {1, 100, 1}.   Buy at 35.88 (40133900). [-20, 707.89].
[40144100] {1, 100, 1}.   Buy at 35.89 (40144098). [-19, 672.00].
[40147700] {1, -100, 1}. Sell at 35.86 (40147699). [-20, 707.86].
[40162400] {1, -100, 1}. Sell at 35.84 (40162400). [-21, 743.70].
[40190000] {3, 100, 3}.   Buy at 35.87 (40189999). [-20, 707.83].
[40198800] {2, -100, 2}. Sell at 35.85 (40198796). [-21, 743.68].
[40206700] {1, -100, 1}. Sell at 35.85 (40206692). [-22, 779.53].
[40209100] {1, 100, 1}.   Buy at 35.87 (40209029). [-21, 743.66].
[40226700] {1, -100, 1}. Sell at 35.87 (40226695). [-22, 779.53].
[40226800] {1, 100, 1}.   Buy at 35.89 (40226795). [-21, 743.64].
[40227000] {1, -100, 1}. Sell at 35.87 (40226996). [-22, 779.51].
[40227100] {1, 100, 1}.   Buy at 35.89 (40227089). [-21, 743.62].
[40237700] {2, -100, 2}. Sell at 35.88 (40237688). [-22, 779.50].
[40246500] {2, -100, 2}. Sell at 35.87 (40246468). [-23, 815.37].
[40256000] {2, 100, 2}.   Buy at 35.87 (40255994). [-22, 779.50].
[40257200] {2, -100, 2}. Sell at 35.85 (40257200). [-23, 815.35].
[40257300] {2, 100, 2}.   Buy at 35.87 (40257299). [-22, 779.48].
[40264800] {1, 200, 1}.   Buy at 35.87 (40264771). [-21, 743.61].
[40265700] {2, 100, 2}.   Buy at 35.87 (40265674). [-20, 707.74].
[40267300] {1, -100, 1}. Sell at 35.85 (40267257). [-21, 743.59].
[40268000] {1, -100, 1}. Sell at 35.85 (40267998). [-22, 779.44].
[40273300] {1, -100, 1}. Sell at 35.85 (40273297). [-23, 815.29].
[40284300] {2, 100, 2}.   Buy at 35.89 (40284294). [-22, 779.40].
[40306900] {3, 100, 3}.   Buy at 35.88 (40306881). [-21, 743.52].
[40308200] {3, 100, 3}.   Buy at 35.88 (40308197). [-20, 707.64].
[40313100] {2, -100, 2}. Sell at 35.86 (40313098). [-21, 743.50].
[40326200] {2, 100, 2}.   Buy at 35.87 (40326168). [-20, 707.63].
[40349300] {2, 100, 2}.   Buy at 35.86 (40349299). [-19, 671.77].
[40368000] {1, 200, 1}.   Buy at 35.87 (40367993). [-18, 635.90].
[40368100] {1, -100, 1}. Sell at 35.85 (40368095). [-19, 671.75].
[40378400] {1, 100, 1}.   Buy at 35.86 (40378384). [-18, 635.89].
[40378500] {1, -100, 1}. Sell at 35.84 (40378499). [-19, 671.73].
[40383800] {1, -100, 1}. Sell at 35.85 (40383776). [-20, 707.58].
[40384100] {2, 100, 2}.   Buy at 35.87 (40384085). [-19, 671.71].
[40384300] {1, 100, 1}.   Buy at 35.88 (40384266). [-18, 635.83].
[40409400] {2, -100, 2}. Sell at 35.85 (40409369). [-19, 671.68].
[40425000] {1, -100, 1}. Sell at 35.85 (40424920). [-20, 707.53].
[40426000] {1, -100, 1}. Sell at 35.85 (40425952). [-21, 743.38].
[40427900] {1, -100, 1}. Sell at 35.85 (40427893). [-22, 779.23].
[40435800] {2, 100, 2}.   Buy at 35.87 (40435791). [-21, 743.36].
[40437100] {2, 100, 2}.   Buy at 35.88 (40437098). [-20, 707.48].
[40448000] {3, 100, 3}.   Buy at 35.89 (40448000). [-19, 671.59].
[40448300] {3, 100, 3}.   Buy at 35.90 (40448300). [-18, 635.69].
[40451600] {3, 100, 3}.   Buy at 35.90 (40451599). [-17, 599.79].
[40455900] {3, -100, 3}. Sell at 35.88 (40455900). [-18, 635.67].
[40456600] {3, 100, 3}.   Buy at 35.90 (40456598). [-17, 599.77].
[40467100] {2, -100, 2}. Sell at 35.87 (40467099). [-18, 635.64].
[40468600] {2, -100, 2}. Sell at 35.86 (40468543). [-19, 671.50].
[40473200] {2, -100, 2}. Sell at 35.85 (40473185). [-20, 707.35].
[40475600] {2, 100, 2}.   Buy at 35.87 (40475600). [-19, 671.48].
[40481900] {1, -100, 1}. Sell at 35.85 (40481872). [-20, 707.33].
[40489500] {2, -100, 2}. Sell at 35.85 (40489484). [-21, 743.18].
[40496900] {2, 100, 2}.   Buy at 35.89 (40496887). [-20, 707.29].
[40497400] {2, 100, 2}.   Buy at 35.90 (40497395). [-19, 671.39].
[40497900] {1, -100, 1}. Sell at 35.88 (40497890). [-20, 707.27].
[40526000] {2, 100, 2}.   Buy at 35.92 (40526000). [-19, 671.35].
[40526800] {1, -100, 1}. Sell at 35.91 (40526763). [-20, 707.26].
[40538200] {1, -100, 1}. Sell at 35.89 (40538190). [-21, 743.15].
[40549500] {3, 100, 3}.   Buy at 35.91 (40549496). [-20, 707.24].
[40559100] {3, -100, 3}. Sell at 35.89 (40559081). [-21, 743.13].
[40559600] {2, 100, 2}.   Buy at 35.91 (40559599). [-20, 707.22].
[40575900] {1, -100, 1}. Sell at 35.87 (40575900). [-21, 743.09].
[40582400] {2, -100, 2}. Sell at 35.87 (40582379). [-22, 778.96].
[40594700] {1, -100, 1}. Sell at 35.87 (40594696). [-23, 814.83].
[40594800] {1, 100, 1}.   Buy at 35.89 (40594794). [-22, 778.94].
[40601900] {1, -100, 1}. Sell at 35.85 (40601900). [-23, 814.79].
[40608700] {2, -100, 2}. Sell at 35.85 (40608620). [-24, 850.64].
[40613900] {3, 100, 3}.   Buy at 35.87 (40613853). [-23, 814.77].
[40629500] {2, -100, 2}. Sell at 35.87 (40629499). [-24, 850.64].
[40634800] {2, -100, 2}. Sell at 35.86 (40634749). [-25, 886.50].
[40657400] {1, -100, 1}. Sell at 35.83 (40657400). [-26, 922.33].
[40662200] {1, -100, 1}. Sell at 35.84 (40662189). [-27, 958.17].
[40662300] {1, 100, 1}.   Buy at 35.86 (40662277). [-26, 922.31].
[40662500] {2, 100, 2}.   Buy at 35.86 (40662485). [-25, 886.45].
[40674300] {3, 100, 3}.   Buy at 35.87 (40674271). [-24, 850.58].
[40682700] {3, -100, 3}. Sell at 35.86 (40682687). [-25, 886.44].
[40687000] {2, -100, 2}. Sell at 35.85 (40686994). [-26, 922.29].
[40689700] {2, -100, 2}. Sell at 35.85 (40689684). [-27, 958.14].
[40692000] {2, -100, 2}. Sell at 35.84 (40691932). [-28, 993.98].
[40702300] {1, 100, 1}.   Buy at 35.87 (40702281). [-27, 958.11].
[40702400] {1, 100, 1}.   Buy at 35.87 (40702379). [-26, 922.24].
[40704200] {3, 100, 3}.   Buy at 35.87 (40704198). [-25, 886.37].
[40705400] {1, -100, 1}. Sell at 35.85 (40705399). [-26, 922.22].
[40708800] {1, 100, 1}.   Buy at 35.87 (40708785). [-25, 886.35].
[40726100] {1, -100, 1}. Sell at 35.83 (40726091). [-26, 922.18].
[40737900] {3, 100, 3}.   Buy at 35.85 (40737886). [-25, 886.33].
[40755400] {2, 100, 2}.   Buy at 35.87 (40755396). [-24, 850.46].
[40789100] {1, -100, 1}. Sell at 35.85 (40789094). [-25, 886.31].
[40806700] {2, 100, 2}.   Buy at 35.84 (40806699). [-24, 850.47].
[40806900] {1, 100, 1}.   Buy at 35.85 (40806865). [-23, 814.62].
[40812200] {2, 100, 2}.   Buy at 35.86 (40812175). [-22, 778.76].
[40812600] {2, 100, 2}.   Buy at 35.86 (40812589). [-21, 742.90].
[40819200] {1, 100, 1}.   Buy at 35.88 (40819160). [-20, 707.02].
[40821800] {1, -100, 1}. Sell at 35.86 (40821775). [-21, 742.88].
[40821900] {1, 100, 1}.   Buy at 35.88 (40821876). [-20, 707.00].
[40824500] {1, 100, 1}.   Buy at 35.89 (40824447). [-19, 671.11].
[40828000] {2, 100, 2}.   Buy at 35.89 (40827990). [-18, 635.22].
[40835800] {3, -100, 3}. Sell at 35.87 (40835763). [-19, 671.09].
[40885600] {2, -100, 2}. Sell at 35.85 (40885600). [-20, 706.94].
[40894700] {2, -100, 2}. Sell at 35.83 (40894681). [-21, 742.77].
[40900500] {2, -100, 2}. Sell at 35.82 (40900452). [-22, 778.59].
[40907800] {2, 100, 2}.   Buy at 35.85 (40907785). [-21, 742.74].
[40913600] {1, -100, 1}. Sell at 35.83 (40913574). [-22, 778.57].
[40983300] {2, 100, 2}.   Buy at 35.87 (40983253). [-21, 742.70].
[40983400] {2, -100, 2}. Sell at 35.85 (40983394). [-22, 778.55].
[40989200] {1, 100, 1}.   Buy at 35.87 (40989200). [-21, 742.68].
[40990000] {1, -100, 1}. Sell at 35.85 (40990000). [-22, 778.53].
[41051100] {2, -100, 2}. Sell at 35.83 (41051092). [-23, 814.36].
[41104100] {3, -100, 3}. Sell at 35.81 (41104058). [-24, 850.17].
[41149800] {2, -100, 2}. Sell at 35.80 (41149728). [-25, 885.97].
[41159400] {2, 100, 2}.   Buy at 35.81 (41159390). [-24, 850.16].
[41159700] {2, 100, 2}.   Buy at 35.82 (41159690). [-23, 814.34].
[41169100] {1, -100, 1}. Sell at 35.80 (41169099). [-24, 850.14].
[41174300] {2, 100, 2}.   Buy at 35.83 (41174300). [-23, 814.31].
[41182400] {1, -100, 1}. Sell at 35.81 (41182385). [-24, 850.12].
[41207100] {2, 100, 2}.   Buy at 35.82 (41207094). [-23, 814.30].
[41219600] {1, -100, 1}. Sell at 35.80 (41219565). [-24, 850.10].
[41219700] {1, 100, 1}.   Buy at 35.82 (41219679). [-23, 814.28].
[41248400] {3, 100, 3}.   Buy at 35.80 (41248386). [-22, 778.48].
[41250400] {2, 100, 2}.   Buy at 35.81 (41250389). [-21, 742.67].
[41299900] {3, 100, 3}.   Buy at 35.81 (41299874). [-20, 706.86].
[41312300] {2, 100, 2}.   Buy at 35.83 (41312290). [-19, 671.03].
[41324600] {2, 100, 2}.   Buy at 35.85 (41324578). [-18, 635.18].
[41340400] {2, 100, 2}.   Buy at 35.86 (41340400). [-17, 599.32].
[41362100] {3, -100, 3}. Sell at 35.84 (41362055). [-18, 635.16].
[41376200] {2, 100, 2}.   Buy at 35.86 (41376189). [-17, 599.30].
[41382900] {2, 100, 2}.   Buy at 35.87 (41382897). [-16, 563.43].
[41383200] {1, 100, 1}.   Buy at 35.87 (41383145). [-15, 527.56].
[41383500] {1, -100, 1}. Sell at 35.85 (41383494). [-16, 563.41].
[41383600] {1, 100, 1}.   Buy at 35.87 (41383594). [-15, 527.54].
[41438400] {3, 100, 3}.   Buy at 35.88 (41438400). [-14, 491.66].
[41535200] {3, 100, 3}.   Buy at 35.90 (41535199). [-13, 455.76].
[41554700] {2, -100, 2}. Sell at 35.89 (41554695). [-14, 491.65].
[41555000] {2, 100, 2}.   Buy at 35.91 (41554964). [-13, 455.74].
[41603800] {2, 100, 2}.   Buy at 35.89 (41603798). [-12, 419.85].
[41632100] {2, 100, 2}.   Buy at 35.89 (41632090). [-11, 383.96].
[41632200] {2, -100, 2}. Sell at 35.87 (41632166). [-12, 419.83].
[41633000] {3, 100, 3}.   Buy at 35.89 (41632984). [-11, 383.94].
[41701400] {2, 100, 2}.   Buy at 35.87 (41701390). [-10, 348.07].
[41719100] {2, -100, 2}. Sell at 35.84 (41719087). [-11, 383.91].
[41773500] {2, 100, 2}.   Buy at 35.87 (41773475). [-10, 348.04].
[41814800] {2, 100, 2}.   Buy at 35.89 (41814784). [-9, 312.15].
[41825000] {1, -100, 1}. Sell at 35.88 (41824999). [-10, 348.03].
[41855800] {2, 100, 2}.   Buy at 35.89 (41855784). [-9, 312.14].
[41921700] {2, -100, 2}. Sell at 35.87 (41921694). [-10, 348.01].
[41948700] {3, 100, 3}.   Buy at 35.89 (41948686). [-9, 312.12].
[41981800] {2, -100, 2}. Sell at 35.87 (41981789). [-10, 347.99].
[41994100] {3, -100, 3}. Sell at 35.85 (41994097). [-11, 383.84].
[41996100] {3, -100, 3}. Sell at 35.84 (41996056). [-12, 419.68].
[42012800] {3, -100, 3}. Sell at 35.84 (42012779). [-13, 455.52].
[42013300] {3, 100, 3}.   Buy at 35.86 (42013292). [-12, 419.66].
[42019800] {2, 100, 2}.   Buy at 35.87 (42019730). [-11, 383.79].
[42038400] {1, 100, 1}.   Buy at 35.86 (42038392). [-10, 347.93].
[42065300] {2, 100, 2}.   Buy at 35.86 (42065274). [-9, 312.07].
[42065400] {2, -100, 2}. Sell at 35.84 (42065373). [-10, 347.91].
[42066200] {2, 100, 2}.   Buy at 35.86 (42066107). [-9, 312.05].
[42092000] {2, -100, 2}. Sell at 35.84 (42091938). [-10, 347.89].
[42145800] {2, 100, 2}.   Buy at 35.86 (42145799). [-9, 312.03].
[42165900] {3, 100, 3}.   Buy at 35.86 (42165886). [-8, 276.17].
[42215900] {2, -100, 2}. Sell at 35.84 (42215875). [-9, 312.01].
[42216000] {2, 100, 2}.   Buy at 35.86 (42215999). [-8, 276.15].
[42241100] {3, -100, 3}. Sell at 35.82 (42241051). [-9, 311.97].
[42292900] {3, -100, 3}. Sell at 35.81 (42292860). [-10, 347.78].
[42433300] {2, 100, 2}.   Buy at 35.81 (42433292). [-9, 311.97].
[42433400] {2, 100, 2}.   Buy at 35.82 (42433396). [-8, 276.15].
[42467800] {2, -100, 2}. Sell at 35.80 (42467797). [-9, 311.95].
[42472300] {1, 100, 1}.   Buy at 35.83 (42472297). [-8, 276.12].
[42605800] {2, -100, 2}. Sell at 35.80 (42605776). [-9, 311.92].
[42608400] {2, 100, 2}.   Buy at 35.82 (42608393). [-8, 276.10].
[42742900] {2, -100, 2}. Sell at 35.80 (42742891). [-9, 311.90].
[42772800] {2, -100, 2}. Sell at 35.78 (42772788). [-10, 347.68].
[42782500] {2, 100, 2}.   Buy at 35.80 (42782466). [-9, 311.88].
[42795200] {3, -100, 3}. Sell at 35.78 (42795160). [-10, 347.66].
[42864600] {1, 100, 1}.   Buy at 35.84 (42864589). [-9, 311.82].
[42871400] {2, -100, 2}. Sell at 35.82 (42871393). [-10, 347.64].
[42887800] {2, -100, 2}. Sell at 35.81 (42887763). [-11, 383.45].
[43021600] {2, 100, 2}.   Buy at 35.83 (43021599). [-10, 347.62].
[43022800] {2, -100, 2}. Sell at 35.81 (43022793). [-11, 383.43].
[43088000] {3, -100, 3}. Sell at 35.81 (43087994). [-12, 419.24].
[43141900] {2, -100, 2}. Sell at 35.82 (43141812). [-13, 455.06].
[43259800] {2, -100, 2}. Sell at 35.79 (43259799). [-14, 490.85].
[43349000] {1, -100, 1}. Sell at 35.81 (43348930). [-15, 526.66].
[43360100] {1, -100, 1}. Sell at 35.81 (43360093). [-16, 562.47].
[43360500] {1, 100, 1}.   Buy at 35.83 (43360474). [-15, 526.64].
[43414400] {2, 100, 2}.   Buy at 35.84 (43414397). [-14, 490.80].
[43478800] {2, -100, 2}. Sell at 35.80 (43478795). [-15, 526.60].
[43489100] {3, 100, 3}.   Buy at 35.82 (43489074). [-14, 490.78].
[43495300] {2, -100, 2}. Sell at 35.80 (43495260). [-15, 526.58].
[43499500] {3, 100, 3}.   Buy at 35.81 (43499468). [-14, 490.77].
[43499900] {3, 100, 3}.   Buy at 35.82 (43499896). [-13, 454.95].
[43508800] {3, 100, 3}.   Buy at 35.82 (43508769). [-12, 419.13].
[43513100] {1, -100, 1}. Sell at 35.80 (43513077). [-13, 454.93].
[43523200] {1, 100, 1}.   Buy at 35.83 (43523188). [-12, 419.10].
[43571100] {1, -100, 1}. Sell at 35.82 (43571095). [-13, 454.92].
[43571800] {2, -100, 2}. Sell at 35.82 (43571744). [-14, 490.74].
[43575300] {2, -100, 2}. Sell at 35.82 (43575234). [-15, 526.56].
[43575700] {2, -100, 2}. Sell at 35.82 (43575651). [-16, 562.38].
[43681500] {3, 100, 3}.   Buy at 35.85 (43681493). [-15, 526.53].
[43688100] {3, 100, 3}.   Buy at 35.85 (43688065). [-14, 490.68].
[43692900] {1, 100, 1}.   Buy at 35.86 (43692885). [-13, 454.82].
[43722600] {2, 100, 2}.   Buy at 35.89 (43722592). [-12, 418.93].
[43730000] {2, 100, 2}.   Buy at 35.90 (43730000). [-11, 383.03].
[43732700] {1, -100, 1}. Sell at 35.88 (43732667). [-12, 418.91].
[43748400] {2, -200, 2}. Sell at 35.86 (43748387). [-13, 454.77].
[43772000] {2, 100, 2}.   Buy at 35.87 (43771996). [-12, 418.90].
[43776400] {2, -100, 2}. Sell at 35.85 (43776303). [-13, 454.75].
[43777300] {1, -100, 1}. Sell at 35.85 (43777300). [-14, 490.60].
[43783400] {1, -100, 1}. Sell at 35.86 (43783352). [-15, 526.46].
[43784300] {2, 100, 2}.   Buy at 35.89 (43784238). [-14, 490.57].
[43797100] {1, -100, 1}. Sell at 35.88 (43797089). [-15, 526.45].
[43809400] {1, 100, 1}.   Buy at 35.90 (43809325). [-14, 490.55].
[43815700] {1, -100, 1}. Sell at 35.88 (43815700). [-15, 526.43].
[43817100] {1, -100, 1}. Sell at 35.88 (43817049). [-16, 562.31].
[43820200] {1, -100, 1}. Sell at 35.88 (43820200). [-17, 598.19].
[43820300] {1, -100, 1}. Sell at 35.88 (43820300). [-18, 634.07].
[43826700] {1, -100, 1}. Sell at 35.88 (43826681). [-19, 669.95].
[43838800] {2, -100, 2}. Sell at 35.87 (43838800). [-20, 705.82].
[43853800] {1, 100, 1}.   Buy at 35.90 (43853785). [-19, 669.92].
[43853900] {1, -100, 1}. Sell at 35.88 (43853880). [-20, 705.80].
[43854000] {1, 100, 1}.   Buy at 35.90 (43853990). [-19, 669.90].
[43861100] {1, -100, 1}. Sell at 35.88 (43861095). [-20, 705.78].
[43862900] {2, -100, 2}. Sell at 35.86 (43862882). [-21, 741.64].
[43947800] {3, -100, 3}. Sell at 35.86 (43947779). [-22, 777.50].
[43962100] {2, -100, 2}. Sell at 35.86 (43962030). [-23, 813.36].
[43963800] {3, -100, 3}. Sell at 35.86 (43963774). [-24, 849.22].
[44062100] {2, 100, 2}.   Buy at 35.90 (44062099). [-23, 813.32].
[44090900] {3, -100, 3}. Sell at 35.87 (44090865). [-24, 849.19].
[44091800] {2, 200, 2}.   Buy at 35.90 (44091800). [-23, 813.29].
[44119200] {1, -100, 1}. Sell at 35.88 (44119200). [-24, 849.17].
[44126200] {2, -100, 2}. Sell at 35.88 (44126189). [-25, 885.05].
[44126600] {2, 100, 2}.   Buy at 35.90 (44126597). [-24, 849.15].
[44126700] {2, -100, 2}. Sell at 35.88 (44126688). [-25, 885.03].
[44131500] {2, 100, 2}.   Buy at 35.89 (44131456). [-24, 849.14].
[44132100] {2, 100, 2}.   Buy at 35.89 (44132094). [-23, 813.25].
[44139800] {3, -100, 3}. Sell at 35.87 (44139787). [-24, 849.12].
[44140100] {3, 100, 3}.   Buy at 35.89 (44140094). [-23, 813.23].
[44140200] {3, -100, 3}. Sell at 35.87 (44140188). [-24, 849.10].
[44202600] {2, -100, 2}. Sell at 35.86 (44202599). [-25, 884.96].
[44215400] {1, -100, 1}. Sell at 35.85 (44215396). [-26, 920.81].
[44217600] {3, 100, 3}.   Buy at 35.86 (44217539). [-25, 884.95].
[44229500] {2, -100, 2}. Sell at 35.83 (44229495). [-26, 920.78].
[44275300] {1, -100, 1}. Sell at 35.84 (44275298). [-27, 956.62].
[44285400] {1, -100, 1}. Sell at 35.83 (44285397). [-28, 992.45].
[44290200] {2, 100, 2}.   Buy at 35.85 (44290161). [-27, 956.60].
[44299700] {3, 100, 3}.   Buy at 35.85 (44299700). [-26, 920.75].
[44349500] {1, -100, 1}. Sell at 35.84 (44349463). [-27, 956.59].
[44349600] {1, 100, 1}.   Buy at 35.86 (44349557). [-26, 920.73].
[44392800] {2, -100, 2}. Sell at 35.84 (44392779). [-27, 956.57].
[44399200] {1, 100, 1}.   Buy at 35.87 (44399162). [-26, 920.70].
[44441000] {1, 100, 1}.   Buy at 35.88 (44440999). [-25, 884.82].
[44441600] {1, 100, 1}.   Buy at 35.88 (44441591). [-24, 848.94].
[44442000] {1, 100, 1}.   Buy at 35.89 (44441999). [-23, 813.05].
[44442100] {1, -100, 1}. Sell at 35.87 (44442075). [-24, 848.92].
[44442200] {1, -100, 1}. Sell at 35.86 (44442175). [-25, 884.78].
[44442800] {1, 100, 1}.   Buy at 35.89 (44442792). [-24, 848.89].
[44442900] {1, -100, 1}. Sell at 35.86 (44442856). [-25, 884.75].
[44448900] {1, 100, 1}.   Buy at 35.90 (44448829). [-24, 848.85].
[44452100] {1, -100, 1}. Sell at 35.88 (44452058). [-25, 884.73].
[44455000] {1, 100, 1}.   Buy at 35.89 (44454939). [-24, 848.84].
[44582400] {1, 100, 1}.   Buy at 35.89 (44582395). [-23, 812.95].
[44582900] {1, -100, 1}. Sell at 35.88 (44582879). [-24, 848.83].
[44583000] {1, -100, 1}. Sell at 35.86 (44583000). [-25, 884.69].
[44636300] {1, -100, 1}. Sell at 35.89 (44636294). [-26, 920.58].
[44638700] {1, -100, 1}. Sell at 35.89 (44638697). [-27, 956.47].
[44638900] {1, 100, 1}.   Buy at 35.91 (44638898). [-26, 920.56].
[44705400] {1, -100, 1}. Sell at 35.89 (44705372). [-27, 956.45].
[44713900] {2, -100, 2}. Sell at 35.87 (44713900). [-28, 992.32].
[44766300] {2, 100, 2}.   Buy at 35.90 (44766293). [-27, 956.42].
[44797500] {2, -100, 2}. Sell at 35.89 (44797498). [-28, 992.31].
[44806000] {3, 100, 3}.   Buy at 35.91 (44805985). [-27, 956.40].
[44814300] {2, 100, 2}.   Buy at 35.92 (44814293). [-26, 920.48].
[44821800] {3, -100, 3}. Sell at 35.90 (44821774). [-27, 956.38].
[44828900] {2, -100, 2}. Sell at 35.89 (44828840). [-28, 992.27].
[44871500] {3, 100, 3}.   Buy at 35.90 (44871489). [-27, 956.37].
[44871900] {3, 100, 3}.   Buy at 35.91 (44871900). [-26, 920.46].
[44882900] {3, 100, 3}.   Buy at 35.92 (44882859). [-25, 884.54].
[44920400] {2, -100, 2}. Sell at 35.90 (44920399). [-26, 920.44].
[44954800] {2, -200, 2}. Sell at 35.88 (44954799). [-27, 956.32].
[45000000] {2, 100, 2}.   Buy at 35.90 (45000000). [-26, 920.42].
[45014200] {3, 100, 3}.   Buy at 35.92 (45014200). [-25, 884.50].
[45037500] {2, -100, 2}. Sell at 35.89 (45037491). [-26, 920.39].
[45076000] {3, 100, 3}.   Buy at 35.91 (45075993). [-25, 884.48].
[45175000] {2, 100, 2}.   Buy at 35.92 (45174995). [-24, 848.56].
[45230800] {2, -100, 2}. Sell at 35.90 (45230795). [-25, 884.46].
[45236900] {2, 100, 2}.   Buy at 35.92 (45236858). [-24, 848.54].
[45292900] {3, 100, 3}.   Buy at 35.92 (45292881). [-23, 812.62].
[45354800] {2, 100, 2}.   Buy at 35.93 (45354789). [-22, 776.69].
[45382700] {2, 100, 2}.   Buy at 35.94 (45382678). [-21, 740.75].
[45385600] {2, 100, 2}.   Buy at 35.96 (45385555). [-20, 704.79].
[45411200] {2, -100, 2}. Sell at 35.94 (45411194). [-21, 740.73].
[45420100] {2, -100, 2}. Sell at 35.93 (45420091). [-22, 776.66].
[45422000] {2, -100, 2}. Sell at 35.92 (45421984). [-23, 812.58].
[45504800] {1, -100, 1}. Sell at 35.94 (45504791). [-24, 848.52].
[45565800] {2, -100, 2}. Sell at 35.93 (45565797). [-25, 884.45].
[45571000] {3, 100, 3}.   Buy at 35.95 (45570979). [-24, 848.50].
[45582800] {2, -100, 2}. Sell at 35.93 (45582796). [-25, 884.43].
[45584100] {3, 100, 3}.   Buy at 35.93 (45584098). [-24, 848.50].
[45585900] {3, 100, 3}.   Buy at 35.93 (45585822). [-23, 812.57].
[45627400] {2, 100, 2}.   Buy at 35.98 (45627343). [-22, 776.59].
[45701200] {3, -100, 3}. Sell at 35.93 (45701199). [-23, 812.52].
[45744800] {3, 100, 3}.   Buy at 35.92 (45744799). [-22, 776.60].
[45762100] {3, 100, 3}.   Buy at 35.93 (45762093). [-21, 740.67].
[45801700] {3, 100, 3}.   Buy at 35.94 (45801698). [-20, 704.73].
[45986100] {3, 100, 3}.   Buy at 35.96 (45986098). [-19, 668.77].
[46019200] {2, 100, 2}.   Buy at 35.97 (46019122). [-18, 632.80].
[46037300] {3, -100, 3}. Sell at 35.95 (46037300). [-19, 668.75].
[46037400] {3, -100, 3}. Sell at 35.94 (46037400). [-20, 704.69].
[46038100] {3, 100, 3}.   Buy at 35.96 (46038066). [-19, 668.73].
[46061300] {3, 100, 3}.   Buy at 35.97 (46061297). [-18, 632.76].
[46090900] {2, 100, 2}.   Buy at 35.99 (46090848). [-17, 596.77].
[46092100] {2, -100, 2}. Sell at 35.97 (46092047). [-18, 632.74].
[46113000] {3, 100, 3}.   Buy at 35.99 (46112981). [-17, 596.75].
[46115900] {3, 100, 3}.   Buy at 36.00 (46115900). [-16, 560.75].
[46127100] {2, -100, 2}. Sell at 36.00 (46127044). [-17, 596.75].
[46166100] {2, -100, 2}. Sell at 36.01 (46166096). [-18, 632.76].
[46206200] {3, -100, 3}. Sell at 35.99 (46206185). [-19, 668.75].
[46319900] {1, 100, 1}.   Buy at 36.04 (46319852). [-18, 632.71].
[46320000] {1, -100, 1}. Sell at 36.01 (46319913). [-19, 668.72].
[46321600] {1, 100, 1}.   Buy at 36.04 (46321592). [-18, 632.68].
[46321700] {1, 100, 1}.   Buy at 36.04 (46321691). [-17, 596.64].
[46323700] {1, -100, 1}. Sell at 36.02 (46323697). [-18, 632.66].
[46339800] {2, 100, 2}.   Buy at 36.05 (46339771). [-17, 596.61].
[46346900] {2, -100, 2}. Sell at 36.03 (46346898). [-18, 632.64].
[46378100] {2, 100, 2}.   Buy at 36.05 (46378058). [-17, 596.59].
[46387200] {1, -100, 1}. Sell at 36.03 (46387145). [-18, 632.62].
[46387300] {1, 100, 1}.   Buy at 36.05 (46387246). [-17, 596.57].
[46440000] {2, -100, 2}. Sell at 36.05 (46439940). [-18, 632.62].
[46440500] {1, 100, 1}.   Buy at 36.07 (46440500). [-17, 596.55].
[46445400] {1, 100, 1}.   Buy at 36.09 (46445358). [-16, 560.46].
[46445500] {1, -100, 1}. Sell at 36.07 (46445496). [-17, 596.53].
[46500900] {2, 100, 2}.   Buy at 36.11 (46500896). [-16, 560.42].
[46508200] {2, -100, 2}. Sell at 36.10 (46508200). [-17, 596.52].
[46526800] {2, 100, 2}.   Buy at 36.11 (46526774). [-16, 560.41].
[46625200] {1, -100, 1}. Sell at 36.08 (46625197). [-17, 596.49].
[46625300] {1, 100, 1}.   Buy at 36.10 (46625300). [-16, 560.39].
[46625400] {1, 100, 1}.   Buy at 36.10 (46625314). [-15, 524.29].
[46656800] {3, 100, 3}.   Buy at 36.12 (46656787). [-14, 488.17].
[46675800] {3, 100, 3}.   Buy at 36.13 (46675774). [-13, 452.04].
[46718300] {1, -100, 1}. Sell at 36.10 (46718297). [-14, 488.14].
[46721800] {2, -100, 2}. Sell at 36.08 (46721800). [-15, 524.22].
[46722900] {2, 100, 2}.   Buy at 36.11 (46722870). [-14, 488.11].
[46725800] {3, 100, 3}.   Buy at 36.11 (46725767). [-13, 452.00].
[46726300] {2, 100, 2}.   Buy at 36.11 (46726207). [-12, 415.89].
[46731900] {1, -100, 1}. Sell at 36.09 (46731881). [-13, 451.98].
[46750000] {2, -100, 2}. Sell at 36.09 (46749973). [-14, 488.07].
[46759700] {3, 100, 3}.   Buy at 36.10 (46759634). [-13, 451.97].
[46760100] {3, -100, 3}. Sell at 36.08 (46760094). [-14, 488.05].
[46843100] {1, 200, 1}.   Buy at 36.13 (46843099). [-13, 451.92].
[46886300] {1, -100, 1}. Sell at 36.14 (46886300). [-14, 488.06].
[46886400] {1, -100, 1}. Sell at 36.13 (46886397). [-15, 524.19].
[46893100] {3, 100, 3}.   Buy at 36.14 (46893074). [-14, 488.05].
[46893600] {3, -100, 3}. Sell at 36.12 (46893591). [-15, 524.17].
[46913200] {2, -100, 2}. Sell at 36.12 (46913196). [-16, 560.29].
[46929700] {3, 100, 3}.   Buy at 36.14 (46929681). [-15, 524.15].
[46965900] {3, -100, 3}. Sell at 36.10 (46965830). [-16, 560.25].
[46986900] {3, -100, 3}. Sell at 36.10 (46986865). [-17, 596.35].
[46996300] {3, -100, 3}. Sell at 36.10 (46996275). [-18, 632.45].
[47108400] {3, -100, 3}. Sell at 36.12 (47108394). [-19, 668.57].
[47204900] {3, 100, 3}.   Buy at 36.13 (47204885). [-18, 632.44].
[47224800] {1, -100, 1}. Sell at 36.12 (47224800). [-19, 668.56].
[47237900] {2, -100, 2}. Sell at 36.12 (47237867). [-20, 704.68].
[47239900] {1, -100, 1}. Sell at 36.12 (47239895). [-21, 740.80].
[47240300] {1, -100, 1}. Sell at 36.12 (47240291). [-22, 776.92].
[47244900] {1, -100, 1}. Sell at 36.13 (47244882). [-23, 813.05].
[47256300] {1, 100, 1}.   Buy at 36.16 (47256295). [-22, 776.89].
[47256500] {1, -100, 1}. Sell at 36.14 (47256446). [-23, 813.03].
[47256600] {1, 100, 1}.   Buy at 36.16 (47256546). [-22, 776.87].
[47257400] {1, -100, 1}. Sell at 36.14 (47257388). [-23, 813.01].
[47257600] {1, 100, 1}.   Buy at 36.16 (47257600). [-22, 776.85].
[47264600] {1, 100, 1}.   Buy at 36.16 (47264599). [-21, 740.69].
[47276000] {2, 100, 2}.   Buy at 36.17 (47276000). [-20, 704.52].
[47276700] {2, 100, 2}.   Buy at 36.17 (47276696). [-19, 668.35].
[47277500] {2, 100, 2}.   Buy at 36.17 (47277500). [-18, 632.18].
[47277600] {2, 100, 2}.   Buy at 36.17 (47277599). [-17, 596.01].
[47277700] {2, 100, 2}.   Buy at 36.17 (47277700). [-16, 559.84].
[47277800] {2, 100, 2}.   Buy at 36.17 (47277800). [-15, 523.67].
[47306800] {1, 100, 1}.   Buy at 36.18 (47306744). [-14, 487.49].
[47361500] {2, 100, 2}.   Buy at 36.17 (47361500). [-13, 451.32].
[47397900] {2, 100, 2}.   Buy at 36.19 (47397900). [-12, 415.13].
[47491100] {1, 100, 1}.   Buy at 36.20 (47491076). [-11, 378.93].
[47506200] {2, 100, 2}.   Buy at 36.20 (47506197). [-10, 342.73].
[47537300] {2, -100, 2}. Sell at 36.18 (47537300). [-11, 378.91].
[47596300] {1, -100, 1}. Sell at 36.18 (47596234). [-12, 415.09].
[47634500] {2, -100, 2}. Sell at 36.18 (47634489). [-13, 451.27].
[47636800] {1, -100, 1}. Sell at 36.18 (47636778). [-14, 487.45].
[47638100] {2, 100, 2}.   Buy at 36.20 (47638090). [-13, 451.25].
[47668400] {2, 100, 2}.   Buy at 36.20 (47668362). [-12, 415.05].
[47757200] {3, 100, 3}.   Buy at 36.21 (47757196). [-11, 378.84].
[47795600] {3, 100, 3}.   Buy at 36.22 (47795578). [-10, 342.62].
[47812600] {2, -100, 2}. Sell at 36.20 (47812563). [-11, 378.82].
[47812900] {2, -100, 2}. Sell at 36.21 (47812876). [-12, 415.03].
[47813100] {2, 100, 2}.   Buy at 36.23 (47813066). [-11, 378.80].
[47813900] {2, -100, 2}. Sell at 36.21 (47813870). [-12, 415.01].
[47814000] {2, 100, 2}.   Buy at 36.23 (47813971). [-11, 378.78].
[47814800] {2, 100, 2}.   Buy at 36.23 (47814789). [-10, 342.55].
[47877900] {3, 100, 3}.   Buy at 36.23 (47877822). [-9, 306.32].
[47889300] {3, -100, 3}. Sell at 36.21 (47889293). [-10, 342.53].
[47918200] {2, 100, 2}.   Buy at 36.22 (47918192). [-9, 306.31].
[47920500] {2, -100, 2}. Sell at 36.20 (47920499). [-10, 342.51].
[47925700] {3, -100, 3}. Sell at 36.20 (47925695). [-11, 378.71].
[47925900] {3, -100, 3}. Sell at 36.20 (47925854). [-12, 414.91].
[47926100] {3, -100, 3}. Sell at 36.20 (47926056). [-13, 451.11].
[47928200] {3, -100, 3}. Sell at 36.20 (47928147). [-14, 487.31].
[47954700] {2, -100, 2}. Sell at 36.17 (47954678). [-15, 523.48].
[47969300] {3, 100, 3}.   Buy at 36.18 (47969279). [-14, 487.30].
[47981200] {3, 100, 3}.   Buy at 36.20 (47981200). [-13, 451.10].
[47981300] {3, -100, 3}. Sell at 36.18 (47981299). [-14, 487.28].
[47999300] {3, 100, 3}.   Buy at 36.20 (47999286). [-13, 451.08].
[48000300] {3, 100, 3}.   Buy at 36.21 (48000231). [-12, 414.87].
[48002100] {3, -100, 3}. Sell at 36.19 (48002079). [-13, 451.06].
[48007800] {3, 100, 3}.   Buy at 36.21 (48007795). [-12, 414.85].
[48008100] {3, -100, 3}. Sell at 36.19 (48008045). [-13, 451.04].
[48008200] {3, 100, 3}.   Buy at 36.21 (48008144). [-12, 414.83].
[48008400] {3, 100, 3}.   Buy at 36.22 (48008399). [-11, 378.61].
[48022000] {3, 100, 3}.   Buy at 36.22 (48021997). [-10, 342.39].
[48028000] {3, 100, 3}.   Buy at 36.23 (48027998). [-9, 306.16].
[48028200] {3, -100, 3}. Sell at 36.21 (48028181). [-10, 342.37].
[48043300] {3, -100, 3}. Sell at 36.20 (48043281). [-11, 378.57].
[48048100] {3, 100, 3}.   Buy at 36.22 (48048040). [-10, 342.35].
[48071600] {2, -100, 2}. Sell at 36.21 (48071577). [-11, 378.56].
[48084200] {1, 100, 1}.   Buy at 36.20 (48084193). [-10, 342.36].
[48102300] {3, -100, 3}. Sell at 36.16 (48102253). [-11, 378.52].
[48102700] {3, -100, 3}. Sell at 36.15 (48102679). [-12, 414.67].
[48119200] {2, -100, 2}. Sell at 36.16 (48119183). [-13, 450.83].
[48124700] {2, -100, 2}. Sell at 36.15 (48124680). [-14, 486.98].
[48131700] {2, -100, 2}. Sell at 36.13 (48131673). [-15, 523.11].
[48145600] {3, 100, 3}.   Buy at 36.15 (48145578). [-14, 486.96].
[48146900] {3, -100, 3}. Sell at 36.13 (48146900). [-15, 523.09].
[48147000] {3, -100, 3}. Sell at 36.13 (48146945). [-16, 559.22].
[48161700] {1, -100, 1}. Sell at 36.14 (48161652). [-17, 595.36].
[48161800] {1, 100, 1}.   Buy at 36.16 (48161771). [-16, 559.20].
[48178700] {1, 100, 1}.   Buy at 36.18 (48178660). [-15, 523.02].
[48201000] {3, -100, 3}. Sell at 36.15 (48200960). [-16, 559.17].
[48237900] {1, 100, 1}.   Buy at 36.15 (48237861). [-15, 523.02].
[48240100] {2, -100, 2}. Sell at 36.13 (48240038). [-16, 559.15].
[48257300] {2, -100, 2}. Sell at 36.11 (48257282). [-17, 595.26].
[48282700] {2, -100, 2}. Sell at 36.12 (48282700). [-18, 631.38].
[48423500] {2, -100, 2}. Sell at 36.10 (48423470). [-19, 667.48].
[48424700] {3, -100, 3}. Sell at 36.09 (48424683). [-20, 703.57].
[48441500] {3, 100, 3}.   Buy at 36.11 (48441454). [-19, 667.46].
[48448600] {1, 100, 1}.   Buy at 36.12 (48448523). [-18, 631.34].
[48458200] {1, 100, 1}.   Buy at 36.12 (48458156). [-17, 595.22].
[48468200] {2, 100, 2}.   Buy at 36.13 (48468195). [-16, 559.09].
[48468800] {2, -100, 2}. Sell at 36.11 (48468704). [-17, 595.20].
[48498900] {2, -100, 2}. Sell at 36.11 (48498861). [-18, 631.31].
[48629700] {1, -100, 1}. Sell at 36.11 (48629684). [-19, 667.42].
[48654400] {2, 100, 2}.   Buy at 36.14 (48654398). [-18, 631.28].
[48668700] {2, 100, 2}.   Buy at 36.15 (48668698). [-17, 595.13].
[48679500] {2, -100, 2}. Sell at 36.13 (48679473). [-18, 631.26].
[48799000] {1, 100, 1}.   Buy at 36.17 (48798991). [-17, 595.09].
[48874300] {1, -100, 1}. Sell at 36.18 (48874297). [-18, 631.27].
[48969100] {1, -100, 1}. Sell at 36.20 (48969071). [-19, 667.47].
[48982800] {2, -100, 2}. Sell at 36.22 (48982798). [-20, 703.69].
[48982900] {2, 100, 2}.   Buy at 36.24 (48982841). [-19, 667.45].
[49216900] {2, 100, 2}.   Buy at 36.28 (49216900). [-18, 631.17].
[49275200] {3, 100, 3}.   Buy at 36.29 (49275174). [-17, 594.88].
[49319500] {3, 100, 3}.   Buy at 36.30 (49319500). [-16, 558.58].
[49326100] {3, 100, 3}.   Buy at 36.31 (49326081). [-15, 522.27].
[49372400] {1, -100, 1}. Sell at 36.29 (49372375). [-16, 558.56].
[49423700] {2, -100, 2}. Sell at 36.25 (49423688). [-17, 594.81].
[49519900] {1, -100, 1}. Sell at 36.23 (49519850). [-18, 631.04].
[49767300] {2, 100, 2}.   Buy at 36.24 (49767291). [-17, 594.80].
[49801400] {1, -100, 1}. Sell at 36.22 (49801355). [-18, 631.02].
[49806600] {1, -100, 1}. Sell at 36.21 (49806596). [-19, 667.23].
[49828400] {2, -100, 2}. Sell at 36.19 (49828376). [-20, 703.42].
[49829300] {3, 100, 3}.   Buy at 36.21 (49829260). [-19, 667.21].
[49917400] {2, -100, 2}. Sell at 36.18 (49917353). [-20, 703.39].
[49918400] {2, 100, 2}.   Buy at 36.20 (49918354). [-19, 667.19].
[50033200] {3, -100, 3}. Sell at 36.19 (50033194). [-20, 703.38].
[50035400] {3, 100, 3}.   Buy at 36.21 (50035342). [-19, 667.17].
[50038500] {3, 100, 3}.   Buy at 36.22 (50038500). [-18, 630.95].
[50048500] {2, 100, 2}.   Buy at 36.23 (50048495). [-17, 594.72].
[50064000] {1, -100, 1}. Sell at 36.21 (50063987). [-18, 630.93].
[50065400] {2, 100, 2}.   Buy at 36.23 (50065396). [-17, 594.70].
[50070100] {1, -100, 1}. Sell at 36.21 (50070089). [-18, 630.91].
[50122900] {1, -100, 1}. Sell at 36.20 (50122844). [-19, 667.11].
[50127300] {2, 100, 2}.   Buy at 36.23 (50127284). [-18, 630.88].
[50214400] {3, -200, 3}. Sell at 36.19 (50214382). [-19, 667.07].
[50224600] {2, 100, 2}.   Buy at 36.22 (50224593). [-18, 630.85].
[50230700] {2, 100, 2}.   Buy at 36.23 (50230697). [-17, 594.62].
[50241800] {2, -100, 2}. Sell at 36.21 (50241800). [-18, 630.83].
[50249100] {2, 100, 2}.   Buy at 36.24 (50249080). [-17, 594.59].
[50299900] {1, -100, 1}. Sell at 36.24 (50299900). [-18, 630.83].
[50317000] {2, 300, 2}.   Buy at 36.27 (50316998). [-17, 594.56].
[50328200] {2, 100, 2}.   Buy at 36.27 (50328151). [-16, 558.29].
[50340500] {2, 100, 2}.   Buy at 36.28 (50340492). [-15, 522.01].
[50368900] {2, -100, 2}. Sell at 36.27 (50368898). [-16, 558.28].
[50404000] {2, 100, 2}.   Buy at 36.25 (50404000). [-15, 522.03].
[50404100] {2, 100, 2}.   Buy at 36.26 (50404017). [-14, 485.77].
[50404200] {2, -100, 2}. Sell at 36.24 (50404189). [-15, 522.01].
[50451000] {3, 100, 3}.   Buy at 36.29 (50450995). [-14, 485.72].
[50485700] {2, 200, 2}.   Buy at 36.33 (50485662). [-13, 449.39].
[50498400] {3, 100, 3}.   Buy at 36.35 (50498390). [-12, 413.04].
[50507200] {3, -100, 3}. Sell at 36.33 (50507153). [-13, 449.37].
[50511300] {3, 100, 3}.   Buy at 36.35 (50511283). [-12, 413.02].
[50520500] {2, -200, 2}. Sell at 36.32 (50520500). [-13, 449.34].
[50550700] {2, -100, 2}. Sell at 36.31 (50550696). [-14, 485.65].
[50626100] {3, 100, 3}.   Buy at 36.31 (50626085). [-13, 449.34].
[50657600] {2, 100, 2}.   Buy at 36.31 (50657587). [-12, 413.03].
[50659600] {2, 100, 2}.   Buy at 36.32 (50659588). [-11, 376.71].
[50750600] {3, 100, 3}.   Buy at 36.40 (50750592). [-10, 340.31].
[50750800] {2, -200, 2}. Sell at 36.38 (50750795). [-11, 376.69].
[50752200] {3, 100, 3}.   Buy at 36.41 (50752191). [-10, 340.28].
[50941000] {2, 100, 2}.   Buy at 36.40 (50940978). [-9, 303.88].
[50957200] {2, 100, 2}.   Buy at 36.42 (50957190). [-8, 267.46].
[50999300] {1, -100, 1}. Sell at 36.43 (50999298). [-9, 303.89].
[51039200] {3, 100, 3}.   Buy at 36.48 (51039132). [-8, 267.41].
[51060400] {2, -100, 2}. Sell at 36.45 (51060355). [-9, 303.86].
[51070400] {2, 100, 2}.   Buy at 36.46 (51070390). [-8, 267.40].
[51078400] {3, 100, 3}.   Buy at 36.47 (51078394). [-7, 230.93].
[51119400] {3, 100, 3}.   Buy at 36.47 (51119394). [-6, 194.46].
[51132300] {3, 100, 3}.   Buy at 36.49 (51132300). [-5, 157.97].
[51224400] {2, -100, 2}. Sell at 36.48 (51224390). [-6, 194.45].
[51225500] {2, -100, 2}. Sell at 36.47 (51225499). [-7, 230.92].
[51229100] {2, -100, 2}. Sell at 36.46 (51229098). [-8, 267.38].
[51239400] {3, 100, 3}.   Buy at 36.48 (51239398). [-7, 230.90].
[51378000] {2, -200, 2}. Sell at 36.41 (51377936). [-8, 267.31].
[51378100] {2, -100, 2}. Sell at 36.40 (51378066). [-9, 303.71].
[51380000] {2, -100, 2}. Sell at 36.39 (51379973). [-10, 340.10].
[51387400] {2, -200, 2}. Sell at 36.37 (51387388). [-11, 376.47].
[51389300] {2, -100, 2}. Sell at 36.36 (51389270). [-12, 412.83].
[51407400] {2, -100, 2}. Sell at 36.35 (51407350). [-13, 449.18].
[51449500] {2, 100, 2}.   Buy at 36.35 (51449500). [-12, 412.83].
[51511000] {2, 100, 2}.   Buy at 36.36 (51510998). [-11, 376.47].
[51558400] {2, -100, 2}. Sell at 36.34 (51558387). [-12, 412.81].
[51628300] {2, -100, 2}. Sell at 36.33 (51628299). [-13, 449.14].
[51628500] {2, 100, 2}.   Buy at 36.35 (51628479). [-12, 412.79].
[51629100] {2, 100, 2}.   Buy at 36.36 (51629094). [-11, 376.43].
[51630400] {2, -100, 2}. Sell at 36.34 (51630367). [-12, 412.77].
[51630500] {2, 100, 2}.   Buy at 36.36 (51630498). [-11, 376.41].
[51651800] {2, 100, 2}.   Buy at 36.38 (51651795). [-10, 340.03].
[51756200] {1, -100, 1}. Sell at 36.36 (51756179). [-11, 376.39].
[51834400] {2, -100, 2}. Sell at 36.34 (51834374). [-12, 412.73].
[51837600] {1, -100, 1}. Sell at 36.34 (51837591). [-13, 449.07].
[51838300] {2, 100, 2}.   Buy at 36.36 (51838286). [-12, 412.71].
[51858500] {2, 100, 2}.   Buy at 36.37 (51858465). [-11, 376.34].
[51898700] {2, -100, 2}. Sell at 36.36 (51898637). [-12, 412.70].
[51962300] {2, 100, 2}.   Buy at 36.36 (51962292). [-11, 376.34].
[51962700] {1, -100, 1}. Sell at 36.34 (51962652). [-12, 412.68].
[51973700] {2, 100, 2}.   Buy at 36.37 (51973695). [-11, 376.31].
[52038800] {3, 100, 3}.   Buy at 36.39 (52038790). [-10, 339.92].
[52160200] {2, -100, 2}. Sell at 36.37 (52160191). [-11, 376.29].
[52160600] {2, -100, 2}. Sell at 36.36 (52160562). [-12, 412.65].
[52186100] {3, -100, 3}. Sell at 36.35 (52186084). [-13, 449.00].
[52216100] {2, 100, 2}.   Buy at 36.35 (52216077). [-12, 412.65].
[52218100] {2, 100, 2}.   Buy at 36.35 (52218024). [-11, 376.30].
[52218300] {2, 100, 2}.   Buy at 36.36 (52218285). [-10, 339.94].
[52218500] {2, -100, 2}. Sell at 36.34 (52218473). [-11, 376.28].
[52223300] {3, 100, 3}.   Buy at 36.36 (52223287). [-10, 339.92].
[52246000] {2, 100, 2}.   Buy at 36.37 (52245987). [-9, 303.55].
[52308800] {1, 100, 1}.   Buy at 36.39 (52308759). [-8, 267.16].
[52314100] {2, 100, 2}.   Buy at 36.40 (52314075). [-7, 230.76].
[52325300] {2, -100, 2}. Sell at 36.38 (52325266). [-8, 267.14].
[52397400] {2, -100, 2}. Sell at 36.35 (52397379). [-9, 303.49].
[52404400] {2, -100, 2}. Sell at 36.34 (52404386). [-10, 339.83].
[52422400] {2, -100, 2}. Sell at 36.33 (52422359). [-11, 376.16].
[52473300] {2, -100, 2}. Sell at 36.32 (52473280). [-12, 412.48].
[52480500] {1, -100, 1}. Sell at 36.34 (52480469). [-13, 448.82].
[52608500] {2, -100, 2}. Sell at 36.32 (52608493). [-14, 485.14].
[52625700] {1, -100, 1}. Sell at 36.33 (52625699). [-15, 521.47].
[52626400] {2, -100, 2}. Sell at 36.32 (52626399). [-16, 557.79].
[52642200] {2, -100, 2}. Sell at 36.32 (52642192). [-17, 594.11].
[52662100] {2, -100, 2}. Sell at 36.30 (52662096). [-18, 630.41].
[52681400] {3, 100, 3}.   Buy at 36.30 (52681368). [-17, 594.11].
[52688400] {1, -100, 1}. Sell at 36.29 (52688367). [-18, 630.40].
[52708600] {2, 100, 2}.   Buy at 36.32 (52708585). [-17, 594.08].
[52708700] {2, -100, 2}. Sell at 36.30 (52708693). [-18, 630.38].
[52729100] {2, -100, 2}. Sell at 36.29 (52729100). [-19, 666.67].
[52787400] {1, -100, 1}. Sell at 36.29 (52787349). [-20, 702.96].
[52799700] {3, 100, 3}.   Buy at 36.29 (52799695). [-19, 666.67].
[52860200] {2, -100, 2}. Sell at 36.29 (52860167). [-20, 702.96].
[52888600] {2, -100, 2}. Sell at 36.27 (52888561). [-21, 739.23].
[52889200] {2, 100, 2}.   Buy at 36.29 (52889156). [-20, 702.94].
[52889300] {2, -100, 2}. Sell at 36.27 (52889291). [-21, 739.21].
[52890000] {2, 100, 2}.   Buy at 36.29 (52889953). [-20, 702.92].
[52892900] {2, 100, 2}.   Buy at 36.31 (52892898). [-19, 666.61].
[52903400] {2, 100, 2}.   Buy at 36.34 (52903387). [-18, 630.27].
[52922400] {2, 100, 2}.   Buy at 36.35 (52922352). [-17, 593.92].
[52922500] {2, -100, 2}. Sell at 36.33 (52922491). [-18, 630.25].
[52923700] {2, 100, 2}.   Buy at 36.35 (52923694). [-17, 593.90].
[52940200] {1, -100, 1}. Sell at 36.33 (52940199). [-18, 630.23].
[52967500] {1, -100, 1}. Sell at 36.35 (52967493). [-19, 666.58].
[52981800] {1, -100, 1}. Sell at 36.34 (52981799). [-20, 702.92].
[52982500] {2, -100, 2}. Sell at 36.33 (52982480). [-21, 739.25].
[53003400] {2, -100, 2}. Sell at 36.32 (53003379). [-22, 775.57].
[53005200] {2, -100, 2}. Sell at 36.31 (53005196). [-23, 811.88].
[53012100] {2, -100, 2}. Sell at 36.30 (53012032). [-24, 848.18].
[53012600] {2, -100, 2}. Sell at 36.29 (53012599). [-25, 884.47].
[53056800] {2, 100, 2}.   Buy at 36.30 (53056798). [-24, 848.17].
[53069400] {2, -100, 2}. Sell at 36.28 (53069335). [-25, 884.45].
[53076300] {2, -100, 2}. Sell at 36.27 (53076300). [-26, 920.72].
[53088400] {2, -100, 2}. Sell at 36.25 (53088349). [-27, 956.97].
[53092500] {2, 100, 2}.   Buy at 36.26 (53092484). [-26, 920.71].
[53093200] {3, 100, 3}.   Buy at 36.27 (53093129). [-25, 884.44].
[53093400] {1, -100, 1}. Sell at 36.25 (53093352). [-26, 920.69].
[53093800] {2, 100, 2}.   Buy at 36.27 (53093785). [-25, 884.42].
[53094500] {1, -100, 1}. Sell at 36.25 (53094452). [-26, 920.67].
[53095700] {1, 100, 1}.   Buy at 36.27 (53095690). [-25, 884.40].
[53095800] {1, -100, 1}. Sell at 36.25 (53095788). [-26, 920.65].
[53095900] {1, 100, 1}.   Buy at 36.27 (53095870). [-25, 884.38].
[53096000] {1, -100, 1}. Sell at 36.25 (53095993). [-26, 920.63].
[53096300] {1, 100, 1}.   Buy at 36.27 (53096298). [-25, 884.36].
[53096700] {1, 100, 1}.   Buy at 36.27 (53096658). [-24, 848.09].
[53097300] {1, -100, 1}. Sell at 36.25 (53097243). [-25, 884.34].
[53097500] {1, 100, 1}.   Buy at 36.27 (53097493). [-24, 848.07].
[53098100] {2, 100, 2}.   Buy at 36.27 (53098064). [-23, 811.80].
[53108300] {3, 100, 3}.   Buy at 36.28 (53108275). [-22, 775.52].
[53131800] {3, 100, 3}.   Buy at 36.29 (53131781). [-21, 739.23].
[53155400] {1, -100, 1}. Sell at 36.27 (53155380). [-22, 775.50].
[53158300] {3, 100, 3}.   Buy at 36.28 (53158284). [-21, 739.22].
[53162000] {1, -100, 1}. Sell at 36.27 (53161982). [-22, 775.49].
[53162600] {1, -100, 1}. Sell at 36.27 (53162572). [-23, 811.76].
[53210400] {2, -100, 2}. Sell at 36.25 (53210366). [-24, 848.01].
[53225300] {2, -100, 2}. Sell at 36.24 (53225269). [-25, 884.25].
[53292400] {3, -100, 3}. Sell at 36.23 (53292385). [-26, 920.48].
[53311800] {3, -100, 3}. Sell at 36.23 (53311799). [-27, 956.71].
[53323000] {3, 100, 3}.   Buy at 36.26 (53322986). [-26, 920.45].
[53323100] {3, -100, 3}. Sell at 36.24 (53323091). [-27, 956.69].
[53323500] {3, 100, 3}.   Buy at 36.26 (53323499). [-26, 920.43].
[53337000] {3, 100, 3}.   Buy at 36.25 (53336992). [-25, 884.18].
[53352200] {3, 100, 3}.   Buy at 36.26 (53352146). [-24, 847.92].
[53407400] {2, -100, 2}. Sell at 36.23 (53407348). [-25, 884.15].
[53408300] {2, -100, 2}. Sell at 36.22 (53408278). [-26, 920.37].
[53409400] {2, -100, 2}. Sell at 36.21 (53409347). [-27, 956.58].
[53411400] {2, -100, 2}. Sell at 36.20 (53411366). [-28, 992.78].
[53424200] {2, 100, 2}.   Buy at 36.22 (53424200). [-27, 956.56].
[53484700] {2, -100, 2}. Sell at 36.19 (53484692). [-28, 992.75].
[53488100] {2, 100, 2}.   Buy at 36.20 (53488018). [-27, 956.55].
[53504600] {2, 100, 2}.   Buy at 36.21 (53504593). [-26, 920.34].
[53504800] {1, -100, 1}. Sell at 36.19 (53504799). [-27, 956.53].
[53514600] {2, 100, 2}.   Buy at 36.19 (53514594). [-26, 920.34].
[53523900] {1, -100, 1}. Sell at 36.18 (53523900). [-27, 956.52].
[53525100] {2, 100, 2}.   Buy at 36.20 (53525089). [-26, 920.32].
[53590700] {1, -100, 1}. Sell at 36.18 (53590694). [-27, 956.50].
[53623500] {2, 100, 2}.   Buy at 36.20 (53623491). [-26, 920.30].
[53626700] {2, -100, 2}. Sell at 36.19 (53626690). [-27, 956.49].
[53642300] {3, 100, 3}.   Buy at 36.23 (53642297). [-26, 920.26].
[53644300] {2, 100, 2}.   Buy at 36.24 (53644250). [-25, 884.02].
[53650400] {2, 100, 2}.   Buy at 36.25 (53650372). [-24, 847.77].
[53661000] {1, 100, 1}.   Buy at 36.26 (53660990). [-23, 811.51].
[53706200] {2, -100, 2}. Sell at 36.23 (53706180). [-24, 847.74].
[53726800] {1, -100, 1}. Sell at 36.22 (53726789). [-25, 883.96].
[53740900] {1, -100, 1}. Sell at 36.22 (53740899). [-26, 920.18].
[53741000] {1, 100, 1}.   Buy at 36.24 (53740999). [-25, 883.94].
[53752200] {2, -100, 2}. Sell at 36.22 (53752200). [-26, 920.16].
[53752800] {3, -100, 3}. Sell at 36.20 (53752734). [-27, 956.36].
[53791100] {1, 100, 1}.   Buy at 36.23 (53791071). [-26, 920.13].
[53820500] {2, -100, 2}. Sell at 36.20 (53820480). [-27, 956.33].
[53821600] {2, -100, 2}. Sell at 36.19 (53821596). [-28, 992.52].
[53822400] {1, 100, 1}.   Buy at 36.21 (53822352). [-27, 956.31].
[53823600] {2, -100, 2}. Sell at 36.19 (53823575). [-28, 992.50].
[53846100] {1, 100, 1}.   Buy at 36.19 (53846065). [-27, 956.31].
[53855600] {1, 100, 1}.   Buy at 36.21 (53855584). [-26, 920.10].
[53861200] {2, 100, 2}.   Buy at 36.22 (53861120). [-25, 883.88].
[53861900] {1, 100, 1}.   Buy at 36.22 (53861878). [-24, 847.66].
[53901800] {2, 100, 2}.   Buy at 36.24 (53901793). [-23, 811.42].
[53911100] {2, 100, 2}.   Buy at 36.25 (53911094). [-22, 775.17].
[53924800] {2, 100, 2}.   Buy at 36.26 (53924800). [-21, 738.91].
[53949900] {2, -100, 2}. Sell at 36.26 (53949871). [-22, 775.17].
[53950400] {2, 100, 2}.   Buy at 36.28 (53950366). [-21, 738.89].
[53970200] {1, -100, 1}. Sell at 36.28 (53970177). [-22, 775.17].
[53977100] {1, -100, 1}. Sell at 36.26 (53977089). [-23, 811.43].
[53982700] {2, -100, 2}. Sell at 36.24 (53982700). [-24, 847.67].
[53982800] {2, -100, 2}. Sell at 36.24 (53982774). [-25, 883.91].
[53989400] {2, -100, 2}. Sell at 36.22 (53989359). [-26, 920.13].
[53993200] {2, -100, 2}. Sell at 36.22 (53993180). [-27, 956.35].
[54012700] {3, 100, 3}.   Buy at 36.23 (54012614). [-26, 920.12].
[54016100] {3, -100, 3}. Sell at 36.21 (54016072). [-27, 956.33].
[54033900] {2, -100, 2}. Sell at 36.20 (54033899). [-28, 992.53].
[54064800] {2, -100, 2}. Sell at 36.19 (54064762). [-29, 1028.72].
[54099800] {2, -100, 2}. Sell at 36.16 (54099743). [-30, 1064.88].
[54101800] {2, -100, 2}. Sell at 36.15 (54101750). [-31, 1101.03].
[54102700] {3, 100, 3}.   Buy at 36.17 (54102700). [-30, 1064.86].
[54149800] {2, -100, 2}. Sell at 36.14 (54149797). [-31, 1101.00].
[54153800] {1, -100, 1}. Sell at 36.14 (54153770). [-32, 1137.14].
[54184500] {3, -100, 3}. Sell at 36.14 (54184440). [-33, 1173.28].
[54204900] {2, -100, 2}. Sell at 36.14 (54204872). [-34, 1209.42].
[54231500] {3, 100, 3}.   Buy at 36.18 (54231474). [-33, 1173.24].
[54253300] {2, -100, 2}. Sell at 36.16 (54253300). [-34, 1209.40].
[54298100] {2, 100, 2}.   Buy at 36.19 (54298072). [-33, 1173.21].
[54384500] {2, -100, 2}. Sell at 36.19 (54384500). [-34, 1209.40].
[54458200] {1, -100, 1}. Sell at 36.19 (54458103). [-35, 1245.59].
[54465200] {1, 100, 1}.   Buy at 36.21 (54465141). [-34, 1209.38].
[54469300] {2, 100, 2}.   Buy at 36.22 (54469292). [-33, 1173.16].
[54519000] {2, 100, 2}.   Buy at 36.23 (54518986). [-32, 1136.93].
[54529400] {1, -100, 1}. Sell at 36.21 (54529377). [-33, 1173.14].
[54535800] {2, -100, 2}. Sell at 36.19 (54535729). [-34, 1209.33].
[54536100] {1, -100, 1}. Sell at 36.19 (54536075). [-35, 1245.52].
[54563700] {2, 100, 2}.   Buy at 36.22 (54563696). [-34, 1209.30].
[54564000] {2, 100, 2}.   Buy at 36.22 (54563984). [-33, 1173.08].
[54621500] {2, 100, 2}.   Buy at 36.23 (54621498). [-32, 1136.85].
[54680900] {2, -100, 2}. Sell at 36.22 (54680892). [-33, 1173.07].
[54681500] {2, -100, 2}. Sell at 36.21 (54681497). [-34, 1209.28].
[54687800] {2, -100, 2}. Sell at 36.20 (54687771). [-35, 1245.48].
[54688400] {2, 100, 2}.   Buy at 36.22 (54688353). [-34, 1209.26].
[54752800] {3, 100, 3}.   Buy at 36.23 (54752746). [-33, 1173.03].
[54774000] {2, -100, 2}. Sell at 36.22 (54773989). [-34, 1209.25].
[54775800] {2, -100, 2}. Sell at 36.21 (54775795). [-35, 1245.46].
[54799200] {1, 100, 1}.   Buy at 36.23 (54799200). [-34, 1209.23].
[54858800] {1, -100, 1}. Sell at 36.21 (54858798). [-35, 1245.44].
[54908200] {1, 100, 1}.   Buy at 36.22 (54908193). [-34, 1209.22].
[54975800] {2, -100, 2}. Sell at 36.20 (54975795). [-35, 1245.42].
[55008300] {1, -100, 1}. Sell at 36.15 (55008293). [-36, 1281.57].
[55024500] {2, -100, 2}. Sell at 36.15 (55024489). [-37, 1317.72].
[55083400] {2, 100, 2}.   Buy at 36.16 (55083392). [-36, 1281.56].
[55094800] {2, -100, 2}. Sell at 36.14 (55094756). [-37, 1317.70].
[55109800] {3, 100, 3}.   Buy at 36.16 (55109797). [-36, 1281.54].
[55214700] {3, 100, 3}.   Buy at 36.18 (55214673). [-35, 1245.36].
[55261900] {2, -100, 2}. Sell at 36.17 (55261887). [-36, 1281.53].
[55263900] {2, -100, 2}. Sell at 36.16 (55263900). [-37, 1317.69].
[55270700] {2, -100, 2}. Sell at 36.15 (55270695). [-38, 1353.84].
[55275900] {3, 100, 3}.   Buy at 36.15 (55275899). [-37, 1317.69].
[55277200] {3, 100, 3}.   Buy at 36.16 (55277144). [-36, 1281.53].
[55295800] {2, 100, 2}.   Buy at 36.17 (55295731). [-35, 1245.36].
[55329900] {2, -100, 2}. Sell at 36.15 (55329884). [-36, 1281.51].
[55335500] {2, -100, 2}. Sell at 36.13 (55335496). [-37, 1317.64].
[55344000] {2, 100, 2}.   Buy at 36.16 (55343981). [-36, 1281.48].
[55391400] {2, -100, 2}. Sell at 36.14 (55391400). [-37, 1317.62].
[55392800] {2, -100, 2}. Sell at 36.14 (55392738). [-38, 1353.76].
[55416500] {2, 100, 2}.   Buy at 36.16 (55416493). [-37, 1317.60].
[55429700] {2, 100, 2}.   Buy at 36.17 (55429693). [-36, 1281.43].
[55526600] {3, 100, 3}.   Buy at 36.17 (55526600). [-35, 1245.26].
[55526700] {3, 100, 3}.   Buy at 36.17 (55526693). [-34, 1209.09].
[55527400] {2, 100, 2}.   Buy at 36.18 (55527386). [-33, 1172.91].
[55528200] {2, -100, 2}. Sell at 36.16 (55528183). [-34, 1209.07].
[55528300] {2, 100, 2}.   Buy at 36.18 (55528280). [-33, 1172.89].
[55554800] {2, 100, 2}.   Buy at 36.20 (55554782). [-32, 1136.69].
[55615800] {3, -100, 3}. Sell at 36.18 (55615741). [-33, 1172.87].
[55631300] {2, -100, 2}. Sell at 36.17 (55631300). [-34, 1209.04].
[55657400] {2, -100, 2}. Sell at 36.16 (55657400). [-35, 1245.20].
[55686400] {2, 100, 2}.   Buy at 36.18 (55686398). [-34, 1209.02].
[55694300] {1, 100, 1}.   Buy at 36.18 (55694227). [-33, 1172.84].
[55694400] {1, -100, 1}. Sell at 36.16 (55694351). [-34, 1209.00].
[55695300] {1, -100, 1}. Sell at 36.16 (55695299). [-35, 1245.16].
[55709300] {1, 100, 1}.   Buy at 36.18 (55709286). [-34, 1208.98].
[55709400] {1, -100, 1}. Sell at 36.16 (55709375). [-35, 1245.14].
[55709500] {1, 100, 1}.   Buy at 36.18 (55709469). [-34, 1208.96].
[55709600] {1, -100, 1}. Sell at 36.16 (55709596). [-35, 1245.12].
[55709700] {1, 100, 1}.   Buy at 36.18 (55709670). [-34, 1208.94].
[55709800] {1, 100, 1}.   Buy at 36.18 (55709787). [-33, 1172.76].
[55749800] {2, -100, 2}. Sell at 36.15 (55749768). [-34, 1208.91].
[55792300] {1, 100, 1}.   Buy at 36.17 (55792286). [-33, 1172.74].
[55858500] {2, 100, 2}.   Buy at 36.19 (55858493). [-32, 1136.55].
[55994900] {3, 100, 3}.   Buy at 36.18 (55994900). [-31, 1100.37].
[56070600] {3, 100, 3}.   Buy at 36.17 (56070599). [-30, 1064.20].
[56087700] {2, 100, 2}.   Buy at 36.18 (56087664). [-29, 1028.02].
[56093800] {1, -100, 1}. Sell at 36.16 (56093798). [-30, 1064.18].
[56099700] {2, 100, 2}.   Buy at 36.19 (56099696). [-29, 1027.99].
[56099900] {1, -100, 1}. Sell at 36.17 (56099866). [-30, 1064.16].
[56153800] {2, -100, 2}. Sell at 36.19 (56153745). [-31, 1100.35].
[56157800] {3, 100, 3}.   Buy at 36.20 (56157800). [-30, 1064.15].
[56227300] {3, -100, 3}. Sell at 36.14 (56227264). [-31, 1100.29].
[56238100] {2, 100, 2}.   Buy at 36.16 (56238094). [-30, 1064.13].
[56268700] {3, 100, 3}.   Buy at 36.17 (56268698). [-29, 1027.96].
[56272800] {2, -100, 2}. Sell at 36.14 (56272795). [-30, 1064.10].
[56278400] {3, 100, 3}.   Buy at 36.16 (56278391). [-29, 1027.94].
[56282500] {3, 100, 3}.   Buy at 36.17 (56282496). [-28, 991.77].
[56343000] {1, 100, 1}.   Buy at 36.17 (56342963). [-27, 955.60].
[56350500] {2, 100, 2}.   Buy at 36.18 (56350486). [-26, 919.42].
[56377100] {2, -100, 2}. Sell at 36.17 (56377072). [-27, 955.59].
[56468100] {3, 100, 3}.   Buy at 36.20 (56468099). [-26, 919.39].
[56506500] {3, 100, 3}.   Buy at 36.19 (56506483). [-25, 883.20].
[56525300] {2, -100, 2}. Sell at 36.18 (56525286). [-26, 919.38].
[56609200] {2, -100, 2}. Sell at 36.18 (56609200). [-27, 955.56].
[56657000] {3, 100, 3}.   Buy at 36.21 (56656982). [-26, 919.35].
[56726300] {3, 100, 3}.   Buy at 36.23 (56726299). [-25, 883.12].
[56744800] {3, 100, 3}.   Buy at 36.26 (56744800). [-24, 846.86].
[56748800] {2, 100, 2}.   Buy at 36.27 (56748760). [-23, 810.59].
[56749200] {2, -100, 2}. Sell at 36.25 (56749162). [-24, 846.84].
[56749300] {2, 100, 2}.   Buy at 36.27 (56749292). [-23, 810.57].
[56757800] {3, -100, 3}. Sell at 36.25 (56757795). [-24, 846.82].
[56757900] {3, -100, 3}. Sell at 36.24 (56757900). [-25, 883.06].
[56771400] {3, -100, 3}. Sell at 36.21 (56771400). [-26, 919.27].
[56771500] {3, -100, 3}. Sell at 36.20 (56771455). [-27, 955.47].
[56771700] {3, 100, 3}.   Buy at 36.22 (56771615). [-26, 919.25].
[56772100] {3, -100, 3}. Sell at 36.20 (56772095). [-27, 955.45].
[56772800] {3, 100, 3}.   Buy at 36.22 (56772733). [-26, 919.23].
[56778100] {2, -100, 2}. Sell at 36.20 (56778084). [-27, 955.43].
[56789900] {2, 100, 2}.   Buy at 36.22 (56789878). [-26, 919.21].
[56809400] {2, 100, 2}.   Buy at 36.22 (56809384). [-25, 882.99].
[56827200] {2, 100, 2}.   Buy at 36.22 (56827196). [-24, 846.77].
[56887800] {2, -100, 2}. Sell at 36.20 (56887755). [-25, 882.97].
[56889800] {2, -100, 2}. Sell at 36.19 (56889745). [-26, 919.16].
[56909100] {3, 100, 3}.   Buy at 36.20 (56909095). [-25, 882.96].
[56930000] {2, 100, 2}.   Buy at 36.22 (56930000). [-24, 846.74].
[56930100] {2, -100, 2}. Sell at 36.20 (56930083). [-25, 882.94].
[56996000] {2, -100, 2}. Sell at 36.19 (56995988). [-26, 919.13].
[56996100] {2, 100, 2}.   Buy at 36.21 (56996055). [-25, 882.92].
[57000100] {2, -100, 2}. Sell at 36.19 (57000050). [-26, 919.11].
[57000300] {2, 100, 2}.   Buy at 36.21 (57000291). [-25, 882.90].
[57008800] {1, -100, 1}. Sell at 36.22 (57008800). [-26, 919.12].
[57013600] {2, 100, 2}.   Buy at 36.24 (57013574). [-25, 882.88].
[57018800] {1, -100, 1}. Sell at 36.22 (57018785). [-26, 919.10].
[57036800] {1, -100, 1}. Sell at 36.22 (57036797). [-27, 955.32].
[57038800] {1, -100, 1}. Sell at 36.21 (57038740). [-28, 991.53].
[57062800] {1, -100, 1}. Sell at 36.21 (57062739). [-29, 1027.74].
[57130100] {2, 100, 2}.   Buy at 36.23 (57130068). [-28, 991.51].
[57136800] {2, 200, 2}.   Buy at 36.25 (57136795). [-27, 955.26].
[57171800] {1, -100, 1}. Sell at 36.23 (57171762). [-28, 991.49].
[57190400] {1, -100, 1}. Sell at 36.22 (57190397). [-29, 1027.71].
[57200800] {2, 100, 2}.   Buy at 36.24 (57200775). [-28, 991.47].
[57258200] {2, -100, 2}. Sell at 36.21 (57258163). [-29, 1027.68].
[57284300] {3, 100, 3}.   Buy at 36.23 (57284300). [-28, 991.45].
[57314100] {2, -100, 2}. Sell at 36.25 (57314095). [-29, 1027.70].
[57318200] {1, -100, 1}. Sell at 36.25 (57318126). [-30, 1063.95].
[57377100] {1, -100, 1}. Sell at 36.27 (57377026). [-31, 1100.22].
[57383800] {1, -100, 1}. Sell at 36.26 (57383735). [-32, 1136.48].
[57385800] {1, -100, 1}. Sell at 36.25 (57385733). [-33, 1172.73].
[57400100] {2, -100, 2}. Sell at 36.24 (57400100). [-34, 1208.97].
[57400200] {2, -100, 2}. Sell at 36.23 (57400200). [-35, 1245.20].
[57400700] {1, -100, 1}. Sell at 36.23 (57400698). [-36, 1281.43].
[57416700] {2, 100, 2}.   Buy at 36.26 (57416669). [-35, 1245.17].
[57447300] {1, -100, 1}. Sell at 36.24 (57447234). [-36, 1281.41].
[57530700] {2, 100, 2}.   Buy at 36.28 (57530700). [-35, 1245.13].
[57532200] {1, -100, 1}. Sell at 36.26 (57532176). [-36, 1281.39].
[57532800] {1, 100, 1}.   Buy at 36.28 (57532789). [-35, 1245.11].
[57535600] {1, 100, 1}.   Buy at 36.28 (57535589). [-34, 1208.83].
[57536100] {1, -100, 1}. Sell at 36.26 (57536017). [-35, 1245.09].
[57550500] {2, -100, 2}. Sell at 36.26 (57550464). [-36, 1281.35].
[57557000] {1, -200, 1}. Sell at 36.25 (57557000). [-37, 1317.60].
[57568300] {2, -100, 2}. Sell at 36.23 (57568228). [-38, 1353.83].
[57570400] {3, 100, 3}.   Buy at 36.24 (57570379). [-37, 1317.59].
[57572300] {3, 100, 3}.   Buy at 36.25 (57572300). [-36, 1281.34].
[57572500] {2, -100, 2}. Sell at 36.23 (57572497). [-37, 1317.57].
[57573400] {2, 100, 2}.   Buy at 36.25 (57573365). [-36, 1281.32].
[57594300] {2, -100, 2}. Sell at 36.21 (57594267). [-37, 1317.53].
[57600000] Closing short position -37 shares at 36.23 (57599951).
[57600000] Final cash: -22.98.
[57600000] Normalized Final cash: -0.64.
