[timestamp] {imbalance_prev, dS_prev, imbalance_curr}. Buy/Sell price (timestamp). [Asset, Cash]
[34202000] {3, 300, 3}.   Buy at 110.47 (34201741). [1, -110.47].
[34204000] {2, -200, 2}. Sell at 110.38 (34203987). [0, -0.09].
[34206000] {3, -100, 3}. Sell at 110.32 (34205880). [-1, 110.23].
[34214000] {1, -300, 1}. Sell at 110.40 (34213524). [-2, 220.63].
[34221000] {4, 300, 4}.   Buy at 110.40 (34220660). [-1, 110.23].
[34225000] {1, 100, 1}.   Buy at 110.47 (34224801). [0, -0.24].
[34227000] {1, -200, 1}. Sell at 110.37 (34226834). [-1, 110.13].
[34235000] {1, 100, 1}.   Buy at 110.42 (34234919). [0, -0.29].
[34242000] {1, 200, 1}.   Buy at 110.42 (34241518). [1, -110.71].
[34243000] {1, 300, 1}.   Buy at 110.42 (34242947). [2, -221.13].
[34244000] {1, 400, 1}.   Buy at 110.42 (34243977). [3, -331.55].
[34245000] {1, 400, 1}.   Buy at 110.42 (34244703). [4, -441.97].
[34246000] {1, -300, 1}. Sell at 110.31 (34245887). [3, -331.66].
[34248000] {1, 200, 1}.   Buy at 110.42 (34247243). [4, -442.08].
[34249000] {1, 100, 1}.   Buy at 110.42 (34248263). [5, -552.50].
[34250000] {1, 200, 1}.   Buy at 110.42 (34249371). [6, -662.92].
[34252000] {1, 200, 1}.   Buy at 110.42 (34251873). [7, -773.34].
[34253000] {1, 300, 1}.   Buy at 110.42 (34252894). [8, -883.76].
[34254000] {1, 400, 1}.   Buy at 110.47 (34253992). [9, -994.23].
[34255000] {1, 200, 1}.   Buy at 110.47 (34254984). [10, -1104.70].
[34261000] {3, 100, 3}.   Buy at 110.47 (34260994). [11, -1215.17].
[34263000] {1, 400, 1}.   Buy at 110.47 (34262966). [12, -1325.64].
[34269000] {2, 100, 2}.   Buy at 110.47 (34268758). [13, -1436.11].
[34282000] {1, 100, 1}.   Buy at 110.50 (34281959). [14, -1546.61].
[34296000] {1, 100, 1}.   Buy at 110.50 (34295911). [15, -1657.11].
[34297000] {1, 300, 1}.   Buy at 110.50 (34296986). [16, -1767.61].
[34303000] {1, -200, 1}. Sell at 110.43 (34302589). [15, -1657.18].
[34308000] {1, 100, 1}.   Buy at 110.50 (34307962). [16, -1767.68].
[34314000] {1, 100, 1}.   Buy at 110.50 (34313033). [17, -1878.18].
[34323000] {1, 100, 1}.   Buy at 110.50 (34322032). [18, -1988.68].
[34330000] {3, 100, 3}.   Buy at 110.49 (34329747). [19, -2099.17].
[34353000] {1, 100, 1}.   Buy at 110.59 (34352996). [20, -2209.76].
[34356000] {1, 100, 1}.   Buy at 110.59 (34355700). [21, -2320.35].
[34357000] {1, 100, 1}.   Buy at 110.59 (34356885). [22, -2430.94].
[34358000] {1, 100, 1}.   Buy at 110.59 (34357965). [23, -2541.53].
[34362000] {2, -100, 2}. Sell at 110.50 (34361744). [22, -2431.03].
[34364000] {3, 100, 3}.   Buy at 110.58 (34363928). [23, -2541.61].
[34372000] {3, 300, 3}.   Buy at 110.58 (34371318). [24, -2652.19].
[34373000] {3, -100, 3}. Sell at 110.49 (34372965). [23, -2541.70].
[34400000] {3, -500, 3}. Sell at 110.53 (34399995). [22, -2431.17].
[34401000] {3, 100, 3}.   Buy at 110.57 (34400604). [23, -2541.74].
[34417000] {2, 300, 2}.   Buy at 110.65 (34416198). [24, -2652.39].
[34423000] {3, 300, 3}.   Buy at 110.69 (34422966). [25, -2763.08].
[34439000] {3, 100, 3}.   Buy at 110.67 (34438894). [26, -2873.75].
[34455000] {3, -200, 3}. Sell at 110.63 (34454841). [25, -2763.12].
[34458000] {3, -500, 3}. Sell at 110.58 (34457977). [24, -2652.54].
[34477000] {3, 100, 3}.   Buy at 110.65 (34476805). [25, -2763.19].
[34486000] {3, -300, 3}. Sell at 110.57 (34485977). [24, -2652.62].
[34504000] {3, 100, 3}.   Buy at 110.59 (34503682). [25, -2763.21].
[34519000] {2, 100, 2}.   Buy at 110.59 (34518799). [26, -2873.80].
[34521000] {2, -200, 2}. Sell at 110.53 (34520805). [25, -2763.27].
[34522000] {2, -100, 2}. Sell at 110.52 (34521932). [24, -2652.75].
[34569000] {3, -300, 3}. Sell at 110.41 (34568775). [23, -2542.34].
[34571000] {1, 100, 1}.   Buy at 110.49 (34570738). [24, -2652.83].
[34603000] {3, 100, 3}.   Buy at 110.46 (34602965). [25, -2763.29].
[34611000] {2, -200, 2}. Sell at 110.44 (34610537). [24, -2652.85].
[34617000] {3, 100, 3}.   Buy at 110.50 (34616777). [25, -2763.35].
[34624000] {3, 100, 3}.   Buy at 110.54 (34623718). [26, -2873.89].
[34625000] {3, -100, 3}. Sell at 110.48 (34624825). [25, -2763.41].
[34634000] {2, -200, 2}. Sell at 110.30 (34633854). [24, -2653.11].
[34674000] {1, -400, 1}. Sell at 110.26 (34673936). [23, -2542.85].
[34675000] {1, 200, 1}.   Buy at 110.29 (34674806). [24, -2653.14].
[34680000] {2, -200, 2}. Sell at 110.30 (34679706). [23, -2542.84].
[34687000] {3, 100, 3}.   Buy at 110.40 (34686862). [24, -2653.24].
[34688000] {3, -100, 3}. Sell at 110.30 (34687965). [23, -2542.94].
[34690000] {3, 700, 3}.   Buy at 110.39 (34689538). [24, -2653.33].
[34694000] {3, 700, 3}.   Buy at 110.39 (34693707). [25, -2763.72].
[34698000] {3, 1000, 3}.   Buy at 110.41 (34697965). [26, -2874.13].
[34700000] {3, -100, 3}. Sell at 110.34 (34699996). [25, -2763.79].
[34702000] {3, 1000, 3}.   Buy at 110.41 (34701527). [26, -2874.20].
[34704000] {3, 1000, 3}.   Buy at 110.41 (34703426). [27, -2984.61].
[34706000] {3, 1000, 3}.   Buy at 110.41 (34705751). [28, -3095.02].
[34716000] {1, -300, 1}. Sell at 110.37 (34715814). [27, -2984.65].
[34718000] {3, 100, 3}.   Buy at 110.45 (34717998). [28, -3095.10].
[34719000] {3, -100, 3}. Sell at 110.36 (34718681). [27, -2984.74].
[34720000] {3, 400, 3}.   Buy at 110.44 (34719711). [28, -3095.18].
[34721000] {3, 100, 3}.   Buy at 110.44 (34720971). [29, -3205.62].
[34722000] {3, 700, 3}.   Buy at 110.44 (34721432). [30, -3316.06].
[34724000] {3, -200, 3}. Sell at 110.37 (34723924). [29, -3205.69].
[34734000] {2, 200, 2}.   Buy at 110.44 (34733939). [30, -3316.13].
[34738000] {3, -100, 3}. Sell at 110.38 (34737997). [29, -3205.75].
[34803000] {2, 200, 2}.   Buy at 110.46 (34802765). [30, -3316.21].
[34819000] {3, 600, 3}.   Buy at 110.52 (34818975). [31, -3426.73].
[34822000] {2, 100, 2}.   Buy at 110.55 (34821806). [32, -3537.28].
[34853000] {2, 600, 2}.   Buy at 110.49 (34852970). [33, -3647.77].
[34862000] {3, 100, 3}.   Buy at 110.55 (34861782). [34, -3758.32].
[34875000] {3, 200, 3}.   Buy at 110.55 (34874932). [35, -3868.87].
[34879000] {4, 100, 4}.   Buy at 110.55 (34878820). [36, -3979.42].
[34908000] {3, 200, 3}.   Buy at 110.56 (34907966). [37, -4089.98].
[34932000] {2, 100, 2}.   Buy at 110.56 (34931246). [38, -4200.54].
[34933000] {2, -300, 2}. Sell at 110.52 (34932966). [37, -4090.02].
[34936000] {3, -300, 3}. Sell at 110.49 (34935943). [36, -3979.53].
[34938000] {3, 100, 3}.   Buy at 110.54 (34937965). [37, -4090.07].
[34944000] {4, 100, 4}.   Buy at 110.55 (34943951). [38, -4200.62].
[34975000] {4, 100, 4}.   Buy at 110.54 (34974926). [39, -4311.16].
[35002000] {1, -100, 1}. Sell at 110.51 (35001849). [38, -4200.65].
[35005000] {3, 200, 3}.   Buy at 110.55 (35004952). [39, -4311.20].
[35046000] {2, 100, 2}.   Buy at 110.56 (35045982). [40, -4421.76].
[35057000] {3, 100, 3}.   Buy at 110.56 (35056929). [41, -4532.32].
[35063000] {2, -500, 2}. Sell at 110.50 (35062965). [40, -4421.82].
[35090000] {1, 100, 1}.   Buy at 110.53 (35089923). [41, -4532.35].
[35101000] {3, 100, 3}.   Buy at 110.56 (35100992). [42, -4642.91].
[35126000] {3, -700, 3}. Sell at 110.42 (35125954). [41, -4532.49].
[35127000] {3, 100, 3}.   Buy at 110.47 (35126959). [42, -4642.96].
[35132000] {2, 100, 2}.   Buy at 110.46 (35131815). [43, -4753.42].
[35169000] {2, 300, 2}.   Buy at 110.47 (35169000). [44, -4863.89].
[35174000] {3, -200, 3}. Sell at 110.42 (35173874). [43, -4753.47].
[35183000] {3, 200, 3}.   Buy at 110.53 (35182992). [44, -4864.00].
[35187000] {3, 200, 3}.   Buy at 110.50 (35186966). [45, -4974.50].
[35195000] {2, -300, 2}. Sell at 110.47 (35194992). [44, -4864.03].
[35204000] {3, 100, 3}.   Buy at 110.49 (35203816). [45, -4974.52].
[35208000] {3, 100, 3}.   Buy at 110.50 (35207965). [46, -5085.02].
[35212000] {3, 200, 3}.   Buy at 110.55 (35211755). [47, -5195.57].
[35221000] {1, -200, 1}. Sell at 110.47 (35220984). [46, -5085.10].
[35224000] {1, -100, 1}. Sell at 110.46 (35223776). [45, -4974.64].
[35237000] {2, -300, 2}. Sell at 110.43 (35236757). [44, -4864.21].
[35243000] {2, 300, 2}.   Buy at 110.50 (35242992). [45, -4974.71].
[35248000] {3, 400, 3}.   Buy at 110.55 (35247966). [46, -5085.26].
[35260000] {2, 300, 2}.   Buy at 110.53 (35259896). [47, -5195.79].
[35265000] {3, 100, 3}.   Buy at 110.49 (35264943). [48, -5306.28].
[35277000] {3, 100, 3}.   Buy at 110.49 (35276913). [49, -5416.77].
[35287000] {3, 100, 3}.   Buy at 110.51 (35286806). [50, -5527.28].
[35295000] {3, 100, 3}.   Buy at 110.51 (35294970). [51, -5637.79].
[35300000] {3, 100, 3}.   Buy at 110.56 (35299796). [52, -5748.35].
[35308000] {2, 100, 2}.   Buy at 110.53 (35307998). [53, -5858.88].
[35310000] {2, 100, 2}.   Buy at 110.57 (35309877). [54, -5969.45].
[35314000] {3, 100, 3}.   Buy at 110.56 (35313959). [55, -6080.01].
[35335000] {2, 200, 2}.   Buy at 110.53 (35334665). [56, -6190.54].
[35337000] {2, 200, 2}.   Buy at 110.53 (35336999). [57, -6301.07].
[35350000] {2, 100, 2}.   Buy at 110.55 (35349804). [58, -6411.62].
[35351000] {2, 100, 2}.   Buy at 110.56 (35350914). [59, -6522.18].
[35352000] {2, -100, 2}. Sell at 110.54 (35351895). [58, -6411.64].
[35359000] {2, 100, 2}.   Buy at 110.56 (35358848). [59, -6522.20].
[35365000] {1, -100, 1}. Sell at 110.54 (35364956). [58, -6411.66].
[35368000] {2, -100, 2}. Sell at 110.48 (35367966). [57, -6301.18].
[35369000] {2, -100, 2}. Sell at 110.47 (35368962). [56, -6190.71].
[35370000] {2, -100, 2}. Sell at 110.46 (35369980). [55, -6080.25].
[35389000] {3, 600, 3}.   Buy at 110.52 (35388631). [56, -6190.77].
[35395000] {1, -100, 1}. Sell at 110.47 (35394997). [55, -6080.30].
[35413000] {2, -100, 2}. Sell at 110.48 (35412965). [54, -5969.82].
[35414000] {2, -200, 2}. Sell at 110.46 (35413870). [53, -5859.36].
[35421000] {2, -100, 2}. Sell at 110.46 (35420990). [52, -5748.90].
[35433000] {2, -100, 2}. Sell at 110.47 (35432965). [51, -5638.43].
[35445000] {2, 100, 2}.   Buy at 110.51 (35444944). [52, -5748.94].
[35457000] {3, 100, 3}.   Buy at 110.54 (35456932). [53, -5859.48].
[35461000] {3, 100, 3}.   Buy at 110.55 (35460735). [54, -5970.03].
[35480000] {2, 100, 2}.   Buy at 110.53 (35479990). [55, -6080.56].
[35513000] {3, -200, 3}. Sell at 110.51 (35512965). [54, -5970.05].
[35520000] {3, -200, 3}. Sell at 110.51 (35519817). [53, -5859.54].
[35523000] {3, -300, 3}. Sell at 110.51 (35522891). [52, -5749.03].
[35561000] {3, 200, 3}.   Buy at 110.52 (35560994). [53, -5859.55].
[35571000] {3, 400, 3}.   Buy at 110.56 (35570959). [54, -5970.11].
[35582000] {2, -100, 2}. Sell at 110.51 (35581905). [53, -5859.60].
[35586000] {3, 100, 3}.   Buy at 110.53 (35585984). [54, -5970.13].
[35594000] {3, 100, 3}.   Buy at 110.56 (35593764). [55, -6080.69].
[35608000] {3, 100, 3}.   Buy at 110.55 (35607965). [56, -6191.24].
[35611000] {2, -100, 2}. Sell at 110.52 (35611000). [55, -6080.72].
[35619000] {2, -100, 2}. Sell at 110.46 (35618991). [54, -5970.26].
[35642000] {2, 200, 2}.   Buy at 110.52 (35641818). [55, -6080.78].
[35647000] {3, 200, 3}.   Buy at 110.55 (35646968). [56, -6191.33].
[35655000] {2, -200, 2}. Sell at 110.52 (35654983). [55, -6080.81].
[35666000] {2, -200, 2}. Sell at 110.50 (35665949). [54, -5970.31].
[35668000] {2, 100, 2}.   Buy at 110.55 (35667965). [55, -6080.86].
[35672000] {3, -100, 3}. Sell at 110.50 (35671910). [54, -5970.36].
[35708000] {2, 200, 2}.   Buy at 110.55 (35707965). [55, -6080.91].
[35711000] {3, 100, 3}.   Buy at 110.56 (35710893). [56, -6191.47].
[35726000] {2, 100, 2}.   Buy at 110.54 (35725832). [57, -6302.01].
[35739000] {3, 100, 3}.   Buy at 110.57 (35738890). [58, -6412.58].
[35785000] {1, -100, 1}. Sell at 110.52 (35784939). [57, -6302.06].
[35817000] {2, -100, 2}. Sell at 110.51 (35816676). [56, -6191.55].
[35839000] {2, 100, 2}.   Buy at 110.53 (35839000). [57, -6302.08].
[35861000] {4, 100, 4}.   Buy at 110.58 (35860919). [58, -6412.66].
[35870000] {3, 100, 3}.   Buy at 110.58 (35869826). [59, -6523.24].
[35904000] {1, -400, 1}. Sell at 110.51 (35903897). [58, -6412.73].
[35906000] {1, -400, 1}. Sell at 110.47 (35905965). [57, -6302.26].
[35907000] {1, 400, 1}.   Buy at 110.54 (35906949). [58, -6412.80].
[35908000] {1, -400, 1}. Sell at 110.47 (35907966). [57, -6302.33].
[35949000] {2, 100, 2}.   Buy at 110.56 (35948946). [58, -6412.89].
[35956000] {3, 100, 3}.   Buy at 110.56 (35955817). [59, -6523.45].
[35957000] {3, -100, 3}. Sell at 110.53 (35956816). [58, -6412.92].
[36002000] {2, 100, 2}.   Buy at 110.57 (36001879). [59, -6523.49].
[36039000] {4, 100, 4}.   Buy at 110.61 (36038892). [60, -6634.10].
[36043000] {3, -100, 3}. Sell at 110.58 (36042983). [59, -6523.52].
[36070000] {3, 100, 3}.   Buy at 110.61 (36069898). [60, -6634.13].
[36072000] {4, 300, 4}.   Buy at 110.64 (36071963). [61, -6744.77].
[36083000] {3, 100, 3}.   Buy at 110.64 (36082966). [62, -6855.41].
[36088000] {3, -100, 3}. Sell at 110.61 (36087965). [61, -6744.80].
[36101000] {4, -300, 4}. Sell at 110.58 (36100926). [60, -6634.22].
[36111000] {4, 300, 4}.   Buy at 110.64 (36110632). [61, -6744.86].
[36138000] {3, -300, 3}. Sell at 110.58 (36137966). [60, -6634.28].
[36142000] {2, -100, 2}. Sell at 110.58 (36141892). [59, -6523.70].
[36143000] {2, -100, 2}. Sell at 110.57 (36142966). [58, -6413.13].
[36149000] {2, -100, 2}. Sell at 110.56 (36148683). [57, -6302.57].
[36155000] {3, -100, 3}. Sell at 110.55 (36154832). [56, -6192.02].
[36166000] {3, 100, 3}.   Buy at 110.58 (36165995). [57, -6302.60].
[36171000] {2, 100, 2}.   Buy at 110.58 (36170984). [58, -6413.18].
[36173000] {3, -100, 3}. Sell at 110.56 (36172965). [57, -6302.62].
[36176000] {3, -100, 3}. Sell at 110.56 (36175911). [56, -6192.06].
[36181000] {3, 100, 3}.   Buy at 110.58 (36180912). [57, -6302.64].
[36182000] {3, -100, 3}. Sell at 110.56 (36181786). [56, -6192.08].
[36183000] {3, 100, 3}.   Buy at 110.58 (36182995). [57, -6302.66].
[36197000] {2, 100, 2}.   Buy at 110.56 (36196962). [58, -6413.22].
[36198000] {2, -100, 2}. Sell at 110.54 (36197965). [57, -6302.68].
[36200000] {2, -100, 2}. Sell at 110.53 (36199984). [56, -6192.15].
[36230000] {2, 100, 2}.   Buy at 110.56 (36230000). [57, -6302.71].
[36252000] {1, -100, 1}. Sell at 110.55 (36251995). [56, -6192.16].
[36274000] {2, 200, 2}.   Buy at 110.57 (36273916). [57, -6302.73].
[36283000] {2, 200, 2}.   Buy at 110.57 (36283000). [58, -6413.30].
[36287000] {2, 100, 2}.   Buy at 110.59 (36286961). [59, -6523.89].
[36289000] {3, 100, 3}.   Buy at 110.61 (36288962). [60, -6634.50].
[36296000] {3, -100, 3}. Sell at 110.57 (36295733). [59, -6523.93].
[36297000] {3, 100, 3}.   Buy at 110.60 (36296871). [60, -6634.53].
[36299000] {2, -100, 2}. Sell at 110.57 (36298830). [59, -6523.96].
[36314000] {2, -100, 2}. Sell at 110.57 (36313614). [58, -6413.39].
[36315000] {2, 100, 2}.   Buy at 110.59 (36314974). [59, -6523.98].
[36342000] {2, -100, 2}. Sell at 110.57 (36341915). [58, -6413.41].
[36343000] {2, -200, 2}. Sell at 110.55 (36342999). [57, -6302.86].
[36362000] {2, -100, 2}. Sell at 110.57 (36361925). [56, -6192.29].
[36365000] {2, 100, 2}.   Buy at 110.60 (36364949). [57, -6302.89].
[36375000] {2, -100, 2}. Sell at 110.57 (36374712). [56, -6192.32].
[36387000] {1, 100, 1}.   Buy at 110.60 (36386906). [57, -6302.92].
[36391000] {1, -100, 1}. Sell at 110.57 (36390990). [56, -6192.35].
[36398000] {2, -200, 2}. Sell at 110.57 (36397799). [55, -6081.78].
[36399000] {2, 100, 2}.   Buy at 110.60 (36398919). [56, -6192.38].
[36402000] {3, -200, 3}. Sell at 110.56 (36401996). [55, -6081.82].
[36406000] {3, 100, 3}.   Buy at 110.59 (36405997). [56, -6192.41].
[36412000] {1, -100, 1}. Sell at 110.56 (36411994). [55, -6081.85].
[36414000] {2, -100, 2}. Sell at 110.55 (36413957). [54, -5971.30].
[36418000] {2, 100, 2}.   Buy at 110.57 (36417966). [55, -6081.87].
[36432000] {2, -100, 2}. Sell at 110.50 (36431985). [54, -5971.37].
[36433000] {2, 100, 2}.   Buy at 110.53 (36432965). [55, -6081.90].
[36454000] {2, -100, 2}. Sell at 110.51 (36453785). [54, -5971.39].
[36469000] {3, -100, 3}. Sell at 110.54 (36468938). [53, -5860.85].
[36478000] {3, -300, 3}. Sell at 110.51 (36477989). [52, -5750.34].
[36486000] {3, 100, 3}.   Buy at 110.54 (36485885). [53, -5860.88].
[36488000] {2, 100, 2}.   Buy at 110.55 (36487991). [54, -5971.43].
[36533000] {2, -200, 2}. Sell at 110.50 (36532965). [53, -5860.93].
[36536000] {1, 100, 1}.   Buy at 110.52 (36535750). [54, -5971.45].
[36555000] {2, 100, 2}.   Buy at 110.52 (36554784). [55, -6081.97].
[36579000] {2, 200, 2}.   Buy at 110.53 (36578840). [56, -6192.50].
[36586000] {2, -200, 2}. Sell at 110.49 (36585988). [55, -6082.01].
[36596000] {4, -100, 4}. Sell at 110.47 (36595937). [54, -5971.54].
[36599000] {4, -100, 4}. Sell at 110.46 (36598969). [53, -5861.08].
[36606000] {2, -100, 2}. Sell at 110.46 (36605850). [52, -5750.62].
[36614000] {1, -100, 1}. Sell at 110.45 (36613964). [51, -5640.17].
[36615000] {1, -200, 1}. Sell at 110.43 (36614903). [50, -5529.74].
[36616000] {1, 200, 1}.   Buy at 110.46 (36615787). [51, -5640.20].
[36635000] {1, 100, 1}.   Buy at 110.47 (36634978). [52, -5750.67].
[36661000] {2, -100, 2}. Sell at 110.46 (36660926). [51, -5640.21].
[36678000] {2, 100, 2}.   Buy at 110.48 (36677985). [52, -5750.69].
[36692000] {3, 100, 3}.   Buy at 110.51 (36691999). [53, -5861.20].
[36712000] {2, 100, 2}.   Buy at 110.48 (36711975). [54, -5971.68].
[36715000] {2, 100, 2}.   Buy at 110.48 (36714947). [55, -6082.16].
[36733000] {1, -300, 1}. Sell at 110.45 (36732966). [54, -5971.71].
[36742000] {2, 100, 2}.   Buy at 110.47 (36741989). [55, -6082.18].
[36745000] {3, 100, 3}.   Buy at 110.48 (36744821). [56, -6192.66].
[36762000] {2, 200, 2}.   Buy at 110.50 (36761999). [57, -6303.16].
[36763000] {2, -100, 2}. Sell at 110.48 (36762965). [56, -6192.68].
[36765000] {2, 100, 2}.   Buy at 110.50 (36764979). [57, -6303.18].
[36830000] {1, 100, 1}.   Buy at 110.49 (36829922). [58, -6413.67].
[36848000] {2, -100, 2}. Sell at 110.46 (36847965). [57, -6303.21].
[36855000] {2, 200, 2}.   Buy at 110.50 (36854990). [58, -6413.71].
[36865000] {1, -100, 1}. Sell at 110.47 (36864831). [57, -6303.24].
[36868000] {1, 100, 1}.   Buy at 110.49 (36867889). [58, -6413.73].
[36878000] {4, 100, 4}.   Buy at 110.52 (36877998). [59, -6524.25].
[36884000] {2, -100, 2}. Sell at 110.49 (36883889). [58, -6413.76].
[36892000] {2, 100, 2}.   Buy at 110.53 (36891959). [59, -6524.29].
[36893000] {2, 100, 2}.   Buy at 110.53 (36892966). [60, -6634.82].
[36902000] {2, -300, 2}. Sell at 110.49 (36901989). [59, -6524.33].
[36905000] {2, -100, 2}. Sell at 110.48 (36904993). [58, -6413.85].
[36908000] {2, 100, 2}.   Buy at 110.51 (36907965). [59, -6524.36].
[36918000] {3, 100, 3}.   Buy at 110.51 (36917966). [60, -6634.87].
[36920000] {2, -100, 2}. Sell at 110.49 (36919925). [59, -6524.38].
[36921000] {2, -100, 2}. Sell at 110.48 (36920975). [58, -6413.90].
[36923000] {2, -100, 2}. Sell at 110.48 (36922996). [57, -6303.42].
[36924000] {2, 100, 2}.   Buy at 110.51 (36923939). [58, -6413.93].
[36930000] {1, -100, 1}. Sell at 110.48 (36929958). [57, -6303.45].
[36943000] {2, -200, 2}. Sell at 110.48 (36942966). [56, -6192.97].
[36946000] {2, 100, 2}.   Buy at 110.50 (36945971). [57, -6303.47].
[36947000] {2, -100, 2}. Sell at 110.48 (36946995). [56, -6192.99].
[36965000] {2, -100, 2}. Sell at 110.49 (36964952). [55, -6082.50].
[36981000] {1, -100, 1}. Sell at 110.48 (36980875). [54, -5972.02].
[36985000] {2, 100, 2}.   Buy at 110.50 (36984930). [55, -6082.52].
[37005000] {2, 100, 2}.   Buy at 110.51 (37004963). [56, -6193.03].
[37025000] {2, 100, 2}.   Buy at 110.51 (37024927). [57, -6303.54].
[37026000] {2, -100, 2}. Sell at 110.49 (37025896). [56, -6193.05].
[37051000] {3, 100, 3}.   Buy at 110.52 (37050875). [57, -6303.57].
[37138000] {1, 100, 1}.   Buy at 110.52 (37137920). [58, -6414.09].
[37153000] {3, -100, 3}. Sell at 110.49 (37152973). [57, -6303.60].
[37175000] {3, 100, 3}.   Buy at 110.52 (37174915). [58, -6414.12].
[37181000] {2, -100, 2}. Sell at 110.50 (37180939). [57, -6303.62].
[37234000] {2, -100, 2}. Sell at 110.50 (37233991). [56, -6193.12].
[37239000] {2, -200, 2}. Sell at 110.47 (37238988). [55, -6082.65].
[37252000] {2, -100, 2}. Sell at 110.48 (37251939). [54, -5972.17].
[37263000] {2, 100, 2}.   Buy at 110.51 (37262966). [55, -6082.68].
[37265000] {3, -200, 3}. Sell at 110.48 (37264996). [54, -5972.20].
[37266000] {3, -200, 3}. Sell at 110.46 (37265948). [53, -5861.74].
[37271000] {3, 100, 3}.   Buy at 110.50 (37270947). [54, -5972.24].
[37278000] {3, 200, 3}.   Buy at 110.51 (37277966). [55, -6082.75].
[37286000] {2, 100, 2}.   Buy at 110.50 (37285994). [56, -6193.25].
[37288000] {1, -100, 1}. Sell at 110.48 (37287965). [55, -6082.77].
[37297000] {2, 100, 2}.   Buy at 110.49 (37296947). [56, -6193.26].
[37298000] {2, 100, 2}.   Buy at 110.50 (37297965). [57, -6303.76].
[37337000] {3, -100, 3}. Sell at 110.48 (37337000). [56, -6193.28].
[37382000] {2, -100, 2}. Sell at 110.43 (37381916). [55, -6082.85].
[37386000] {2, -100, 2}. Sell at 110.42 (37385943). [54, -5972.43].
[37387000] {2, -100, 2}. Sell at 110.41 (37386963). [53, -5862.02].
[37445000] {1, -100, 1}. Sell at 110.43 (37444827). [52, -5751.59].
[37448000] {2, 100, 2}.   Buy at 110.45 (37447965). [53, -5862.04].
[37449000] {2, -100, 2}. Sell at 110.43 (37448767). [52, -5751.61].
[37477000] {2, -400, 2}. Sell at 110.39 (37476999). [51, -5641.22].
[37483000] {2, -100, 2}. Sell at 110.38 (37482966). [50, -5530.84].
[37495000] {2, -100, 2}. Sell at 110.37 (37495000). [49, -5420.47].
[37513000] {2, 100, 2}.   Buy at 110.40 (37512965). [50, -5530.87].
[37518000] {3, 100, 3}.   Buy at 110.41 (37517965). [51, -5641.28].
[37525000] {3, 100, 3}.   Buy at 110.41 (37524964). [52, -5751.69].
[37534000] {4, 100, 4}.   Buy at 110.41 (37533957). [53, -5862.10].
[37546000] {4, -100, 4}. Sell at 110.40 (37545929). [52, -5751.70].
[37563000] {4, 100, 4}.   Buy at 110.44 (37562985). [53, -5862.14].
[37577000] {3, -100, 3}. Sell at 110.43 (37576989). [52, -5751.71].
[37578000] {3, 200, 3}.   Buy at 110.46 (37577991). [53, -5862.17].
[37579000] {3, -200, 3}. Sell at 110.43 (37578998). [52, -5751.74].
[37581000] {3, 100, 3}.   Buy at 110.45 (37580973). [53, -5862.19].
[37594000] {3, 100, 3}.   Buy at 110.47 (37593980). [54, -5972.66].
[37600000] {2, -100, 2}. Sell at 110.46 (37599935). [53, -5862.20].
[37617000] {2, -100, 2}. Sell at 110.44 (37616980). [52, -5751.76].
[37625000] {2, -100, 2}. Sell at 110.44 (37624565). [51, -5641.32].
[37627000] {2, 100, 2}.   Buy at 110.46 (37626254). [52, -5751.78].
[37635000] {1, -200, 1}. Sell at 110.42 (37634975). [51, -5641.36].
[37657000] {1, 100, 1}.   Buy at 110.42 (37656996). [52, -5751.78].
[37661000] {3, 100, 3}.   Buy at 110.41 (37660972). [53, -5862.19].
[37662000] {3, -100, 3}. Sell at 110.39 (37661978). [52, -5751.80].
[37692000] {3, 200, 3}.   Buy at 110.42 (37691942). [53, -5862.22].
[37698000] {2, 100, 2}.   Buy at 110.45 (37697977). [54, -5972.67].
[37741000] {3, 100, 3}.   Buy at 110.47 (37740969). [55, -6083.14].
[37778000] {2, -100, 2}. Sell at 110.43 (37777965). [54, -5972.71].
[37808000] {1, 100, 1}.   Buy at 110.45 (37807966). [55, -6083.16].
[37822000] {4, 100, 4}.   Buy at 110.48 (37821786). [56, -6193.64].
[37840000] {1, -100, 1}. Sell at 110.46 (37839990). [55, -6083.18].
[37849000] {3, 200, 3}.   Buy at 110.50 (37848888). [56, -6193.68].
[37855000] {3, -100, 3}. Sell at 110.47 (37854862). [55, -6083.21].
[37857000] {2, 100, 2}.   Buy at 110.50 (37856936). [56, -6193.71].
[37903000] {3, 200, 3}.   Buy at 110.50 (37902966). [57, -6304.21].
[37908000] {4, 100, 4}.   Buy at 110.52 (37907974). [58, -6414.73].
[37962000] {2, 100, 2}.   Buy at 110.52 (37961860). [59, -6525.25].
[37965000] {2, 100, 2}.   Buy at 110.53 (37964997). [60, -6635.78].
[37966000] {2, 200, 2}.   Buy at 110.55 (37965986). [61, -6746.33].
[37985000] {2, 100, 2}.   Buy at 110.54 (37984865). [62, -6856.87].
[37988000] {2, 100, 2}.   Buy at 110.55 (37987966). [63, -6967.42].
[37990000] {2, 100, 2}.   Buy at 110.56 (37989984). [64, -7077.98].
[37998000] {1, 100, 1}.   Buy at 110.57 (37997975). [65, -7188.55].
[38023000] {2, 200, 2}.   Buy at 110.57 (38022966). [66, -7299.12].
[38032000] {3, 100, 3}.   Buy at 110.57 (38031916). [67, -7409.69].
[38049000] {3, 100, 3}.   Buy at 110.60 (38048951). [68, -7520.29].
[38052000] {3, -200, 3}. Sell at 110.57 (38051996). [67, -7409.72].
[38060000] {3, 100, 3}.   Buy at 110.60 (38059887). [68, -7520.32].
[38077000] {1, 100, 1}.   Buy at 110.58 (38076944). [69, -7630.90].
[38107000] {1, 100, 1}.   Buy at 110.60 (38106870). [70, -7741.50].
[38128000] {4, 100, 4}.   Buy at 110.63 (38127980). [71, -7852.13].
[38143000] {2, -200, 2}. Sell at 110.59 (38142966). [70, -7741.54].
[38178000] {2, 100, 2}.   Buy at 110.62 (38177935). [71, -7852.16].
[38214000] {2, 100, 2}.   Buy at 110.63 (38213884). [72, -7962.79].
[38241000] {2, 100, 2}.   Buy at 110.66 (38240950). [73, -8073.45].
[38252000] {2, 100, 2}.   Buy at 110.66 (38251893). [74, -8184.11].
[38261000] {1, 100, 1}.   Buy at 110.66 (38260537). [75, -8294.77].
[38290000] {2, -100, 2}. Sell at 110.60 (38289976). [74, -8184.17].
[38309000] {2, -100, 2}. Sell at 110.59 (38308978). [73, -8073.58].
[38343000] {1, -100, 1}. Sell at 110.60 (38342966). [72, -7962.98].
[38358000] {2, -100, 2}. Sell at 110.58 (38357966). [71, -7852.40].
[38391000] {2, -100, 2}. Sell at 110.62 (38390764). [70, -7741.78].
[38432000] {2, -100, 2}. Sell at 110.62 (38431868). [69, -7631.16].
[38440000] {2, 100, 2}.   Buy at 110.61 (38439941). [70, -7741.77].
[38441000] {2, 100, 2}.   Buy at 110.63 (38440914). [71, -7852.40].
[38447000] {2, 100, 2}.   Buy at 110.64 (38446993). [72, -7963.04].
[38482000] {2, 100, 2}.   Buy at 110.68 (38481800). [73, -8073.72].
[38490000] {2, 100, 2}.   Buy at 110.68 (38489629). [74, -8184.40].
[38503000] {1, -100, 1}. Sell at 110.66 (38502966). [73, -8073.74].
[38509000] {1, -200, 1}. Sell at 110.64 (38508994). [72, -7963.10].
[38514000] {1, -200, 1}. Sell at 110.62 (38513874). [71, -7852.48].
[38566000] {2, -100, 2}. Sell at 110.63 (38565941). [70, -7741.85].
[38593000] {2, -100, 2}. Sell at 110.58 (38593000). [69, -7631.27].
[38597000] {2, -100, 2}. Sell at 110.57 (38596970). [68, -7520.70].
[38600000] {2, 100, 2}.   Buy at 110.60 (38599918). [69, -7631.30].
[38618000] {2, -200, 2}. Sell at 110.56 (38617982). [68, -7520.74].
[38626000] {2, 100, 2}.   Buy at 110.60 (38625964). [69, -7631.34].
[38630000] {1, -200, 1}. Sell at 110.56 (38629964). [68, -7520.78].
[38646000] {3, 100, 3}.   Buy at 110.56 (38645942). [69, -7631.34].
[38651000] {2, -100, 2}. Sell at 110.54 (38650919). [68, -7520.80].
[38689000] {2, 100, 2}.   Buy at 110.48 (38688994). [69, -7631.28].
[38727000] {1, 100, 1}.   Buy at 110.52 (38726977). [70, -7741.80].
[38731000] {3, -200, 3}. Sell at 110.50 (38730954). [69, -7631.30].
[38744000] {1, -100, 1}. Sell at 110.51 (38743965). [68, -7520.79].
[38748000] {2, -100, 2}. Sell at 110.50 (38747966). [67, -7410.29].
[38749000] {2, 100, 2}.   Buy at 110.52 (38748967). [68, -7520.81].
[38752000] {2, -100, 2}. Sell at 110.50 (38751515). [67, -7410.31].
[38761000] {2, -200, 2}. Sell at 110.48 (38760999). [66, -7299.83].
[38773000] {2, 300, 2}.   Buy at 110.53 (38772996). [67, -7410.36].
[38775000] {3, -100, 3}. Sell at 110.50 (38774929). [66, -7299.86].
[38781000] {3, 100, 3}.   Buy at 110.53 (38780969). [67, -7410.39].
[38816000] {2, -100, 2}. Sell at 110.50 (38815997). [66, -7299.89].
[38877000] {2, 100, 2}.   Buy at 110.53 (38876958). [67, -7410.42].
[38878000] {2, 100, 2}.   Buy at 110.55 (38877985). [68, -7520.97].
[38889000] {3, 200, 3}.   Buy at 110.56 (38888897). [69, -7631.53].
[38923000] {3, -100, 3}. Sell at 110.53 (38922966). [68, -7521.00].
[38926000] {3, -200, 3}. Sell at 110.52 (38925977). [67, -7410.48].
[38944000] {3, -100, 3}. Sell at 110.52 (38943941). [66, -7299.96].
[38982000] {2, 100, 2}.   Buy at 110.53 (38981980). [67, -7410.49].
[38988000] {3, -100, 3}. Sell at 110.50 (38987966). [66, -7299.99].
[39008000] {2, -100, 2}. Sell at 110.49 (39007966). [65, -7189.50].
[39015000] {2, 100, 2}.   Buy at 110.51 (39014832). [66, -7300.01].
[39024000] {2, -100, 2}. Sell at 110.49 (39023778). [65, -7189.52].
[39030000] {2, 100, 2}.   Buy at 110.51 (39029931). [66, -7300.03].
[39031000] {2, -100, 2}. Sell at 110.49 (39030962). [65, -7189.54].
[39045000] {3, 200, 3}.   Buy at 110.55 (39044900). [66, -7300.09].
[39046000] {3, 100, 3}.   Buy at 110.57 (39045967). [67, -7410.66].
[39128000] {3, -100, 3}. Sell at 110.55 (39127966). [66, -7300.11].
[39133000] {3, 100, 3}.   Buy at 110.58 (39132966). [67, -7410.69].
[39189000] {2, 100, 2}.   Buy at 110.60 (39188975). [68, -7521.29].
[39204000] {2, -100, 2}. Sell at 110.61 (39203954). [67, -7410.68].
[39210000] {3, -100, 3}. Sell at 110.60 (39209995). [66, -7300.08].
[39264000] {4, 200, 4}.   Buy at 110.65 (39263972). [67, -7410.73].
[39276000] {3, 100, 3}.   Buy at 110.67 (39275875). [68, -7521.40].
[39281000] {2, 100, 2}.   Buy at 110.67 (39280915). [69, -7632.07].
[39300000] {3, 100, 3}.   Buy at 110.68 (39300000). [70, -7742.75].
[39323000] {3, 100, 3}.   Buy at 110.66 (39322966). [71, -7853.41].
[39344000] {3, 100, 3}.   Buy at 110.66 (39343947). [72, -7964.07].
[39368000] {1, 100, 1}.   Buy at 110.67 (39367877). [73, -8074.74].
[39370000] {2, 100, 2}.   Buy at 110.69 (39369961). [74, -8185.43].
[39405000] {1, -100, 1}. Sell at 110.69 (39404959). [73, -8074.74].
[39407000] {1, 100, 1}.   Buy at 110.71 (39406983). [74, -8185.45].
[39419000] {2, -100, 2}. Sell at 110.71 (39418933). [73, -8074.74].
[39435000] {2, -100, 2}. Sell at 110.71 (39434725). [72, -7964.03].
[39445000] {3, 100, 3}.   Buy at 110.74 (39444874). [73, -8074.77].
[39468000] {3, 100, 3}.   Buy at 110.74 (39468000). [74, -8185.51].
[39492000] {3, -100, 3}. Sell at 110.71 (39491931). [73, -8074.80].
[39494000] {2, -100, 2}. Sell at 110.70 (39493856). [72, -7964.10].
[39503000] {1, 200, 1}.   Buy at 110.74 (39502967). [73, -8074.84].
[39513000] {3, -100, 3}. Sell at 110.71 (39512966). [72, -7964.13].
[39529000] {1, -100, 1}. Sell at 110.72 (39528683). [71, -7853.41].
[39539000] {1, -100, 1}. Sell at 110.72 (39538975). [70, -7742.69].
[39560000] {1, 200, 1}.   Buy at 110.76 (39559897). [71, -7853.45].
[39576000] {1, -100, 1}. Sell at 110.74 (39575922). [70, -7742.71].
[39580000] {2, 100, 2}.   Buy at 110.76 (39579890). [71, -7853.47].
[39593000] {1, 100, 1}.   Buy at 110.80 (39592998). [72, -7964.27].
[39594000] {1, 100, 1}.   Buy at 110.80 (39593998). [73, -8075.07].
[39598000] {2, 100, 2}.   Buy at 110.79 (39597966). [74, -8185.86].
[39607000] {3, 100, 3}.   Buy at 110.79 (39606892). [75, -8296.65].
[39608000] {3, -100, 3}. Sell at 110.77 (39607966). [74, -8185.88].
[39675000] {1, 100, 1}.   Buy at 110.79 (39674979). [75, -8296.67].
[39685000] {3, 100, 3}.   Buy at 110.78 (39684956). [76, -8407.45].
[39712000] {3, 100, 3}.   Buy at 110.79 (39711992). [77, -8518.24].
[39717000] {1, 100, 1}.   Buy at 110.80 (39716981). [78, -8629.04].
[39718000] {1, -100, 1}. Sell at 110.78 (39717966). [77, -8518.26].
[39719000] {1, 100, 1}.   Buy at 110.80 (39718872). [78, -8629.06].
[39721000] {1, -100, 1}. Sell at 110.78 (39720811). [77, -8518.28].
[39727000] {1, 200, 1}.   Buy at 110.81 (39726994). [78, -8629.09].
[39729000] {2, -100, 2}. Sell at 110.79 (39728947). [77, -8518.30].
[39731000] {2, 100, 2}.   Buy at 110.81 (39730944). [78, -8629.11].
[39732000] {2, -100, 2}. Sell at 110.79 (39731825). [77, -8518.32].
[39736000] {1, -100, 1}. Sell at 110.79 (39735942). [76, -8407.53].
[39739000] {1, -100, 1}. Sell at 110.79 (39738777). [75, -8296.74].
[39746000] {2, 200, 2}.   Buy at 110.88 (39745988). [76, -8407.62].
[39748000] {3, 100, 3}.   Buy at 110.85 (39747977). [77, -8518.47].
[39751000] {3, -100, 3}. Sell at 110.82 (39750856). [76, -8407.65].
[39756000] {3, -100, 3}. Sell at 110.79 (39755938). [75, -8296.86].
[39766000] {2, -100, 2}. Sell at 110.79 (39765938). [74, -8186.07].
[39796000] {2, 100, 2}.   Buy at 110.79 (39795837). [75, -8296.86].
[39825000] {3, -100, 3}. Sell at 110.78 (39824891). [74, -8186.08].
[39840000] {2, -100, 2}. Sell at 110.77 (39839903). [73, -8075.31].
[39843000] {3, -100, 3}. Sell at 110.76 (39842966). [72, -7964.55].
[39844000] {3, 100, 3}.   Buy at 110.79 (39843982). [73, -8075.34].
[39903000] {2, -200, 2}. Sell at 110.73 (39902997). [72, -7964.61].
[39911000] {2, 100, 2}.   Buy at 110.74 (39910949). [73, -8075.35].
[39916000] {2, -100, 2}. Sell at 110.71 (39915969). [72, -7964.64].
[39921000] {3, 200, 3}.   Buy at 110.74 (39920947). [73, -8075.38].
[39924000] {3, -100, 3}. Sell at 110.71 (39923846). [72, -7964.67].
[39955000] {3, 100, 3}.   Buy at 110.69 (39954839). [73, -8075.36].
[39960000] {3, 100, 3}.   Buy at 110.71 (39959908). [74, -8186.07].
[39961000] {3, 100, 3}.   Buy at 110.72 (39960899). [75, -8296.79].
[39982000] {3, -100, 3}. Sell at 110.74 (39981987). [74, -8186.05].
[39985000] {2, 100, 2}.   Buy at 110.75 (39984840). [75, -8296.80].
[39987000] {1, -100, 1}. Sell at 110.73 (39986978). [74, -8186.07].
[39991000] {3, 100, 3}.   Buy at 110.75 (39990993). [75, -8296.82].
[40011000] {3, 300, 3}.   Buy at 110.77 (40010977). [76, -8407.59].
[40012000] {3, -100, 3}. Sell at 110.75 (40011884). [75, -8296.84].
[40015000] {3, 100, 3}.   Buy at 110.77 (40014906). [76, -8407.61].
[40020000] {3, 100, 3}.   Buy at 110.78 (40019943). [77, -8518.39].
[40033000] {3, 100, 3}.   Buy at 110.80 (40032986). [78, -8629.19].
[40044000] {3, 100, 3}.   Buy at 110.80 (40043953). [79, -8739.99].
[40063000] {3, 100, 3}.   Buy at 110.79 (40062870). [80, -8850.78].
[40078000] {3, -200, 3}. Sell at 110.75 (40077967). [79, -8740.03].
[40084000] {3, 200, 3}.   Buy at 110.78 (40083907). [80, -8850.81].
[40085000] {3, 100, 3}.   Buy at 110.80 (40084956). [81, -8961.61].
[40109000] {3, 100, 3}.   Buy at 110.80 (40108980). [82, -9072.41].
[40110000] {3, -100, 3}. Sell at 110.77 (40109672). [81, -8961.64].
[40117000] {3, 100, 3}.   Buy at 110.79 (40116910). [82, -9072.43].
[40130000] {4, 100, 4}.   Buy at 110.80 (40129978). [83, -9183.23].
[40141000] {3, 100, 3}.   Buy at 110.83 (40141000). [84, -9294.06].
[40144000] {3, 200, 3}.   Buy at 110.84 (40143843). [85, -9404.90].
[40145000] {3, -100, 3}. Sell at 110.82 (40144944). [84, -9294.08].
[40182000] {2, -200, 2}. Sell at 110.78 (40181977). [83, -9183.30].
[40191000] {2, 100, 2}.   Buy at 110.80 (40190986). [84, -9294.10].
[40199000] {2, -100, 2}. Sell at 110.78 (40198969). [83, -9183.32].
[40220000] {3, -100, 3}. Sell at 110.81 (40219975). [82, -9072.51].
[40249000] {2, 100, 2}.   Buy at 110.86 (40248977). [83, -9183.37].
[40255000] {3, -100, 3}. Sell at 110.83 (40254911). [82, -9072.54].
[40287000] {2, -100, 2}. Sell at 110.82 (40286961). [81, -8961.72].
[40292000] {3, 100, 3}.   Buy at 110.84 (40291973). [82, -9072.56].
[40347000] {4, 100, 4}.   Buy at 110.87 (40346915). [83, -9183.43].
[40353000] {3, -100, 3}. Sell at 110.85 (40352966). [82, -9072.58].
[40379000] {2, 100, 2}.   Buy at 110.88 (40378925). [83, -9183.46].
[40396000] {2, -100, 2}. Sell at 110.88 (40395869). [82, -9072.58].
[40422000] {3, 100, 3}.   Buy at 110.90 (40421974). [83, -9183.48].
[40478000] {2, 100, 2}.   Buy at 110.90 (40477966). [84, -9294.38].
[40518000] {2, 200, 2}.   Buy at 110.90 (40517966). [85, -9405.28].
[40529000] {3, -200, 3}. Sell at 110.88 (40528916). [84, -9294.40].
[40538000] {2, 100, 2}.   Buy at 110.90 (40537966). [85, -9405.30].
[40579000] {2, 100, 2}.   Buy at 110.90 (40578967). [86, -9516.20].
[40699000] {2, 100, 2}.   Buy at 110.88 (40698900). [87, -9627.08].
[40700000] {2, -100, 2}. Sell at 110.86 (40699987). [86, -9516.22].
[40711000] {3, -100, 3}. Sell at 110.85 (40710961). [85, -9405.37].
[40739000] {3, 100, 3}.   Buy at 110.88 (40739000). [86, -9516.25].
[40743000] {3, -100, 3}. Sell at 110.86 (40742966). [85, -9405.39].
[40794000] {3, 200, 3}.   Buy at 110.88 (40794000). [86, -9516.27].
[40828000] {2, 100, 2}.   Buy at 110.89 (40827989). [87, -9627.16].
[40862000] {3, 100, 3}.   Buy at 110.92 (40861996). [88, -9738.08].
[40865000] {2, -100, 2}. Sell at 110.89 (40864905). [87, -9627.19].
[40867000] {3, -100, 3}. Sell at 110.89 (40866763). [86, -9516.30].
[40880000] {2, -100, 2}. Sell at 110.88 (40879922). [85, -9405.42].
[40881000] {2, -100, 2}. Sell at 110.87 (40880976). [84, -9294.55].
[40925000] {3, 100, 3}.   Buy at 110.88 (40924924). [85, -9405.43].
[40935000] {4, 100, 4}.   Buy at 110.91 (40934823). [86, -9516.34].
[40984000] {3, -100, 3}. Sell at 110.89 (40983979). [85, -9405.45].
[41024000] {2, 100, 2}.   Buy at 110.89 (41023931). [86, -9516.34].
[41037000] {3, -100, 3}. Sell at 110.87 (41036919). [85, -9405.47].
[41046000] {3, 100, 3}.   Buy at 110.89 (41045799). [86, -9516.36].
[41049000] {3, 100, 3}.   Buy at 110.91 (41048993). [87, -9627.27].
[41061000] {2, -100, 2}. Sell at 110.86 (41060659). [86, -9516.41].
[41062000] {2, 100, 2}.   Buy at 110.89 (41061842). [87, -9627.30].
[41120000] {3, 100, 3}.   Buy at 110.89 (41119927). [88, -9738.19].
[41138000] {2, 100, 2}.   Buy at 110.90 (41137966). [89, -9849.09].
[41144000] {3, -200, 3}. Sell at 110.87 (41143887). [88, -9738.22].
[41156000] {2, -100, 2}. Sell at 110.85 (41155896). [87, -9627.37].
[41160000] {3, 200, 3}.   Buy at 110.89 (41159928). [88, -9738.26].
[41167000] {2, -100, 2}. Sell at 110.86 (41166901). [87, -9627.40].
[41169000] {3, -100, 3}. Sell at 110.85 (41168818). [86, -9516.55].
[41178000] {3, -100, 3}. Sell at 110.83 (41177990). [85, -9405.72].
[41208000] {3, 200, 3}.   Buy at 110.87 (41207966). [86, -9516.59].
[41211000] {4, 100, 4}.   Buy at 110.88 (41210731). [87, -9627.47].
[41244000] {3, -100, 3}. Sell at 110.85 (41243956). [86, -9516.62].
[41251000] {3, 200, 3}.   Buy at 110.88 (41250855). [87, -9627.50].
[41306000] {3, -100, 3}. Sell at 110.88 (41305976). [86, -9516.62].
[41311000] {3, -100, 3}. Sell at 110.87 (41310993). [85, -9405.75].
[41338000] {3, 200, 3}.   Buy at 110.93 (41337996). [86, -9516.68].
[41341000] {2, 100, 2}.   Buy at 110.94 (41340989). [87, -9627.62].
[41343000] {2, -100, 2}. Sell at 110.91 (41343000). [86, -9516.71].
[41368000] {2, -100, 2}. Sell at 110.89 (41367966). [85, -9405.82].
[41375000] {2, 100, 2}.   Buy at 110.91 (41374925). [86, -9516.73].
[41376000] {2, -100, 2}. Sell at 110.89 (41375931). [85, -9405.84].
[41392000] {3, 100, 3}.   Buy at 110.92 (41391904). [86, -9516.76].
[41402000] {3, 100, 3}.   Buy at 110.93 (41401969). [87, -9627.69].
[41448000] {3, -100, 3}. Sell at 110.91 (41447966). [86, -9516.78].
[41503000] {3, 100, 3}.   Buy at 110.94 (41502966). [87, -9627.72].
[41531000] {2, 100, 2}.   Buy at 110.97 (41530999). [88, -9738.69].
[41560000] {3, -100, 3}. Sell at 110.94 (41559786). [87, -9627.75].
[41609000] {3, 100, 3}.   Buy at 110.96 (41608949). [88, -9738.71].
[41613000] {3, -100, 3}. Sell at 110.95 (41613000). [87, -9627.76].
[41632000] {3, 100, 3}.   Buy at 110.97 (41631999). [88, -9738.73].
[41643000] {4, -100, 4}. Sell at 110.95 (41642929). [87, -9627.78].
[41674000] {2, 200, 2}.   Buy at 111.06 (41673937). [88, -9738.84].
[41677000] {3, -100, 3}. Sell at 111.03 (41676897). [87, -9627.81].
[41685000] {2, -100, 2}. Sell at 111.01 (41684708). [86, -9516.80].
[41725000] {2, -100, 2}. Sell at 110.98 (41724838). [85, -9405.82].
[41730000] {4, 200, 4}.   Buy at 111.02 (41729988). [86, -9516.84].
[41741000] {3, 100, 3}.   Buy at 111.03 (41740932). [87, -9627.87].
[41749000] {2, -100, 2}. Sell at 111.02 (41748845). [86, -9516.85].
[41758000] {2, -100, 2}. Sell at 110.99 (41757999). [85, -9405.86].
[41764000] {1, -200, 1}. Sell at 110.96 (41763939). [84, -9294.90].
[41768000] {4, 100, 4}.   Buy at 110.98 (41767966). [85, -9405.88].
[41773000] {3, -100, 3}. Sell at 110.95 (41772969). [84, -9294.93].
[41786000] {4, -100, 4}. Sell at 110.93 (41785987). [83, -9184.00].
[41815000] {3, 100, 3}.   Buy at 111.01 (41814904). [84, -9295.01].
[41825000] {3, 100, 3}.   Buy at 110.99 (41824947). [85, -9406.00].
[41863000] {4, 100, 4}.   Buy at 111.06 (41862966). [86, -9517.06].
[41874000] {3, 100, 3}.   Buy at 111.06 (41873935). [87, -9628.12].
[41875000] {3, 100, 3}.   Buy at 111.08 (41874847). [88, -9739.20].
[41882000] {3, -100, 3}. Sell at 111.08 (41881971). [87, -9628.12].
[41888000] {2, -100, 2}. Sell at 111.06 (41887995). [86, -9517.06].
[41892000] {3, -100, 3}. Sell at 111.02 (41891924). [85, -9406.04].
[41895000] {3, 100, 3}.   Buy at 111.05 (41894998). [86, -9517.09].
[41896000] {3, 100, 3}.   Buy at 111.06 (41895945). [87, -9628.15].
[41915000] {1, -200, 1}. Sell at 111.03 (41914996). [86, -9517.12].
[41918000] {1, 100, 1}.   Buy at 111.06 (41917966). [87, -9628.18].
[41936000] {1, 100, 1}.   Buy at 111.06 (41935355). [88, -9739.24].
[41951000] {2, 100, 2}.   Buy at 111.06 (41950949). [89, -9850.30].
[41952000] {2, 100, 2}.   Buy at 111.08 (41951953). [90, -9961.38].
[41967000] {3, 200, 3}.   Buy at 111.11 (41966961). [91, -10072.49].
[42008000] {2, -100, 2}. Sell at 111.10 (42007966). [90, -9961.39].
[42009000] {2, 100, 2}.   Buy at 111.12 (42008744). [91, -10072.51].
[42034000] {4, 200, 4}.   Buy at 111.15 (42033995). [92, -10183.66].
[42043000] {3, 100, 3}.   Buy at 111.18 (42042966). [93, -10294.84].
[42046000] {2, -100, 2}. Sell at 111.15 (42045951). [92, -10183.69].
[42047000] {2, -100, 2}. Sell at 111.14 (42046944). [91, -10072.55].
[42051000] {3, -100, 3}. Sell at 111.14 (42050913). [90, -9961.41].
[42054000] {2, -100, 2}. Sell at 111.13 (42053776). [89, -9850.28].
[42057000] {2, -200, 2}. Sell at 111.11 (42057000). [88, -9739.17].
[42058000] {2, -100, 2}. Sell at 111.10 (42057966). [87, -9628.07].
[42063000] {2, -100, 2}. Sell at 111.07 (42063000). [86, -9517.00].
[42118000] {3, 100, 3}.   Buy at 111.11 (42117966). [87, -9628.11].
[42132000] {2, 100, 2}.   Buy at 111.10 (42131987). [88, -9739.21].
[42148000] {1, -100, 1}. Sell at 111.08 (42148000). [87, -9628.13].
[42151000] {3, 100, 3}.   Buy at 111.09 (42150936). [88, -9739.22].
[42156000] {3, -100, 3}. Sell at 111.07 (42155913). [87, -9628.15].
[42163000] {3, 100, 3}.   Buy at 111.09 (42162966). [88, -9739.24].
[42166000] {3, 100, 3}.   Buy at 111.10 (42165963). [89, -9850.34].
[42174000] {3, 100, 3}.   Buy at 111.10 (42173894). [90, -9961.44].
[42207000] {3, 100, 3}.   Buy at 111.14 (42206896). [91, -10072.58].
[42264000] {2, -200, 2}. Sell at 111.10 (42263875). [90, -9961.48].
[42357000] {2, 100, 2}.   Buy at 111.07 (42356889). [91, -10072.55].
[42398000] {4, 100, 4}.   Buy at 111.06 (42397993). [92, -10183.61].
[42402000] {3, 100, 3}.   Buy at 111.08 (42401762). [93, -10294.69].
[42433000] {2, 100, 2}.   Buy at 111.09 (42432967). [94, -10405.78].
[42480000] {2, 100, 2}.   Buy at 111.07 (42479925). [95, -10516.85].
[42505000] {2, -100, 2}. Sell at 111.03 (42504924). [94, -10405.82].
[42521000] {1, 100, 1}.   Buy at 111.05 (42520963). [95, -10516.87].
[42529000] {3, 100, 3}.   Buy at 111.05 (42528991). [96, -10627.92].
[42534000] {1, -100, 1}. Sell at 111.04 (42533975). [95, -10516.88].
[42559000] {3, 100, 3}.   Buy at 111.06 (42558978). [96, -10627.94].
[42578000] {4, 100, 4}.   Buy at 111.08 (42577967). [97, -10739.02].
[42607000] {3, -100, 3}. Sell at 111.06 (42606972). [96, -10627.96].
[42610000] {2, -200, 2}. Sell at 111.07 (42609954). [95, -10516.89].
[42616000] {1, -100, 1}. Sell at 111.05 (42615995). [94, -10405.84].
[42627000] {2, 100, 2}.   Buy at 111.07 (42626998). [95, -10516.91].
[42671000] {4, 100, 4}.   Buy at 111.12 (42670989). [96, -10628.03].
[42688000] {3, 100, 3}.   Buy at 111.14 (42687997). [97, -10739.17].
[42691000] {2, 100, 2}.   Buy at 111.14 (42690873). [98, -10850.31].
[42692000] {2, -100, 2}. Sell at 111.11 (42691958). [97, -10739.20].
[42693000] {2, 400, 2}.   Buy at 111.16 (42692983). [98, -10850.36].
[42694000] {2, -100, 2}. Sell at 111.14 (42693860). [97, -10739.22].
[42699000] {3, -100, 3}. Sell at 111.13 (42698989). [96, -10628.09].
[42705000] {3, 100, 3}.   Buy at 111.15 (42704922). [97, -10739.24].
[42708000] {3, 100, 3}.   Buy at 111.17 (42707967). [98, -10850.41].
[42713000] {2, -100, 2}. Sell at 111.14 (42712971). [97, -10739.27].
[42736000] {4, 100, 4}.   Buy at 111.17 (42735957). [98, -10850.44].
[42740000] {4, -100, 4}. Sell at 111.16 (42739990). [97, -10739.28].
[42743000] {3, -200, 3}. Sell at 111.14 (42742966). [96, -10628.14].
[42745000] {3, 100, 3}.   Buy at 111.17 (42744944). [97, -10739.31].
[42748000] {3, 100, 3}.   Buy at 111.18 (42747967). [98, -10850.49].
[42752000] {2, -100, 2}. Sell at 111.15 (42751970). [97, -10739.34].
[42969000] {3, -100, 3}. Sell at 111.21 (42968967). [96, -10628.13].
[42981000] {2, -200, 2}. Sell at 111.18 (42980991). [95, -10516.95].
[43038000] {2, 200, 2}.   Buy at 111.19 (43037990). [96, -10628.14].
[43065000] {3, 100, 3}.   Buy at 111.21 (43064951). [97, -10739.35].
[43101000] {2, -100, 2}. Sell at 111.18 (43100991). [96, -10628.17].
[43104000] {3, 100, 3}.   Buy at 111.21 (43103927). [97, -10739.38].
[43136000] {1, 100, 1}.   Buy at 111.26 (43135963). [98, -10850.64].
[43140000] {1, -100, 1}. Sell at 111.23 (43139976). [97, -10739.41].
[43155000] {2, 100, 2}.   Buy at 111.27 (43154971). [98, -10850.68].
[43158000] {2, 100, 2}.   Buy at 111.27 (43157988). [99, -10961.95].
[43237000] {3, -100, 3}. Sell at 111.25 (43236997). [98, -10850.70].
[43238000] {3, -200, 3}. Sell at 111.23 (43237966). [97, -10739.47].
[43248000] {2, -100, 2}. Sell at 111.22 (43247966). [96, -10628.25].
[43251000] {2, -100, 2}. Sell at 111.21 (43250960). [95, -10517.04].
[43279000] {2, -200, 2}. Sell at 111.19 (43278958). [94, -10405.85].
[43282000] {3, -100, 3}. Sell at 111.19 (43281957). [93, -10294.66].
[43322000] {3, 100, 3}.   Buy at 111.21 (43321976). [94, -10405.87].
[43325000] {3, 100, 3}.   Buy at 111.23 (43324996). [95, -10517.10].
[43330000] {4, 100, 4}.   Buy at 111.24 (43329939). [96, -10628.34].
[43340000] {2, 100, 2}.   Buy at 111.25 (43339927). [97, -10739.59].
[43362000] {3, 100, 3}.   Buy at 111.24 (43361914). [98, -10850.83].
[43416000] {3, 100, 3}.   Buy at 111.26 (43415915). [99, -10962.09].
[43500000] {3, 100, 3}.   Buy at 111.30 (43499946). [100, -11073.39].
[43510000] {3, -100, 3}. Sell at 111.26 (43509960). [99, -10962.13].
[43531000] {3, 100, 3}.   Buy at 111.28 (43530929). [100, -11073.41].
[43534000] {4, 100, 4}.   Buy at 111.30 (43533988). [101, -11184.71].
[43571000] {2, 200, 2}.   Buy at 111.33 (43570990). [102, -11296.04].
[43578000] {1, -100, 1}. Sell at 111.31 (43577874). [101, -11184.73].
[43581000] {1, 100, 1}.   Buy at 111.34 (43580972). [102, -11296.07].
[43595000] {2, 200, 2}.   Buy at 111.34 (43594983). [103, -11407.41].
[43596000] {2, -100, 2}. Sell at 111.32 (43595816). [102, -11296.09].
[43608000] {2, -100, 2}. Sell at 111.30 (43607972). [101, -11184.79].
[43629000] {3, -100, 3}. Sell at 111.30 (43628683). [100, -11073.49].
[43636000] {2, 100, 2}.   Buy at 111.34 (43635972). [101, -11184.83].
[43642000] {3, 100, 3}.   Buy at 111.32 (43641998). [102, -11296.15].
[43666000] {1, -100, 1}. Sell at 111.32 (43665935). [101, -11184.83].
[43704000] {3, 100, 3}.   Buy at 111.40 (43703974). [102, -11296.23].
[43708000] {2, -100, 2}. Sell at 111.37 (43707977). [101, -11184.86].
[43713000] {3, 100, 3}.   Buy at 111.39 (43713000). [102, -11296.25].
[43724000] {2, -100, 2}. Sell at 111.37 (43723984). [101, -11184.88].
[43730000] {3, 100, 3}.   Buy at 111.40 (43730000). [102, -11296.28].
[43734000] {2, 100, 2}.   Buy at 111.40 (43733960). [103, -11407.68].
[43750000] {3, 100, 3}.   Buy at 111.39 (43749950). [104, -11519.07].
[43790000] {1, -100, 1}. Sell at 111.37 (43789989). [103, -11407.70].
[43795000] {1, -100, 1}. Sell at 111.36 (43794937). [102, -11296.34].
[43800000] {2, -100, 2}. Sell at 111.35 (43799910). [101, -11184.99].
[43852000] {2, 100, 2}.   Buy at 111.36 (43851989). [102, -11296.35].
[43854000] {1, -100, 1}. Sell at 111.34 (43853943). [101, -11185.01].
[43914000] {2, -100, 2}. Sell at 111.33 (43913978). [100, -11073.68].
[43963000] {2, -100, 2}. Sell at 111.29 (43962488). [99, -10962.39].
[43981000] {2, -100, 2}. Sell at 111.26 (43980877). [98, -10851.13].
[44026000] {2, -100, 2}. Sell at 111.25 (44025980). [97, -10739.88].
[44037000] {3, 200, 3}.   Buy at 111.29 (44036980). [98, -10851.17].
[44042000] {3, 100, 3}.   Buy at 111.31 (44041941). [99, -10962.48].
[44043000] {3, -100, 3}. Sell at 111.28 (44042980). [98, -10851.20].
[44056000] {3, 100, 3}.   Buy at 111.30 (44055870). [99, -10962.50].
[44066000] {2, 300, 2}.   Buy at 111.36 (44065990). [100, -11073.86].
[44068000] {2, -100, 2}. Sell at 111.33 (44067967). [99, -10962.53].
[44088000] {3, 100, 3}.   Buy at 111.37 (44087981). [100, -11073.90].
[44089000] {3, -100, 3}. Sell at 111.34 (44088983). [99, -10962.56].
[44095000] {3, 100, 3}.   Buy at 111.37 (44094998). [100, -11073.93].
[44101000] {2, -100, 2}. Sell at 111.37 (44100977). [99, -10962.56].
[44128000] {2, -100, 2}. Sell at 111.36 (44127966). [98, -10851.20].
[44134000] {2, -100, 2}. Sell at 111.36 (44133652). [97, -10739.84].
[44149000] {3, -200, 3}. Sell at 111.34 (44148991). [96, -10628.50].
[44150000] {3, 200, 3}.   Buy at 111.37 (44149997). [97, -10739.87].
[44153000] {2, -200, 2}. Sell at 111.34 (44152984). [96, -10628.53].
[44178000] {3, -200, 3}. Sell at 111.33 (44177966). [95, -10517.20].
[44224000] {2, -100, 2}. Sell at 111.31 (44223963). [94, -10405.89].
[44231000] {3, -100, 3}. Sell at 111.29 (44230985). [93, -10294.60].
[44245000] {2, 100, 2}.   Buy at 111.32 (44244978). [94, -10405.92].
[44246000] {2, -100, 2}. Sell at 111.29 (44245932). [93, -10294.63].
[44260000] {3, -100, 3}. Sell at 111.29 (44259979). [92, -10183.34].
[44286000] {2, -100, 2}. Sell at 111.28 (44285979). [91, -10072.06].
[44302000] {3, -100, 3}. Sell at 111.29 (44301942). [90, -9960.77].
[44309000] {3, 100, 3}.   Buy at 111.29 (44308792). [91, -10072.06].
[44315000] {3, 100, 3}.   Buy at 111.29 (44314865). [92, -10183.35].
[44325000] {3, -100, 3}. Sell at 111.27 (44324939). [91, -10072.08].
[44345000] {3, 100, 3}.   Buy at 111.28 (44344987). [92, -10183.36].
[44349000] {3, 100, 3}.   Buy at 111.29 (44348974). [93, -10294.65].
[44394000] {2, 100, 2}.   Buy at 111.31 (44393923). [94, -10405.96].
[44396000] {2, -100, 2}. Sell at 111.28 (44395770). [93, -10294.68].
[44400000] {3, 100, 3}.   Buy at 111.30 (44399999). [94, -10405.98].
[44497000] {3, 100, 3}.   Buy at 111.28 (44496982). [95, -10517.26].
[44523000] {2, 100, 2}.   Buy at 111.28 (44522986). [96, -10628.54].
[44582000] {3, 100, 3}.   Buy at 111.27 (44581985). [97, -10739.81].
[44584000] {3, -100, 3}. Sell at 111.26 (44583931). [96, -10628.55].
[44595000] {4, 100, 4}.   Buy at 111.28 (44594981). [97, -10739.83].
[44603000] {3, 100, 3}.   Buy at 111.27 (44602966). [98, -10851.10].
[44623000] {2, -100, 2}. Sell at 111.25 (44622966). [97, -10739.85].
[44634000] {3, 100, 3}.   Buy at 111.25 (44633995). [98, -10851.10].
[44751000] {2, 100, 2}.   Buy at 111.28 (44750998). [99, -10962.38].
[44771000] {2, -100, 2}. Sell at 111.28 (44770651). [98, -10851.10].
[44783000] {1, -100, 1}. Sell at 111.28 (44782966). [97, -10739.82].
[44786000] {2, 100, 2}.   Buy at 111.31 (44785935). [98, -10851.13].
[44791000] {1, -100, 1}. Sell at 111.28 (44790909). [97, -10739.85].
[44806000] {3, 100, 3}.   Buy at 111.30 (44805965). [98, -10851.15].
[44813000] {2, 100, 2}.   Buy at 111.31 (44812999). [99, -10962.46].
[44817000] {2, 100, 2}.   Buy at 111.31 (44816995). [100, -11073.77].
[44821000] {2, 100, 2}.   Buy at 111.31 (44820732). [101, -11185.08].
[44829000] {1, -100, 1}. Sell at 111.29 (44828963). [100, -11073.79].
[44866000] {3, 100, 3}.   Buy at 111.33 (44865989). [101, -11185.12].
[44872000] {3, 300, 3}.   Buy at 111.35 (44871953). [102, -11296.47].
[44874000] {3, 100, 3}.   Buy at 111.36 (44873987). [103, -11407.83].
[44875000] {3, 100, 3}.   Buy at 111.37 (44874992). [104, -11519.20].
[44889000] {2, 100, 2}.   Buy at 111.40 (44888993). [105, -11630.60].
[44890000] {2, -200, 2}. Sell at 111.37 (44889985). [104, -11519.23].
[44902000] {2, -100, 2}. Sell at 111.37 (44901999). [103, -11407.86].
[44934000] {1, -100, 1}. Sell at 111.37 (44933986). [102, -11296.49].
[44941000] {2, 100, 2}.   Buy at 111.40 (44940957). [103, -11407.89].
[44954000] {1, -100, 1}. Sell at 111.36 (44954000). [102, -11296.53].
[45015000] {3, 100, 3}.   Buy at 111.40 (45014979). [103, -11407.93].
[45050000] {3, 100, 3}.   Buy at 111.40 (45049999). [104, -11519.33].
[45051000] {3, 100, 3}.   Buy at 111.41 (45050998). [105, -11630.74].
[45125000] {2, 100, 2}.   Buy at 111.43 (45124994). [106, -11742.17].
[45138000] {2, 100, 2}.   Buy at 111.44 (45137990). [107, -11853.61].
[45193000] {3, -100, 3}. Sell at 111.41 (45192967). [106, -11742.20].
[45215000] {3, 100, 3}.   Buy at 111.44 (45214975). [107, -11853.64].
[45242000] {1, 200, 1}.   Buy at 111.47 (45241965). [108, -11965.11].
[45303000] {3, 100, 3}.   Buy at 111.48 (45302967). [109, -12076.59].
[45383000] {2, 100, 2}.   Buy at 111.48 (45382966). [110, -12188.07].
[45389000] {2, -100, 2}. Sell at 111.50 (45388988). [109, -12076.57].
[45397000] {3, -100, 3}. Sell at 111.49 (45396951). [108, -11965.08].
[45413000] {2, -100, 2}. Sell at 111.46 (45412999). [107, -11853.62].
[45417000] {2, -100, 2}. Sell at 111.45 (45416961). [106, -11742.17].
[45444000] {2, 100, 2}.   Buy at 111.48 (45443944). [107, -11853.65].
[45455000] {3, 100, 3}.   Buy at 111.49 (45454998). [108, -11965.14].
[45483000] {4, 100, 4}.   Buy at 111.50 (45482999). [109, -12076.64].
[45513000] {3, 100, 3}.   Buy at 111.50 (45512967). [110, -12188.14].
[45533000] {3, 100, 3}.   Buy at 111.51 (45532967). [111, -12299.65].
[45609000] {2, 200, 2}.   Buy at 111.60 (45609000). [112, -12411.25].
[45616000] {3, 100, 3}.   Buy at 111.61 (45615872). [113, -12522.86].
[45621000] {2, -100, 2}. Sell at 111.59 (45620982). [112, -12411.27].
[45622000] {2, -200, 2}. Sell at 111.57 (45621953). [111, -12299.70].
[45626000] {1, -100, 1}. Sell at 111.55 (45625987). [110, -12188.15].
[45627000] {1, -100, 1}. Sell at 111.54 (45626913). [109, -12076.61].
[45629000] {2, 100, 2}.   Buy at 111.56 (45628964). [110, -12188.17].
[45644000] {1, 100, 1}.   Buy at 111.55 (45643970). [111, -12299.72].
[45655000] {3, 100, 3}.   Buy at 111.56 (45654986). [112, -12411.28].
[45688000] {3, -100, 3}. Sell at 111.47 (45687966). [111, -12299.81].
[45698000] {4, 200, 4}.   Buy at 111.51 (45697993). [112, -12411.32].
[45734000] {1, -100, 1}. Sell at 111.46 (45733936). [111, -12299.86].
[45745000] {2, -100, 2}. Sell at 111.45 (45744786). [110, -12188.41].
[45804000] {4, 100, 4}.   Buy at 111.49 (45804000). [111, -12299.90].
[45896000] {2, 100, 2}.   Buy at 111.49 (45895969). [112, -12411.39].
[46016000] {4, 100, 4}.   Buy at 111.53 (46015983). [113, -12522.92].
[46021000] {4, 100, 4}.   Buy at 111.54 (46020996). [114, -12634.46].
[46026000] {3, 100, 3}.   Buy at 111.55 (46025984). [115, -12746.01].
[46081000] {4, 100, 4}.   Buy at 111.58 (46080940). [116, -12857.59].
[46097000] {4, 100, 4}.   Buy at 111.59 (46096995). [117, -12969.18].
[46130000] {4, 100, 4}.   Buy at 111.60 (46129852). [118, -13080.78].
[46139000] {4, 200, 4}.   Buy at 111.62 (46138970). [119, -13192.40].
[46150000] {2, 200, 2}.   Buy at 111.65 (46149971). [120, -13304.05].
[46151000] {2, 100, 2}.   Buy at 111.66 (46150996). [121, -13415.71].
[46180000] {4, -100, 4}. Sell at 111.65 (46179996). [120, -13304.06].
[46182000] {3, 100, 3}.   Buy at 111.67 (46181972). [121, -13415.73].
[46207000] {4, -100, 4}. Sell at 111.66 (46206992). [120, -13304.07].
[46218000] {2, -100, 2}. Sell at 111.64 (46217967). [119, -13192.43].
[46222000] {1, -100, 1}. Sell at 111.63 (46221972). [118, -13080.80].
[46228000] {3, 100, 3}.   Buy at 111.64 (46227998). [119, -13192.44].
[46246000] {1, -100, 1}. Sell at 111.59 (46245952). [118, -13080.85].
[46299000] {4, 100, 4}.   Buy at 111.63 (46298946). [119, -13192.48].
[46348000] {3, 200, 3}.   Buy at 111.62 (46347967). [120, -13304.10].
[46516000] {3, 100, 3}.   Buy at 111.67 (46515976). [121, -13415.77].
[46517000] {3, 100, 3}.   Buy at 111.68 (46516976). [122, -13527.45].
[46578000] {2, 100, 2}.   Buy at 111.70 (46577979). [123, -13639.15].
[46620000] {2, -100, 2}. Sell at 111.69 (46619921). [122, -13527.46].
[46621000] {2, -200, 2}. Sell at 111.67 (46620996). [121, -13415.79].
[46633000] {2, -100, 2}. Sell at 111.62 (46632967). [120, -13304.17].
[46635000] {3, -100, 3}. Sell at 111.60 (46634999). [119, -13192.57].
[46651000] {3, 100, 3}.   Buy at 111.65 (46650890). [120, -13304.22].
[46657000] {3, 200, 3}.   Buy at 111.67 (46656980). [121, -13415.89].
[46659000] {3, -200, 3}. Sell at 111.63 (46658992). [120, -13304.26].
[46670000] {3, -100, 3}. Sell at 111.62 (46669407). [119, -13192.64].
[46687000] {3, -200, 3}. Sell at 111.60 (46686969). [118, -13081.04].
[46697000] {4, 100, 4}.   Buy at 111.64 (46696957). [119, -13192.68].
[46698000] {4, 100, 4}.   Buy at 111.64 (46697967). [120, -13304.32].
[46705000] {3, 200, 3}.   Buy at 111.66 (46704989). [121, -13415.98].
[46725000] {2, 100, 2}.   Buy at 111.66 (46724927). [122, -13527.64].
[46736000] {2, -100, 2}. Sell at 111.63 (46735752). [121, -13416.01].
[46737000] {2, -200, 2}. Sell at 111.61 (46736779). [120, -13304.40].
[46754000] {2, -100, 2}. Sell at 111.63 (46753900). [119, -13192.77].
[46772000] {2, -100, 2}. Sell at 111.61 (46771982). [118, -13081.16].
[46777000] {2, -100, 2}. Sell at 111.60 (46776928). [117, -12969.56].
[46783000] {2, -100, 2}. Sell at 111.61 (46782966). [116, -12857.95].
[46787000] {1, -100, 1}. Sell at 111.60 (46786980). [115, -12746.35].
[46844000] {2, -100, 2}. Sell at 111.56 (46843996). [114, -12634.79].
[46846000] {2, 100, 2}.   Buy at 111.58 (46845987). [115, -12746.37].
[46850000] {2, 100, 2}.   Buy at 111.61 (46849980). [116, -12857.98].
[46899000] {1, -100, 1}. Sell at 111.54 (46898995). [115, -12746.44].
[46954000] {3, -100, 3}. Sell at 111.51 (46953954). [114, -12634.93].
[46955000] {3, 100, 3}.   Buy at 111.54 (46954992). [115, -12746.47].
[46957000] {1, 100, 1}.   Buy at 111.54 (46956784). [116, -12858.01].
[46975000] {2, 100, 2}.   Buy at 111.52 (46974931). [117, -12969.53].
[46986000] {2, -100, 2}. Sell at 111.49 (46986000). [116, -12858.04].
[47014000] {4, 100, 4}.   Buy at 111.48 (47013932). [117, -12969.52].
[47040000] {3, 100, 3}.   Buy at 111.51 (47039985). [118, -13081.03].
[47043000] {3, 100, 3}.   Buy at 111.52 (47042986). [119, -13192.55].
[47109000] {2, 100, 2}.   Buy at 111.52 (47108986). [120, -13304.07].
[47162000] {2, 200, 2}.   Buy at 111.52 (47161953). [121, -13415.59].
[47169000] {2, 100, 2}.   Buy at 111.51 (47168981). [122, -13527.10].
[47225000] {2, -100, 2}. Sell at 111.48 (47224741). [121, -13415.62].
[47238000] {2, 100, 2}.   Buy at 111.50 (47237980). [122, -13527.12].
[47246000] {2, -100, 2}. Sell at 111.48 (47245944). [121, -13415.64].
[47424000] {2, 100, 2}.   Buy at 111.49 (47423965). [122, -13527.13].
[47428000] {3, 100, 3}.   Buy at 111.51 (47427989). [123, -13638.64].
[47429000] {3, -100, 3}. Sell at 111.48 (47428989). [122, -13527.16].
[47430000] {3, 100, 3}.   Buy at 111.50 (47429999). [123, -13638.66].
[47490000] {3, 100, 3}.   Buy at 111.51 (47489990). [124, -13750.17].
[47497000] {3, 100, 3}.   Buy at 111.53 (47497000). [125, -13861.70].
[47518000] {2, 100, 2}.   Buy at 111.53 (47517966). [126, -13973.23].
[47597000] {1, -100, 1}. Sell at 111.47 (47596997). [125, -13861.76].
[47633000] {2, -100, 2}. Sell at 111.46 (47632962). [124, -13750.30].
[47636000] {3, -100, 3}. Sell at 111.46 (47635731). [123, -13638.84].
[47637000] {3, 100, 3}.   Buy at 111.49 (47636705). [124, -13750.33].
[47642000] {1, -100, 1}. Sell at 111.46 (47641896). [123, -13638.87].
[47652000] {3, 100, 3}.   Buy at 111.48 (47651983). [124, -13750.35].
[47710000] {2, 100, 2}.   Buy at 111.47 (47709955). [125, -13861.82].
[47711000] {2, 100, 2}.   Buy at 111.48 (47710993). [126, -13973.30].
[47728000] {3, 100, 3}.   Buy at 111.50 (47727993). [127, -14084.80].
[47733000] {2, -100, 2}. Sell at 111.47 (47732994). [126, -13973.33].
[47749000] {2, -100, 2}. Sell at 111.46 (47748972). [125, -13861.87].
[47794000] {2, 100, 2}.   Buy at 111.48 (47793934). [126, -13973.35].
[47796000] {2, 100, 2}.   Buy at 111.50 (47795986). [127, -14084.85].
[47803000] {3, -100, 3}. Sell at 111.46 (47802967). [126, -13973.39].
[47827000] {2, -100, 2}. Sell at 111.45 (47826998). [125, -13861.94].
[47831000] {3, -100, 3}. Sell at 111.43 (47830997). [124, -13750.51].
[47855000] {2, -100, 2}. Sell at 111.44 (47854925). [123, -13639.07].
[47880000] {3, 100, 3}.   Buy at 111.46 (47879988). [124, -13750.53].
[47883000] {4, 100, 4}.   Buy at 111.46 (47882995). [125, -13861.99].
[47884000] {4, 100, 4}.   Buy at 111.47 (47883995). [126, -13973.46].
[47886000] {3, -100, 3}. Sell at 111.45 (47885893). [125, -13862.01].
[47902000] {3, -100, 3}. Sell at 111.42 (47901934). [124, -13750.59].
[47935000] {3, -100, 3}. Sell at 111.38 (47934966). [123, -13639.21].
[47941000] {2, -100, 2}. Sell at 111.36 (47940945). [122, -13527.85].
[47946000] {3, -200, 3}. Sell at 111.34 (47945967). [121, -13416.51].
[48000000] {3, 300, 3}.   Buy at 111.38 (47999925). [122, -13527.89].
[48021000] {4, -100, 4}. Sell at 111.36 (48020996). [121, -13416.53].
[48044000] {2, -200, 2}. Sell at 111.36 (48043932). [120, -13305.17].
[48097000] {1, -100, 1}. Sell at 111.36 (48096983). [119, -13193.81].
[48146000] {2, 100, 2}.   Buy at 111.38 (48145899). [120, -13305.19].
[48147000] {2, -100, 2}. Sell at 111.36 (48146995). [119, -13193.83].
[48172000] {2, -100, 2}. Sell at 111.36 (48171957). [118, -13082.47].
[48197000] {2, 200, 2}.   Buy at 111.39 (48197000). [119, -13193.86].
[48198000] {2, -100, 2}. Sell at 111.37 (48197987). [118, -13082.49].
[48230000] {2, 100, 2}.   Buy at 111.38 (48229878). [119, -13193.87].
[48264000] {1, -100, 1}. Sell at 111.36 (48263736). [118, -13082.51].
[48294000] {2, 200, 2}.   Buy at 111.39 (48293936). [119, -13193.90].
[48297000] {3, 100, 3}.   Buy at 111.40 (48296975). [120, -13305.30].
[48307000] {2, -100, 2}. Sell at 111.38 (48306995). [119, -13193.92].
[48308000] {2, -100, 2}. Sell at 111.37 (48307981). [118, -13082.55].
[48314000] {1, -100, 1}. Sell at 111.37 (48313390). [117, -12971.18].
[48347000] {2, 100, 2}.   Buy at 111.38 (48346436). [118, -13082.56].
[48390000] {2, 100, 2}.   Buy at 111.39 (48389889). [119, -13193.95].
[48391000] {2, -100, 2}. Sell at 111.37 (48390996). [118, -13082.58].
[48426000] {2, -100, 2}. Sell at 111.34 (48425687). [117, -12971.24].
[48440000] {1, 100, 1}.   Buy at 111.36 (48439636). [118, -13082.60].
[48469000] {3, 100, 3}.   Buy at 111.36 (48468842). [119, -13193.96].
[48475000] {3, 100, 3}.   Buy at 111.36 (48474854). [120, -13305.32].
[48541000] {2, -100, 2}. Sell at 111.37 (48540799). [119, -13193.95].
[48543000] {3, 100, 3}.   Buy at 111.39 (48543000). [120, -13305.34].
[48602000] {2, -100, 2}. Sell at 111.37 (48601997). [119, -13193.97].
[48640000] {1, 100, 1}.   Buy at 111.38 (48639919). [120, -13305.35].
[48653000] {4, 100, 4}.   Buy at 111.35 (48652981). [121, -13416.70].
[48656000] {3, -100, 3}. Sell at 111.32 (48655953). [120, -13305.38].
[48667000] {3, 100, 3}.   Buy at 111.34 (48666963). [121, -13416.72].
[48700000] {1, -100, 1}. Sell at 111.31 (48699957). [120, -13305.41].
[48703000] {2, 100, 2}.   Buy at 111.33 (48702967). [121, -13416.74].
[48724000] {2, -100, 2}. Sell at 111.32 (48723730). [120, -13305.42].
[48779000] {2, -100, 2}. Sell at 111.30 (48778997). [119, -13194.12].
[48783000] {3, -100, 3}. Sell at 111.29 (48783000). [118, -13082.83].
[48809000] {2, -100, 2}. Sell at 111.29 (48808656). [117, -12971.54].
[48842000] {1, -100, 1}. Sell at 111.29 (48841814). [116, -12860.25].
[48870000] {3, -100, 3}. Sell at 111.26 (48869999). [115, -12748.99].
[48879000] {3, 100, 3}.   Buy at 111.28 (48878986). [116, -12860.27].
[48892000] {3, 100, 3}.   Buy at 111.28 (48891975). [117, -12971.55].
[48964000] {3, -100, 3}. Sell at 111.26 (48963922). [116, -12860.29].
[49098000] {1, -100, 1}. Sell at 111.26 (49097997). [115, -12749.03].
[49131000] {2, 100, 2}.   Buy at 111.28 (49130932). [116, -12860.31].
[49435000] {3, 100, 3}.   Buy at 111.27 (49434996). [117, -12971.58].
[49438000] {3, -100, 3}. Sell at 111.25 (49437966). [116, -12860.33].
[49442000] {2, 100, 2}.   Buy at 111.27 (49441875). [117, -12971.60].
[49457000] {2, 100, 2}.   Buy at 111.27 (49456593). [118, -13082.87].
[49458000] {2, -100, 2}. Sell at 111.25 (49457401). [117, -12971.62].
[49460000] {2, 100, 2}.   Buy at 111.27 (49459964). [118, -13082.89].
[49485000] {1, -100, 1}. Sell at 111.25 (49484961). [117, -12971.64].
[49503000] {2, -100, 2}. Sell at 111.26 (49502988). [116, -12860.38].
[49548000] {2, 100, 2}.   Buy at 111.28 (49547904). [117, -12971.66].
[49605000] {1, 100, 1}.   Buy at 111.28 (49604879). [118, -13082.94].
[49687000] {2, -100, 2}. Sell at 111.26 (49686992). [117, -12971.68].
[49700000] {1, -100, 1}. Sell at 111.26 (49699910). [116, -12860.42].
[49703000] {2, 100, 2}.   Buy at 111.28 (49702665). [117, -12971.70].
[49734000] {3, -100, 3}. Sell at 111.25 (49733790). [116, -12860.45].
[49750000] {1, 100, 1}.   Buy at 111.28 (49749767). [117, -12971.73].
[49769000] {2, 100, 2}.   Buy at 111.28 (49768917). [118, -13083.01].
[49889000] {2, 100, 2}.   Buy at 111.28 (49888640). [119, -13194.29].
[49947000] {2, -100, 2}. Sell at 111.26 (49946812). [118, -13083.03].
[49993000] {2, -100, 2}. Sell at 111.26 (49992976). [117, -12971.77].
[49997000] {2, -100, 2}. Sell at 111.25 (49996939). [116, -12860.52].
[50000000] {2, -100, 2}. Sell at 111.24 (49999924). [115, -12749.28].
[50013000] {1, -100, 1}. Sell at 111.23 (50012967). [114, -12638.05].
[50018000] {1, -100, 1}. Sell at 111.22 (50017967). [113, -12526.83].
[50022000] {1, -100, 1}. Sell at 111.22 (50021943). [112, -12415.61].
[50062000] {2, -100, 2}. Sell at 111.21 (50061888). [111, -12304.40].
[50115000] {2, -100, 2}. Sell at 111.21 (50114997). [110, -12193.19].
[50142000] {1, 100, 1}.   Buy at 111.22 (50141943). [111, -12304.41].
[50143000] {1, -100, 1}. Sell at 111.20 (50142967). [110, -12193.21].
[50152000] {2, 100, 2}.   Buy at 111.22 (50151962). [111, -12304.43].
[50168000] {1, -100, 1}. Sell at 111.20 (50167997). [110, -12193.23].
[50180000] {2, 100, 2}.   Buy at 111.20 (50179907). [111, -12304.43].
[50182000] {3, -100, 3}. Sell at 111.18 (50181911). [110, -12193.25].
[50192000] {1, -100, 1}. Sell at 111.19 (50191989). [109, -12082.06].
[50221000] {1, 100, 1}.   Buy at 111.21 (50220992). [110, -12193.27].
[50232000] {1, -100, 1}. Sell at 111.19 (50231786). [109, -12082.08].
[50260000] {2, 100, 2}.   Buy at 111.22 (50259997). [110, -12193.30].
[50275000] {2, -100, 2}. Sell at 111.20 (50274957). [109, -12082.10].
[50303000] {1, 100, 1}.   Buy at 111.21 (50302989). [110, -12193.31].
[50316000] {1, -100, 1}. Sell at 111.19 (50315636). [109, -12082.12].
[50333000] {2, 200, 2}.   Buy at 111.22 (50332967). [110, -12193.34].
[50344000] {2, -100, 2}. Sell at 111.20 (50343962). [109, -12082.14].
[50346000] {3, 100, 3}.   Buy at 111.22 (50345978). [110, -12193.36].
[50348000] {2, -100, 2}. Sell at 111.20 (50347998). [109, -12082.16].
[50350000] {1, 100, 1}.   Buy at 111.22 (50349842). [110, -12193.38].
[50411000] {2, 100, 2}.   Buy at 111.22 (50410950). [111, -12304.60].
[50425000] {2, 100, 2}.   Buy at 111.24 (50424936). [112, -12415.84].
[50436000] {2, -100, 2}. Sell at 111.21 (50435834). [111, -12304.63].
[50446000] {2, 100, 2}.   Buy at 111.23 (50445946). [112, -12415.86].
[50486000] {1, 100, 1}.   Buy at 111.25 (50485862). [113, -12527.11].
[50487000] {1, -100, 1}. Sell at 111.23 (50486944). [112, -12415.88].
[50502000] {1, 100, 1}.   Buy at 111.25 (50501994). [113, -12527.13].
[50506000] {1, -100, 1}. Sell at 111.23 (50505739). [112, -12415.90].
[50531000] {1, 100, 1}.   Buy at 111.25 (50530932). [113, -12527.15].
[50538000] {1, -100, 1}. Sell at 111.23 (50537861). [112, -12415.92].
[50558000] {1, 100, 1}.   Buy at 111.25 (50557732). [113, -12527.17].
[50560000] {1, -100, 1}. Sell at 111.23 (50559646). [112, -12415.94].
[50627000] {3, 100, 3}.   Buy at 111.25 (50626985). [113, -12527.19].
[50689000] {2, -100, 2}. Sell at 111.22 (50688933). [112, -12415.97].
[50695000] {2, 100, 2}.   Buy at 111.24 (50694957). [113, -12527.21].
[50742000] {1, 100, 1}.   Buy at 111.25 (50741939). [114, -12638.46].
[50743000] {1, 100, 1}.   Buy at 111.26 (50742967). [115, -12749.72].
[50756000] {3, 100, 3}.   Buy at 111.25 (50755995). [116, -12860.97].
[50772000] {3, 100, 3}.   Buy at 111.25 (50771991). [117, -12972.22].
[50807000] {3, -200, 3}. Sell at 111.23 (50806996). [116, -12860.99].
[50828000] {1, -100, 1}. Sell at 111.20 (50827967). [115, -12749.79].
[50830000] {1, 100, 1}.   Buy at 111.22 (50829854). [116, -12861.01].
[50884000] {2, 100, 2}.   Buy at 111.23 (50883932). [117, -12972.24].
[50895000] {3, 100, 3}.   Buy at 111.24 (50894958). [118, -13083.48].
[50942000] {2, -100, 2}. Sell at 111.22 (50941581). [117, -12972.26].
[51015000] {3, 100, 3}.   Buy at 111.25 (51014998). [118, -13083.51].
[51017000] {2, 100, 2}.   Buy at 111.26 (51016903). [119, -13194.77].
[51041000] {2, -100, 2}. Sell at 111.24 (51040975). [118, -13083.53].
[51062000] {2, -100, 2}. Sell at 111.22 (51061950). [117, -12972.31].
[51073000] {3, 100, 3}.   Buy at 111.24 (51072988). [118, -13083.55].
[51074000] {3, 100, 3}.   Buy at 111.24 (51073994). [119, -13194.79].
[51075000] {3, -100, 3}. Sell at 111.22 (51075000). [118, -13083.57].
[51093000] {3, 100, 3}.   Buy at 111.25 (51092992). [119, -13194.82].
[51120000] {3, 200, 3}.   Buy at 111.26 (51119963). [120, -13306.08].
[51201000] {2, 100, 2}.   Buy at 111.27 (51200996). [121, -13417.35].
[51300000] {2, -100, 2}. Sell at 111.25 (51299978). [120, -13306.10].
[51310000] {2, 100, 2}.   Buy at 111.26 (51309919). [121, -13417.36].
[51396000] {1, -100, 1}. Sell at 111.23 (51395931). [120, -13306.13].
[51404000] {1, -100, 1}. Sell at 111.22 (51403975). [119, -13194.91].
[51406000] {2, 100, 2}.   Buy at 111.24 (51405998). [120, -13306.15].
[51431000] {2, -100, 2}. Sell at 111.21 (51430996). [119, -13194.94].
[51439000] {1, -100, 1}. Sell at 111.19 (51438995). [118, -13083.75].
[51443000] {2, -100, 2}. Sell at 111.18 (51442967). [117, -12972.57].
[51459000] {1, 100, 1}.   Buy at 111.20 (51458828). [118, -13083.77].
[51487000] {1, 100, 1}.   Buy at 111.21 (51486942). [119, -13194.98].
[51496000] {1, 100, 1}.   Buy at 111.22 (51495989). [120, -13306.20].
[51510000] {2, 100, 2}.   Buy at 111.21 (51509857). [121, -13417.41].
[51537000] {2, 100, 2}.   Buy at 111.23 (51536942). [122, -13528.64].
[51558000] {3, 100, 3}.   Buy at 111.25 (51557976). [123, -13639.89].
[51579000] {3, 100, 3}.   Buy at 111.25 (51578876). [124, -13751.14].
[51590000] {2, -200, 2}. Sell at 111.22 (51589853). [123, -13639.92].
[51600000] {1, 100, 1}.   Buy at 111.24 (51599731). [124, -13751.16].
[51601000] {1, -100, 1}. Sell at 111.22 (51600670). [123, -13639.94].
[51636000] {2, -100, 2}. Sell at 111.19 (51635984). [122, -13528.75].
[51654000] {2, 100, 2}.   Buy at 111.22 (51653992). [123, -13639.97].
[51655000] {2, -100, 2}. Sell at 111.20 (51654944). [122, -13528.77].
[51664000] {3, 100, 3}.   Buy at 111.22 (51663988). [123, -13639.99].
[51666000] {3, -100, 3}. Sell at 111.20 (51665875). [122, -13528.79].
[51670000] {3, -100, 3}. Sell at 111.19 (51669974). [121, -13417.60].
[51687000] {3, 100, 3}.   Buy at 111.21 (51686945). [122, -13528.81].
[51690000] {3, -100, 3}. Sell at 111.19 (51689932). [121, -13417.62].
[51691000] {3, 100, 3}.   Buy at 111.21 (51690849). [122, -13528.83].
[51692000] {3, -100, 3}. Sell at 111.19 (51691658). [121, -13417.64].
[51694000] {3, 100, 3}.   Buy at 111.21 (51693919). [122, -13528.85].
[51703000] {2, -100, 2}. Sell at 111.18 (51702967). [121, -13417.67].
[51726000] {2, 100, 2}.   Buy at 111.20 (51725984). [122, -13528.87].
[51747000] {2, 100, 2}.   Buy at 111.18 (51746925). [123, -13640.05].
[51748000] {2, -100, 2}. Sell at 111.16 (51747968). [122, -13528.89].
[51749000] {2, -100, 2}. Sell at 111.15 (51748975). [121, -13417.74].
[51754000] {1, -100, 1}. Sell at 111.14 (51753994). [120, -13306.60].
[51764000] {2, -100, 2}. Sell at 111.12 (51763949). [119, -13195.48].
[51767000] {2, -100, 2}. Sell at 111.11 (51766994). [118, -13084.37].
[51768000] {2, 100, 2}.   Buy at 111.13 (51767985). [119, -13195.50].
[51770000] {2, 100, 2}.   Buy at 111.14 (51769976). [120, -13306.64].
[51776000] {2, 100, 2}.   Buy at 111.14 (51775825). [121, -13417.78].
[51895000] {2, -100, 2}. Sell at 111.17 (51894995). [120, -13306.61].
[51896000] {2, -100, 2}. Sell at 111.16 (51895979). [119, -13195.45].
[51915000] {2, -100, 2}. Sell at 111.15 (51914586). [118, -13084.30].
[51922000] {2, -200, 2}. Sell at 111.13 (51921905). [117, -12973.17].
[51923000] {2, 100, 2}.   Buy at 111.15 (51922968). [118, -13084.32].
[51928000] {2, 100, 2}.   Buy at 111.15 (51927967). [119, -13195.47].
[51951000] {1, 100, 1}.   Buy at 111.14 (51950998). [120, -13306.61].
[51952000] {1, -100, 1}. Sell at 111.12 (51951996). [119, -13195.49].
[51956000] {3, 100, 3}.   Buy at 111.14 (51955951). [120, -13306.63].
[51978000] {3, 100, 3}.   Buy at 111.18 (51977998). [121, -13417.81].
[51997000] {2, 200, 2}.   Buy at 111.20 (51996951). [122, -13529.01].
[52026000] {2, 100, 2}.   Buy at 111.22 (52025952). [123, -13640.23].
[52032000] {2, 100, 2}.   Buy at 111.25 (52031852). [124, -13751.48].
[52055000] {2, 100, 2}.   Buy at 111.26 (52054848). [125, -13862.74].
[52060000] {2, 100, 2}.   Buy at 111.28 (52059986). [126, -13974.02].
[52068000] {3, 100, 3}.   Buy at 111.29 (52067926). [127, -14085.31].
[52095000] {3, -100, 3}. Sell at 111.24 (52094912). [126, -13974.07].
[52096000] {3, -100, 3}. Sell at 111.23 (52095953). [125, -13862.84].
[52109000] {2, 200, 2}.   Buy at 111.26 (52109000). [126, -13974.10].
[52181000] {2, 100, 2}.   Buy at 111.28 (52180975). [127, -14085.38].
[52200000] {2, 100, 2}.   Buy at 111.29 (52199994). [128, -14196.67].
[52201000] {2, -100, 2}. Sell at 111.27 (52200937). [127, -14085.40].
[52218000] {2, 100, 2}.   Buy at 111.31 (52217968). [128, -14196.71].
[52227000] {2, 100, 2}.   Buy at 111.32 (52226998). [129, -14308.03].
[52228000] {2, 100, 2}.   Buy at 111.33 (52227995). [130, -14419.36].
[52243000] {4, 100, 4}.   Buy at 111.36 (52242996). [131, -14530.72].
[52249000] {2, -100, 2}. Sell at 111.34 (52248952). [130, -14419.38].
[52250000] {2, -100, 2}. Sell at 111.33 (52250000). [129, -14308.05].
[52251000] {2, 100, 2}.   Buy at 111.35 (52250995). [130, -14419.40].
[52255000] {3, 100, 3}.   Buy at 111.36 (52254937). [131, -14530.76].
[52275000] {2, -100, 2}. Sell at 111.33 (52274956). [130, -14419.43].
[52299000] {2, -100, 2}. Sell at 111.33 (52298973). [129, -14308.10].
[52301000] {1, -100, 1}. Sell at 111.33 (52300927). [128, -14196.77].
[52315000] {3, 100, 3}.   Buy at 111.36 (52314958). [129, -14308.13].
[52318000] {3, -100, 3}. Sell at 111.34 (52317967). [128, -14196.79].
[52324000] {3, 100, 3}.   Buy at 111.36 (52323984). [129, -14308.15].
[52341000] {2, -100, 2}. Sell at 111.34 (52340918). [128, -14196.81].
[52359000] {2, 100, 2}.   Buy at 111.36 (52358765). [129, -14308.17].
[52370000] {2, -100, 2}. Sell at 111.34 (52369903). [128, -14196.83].
[52393000] {1, -100, 1}. Sell at 111.34 (52392887). [127, -14085.49].
[52428000] {2, 200, 2}.   Buy at 111.37 (52427973). [128, -14196.86].
[52441000] {2, -400, 2}. Sell at 111.32 (52440960). [127, -14085.54].
[52442000] {2, -100, 2}. Sell at 111.31 (52441934). [126, -13974.23].
[52447000] {2, -100, 2}. Sell at 111.31 (52446995). [125, -13862.92].
[52500000] {2, 100, 2}.   Buy at 111.32 (52499938). [126, -13974.24].
[52518000] {3, 200, 3}.   Buy at 111.34 (52517983). [127, -14085.58].
[52556000] {2, 200, 2}.   Buy at 111.36 (52555973). [128, -14196.94].
[52577000] {2, -200, 2}. Sell at 111.34 (52576959). [127, -14085.60].
[52647000] {3, 100, 3}.   Buy at 111.36 (52646787). [128, -14196.96].
[52652000] {3, -100, 3}. Sell at 111.34 (52651937). [127, -14085.62].
[52663000] {1, -100, 1}. Sell at 111.33 (52662967). [126, -13974.29].
[52740000] {3, 100, 3}.   Buy at 111.33 (52739959). [127, -14085.62].
[52804000] {2, 100, 2}.   Buy at 111.30 (52803956). [128, -14196.92].
[52805000] {2, 200, 2}.   Buy at 111.32 (52804949). [129, -14308.24].
[52820000] {3, 100, 3}.   Buy at 111.34 (52819793). [130, -14419.58].
[52842000] {3, 100, 3}.   Buy at 111.35 (52841963). [131, -14530.93].
[52844000] {3, 100, 3}.   Buy at 111.36 (52843909). [132, -14642.29].
[52854000] {2, 100, 2}.   Buy at 111.37 (52853915). [133, -14753.66].
[52895000] {2, -100, 2}. Sell at 111.35 (52894942). [132, -14642.31].
[52922000] {2, -100, 2}. Sell at 111.33 (52921800). [131, -14530.98].
[52932000] {2, -100, 2}. Sell at 111.32 (52931967). [130, -14419.66].
[52944000] {1, -100, 1}. Sell at 111.32 (52943956). [129, -14308.34].
[52968000] {1, -100, 1}. Sell at 111.32 (52967983). [128, -14197.02].
[52982000] {3, -200, 3}. Sell at 111.28 (52981953). [127, -14085.74].
[52989000] {2, -100, 2}. Sell at 111.26 (52988995). [126, -13974.48].
[53000000] {1, -200, 1}. Sell at 111.24 (52999972). [125, -13863.24].
[53012000] {2, -200, 2}. Sell at 111.22 (53011968). [124, -13752.02].
[53031000] {1, -100, 1}. Sell at 111.20 (53030968). [123, -13640.82].
[53034000] {1, -100, 1}. Sell at 111.19 (53033995). [122, -13529.63].
[53039000] {1, -100, 1}. Sell at 111.18 (53038949). [121, -13418.45].
[53070000] {3, 200, 3}.   Buy at 111.16 (53069969). [122, -13529.61].
[53078000] {3, 100, 3}.   Buy at 111.16 (53077968). [123, -13640.77].
[53092000] {3, 100, 3}.   Buy at 111.16 (53091787). [124, -13751.93].
[53124000] {1, -200, 1}. Sell at 111.10 (53123969). [123, -13640.83].
[53132000] {2, -100, 2}. Sell at 111.10 (53131754). [122, -13529.73].
[53149000] {4, 100, 4}.   Buy at 111.12 (53148879). [123, -13640.85].
[53207000] {2, -100, 2}. Sell at 111.10 (53206975). [122, -13529.75].
[53210000] {1, -200, 1}. Sell at 111.08 (53209913). [121, -13418.67].
[53233000] {2, -100, 2}. Sell at 111.07 (53232919). [120, -13307.60].
[53257000] {2, 200, 2}.   Buy at 111.13 (53256870). [121, -13418.73].
[53260000] {3, 100, 3}.   Buy at 111.13 (53259979). [122, -13529.86].
[53266000] {2, 100, 2}.   Buy at 111.15 (53265950). [123, -13641.01].
[53267000] {2, -100, 2}. Sell at 111.13 (53266934). [122, -13529.88].
[53268000] {2, 100, 2}.   Buy at 111.15 (53267967). [123, -13641.03].
[53269000] {2, -100, 2}. Sell at 111.13 (53268849). [122, -13529.90].
[53272000] {2, 100, 2}.   Buy at 111.15 (53271892). [123, -13641.05].
[53275000] {2, -100, 2}. Sell at 111.13 (53274994). [122, -13529.92].
[53294000] {1, 100, 1}.   Buy at 111.18 (53293990). [123, -13641.10].
[53309000] {2, -200, 2}. Sell at 111.17 (53308998). [122, -13529.93].
[53311000] {2, -100, 2}. Sell at 111.16 (53310999). [121, -13418.77].
[53321000] {3, 100, 3}.   Buy at 111.20 (53320950). [122, -13529.97].
[53372000] {3, -100, 3}. Sell at 111.24 (53371999). [121, -13418.73].
[53376000] {2, 100, 2}.   Buy at 111.26 (53375986). [122, -13529.99].
[53398000] {1, -100, 1}. Sell at 111.23 (53397967). [121, -13418.76].
[53402000] {2, -100, 2}. Sell at 111.22 (53401996). [120, -13307.54].
[53403000] {2, -100, 2}. Sell at 111.21 (53402980). [119, -13196.33].
[53406000] {2, -100, 2}. Sell at 111.19 (53405906). [118, -13085.14].
[53428000] {3, 200, 3}.   Buy at 111.24 (53427967). [119, -13196.38].
[53465000] {1, -100, 1}. Sell at 111.20 (53464972). [118, -13085.18].
[53485000] {1, -100, 1}. Sell at 111.17 (53484974). [117, -12974.01].
[53505000] {1, 200, 1}.   Buy at 111.20 (53504876). [118, -13085.21].
[53511000] {3, -100, 3}. Sell at 111.16 (53510998). [117, -12974.05].
[53518000] {2, 100, 2}.   Buy at 111.18 (53517972). [118, -13085.23].
[53551000] {1, -100, 1}. Sell at 111.16 (53550829). [117, -12974.07].
[53571000] {3, -100, 3}. Sell at 111.13 (53570956). [116, -12862.94].
[53572000] {3, 100, 3}.   Buy at 111.16 (53571977). [117, -12974.10].
[53584000] {3, -100, 3}. Sell at 111.11 (53583994). [116, -12862.99].
[53585000] {3, 100, 3}.   Buy at 111.13 (53584892). [117, -12974.12].
[53622000] {2, 200, 2}.   Buy at 111.13 (53621981). [118, -13085.25].
[53633000] {2, 200, 2}.   Buy at 111.19 (53632993). [119, -13196.44].
[53635000] {2, 200, 2}.   Buy at 111.22 (53634961). [120, -13307.66].
[53640000] {2, 100, 2}.   Buy at 111.22 (53639905). [121, -13418.88].
[53644000] {2, 100, 2}.   Buy at 111.23 (53643961). [122, -13530.11].
[53647000] {4, 100, 4}.   Buy at 111.25 (53646833). [123, -13641.36].
[53649000] {4, 100, 4}.   Buy at 111.26 (53648785). [124, -13752.62].
[53654000] {3, 100, 3}.   Buy at 111.27 (53653925). [125, -13863.89].
[53658000] {4, 100, 4}.   Buy at 111.28 (53657967). [126, -13975.17].
[53663000] {4, 100, 4}.   Buy at 111.29 (53662968). [127, -14086.46].
[53666000] {3, -200, 3}. Sell at 111.26 (53665979). [126, -13975.20].
[53710000] {2, 200, 2}.   Buy at 111.30 (53709979). [127, -14086.50].
[53721000] {2, 100, 2}.   Buy at 111.34 (53720973). [128, -14197.84].
[53729000] {2, -100, 2}. Sell at 111.30 (53729000). [127, -14086.54].
[53748000] {3, 100, 3}.   Buy at 111.34 (53747968). [128, -14197.88].
[53762000] {2, -100, 2}. Sell at 111.31 (53761986). [127, -14086.57].
[53769000] {3, -200, 3}. Sell at 111.30 (53768948). [126, -13975.27].
[53770000] {3, 100, 3}.   Buy at 111.33 (53769930). [127, -14086.60].
[53792000] {2, 200, 2}.   Buy at 111.35 (53791989). [128, -14197.95].
[53798000] {2, -200, 2}. Sell at 111.31 (53797999). [127, -14086.64].
[53801000] {3, 100, 3}.   Buy at 111.34 (53800810). [128, -14197.98].
[53805000] {3, 100, 3}.   Buy at 111.34 (53804949). [129, -14309.32].
[53816000] {3, -100, 3}. Sell at 111.31 (53815961). [128, -14198.01].
[53823000] {2, -400, 2}. Sell at 111.25 (53822997). [127, -14086.76].
[53825000] {2, -100, 2}. Sell at 111.24 (53824991). [126, -13975.52].
[53843000] {1, -100, 1}. Sell at 111.23 (53843000). [125, -13864.29].
[53849000] {2, 200, 2}.   Buy at 111.27 (53849000). [126, -13975.56].
[53850000] {2, 200, 2}.   Buy at 111.28 (53849932). [127, -14086.84].
[53858000] {2, 100, 2}.   Buy at 111.28 (53857859). [128, -14198.12].
[53904000] {1, -100, 1}. Sell at 111.30 (53903994). [127, -14086.82].
[53911000] {1, 100, 1}.   Buy at 111.32 (53910984). [128, -14198.14].
[53921000] {1, 100, 1}.   Buy at 111.33 (53920999). [129, -14309.47].
[53929000] {1, 100, 1}.   Buy at 111.32 (53928685). [130, -14420.79].
[53952000] {2, 100, 2}.   Buy at 111.35 (53951841). [131, -14532.14].
[53966000] {1, -200, 1}. Sell at 111.35 (53965988). [130, -14420.79].
[53978000] {2, 100, 2}.   Buy at 111.35 (53977978). [131, -14532.14].
[53983000] {2, -100, 2}. Sell at 111.31 (53982967). [130, -14420.83].
[53987000] {3, 100, 3}.   Buy at 111.33 (53986981). [131, -14532.16].
[53993000] {2, 100, 2}.   Buy at 111.33 (53992967). [132, -14643.49].
[54001000] {3, 200, 3}.   Buy at 111.36 (54000984). [133, -14754.85].
[54006000] {2, -100, 2}. Sell at 111.33 (54005672). [132, -14643.52].
[54008000] {1, -200, 1}. Sell at 111.31 (54007970). [131, -14532.21].
[54013000] {1, 100, 1}.   Buy at 111.34 (54012996). [132, -14643.55].
[54027000] {1, -200, 1}. Sell at 111.32 (54026985). [131, -14532.23].
[54030000] {1, 100, 1}.   Buy at 111.34 (54029942). [132, -14643.57].
[54034000] {3, -200, 3}. Sell at 111.32 (54033994). [131, -14532.25].
[54077000] {1, -100, 1}. Sell at 111.28 (54076966). [130, -14420.97].
[54087000] {2, -100, 2}. Sell at 111.27 (54086871). [129, -14309.70].
[54103000] {2, 100, 2}.   Buy at 111.27 (54102994). [130, -14420.97].
[54127000] {2, -100, 2}. Sell at 111.23 (54126935). [129, -14309.74].
[54165000] {1, -100, 1}. Sell at 111.22 (54165000). [128, -14198.52].
[54168000] {2, -100, 2}. Sell at 111.21 (54167968). [127, -14087.31].
[54171000] {2, -100, 2}. Sell at 111.20 (54170955). [126, -13976.11].
[54224000] {1, -100, 1}. Sell at 111.18 (54223994). [125, -13864.93].
[54227000] {3, 100, 3}.   Buy at 111.21 (54226979). [126, -13976.14].
[54231000] {3, 200, 3}.   Buy at 111.22 (54230983). [127, -14087.36].
[54232000] {3, 100, 3}.   Buy at 111.23 (54231958). [128, -14198.59].
[54235000] {2, 100, 2}.   Buy at 111.24 (54234985). [129, -14309.83].
[54236000] {2, 100, 2}.   Buy at 111.24 (54235991). [130, -14421.07].
[54246000] {2, -100, 2}. Sell at 111.21 (54245999). [129, -14309.86].
[54265000] {2, 100, 2}.   Buy at 111.24 (54264943). [130, -14421.10].
[54268000] {2, 100, 2}.   Buy at 111.25 (54267967). [131, -14532.35].
[54270000] {1, -100, 1}. Sell at 111.22 (54269995). [130, -14421.13].
[54272000] {3, -100, 3}. Sell at 111.21 (54271932). [129, -14309.92].
[54273000] {3, -100, 3}. Sell at 111.21 (54272968). [128, -14198.71].
[54276000] {4, 100, 4}.   Buy at 111.24 (54275843). [129, -14309.95].
[54300000] {3, 100, 3}.   Buy at 111.26 (54299971). [130, -14421.21].
[54311000] {3, -200, 3}. Sell at 111.23 (54310998). [129, -14309.98].
[54323000] {2, -100, 2}. Sell at 111.24 (54322967). [128, -14198.74].
[54347000] {2, -100, 2}. Sell at 111.28 (54346904). [127, -14087.46].
[54350000] {1, 100, 1}.   Buy at 111.30 (54349993). [128, -14198.76].
[54358000] {4, 100, 4}.   Buy at 111.34 (54357991). [129, -14310.10].
[54360000] {4, -100, 4}. Sell at 111.31 (54359974). [128, -14198.79].
[54366000] {3, 100, 3}.   Buy at 111.31 (54365837). [129, -14310.10].
[54368000] {2, 100, 2}.   Buy at 111.32 (54367972). [130, -14421.42].
[54376000] {3, 100, 3}.   Buy at 111.32 (54375961). [131, -14532.74].
[54385000] {3, -100, 3}. Sell at 111.29 (54384996). [130, -14421.45].
[54386000] {3, -100, 3}. Sell at 111.28 (54385727). [129, -14310.17].
[54399000] {2, -100, 2}. Sell at 111.25 (54398992). [128, -14198.92].
[54402000] {3, -100, 3}. Sell at 111.24 (54401980). [127, -14087.68].
[54417000] {4, 100, 4}.   Buy at 111.29 (54416939). [128, -14198.97].
[54449000] {3, 100, 3}.   Buy at 111.32 (54448946). [129, -14310.29].
[54450000] {3, 100, 3}.   Buy at 111.32 (54449973). [130, -14421.61].
[54458000] {2, 300, 2}.   Buy at 111.33 (54457990). [131, -14532.94].
[54467000] {1, 100, 1}.   Buy at 111.36 (54466976). [132, -14644.30].
[54469000] {2, -200, 2}. Sell at 111.34 (54468928). [131, -14532.96].
[54473000] {2, 100, 2}.   Buy at 111.36 (54472989). [132, -14644.32].
[54489000] {2, -100, 2}. Sell at 111.35 (54488997). [131, -14532.97].
[54509000] {2, -100, 2}. Sell at 111.34 (54508954). [130, -14421.63].
[54542000] {2, 100, 2}.   Buy at 111.33 (54541932). [131, -14532.96].
[54564000] {3, 100, 3}.   Buy at 111.37 (54563976). [132, -14644.33].
[54577000] {2, 100, 2}.   Buy at 111.38 (54576976). [133, -14755.71].
[54597000] {3, 100, 3}.   Buy at 111.38 (54596831). [134, -14867.09].
[54612000] {2, -100, 2}. Sell at 111.36 (54611985). [133, -14755.73].
[54622000] {3, 200, 3}.   Buy at 111.40 (54621941). [134, -14867.13].
[54628000] {3, 100, 3}.   Buy at 111.42 (54627976). [135, -14978.55].
[54634000] {2, -200, 2}. Sell at 111.36 (54633886). [134, -14867.19].
[54636000] {4, 100, 4}.   Buy at 111.39 (54635974). [135, -14978.58].
[54642000] {3, -100, 3}. Sell at 111.34 (54641995). [134, -14867.24].
[54643000] {3, -100, 3}. Sell at 111.33 (54642998). [133, -14755.91].
[54666000] {3, 100, 3}.   Buy at 111.38 (54665986). [134, -14867.29].
[54667000] {3, 100, 3}.   Buy at 111.39 (54666995). [135, -14978.68].
[54681000] {2, -100, 2}. Sell at 111.37 (54680984). [134, -14867.31].
[54682000] {2, -200, 2}. Sell at 111.35 (54681978). [133, -14755.96].
[54684000] {3, 100, 3}.   Buy at 111.38 (54683996). [134, -14867.34].
[54688000] {2, 100, 2}.   Buy at 111.38 (54687982). [135, -14978.72].
[54739000] {3, 100, 3}.   Buy at 111.41 (54738997). [136, -15090.13].
[54743000] {2, 100, 2}.   Buy at 111.43 (54742967). [137, -15201.56].
[54746000] {4, 300, 4}.   Buy at 111.45 (54745983). [138, -15313.01].
[54749000] {2, 200, 2}.   Buy at 111.46 (54749000). [139, -15424.47].
[54752000] {3, 200, 3}.   Buy at 111.48 (54751993). [140, -15535.95].
[54765000] {2, -100, 2}. Sell at 111.46 (54764978). [139, -15424.49].
[54766000] {2, 100, 2}.   Buy at 111.49 (54765998). [140, -15535.98].
[54772000] {2, -100, 2}. Sell at 111.46 (54771980). [139, -15424.52].
[54778000] {2, 100, 2}.   Buy at 111.48 (54777968). [140, -15536.00].
[54780000] {2, -100, 2}. Sell at 111.45 (54779945). [139, -15424.55].
[54790000] {2, -100, 2}. Sell at 111.43 (54789933). [138, -15313.12].
[54794000] {3, 100, 3}.   Buy at 111.44 (54793941). [139, -15424.56].
[54797000] {2, 100, 2}.   Buy at 111.46 (54796980). [140, -15536.02].
[54800000] {3, 100, 3}.   Buy at 111.47 (54799999). [141, -15647.49].
[54820000] {2, 100, 2}.   Buy at 111.48 (54819999). [142, -15758.97].
[54821000] {2, 100, 2}.   Buy at 111.48 (54820735). [143, -15870.45].
[54845000] {2, -200, 2}. Sell at 111.46 (54844864). [142, -15758.99].
[54852000] {2, -100, 2}. Sell at 111.43 (54851895). [141, -15647.56].
[54855000] {2, -300, 2}. Sell at 111.40 (54854951). [140, -15536.16].
[54858000] {3, -100, 3}. Sell at 111.40 (54857968). [139, -15424.76].
[54860000] {3, 100, 3}.   Buy at 111.43 (54859946). [140, -15536.19].
[54898000] {2, -100, 2}. Sell at 111.37 (54897998). [139, -15424.82].
[54901000] {2, -100, 2}. Sell at 111.36 (54900915). [138, -15313.46].
[54919000] {2, 200, 2}.   Buy at 111.40 (54918996). [139, -15424.86].
[54922000] {2, -100, 2}. Sell at 111.37 (54921814). [138, -15313.49].
[54929000] {2, 100, 2}.   Buy at 111.38 (54928684). [139, -15424.87].
[54948000] {2, 100, 2}.   Buy at 111.39 (54947995). [140, -15536.26].
[54974000] {1, -100, 1}. Sell at 111.34 (54973999). [139, -15424.92].
[54986000] {3, -100, 3}. Sell at 111.33 (54986000). [138, -15313.59].
[54999000] {4, -100, 4}. Sell at 111.29 (54998948). [137, -15202.30].
[55000000] {4, 100, 4}.   Buy at 111.31 (54999985). [138, -15313.61].
[55005000] {3, 100, 3}.   Buy at 111.33 (55004985). [139, -15424.94].
[55046000] {3, 100, 3}.   Buy at 111.35 (55045735). [140, -15536.29].
[55060000] {1, -100, 1}. Sell at 111.32 (55059935). [139, -15424.97].
[55069000] {1, -100, 1}. Sell at 111.30 (55068934). [138, -15313.67].
[55071000] {2, -100, 2}. Sell at 111.29 (55070990). [137, -15202.38].
[55085000] {2, -100, 2}. Sell at 111.28 (55084998). [136, -15091.10].
[55099000] {2, 100, 2}.   Buy at 111.32 (55098879). [137, -15202.42].
[55111000] {3, -100, 3}. Sell at 111.29 (55110936). [136, -15091.13].
[55126000] {3, -100, 3}. Sell at 111.26 (55125938). [135, -14979.87].
[55127000] {3, -100, 3}. Sell at 111.25 (55127000). [134, -14868.62].
[55153000] {3, -100, 3}. Sell at 111.24 (55152991). [133, -14757.38].
[55164000] {2, 100, 2}.   Buy at 111.29 (55163989). [134, -14868.67].
[55168000] {2, 100, 2}.   Buy at 111.30 (55167991). [135, -14979.97].
[55187000] {2, 100, 2}.   Buy at 111.29 (55186961). [136, -15091.26].
[55218000] {3, 100, 3}.   Buy at 111.31 (55217989). [137, -15202.57].
[55228000] {3, 100, 3}.   Buy at 111.32 (55227967). [138, -15313.89].
[55238000] {4, 100, 4}.   Buy at 111.32 (55237967). [139, -15425.21].
[55240000] {3, 100, 3}.   Buy at 111.34 (55240000). [140, -15536.55].
[55241000] {3, 100, 3}.   Buy at 111.34 (55240989). [141, -15647.89].
[55246000] {3, -100, 3}. Sell at 111.33 (55245953). [140, -15536.56].
[55262000] {1, -300, 1}. Sell at 111.29 (55261996). [139, -15425.27].
[55265000] {2, 100, 2}.   Buy at 111.31 (55264985). [140, -15536.58].
[55271000] {2, -100, 2}. Sell at 111.29 (55270997). [139, -15425.29].
[55272000] {2, -100, 2}. Sell at 111.28 (55271947). [138, -15314.01].
[55313000] {2, -100, 2}. Sell at 111.23 (55312973). [137, -15202.78].
[55341000] {3, 100, 3}.   Buy at 111.25 (55340993). [138, -15314.03].
[55348000] {2, 100, 2}.   Buy at 111.27 (55347993). [139, -15425.30].
[55353000] {2, 200, 2}.   Buy at 111.28 (55352993). [140, -15536.58].
[55361000] {3, -100, 3}. Sell at 111.25 (55360997). [139, -15425.33].
[55384000] {3, 100, 3}.   Buy at 111.26 (55383790). [140, -15536.59].
[55402000] {3, -100, 3}. Sell at 111.22 (55401978). [139, -15425.37].
[55408000] {2, -100, 2}. Sell at 111.21 (55407994). [138, -15314.16].
[55426000] {3, 100, 3}.   Buy at 111.23 (55425994). [139, -15425.39].
[55427000] {3, 100, 3}.   Buy at 111.23 (55426941). [140, -15536.62].
[55429000] {2, 100, 2}.   Buy at 111.24 (55428948). [141, -15647.86].
[55436000] {4, 100, 4}.   Buy at 111.26 (55435862). [142, -15759.12].
[55442000] {4, 100, 4}.   Buy at 111.28 (55441903). [143, -15870.40].
[55482000] {2, 300, 2}.   Buy at 111.28 (55481995). [144, -15981.68].
[55497000] {2, -100, 2}. Sell at 111.25 (55496899). [143, -15870.43].
[55499000] {3, 100, 3}.   Buy at 111.28 (55498911). [144, -15981.71].
[55553000] {3, 100, 3}.   Buy at 111.34 (55552998). [145, -16093.05].
[55557000] {3, 100, 3}.   Buy at 111.35 (55556645). [146, -16204.40].
[55571000] {2, -100, 2}. Sell at 111.33 (55570915). [145, -16093.07].
[55586000] {2, -100, 2}. Sell at 111.35 (55585981). [144, -15981.72].
[55589000] {2, -100, 2}. Sell at 111.34 (55588999). [143, -15870.38].
[55592000] {1, -100, 1}. Sell at 111.33 (55591913). [142, -15759.05].
[55614000] {3, 100, 3}.   Buy at 111.34 (55613948). [143, -15870.39].
[55615000] {3, 100, 3}.   Buy at 111.35 (55614997). [144, -15981.74].
[55677000] {3, 100, 3}.   Buy at 111.35 (55676942). [145, -16093.09].
[55697000] {3, 100, 3}.   Buy at 111.33 (55696949). [146, -16204.42].
[55708000] {3, 100, 3}.   Buy at 111.31 (55707975). [147, -16315.73].
[55723000] {2, 100, 2}.   Buy at 111.33 (55722985). [148, -16427.06].
[55750000] {3, 100, 3}.   Buy at 111.35 (55749915). [149, -16538.41].
[55777000] {1, -200, 1}. Sell at 111.30 (55776975). [148, -16427.11].
[55821000] {2, 100, 2}.   Buy at 111.35 (55820966). [149, -16538.46].
[55843000] {2, -100, 2}. Sell at 111.35 (55842967). [148, -16427.11].
[55845000] {2, -100, 2}. Sell at 111.34 (55844960). [147, -16315.77].
[55849000] {2, 200, 2}.   Buy at 111.38 (55848999). [148, -16427.15].
[55877000] {2, 100, 2}.   Buy at 111.41 (55876947). [149, -16538.56].
[55879000] {2, -100, 2}. Sell at 111.39 (55878861). [148, -16427.17].
[55880000] {2, -100, 2}. Sell at 111.38 (55879677). [147, -16315.79].
[55885000] {2, -100, 2}. Sell at 111.37 (55884937). [146, -16204.42].
[55906000] {1, 100, 1}.   Buy at 111.39 (55905916). [147, -16315.81].
[55921000] {2, 100, 2}.   Buy at 111.41 (55920975). [148, -16427.22].
[55957000] {4, -100, 4}. Sell at 111.40 (55956855). [147, -16315.82].
[55987000] {2, 100, 2}.   Buy at 111.41 (55986946). [148, -16427.23].
[56004000] {3, -100, 3}. Sell at 111.39 (56003993). [147, -16315.84].
[56034000] {1, -200, 1}. Sell at 111.36 (56033946). [146, -16204.48].
[56036000] {3, 100, 3}.   Buy at 111.38 (56035831). [147, -16315.86].
[56072000] {2, 100, 2}.   Buy at 111.41 (56071761). [148, -16427.27].
[56074000] {1, -100, 1}. Sell at 111.39 (56073921). [147, -16315.88].
[56085000] {1, -100, 1}. Sell at 111.40 (56084900). [146, -16204.48].
[56088000] {1, -100, 1}. Sell at 111.39 (56087968). [145, -16093.09].
[56089000] {1, 100, 1}.   Buy at 111.41 (56088988). [146, -16204.50].
[56092000] {1, -100, 1}. Sell at 111.39 (56091784). [145, -16093.11].
[56094000] {1, -100, 1}. Sell at 111.38 (56093945). [144, -15981.73].
[56099000] {1, 100, 1}.   Buy at 111.40 (56098991). [145, -16093.13].
[56103000] {2, 300, 2}.   Buy at 111.44 (56102999). [146, -16204.57].
[56138000] {2, 100, 2}.   Buy at 111.42 (56137967). [147, -16315.99].
[56179000] {3, 100, 3}.   Buy at 111.40 (56178895). [148, -16427.39].
[56196000] {3, 300, 3}.   Buy at 111.43 (56195954). [149, -16538.82].
[56202000] {4, 100, 4}.   Buy at 111.44 (56201915). [150, -16650.26].
[56207000] {2, 100, 2}.   Buy at 111.45 (56207000). [151, -16761.71].
[56227000] {3, -100, 3}. Sell at 111.45 (56226873). [150, -16650.26].
[56232000] {2, 100, 2}.   Buy at 111.47 (56231923). [151, -16761.73].
[56273000] {3, -100, 3}. Sell at 111.44 (56273000). [150, -16650.29].
[56283000] {3, 100, 3}.   Buy at 111.47 (56283000). [151, -16761.76].
[56288000] {4, 100, 4}.   Buy at 111.48 (56287970). [152, -16873.24].
[56313000] {3, 200, 3}.   Buy at 111.48 (56312968). [153, -16984.72].
[56332000] {3, 100, 3}.   Buy at 111.49 (56331953). [154, -17096.21].
[56349000] {3, 100, 3}.   Buy at 111.50 (56348959). [155, -17207.71].
[56438000] {3, -200, 3}. Sell at 111.48 (56437967). [154, -17096.23].
[56491000] {2, -100, 2}. Sell at 111.47 (56490996). [153, -16984.76].
[56504000] {3, 100, 3}.   Buy at 111.49 (56503955). [154, -17096.25].
[56508000] {3, 100, 3}.   Buy at 111.51 (56507999). [155, -17207.76].
[56514000] {3, 100, 3}.   Buy at 111.52 (56513995). [156, -17319.28].
[56543000] {3, 100, 3}.   Buy at 111.54 (56542979). [157, -17430.82].
[56610000] {1, -100, 1}. Sell at 111.52 (56610000). [156, -17319.30].
[56614000] {1, -100, 1}. Sell at 111.51 (56613993). [155, -17207.79].
[56621000] {2, -100, 2}. Sell at 111.50 (56620978). [154, -17096.29].
[56630000] {2, 100, 2}.   Buy at 111.51 (56629999). [155, -17207.80].
[56633000] {3, 100, 3}.   Buy at 111.52 (56632985). [156, -17319.32].
[56666000] {3, -200, 3}. Sell at 111.49 (56665901). [155, -17207.83].
[56676000] {1, -100, 1}. Sell at 111.48 (56675851). [154, -17096.35].
[56701000] {2, 100, 2}.   Buy at 111.50 (56700971). [155, -17207.85].
[56714000] {3, 100, 3}.   Buy at 111.52 (56713985). [156, -17319.37].
[56716000] {3, 100, 3}.   Buy at 111.53 (56715951). [157, -17430.90].
[56729000] {1, -100, 1}. Sell at 111.53 (56728965). [156, -17319.37].
[56735000] {2, -100, 2}. Sell at 111.52 (56734991). [155, -17207.85].
[56770000] {3, -200, 3}. Sell at 111.54 (56769933). [154, -17096.31].
[56778000] {1, -200, 1}. Sell at 111.51 (56777830). [153, -16984.80].
[56787000] {1, 200, 1}.   Buy at 111.54 (56786973). [154, -17096.34].
[56792000] {1, -100, 1}. Sell at 111.52 (56791971). [153, -16984.82].
[56796000] {2, 100, 2}.   Buy at 111.52 (56795738). [154, -17096.34].
[56831000] {3, 100, 3}.   Buy at 111.53 (56831000). [155, -17207.87].
[56832000] {3, 100, 3}.   Buy at 111.54 (56831912). [156, -17319.41].
[56864000] {2, -200, 2}. Sell at 111.51 (56863930). [155, -17207.90].
[56866000] {2, 100, 2}.   Buy at 111.53 (56865937). [156, -17319.43].
[56870000] {2, -100, 2}. Sell at 111.51 (56869849). [155, -17207.92].
[56871000] {2, 100, 2}.   Buy at 111.53 (56870852). [156, -17319.45].
[56935000] {1, -100, 1}. Sell at 111.52 (56934989). [155, -17207.93].
[56941000] {2, -100, 2}. Sell at 111.51 (56940931). [154, -17096.42].
[56964000] {3, 100, 3}.   Buy at 111.52 (56963980). [155, -17207.94].
[56971000] {2, -100, 2}. Sell at 111.50 (56970897). [154, -17096.44].
[56973000] {3, -200, 3}. Sell at 111.48 (56972980). [153, -16984.96].
[56981000] {2, -100, 2}. Sell at 111.46 (56980932). [152, -16873.50].
[57009000] {4, 100, 4}.   Buy at 111.50 (57009000). [153, -16985.00].
[57016000] {1, -100, 1}. Sell at 111.48 (57015955). [152, -16873.52].
[57025000] {2, 100, 2}.   Buy at 111.50 (57024970). [153, -16985.02].
[57031000] {2, -100, 2}. Sell at 111.48 (57030997). [152, -16873.54].
[57034000] {2, -200, 2}. Sell at 111.46 (57033850). [151, -16762.08].
[57136000] {3, 200, 3}.   Buy at 111.50 (57135985). [152, -16873.58].
[57137000] {3, 100, 3}.   Buy at 111.50 (57136986). [153, -16985.08].
[57157000] {3, 100, 3}.   Buy at 111.52 (57156958). [154, -17096.60].
[57273000] {3, -100, 3}. Sell at 111.49 (57272981). [153, -16985.11].
[57309000] {3, 100, 3}.   Buy at 111.52 (57308980). [154, -17096.63].
[57324000] {1, -100, 1}. Sell at 111.52 (57323978). [153, -16985.11].
[57333000] {3, 100, 3}.   Buy at 111.55 (57332982). [154, -17096.66].
[57344000] {3, 100, 3}.   Buy at 111.59 (57343979). [155, -17208.25].
[57356000] {3, -100, 3}. Sell at 111.57 (57355653). [154, -17096.68].
[57374000] {2, -100, 2}. Sell at 111.54 (57373997). [153, -16985.14].
[57386000] {2, -100, 2}. Sell at 111.52 (57385979). [152, -16873.62].
[57399000] {4, 200, 4}.   Buy at 111.55 (57398980). [153, -16985.17].
[57448000] {3, 100, 3}.   Buy at 111.49 (57447987). [154, -17096.66].
[57505000] {4, 100, 4}.   Buy at 111.49 (57504985). [155, -17208.15].
[57527000] {3, 100, 3}.   Buy at 111.51 (57526998). [156, -17319.66].
[57546000] {2, -100, 2}. Sell at 111.50 (57545827). [155, -17208.16].
[57563000] {2, -100, 2}. Sell at 111.49 (57562965). [154, -17096.67].
[57578000] {3, -100, 3}. Sell at 111.49 (57577995). [153, -16985.18].
[57579000] {3, 100, 3}.   Buy at 111.51 (57578648). [154, -17096.69].
[57587000] {2, 200, 2}.   Buy at 111.53 (57586989). [155, -17208.22].
[57598000] {1, -100, 1}. Sell at 111.49 (57597738). [154, -17096.73].
[57600000] Closing long position 154 shares at 111.49 (57600000).
[57600000] Final cash: 72.73.
[57600000] Normalized Final cash: 0.66.
