[timestamp] {imbalance_prev, dS_prev, imbalance_curr}. Buy/Sell price (timestamp). [Asset, Cash]
[34200400] {3, 200, 3}.   Buy at 23.89 (34200400). [1, -23.89].
[34201000] {1, -100, 1}. Sell at 23.87 (34200973). [0, -0.02].
[34203000] {1, -100, 1}. Sell at 23.88 (34202998). [-1, 23.86].
[34203200] {1, 100, 1}.   Buy at 23.90 (34203191). [0, -0.04].
[34203400] {1, -100, 1}. Sell at 23.88 (34203392). [-1, 23.84].
[34203500] {1, 100, 1}.   Buy at 23.90 (34203498). [0, -0.06].
[34203700] {1, -100, 1}. Sell at 23.88 (34203639). [-1, 23.82].
[34204600] {1, -100, 1}. Sell at 23.87 (34204599). [-2, 47.69].
[34207600] {3, 100, 3}.   Buy at 23.88 (34207518). [-1, 23.81].
[34212600] {3, -100, 3}. Sell at 23.84 (34212592). [-2, 47.65].
[34219200] {4, 100, 4}.   Buy at 23.84 (34219200). [-1, 23.81].
[34219500] {3, -100, 3}. Sell at 23.82 (34219500). [-2, 47.63].
[34256800] {3, -100, 3}. Sell at 23.82 (34256786). [-3, 71.45].
[34266100] {3, 100, 3}.   Buy at 23.86 (34266085). [-2, 47.59].
[34273700] {2, -100, 2}. Sell at 23.87 (34273693). [-3, 71.46].
[34274400] {3, 100, 3}.   Buy at 23.89 (34274393). [-2, 47.57].
[34308700] {4, 100, 4}.   Buy at 23.88 (34308648). [-1, 23.69].
[34315300] {3, -100, 3}. Sell at 23.87 (34315274). [-2, 47.56].
[34318700] {4, 100, 4}.   Buy at 23.89 (34318647). [-1, 23.67].
[34321400] {2, 100, 2}.   Buy at 23.91 (34321399). [0, -0.24].
[34329700] {3, -100, 3}. Sell at 23.90 (34329691). [-1, 23.66].
[34361500] {2, 100, 2}.   Buy at 23.93 (34361490). [0, -0.27].
[34380000] {4, 100, 4}.   Buy at 23.92 (34380000). [1, -24.19].
[34380600] {2, 100, 2}.   Buy at 23.94 (34380595). [2, -48.13].
[34402600] {4, 100, 4}.   Buy at 23.98 (34402560). [3, -72.11].
[34415100] {3, -100, 3}. Sell at 23.96 (34415076). [2, -48.15].
[34416000] {4, 100, 4}.   Buy at 23.98 (34415995). [3, -72.13].
[34432500] {4, -100, 4}. Sell at 23.96 (34432481). [2, -48.17].
[34435900] {1, 100, 1}.   Buy at 24.00 (34435896). [3, -72.17].
[34456000] {2, 100, 2}.   Buy at 24.02 (34455992). [4, -96.19].
[34463000] {4, -100, 4}. Sell at 24.02 (34462973). [3, -72.17].
[34478000] {3, -200, 3}. Sell at 24.04 (34477977). [2, -48.13].
[34479000] {4, 100, 4}.   Buy at 24.07 (34478996). [3, -72.20].
[34480900] {3, 100, 3}.   Buy at 24.08 (34480899). [4, -96.28].
[34481300] {2, -300, 2}. Sell at 24.04 (34481298). [3, -72.24].
[34497600] {2, -100, 2}. Sell at 24.02 (34497540). [2, -48.22].
[34500900] {3, 100, 3}.   Buy at 24.04 (34500895). [3, -72.26].
[34511800] {4, -300, 1}. Sell at 24.00 (34511799). [2, -48.26].
[34514000] {2, -100, 2}. Sell at 24.01 (34513991). [1, -24.25].
[34514600] {2, -100, 2}. Sell at 24.01 (34514599). [0, -0.24].
[34516200] {3, -100, 3}. Sell at 24.01 (34516169). [-1, 23.77].
[34520900] {4, 100, 4}.   Buy at 24.03 (34520900). [0, -0.26].
[34522600] {4, 100, 4}.   Buy at 24.04 (34522598). [1, -24.30].
[34524600] {2, -100, 2}. Sell at 24.03 (34524535). [0, -0.27].
[34525500] {2, 100, 2}.   Buy at 24.05 (34525440). [1, -24.32].
[34525600] {2, -100, 2}. Sell at 24.03 (34525540). [0, -0.29].
[34530600] {3, 100, 3}.   Buy at 24.06 (34530591). [1, -24.35].
[34531100] {3, -100, 3}. Sell at 24.04 (34531092). [0, -0.31].
[34531800] {2, 100, 2}.   Buy at 24.06 (34531797). [1, -24.37].
[34531900] {2, -100, 2}. Sell at 24.04 (34531872). [0, -0.33].
[34536000] {4, 100, 4}.   Buy at 24.07 (34535936). [1, -24.40].
[34541000] {4, 100, 4}.   Buy at 24.06 (34540974). [2, -48.46].
[34541200] {2, -200, 2}. Sell at 24.05 (34541200). [1, -24.41].
[34543100] {3, 100, 3}.   Buy at 24.07 (34543089). [2, -48.48].
[34554100] {4, 100, 4}.   Buy at 24.07 (34554067). [3, -72.55].
[34554600] {4, 200, 4}.   Buy at 24.08 (34554598). [4, -96.63].
[34560900] {2, -100, 2}. Sell at 24.04 (34560889). [3, -72.59].
[34561300] {4, 100, 4}.   Buy at 24.06 (34561300). [4, -96.65].
[34566300] {3, 100, 3}.   Buy at 24.06 (34566282). [5, -120.71].
[34571400] {3, 100, 3}.   Buy at 24.06 (34571357). [6, -144.77].
[34571900] {2, -100, 2}. Sell at 24.03 (34571896). [5, -120.74].
[34580500] {3, 100, 3}.   Buy at 24.07 (34580492). [6, -144.81].
[34591100] {3, 100, 3}.   Buy at 24.02 (34591097). [7, -168.83].
[34593700] {3, 100, 3}.   Buy at 24.02 (34593673). [8, -192.85].
[34599400] {3, -100, 3}. Sell at 24.00 (34599365). [7, -168.85].
[34601500] {3, 100, 3}.   Buy at 24.02 (34601451). [8, -192.87].
[34602300] {3, 100, 3}.   Buy at 24.03 (34602224). [9, -216.90].
[34610600] {2, -100, 2}. Sell at 24.01 (34610589). [8, -192.89].
[34647300] {2, -100, 2}. Sell at 23.99 (34647300). [7, -168.90].
[34647600] {4, 100, 4}.   Buy at 24.01 (34647559). [8, -192.91].
[34674000] {2, -100, 2}. Sell at 24.01 (34674000). [7, -168.90].
[34691300] {2, -100, 2}. Sell at 24.00 (34691300). [6, -144.90].
[34716500] {1, -100, 1}. Sell at 23.97 (34716489). [5, -120.93].
[34731400] {1, -100, 1}. Sell at 23.97 (34731344). [4, -96.96].
[34732000] {2, 100, 2}.   Buy at 23.99 (34731998). [5, -120.95].
[34732500] {1, -100, 1}. Sell at 23.97 (34732500). [4, -96.98].
[34753600] {2, -100, 2}. Sell at 23.96 (34753567). [3, -73.02].
[34754600] {1, -100, 1}. Sell at 23.95 (34754571). [2, -49.07].
[34757200] {2, -100, 2}. Sell at 23.94 (34757172). [1, -25.13].
[34763900] {4, 100, 4}.   Buy at 23.96 (34763854). [2, -49.09].
[34765800] {2, -100, 2}. Sell at 23.92 (34765787). [1, -25.17].
[34766000] {3, 100, 3}.   Buy at 23.94 (34765929). [2, -49.11].
[34769100] {3, -100, 3}. Sell at 23.93 (34769093). [1, -25.18].
[34781200] {4, 100, 4}.   Buy at 23.96 (34781172). [2, -49.14].
[34846600] {1, -100, 1}. Sell at 23.92 (34846594). [1, -25.22].
[34875000] {3, -100, 3}. Sell at 23.94 (34874994). [0, -1.28].
[34877100] {2, -100, 2}. Sell at 23.95 (34877100). [-1, 22.67].
[34920400] {4, 100, 4}.   Buy at 23.99 (34920400). [0, -1.32].
[34921200] {2, -100, 2}. Sell at 23.98 (34921157). [-1, 22.66].
[34931600] {1, 100, 1}.   Buy at 23.99 (34931576). [0, -1.33].
[34951000] {3, 100, 3}.   Buy at 24.00 (34950957). [1, -25.33].
[35011900] {1, -100, 1}. Sell at 23.98 (35011896). [0, -1.35].
[35014200] {2, -100, 2}. Sell at 23.98 (35014188). [-1, 22.63].
[35017600] {2, 100, 2}.   Buy at 23.99 (35017552). [0, -1.36].
[35019700] {3, 100, 3}.   Buy at 24.00 (35019683). [1, -25.36].
[35027400] {3, -100, 3}. Sell at 23.99 (35027382). [0, -1.37].
[35053700] {1, -100, 1}. Sell at 23.98 (35053699). [-1, 22.61].
[35063500] {3, 100, 3}.   Buy at 23.99 (35063497). [0, -1.38].
[35066800] {3, 100, 3}.   Buy at 23.99 (35066791). [1, -25.37].
[35099200] {2, -100, 2}. Sell at 23.97 (35099187). [0, -1.40].
[35099700] {2, 100, 2}.   Buy at 23.99 (35099686). [1, -25.39].
[35103100] {1, -100, 1}. Sell at 23.98 (35103100). [0, -1.41].
[35174300] {2, 100, 2}.   Buy at 24.01 (35174296). [1, -25.42].
[35577300] {3, -100, 3}. Sell at 24.07 (35577269). [0, -1.35].
[35600000] {3, 100, 3}.   Buy at 24.09 (35599985). [1, -25.44].
[35600500] {2, -100, 2}. Sell at 24.07 (35600457). [0, -1.37].
[35613800] {3, 100, 3}.   Buy at 24.09 (35613799). [1, -25.46].
[35643100] {4, 100, 4}.   Buy at 24.09 (35643095). [2, -49.55].
[35644100] {3, 100, 3}.   Buy at 24.10 (35644098). [3, -73.65].
[35755500] {3, -100, 3}. Sell at 24.14 (35755429). [2, -49.51].
[35764400] {2, -100, 2}. Sell at 24.14 (35764397). [1, -25.37].
[35767000] {3, 100, 3}.   Buy at 24.17 (35766998). [2, -49.54].
[35768500] {3, -100, 3}. Sell at 24.15 (35768481). [1, -25.39].
[35809400] {3, -100, 3}. Sell at 24.17 (35809391). [0, -1.22].
[35822900] {3, 100, 3}.   Buy at 24.18 (35822898). [1, -25.40].
[35854900] {3, -100, 3}. Sell at 24.16 (35854857). [0, -1.24].
[35859900] {2, -100, 2}. Sell at 24.15 (35859887). [-1, 22.91].
[35899800] {4, 100, 4}.   Buy at 24.17 (35899794). [0, -1.26].
[35982500] {1, -100, 1}. Sell at 24.12 (35982500). [-1, 22.86].
[36008300] {3, -100, 3}. Sell at 24.11 (36008242). [-2, 46.97].
[36009300] {3, -100, 3}. Sell at 24.10 (36009300). [-3, 71.07].
[36019100] {3, 100, 3}.   Buy at 24.09 (36019036). [-2, 46.98].
[36075200] {4, 100, 4}.   Buy at 24.10 (36075198). [-1, 22.88].
[36083500] {4, 100, 4}.   Buy at 24.11 (36083492). [0, -1.23].
[36124400] {2, -100, 2}. Sell at 24.08 (36124397). [-1, 22.85].
[36137300] {3, 100, 3}.   Buy at 24.10 (36137274). [0, -1.25].
[36144400] {2, -100, 2}. Sell at 24.08 (36144369). [-1, 22.83].
[36162400] {2, -100, 2}. Sell at 24.07 (36162399). [-2, 46.90].
[36169900] {3, 100, 3}.   Buy at 24.10 (36169894). [-1, 22.80].
[36204500] {3, 100, 3}.   Buy at 24.11 (36204500). [0, -1.31].
[36265000] {2, 100, 2}.   Buy at 24.10 (36264988). [1, -25.41].
[36265300] {1, -100, 1}. Sell at 24.08 (36265293). [0, -1.33].
[36284700] {4, 100, 4}.   Buy at 24.09 (36284685). [1, -25.42].
[36505200] {3, 100, 3}.   Buy at 24.09 (36505191). [2, -49.51].
[36522500] {2, 100, 2}.   Buy at 24.10 (36522497). [3, -73.61].
[36599000] {2, -100, 2}. Sell at 24.08 (36598999). [2, -49.53].
[36667100] {1, 100, 1}.   Buy at 24.08 (36667027). [3, -73.61].
[36746000] {2, 100, 2}.   Buy at 24.08 (36745980). [4, -97.69].
[36761000] {3, 100, 3}.   Buy at 24.10 (36760988). [5, -121.79].
[36811800] {2, 100, 2}.   Buy at 24.08 (36811747). [6, -145.87].
[36829400] {3, 100, 3}.   Buy at 24.09 (36829397). [7, -169.96].
[36835100] {2, -100, 2}. Sell at 24.07 (36835048). [6, -145.89].
[36855600] {3, 100, 3}.   Buy at 24.09 (36855598). [7, -169.98].
[36901100] {2, -100, 2}. Sell at 24.10 (36901098). [6, -145.88].
[36915700] {3, 100, 3}.   Buy at 24.12 (36915685). [7, -170.00].
[37155600] {3, -100, 3}. Sell at 24.13 (37155599). [6, -145.87].
[37424900] {2, 100, 2}.   Buy at 24.15 (37424891). [7, -170.02].
[37698400] {2, -100, 2}. Sell at 24.11 (37698383). [6, -145.91].
[37848400] {2, 100, 2}.   Buy at 24.11 (37848394). [7, -170.02].
[38149000] {3, -100, 3}. Sell at 24.12 (38148997). [6, -145.90].
[38269600] {2, -100, 2}. Sell at 24.11 (38269594). [5, -121.79].
[38597000] {1, -100, 1}. Sell at 24.08 (38596999). [4, -97.71].
[38629900] {1, -100, 1}. Sell at 24.06 (38629900). [3, -73.65].
[38632900] {2, -100, 2}. Sell at 24.05 (38632900). [2, -49.60].
[38696700] {3, 100, 3}.   Buy at 24.04 (38696651). [3, -73.64].
[38709700] {3, -100, 3}. Sell at 24.02 (38709700). [2, -49.62].
[38812000] {3, 100, 3}.   Buy at 24.05 (38811997). [3, -73.67].
[38893800] {2, -100, 2}. Sell at 24.03 (38893799). [2, -49.64].
[38932100] {3, 100, 3}.   Buy at 24.05 (38932099). [3, -73.69].
[38932900] {2, -100, 2}. Sell at 24.03 (38932898). [2, -49.66].
[38934400] {3, 100, 3}.   Buy at 24.05 (38934372). [3, -73.71].
[38987900] {3, -100, 3}. Sell at 24.04 (38987900). [2, -49.67].
[39036800] {4, 100, 4}.   Buy at 24.07 (39036800). [3, -73.74].
[39037600] {2, -100, 2}. Sell at 24.05 (39037575). [2, -49.69].
[39093700] {3, -100, 3}. Sell at 24.04 (39093692). [1, -25.65].
[39102100] {3, -100, 3}. Sell at 24.03 (39102100). [0, -1.62].
[39248800] {3, 100, 3}.   Buy at 24.06 (39248800). [1, -25.68].
[39422100] {2, -100, 2}. Sell at 24.08 (39422099). [0, -1.60].
[39591100] {3, 100, 3}.   Buy at 24.08 (39591100). [1, -25.68].
[39641800] {2, 100, 2}.   Buy at 24.09 (39641800). [2, -49.77].
[39641900] {2, 100, 2}.   Buy at 24.10 (39641895). [3, -73.87].
[39658300] {3, 100, 3}.   Buy at 24.11 (39658288). [4, -97.98].
[39744600] {3, 100, 3}.   Buy at 24.11 (39744599). [5, -122.09].
[39745700] {3, 100, 3}.   Buy at 24.12 (39745700). [6, -146.21].
[39746500] {2, -100, 2}. Sell at 24.10 (39746499). [5, -122.11].
[39756000] {3, -100, 3}. Sell at 24.08 (39755990). [4, -98.03].
[39824400] {2, -100, 2}. Sell at 24.08 (39824396). [3, -73.95].
[40129000] {1, -100, 1}. Sell at 24.06 (40129000). [2, -49.89].
[40133900] {3, 100, 3}.   Buy at 24.08 (40133899). [3, -73.97].
[40159400] {2, -100, 2}. Sell at 24.06 (40159400). [2, -49.91].
[40251100] {4, 100, 4}.   Buy at 24.08 (40251087). [3, -73.99].
[40306200] {2, 100, 2}.   Buy at 24.09 (40306200). [4, -98.08].
[40421200] {2, 100, 2}.   Buy at 24.09 (40421200). [5, -122.17].
[40692600] {1, -100, 1}. Sell at 24.08 (40692597). [4, -98.09].
[40895900] {1, -100, 1}. Sell at 24.07 (40895897). [3, -74.02].
[40931400] {3, 100, 3}.   Buy at 24.09 (40931400). [4, -98.11].
[41220200] {1, -100, 1}. Sell at 24.08 (41220200). [3, -74.03].
[41238700] {3, 100, 3}.   Buy at 24.08 (41238700). [4, -98.11].
[41399800] {2, -100, 2}. Sell at 24.07 (41399799). [3, -74.04].
[41758000] {2, -100, 2}. Sell at 24.07 (41758000). [2, -49.97].
[41888900] {1, -100, 1}. Sell at 24.07 (41888893). [1, -25.90].
[42864700] {3, 100, 3}.   Buy at 24.10 (42864686). [2, -50.00].
[43135100] {3, 100, 3}.   Buy at 24.11 (43135076). [3, -74.11].
[43491200] {4, 100, 4}.   Buy at 24.13 (43491200). [4, -98.24].
[43693300] {4, 100, 4}.   Buy at 24.13 (43693300). [5, -122.37].
[43908600] {3, 100, 3}.   Buy at 24.13 (43908596). [6, -146.50].
[44065500] {4, 100, 4}.   Buy at 24.14 (44065500). [7, -170.64].
[44299800] {3, 100, 3}.   Buy at 24.11 (44299784). [8, -194.75].
[44766300] {3, 100, 3}.   Buy at 24.13 (44766299). [9, -218.88].
[44950300] {2, -100, 2}. Sell at 24.13 (44950288). [8, -194.75].
[45134100] {3, 100, 3}.   Buy at 24.16 (45134088). [9, -218.91].
[45382700] {3, 100, 3}.   Buy at 24.18 (45382698). [10, -243.09].
[45384200] {2, 100, 2}.   Buy at 24.19 (45384200). [11, -267.28].
[45384400] {2, -100, 2}. Sell at 24.17 (45384399). [10, -243.11].
[45385200] {3, 100, 3}.   Buy at 24.19 (45385199). [11, -267.30].
[45582000] {2, -100, 2}. Sell at 24.18 (45581999). [10, -243.12].
[46246400] {3, 100, 3}.   Buy at 24.17 (46246369). [11, -267.29].
[46247900] {2, -100, 2}. Sell at 24.15 (46247894). [10, -243.14].
[46347000] {3, 100, 3}.   Buy at 24.18 (46346998). [11, -267.32].
[46388900] {3, 100, 3}.   Buy at 24.18 (46388887). [12, -291.50].
[46560100] {1, -100, 1}. Sell at 24.15 (46560100). [11, -267.35].
[46974600] {3, 100, 3}.   Buy at 24.12 (46974600). [12, -291.47].
[46980700] {2, -100, 2}. Sell at 24.10 (46980696). [11, -267.37].
[47733000] {1, -100, 1}. Sell at 24.09 (47733000). [10, -243.28].
[47952300] {1, -100, 1}. Sell at 24.08 (47952288). [9, -219.20].
[48114300] {1, -100, 1}. Sell at 24.06 (48114298). [8, -195.14].
[48188500] {1, -100, 1}. Sell at 24.05 (48188499). [7, -171.09].
[48189300] {2, 100, 2}.   Buy at 24.06 (48189300). [8, -195.15].
[48190500] {1, -100, 1}. Sell at 24.04 (48190500). [7, -171.11].
[48236400] {1, -100, 1}. Sell at 24.02 (48236400). [6, -147.09].
[48259800] {1, -100, 1}. Sell at 24.01 (48259796). [5, -123.08].
[48302400] {2, -100, 2}. Sell at 24.01 (48302388). [4, -99.07].
[48302600] {2, -100, 2}. Sell at 24.00 (48302596). [3, -75.07].
[48307600] {3, 100, 3}.   Buy at 24.02 (48307580). [4, -99.09].
[48818300] {3, 100, 3}.   Buy at 24.05 (48818289). [5, -123.14].
[48963700] {2, -100, 2}. Sell at 24.05 (48963692). [4, -99.09].
[49301100] {4, 100, 4}.   Buy at 24.07 (49301100). [5, -123.16].
[49432700] {2, -100, 2}. Sell at 24.05 (49432695). [4, -99.11].
[49967000] {3, 100, 3}.   Buy at 24.07 (49966996). [5, -123.18].
[50176300] {1, -100, 1}. Sell at 24.04 (50176292). [4, -99.14].
[50523500] {2, -100, 2}. Sell at 24.03 (50523490). [3, -75.11].
[50534900] {2, 100, 2}.   Buy at 24.05 (50534872). [4, -99.16].
[51222100] {2, -100, 2}. Sell at 24.03 (51222096). [3, -75.13].
[51559000] {2, -100, 2}. Sell at 24.01 (51558996). [2, -51.12].
[51574900] {2, -100, 2}. Sell at 24.01 (51574886). [1, -27.11].
[51757600] {2, -100, 2}. Sell at 23.99 (51757600). [0, -3.12].
[52226700] {4, 100, 4}.   Buy at 24.06 (52226697). [1, -27.18].
[52251300] {3, 100, 3}.   Buy at 24.07 (52251286). [2, -51.25].
[52398400] {2, -100, 2}. Sell at 24.05 (52398398). [1, -27.20].
[52448400] {1, -100, 1}. Sell at 24.04 (52448399). [0, -3.16].
[53019900] {1, -100, 1}. Sell at 24.03 (53019900). [-1, 20.87].
[53623500] {2, 100, 2}.   Buy at 24.05 (53623497). [0, -3.18].
[53900700] {3, 100, 3}.   Buy at 24.08 (53900687). [1, -27.26].
[53973900] {2, -100, 2}. Sell at 24.07 (53973897). [0, -3.19].
[54479000] {3, 100, 3}.   Buy at 24.11 (54478998). [1, -27.30].
[54638100] {1, -100, 1}. Sell at 24.12 (54638100). [0, -3.18].
[54681500] {2, -100, 2}. Sell at 24.12 (54681499). [-1, 20.94].
[54763700] {2, -100, 2}. Sell at 24.13 (54763700). [-2, 45.07].
[54788300] {2, -100, 2}. Sell at 24.12 (54788297). [-3, 69.19].
[54806600] {4, 100, 4}.   Buy at 24.14 (54806600). [-2, 45.05].
[55126900] {2, -100, 2}. Sell at 24.10 (55126887). [-3, 69.15].
[55167400] {3, 100, 3}.   Buy at 24.11 (55167400). [-2, 45.04].
[55262000] {2, -100, 2}. Sell at 24.10 (55261996). [-3, 69.14].
[55347600] {3, 100, 3}.   Buy at 24.12 (55347599). [-2, 45.02].
[55523100] {4, 100, 4}.   Buy at 24.13 (55523099). [-1, 20.89].
[55652500] {3, 100, 3}.   Buy at 24.14 (55652490). [0, -3.25].
[55683600] {3, -100, 3}. Sell at 24.12 (55683600). [-1, 20.87].
[55726700] {3, 100, 3}.   Buy at 24.13 (55726693). [0, -3.26].
[55987500] {4, 100, 4}.   Buy at 24.15 (55987499). [1, -27.41].
[56217300] {2, -100, 2}. Sell at 24.17 (56217290). [0, -3.24].
[56278500] {3, 100, 3}.   Buy at 24.19 (56278459). [1, -27.43].
[56359800] {2, -100, 2}. Sell at 24.17 (56359774). [0, -3.26].
[56513200] {4, 100, 4}.   Buy at 24.19 (56513190). [1, -27.45].
[56611000] {2, -100, 2}. Sell at 24.17 (56610992). [0, -3.28].
[56755500] {3, 100, 3}.   Buy at 24.19 (56755499). [1, -27.47].
[57122200] {1, -100, 1}. Sell at 24.18 (57122181). [0, -3.29].
[57600000] Final cash: -3.29.
[57600000] Normalized Final cash: -0.14.
