This is pdfTeX, Version 3.1415926-2.4-1.40.13 (TeX Live 2012/Debian) (format=pdflatex 2013.12.29)  13 JAN 2015 12:37
entering extended mode
 restricted \write18 enabled.
 %&-line parsing enabled.
**20150108.tex
(./20150108.tex
LaTeX2e <2011/06/27>
Babel <v3.8m> and hyphenation patterns for english, dumylang, nohyphenation, lo
aded.
(/usr/share/texlive/texmf-dist/tex/latex/base/article.cls
Document Class: article 2007/10/19 v1.4h Standard LaTeX document class
(/usr/share/texlive/texmf-dist/tex/latex/base/size12.clo
File: size12.clo 2007/10/19 v1.4h Standard LaTeX file (size option)
)
\c@part=\count79
\c@section=\count80
\c@subsection=\count81
\c@subsubsection=\count82
\c@paragraph=\count83
\c@subparagraph=\count84
\c@figure=\count85
\c@table=\count86
\abovecaptionskip=\skip41
\belowcaptionskip=\skip42
\bibindent=\dimen102
)
(/usr/share/texlive/texmf-dist/tex/latex/geometry/geometry.sty
Package: geometry 2010/09/12 v5.6 Page Geometry

(/usr/share/texlive/texmf-dist/tex/latex/graphics/keyval.sty
Package: keyval 1999/03/16 v1.13 key=value parser (DPC)
\KV@toks@=\toks14
)
(/usr/share/texlive/texmf-dist/tex/generic/oberdiek/ifpdf.sty
Package: ifpdf 2011/01/30 v2.3 Provides the ifpdf switch (HO)
Package ifpdf Info: pdfTeX in PDF mode is detected.
)
(/usr/share/texlive/texmf-dist/tex/generic/oberdiek/ifvtex.sty
Package: ifvtex 2010/03/01 v1.5 Detect VTeX and its facilities (HO)
Package ifvtex Info: VTeX not detected.
)
(/usr/share/texlive/texmf-dist/tex/generic/ifxetex/ifxetex.sty
Package: ifxetex 2010/09/12 v0.6 Provides ifxetex conditional
)
\Gm@cnth=\count87
\Gm@cntv=\count88
\c@Gm@tempcnt=\count89
\Gm@bindingoffset=\dimen103
\Gm@wd@mp=\dimen104
\Gm@odd@mp=\dimen105
\Gm@even@mp=\dimen106
\Gm@layoutwidth=\dimen107
\Gm@layoutheight=\dimen108
\Gm@layouthoffset=\dimen109
\Gm@layoutvoffset=\dimen110
\Gm@dimlist=\toks15
)
(/usr/share/texlive/texmf-dist/tex/latex/amsmath/amsmath.sty
Package: amsmath 2000/07/18 v2.13 AMS math features
\@mathmargin=\skip43

For additional information on amsmath, use the `?' option.
(/usr/share/texlive/texmf-dist/tex/latex/amsmath/amstext.sty
Package: amstext 2000/06/29 v2.01

(/usr/share/texlive/texmf-dist/tex/latex/amsmath/amsgen.sty
File: amsgen.sty 1999/11/30 v2.0
\@emptytoks=\toks16
\ex@=\dimen111
))
(/usr/share/texlive/texmf-dist/tex/latex/amsmath/amsbsy.sty
Package: amsbsy 1999/11/29 v1.2d
\pmbraise@=\dimen112
)
(/usr/share/texlive/texmf-dist/tex/latex/amsmath/amsopn.sty
Package: amsopn 1999/12/14 v2.01 operator names
)
\inf@bad=\count90
LaTeX Info: Redefining \frac on input line 211.
\uproot@=\count91
\leftroot@=\count92
LaTeX Info: Redefining \overline on input line 307.
\classnum@=\count93
\DOTSCASE@=\count94
LaTeX Info: Redefining \ldots on input line 379.
LaTeX Info: Redefining \dots on input line 382.
LaTeX Info: Redefining \cdots on input line 467.
\Mathstrutbox@=\box26
\strutbox@=\box27
\big@size=\dimen113
LaTeX Font Info:    Redeclaring font encoding OML on input line 567.
LaTeX Font Info:    Redeclaring font encoding OMS on input line 568.
\macc@depth=\count95
\c@MaxMatrixCols=\count96
\dotsspace@=\muskip10
\c@parentequation=\count97
\dspbrk@lvl=\count98
\tag@help=\toks17
\row@=\count99
\column@=\count100
\maxfields@=\count101
\andhelp@=\toks18
\eqnshift@=\dimen114
\alignsep@=\dimen115
\tagshift@=\dimen116
\tagwidth@=\dimen117
\totwidth@=\dimen118
\lineht@=\dimen119
\@envbody=\toks19
\multlinegap=\skip44
\multlinetaggap=\skip45
\mathdisplay@stack=\toks20
LaTeX Info: Redefining \[ on input line 2666.
LaTeX Info: Redefining \] on input line 2667.
)
(/usr/share/texlive/texmf-dist/tex/latex/amsfonts/amsfonts.sty
Package: amsfonts 2009/06/22 v3.00 Basic AMSFonts support
\symAMSa=\mathgroup4
\symAMSb=\mathgroup5
LaTeX Font Info:    Overwriting math alphabet `\mathfrak' in version `bold'
(Font)                  U/euf/m/n --> U/euf/b/n on input line 96.
)
(/usr/share/texlive/texmf-dist/tex/latex/tools/tabularx.sty
Package: tabularx 1999/01/07 v2.07 `tabularx' package (DPC)

(/usr/share/texlive/texmf-dist/tex/latex/tools/array.sty
Package: array 2008/09/09 v2.4c Tabular extension package (FMi)
\col@sep=\dimen120
\extrarowheight=\dimen121
\NC@list=\toks21
\extratabsurround=\skip46
\backup@length=\skip47
)
\TX@col@width=\dimen122
\TX@old@table=\dimen123
\TX@old@col=\dimen124
\TX@target=\dimen125
\TX@delta=\dimen126
\TX@cols=\count102
\TX@ftn=\toks22
)
(/usr/share/texlive/texmf-dist/tex/latex/float/float.sty
Package: float 2001/11/08 v1.3d Float enhancements (AL)
\c@float@type=\count103
\float@exts=\toks23
\float@box=\box28
\@float@everytoks=\toks24
\@floatcapt=\box29
)
(/usr/share/texlive/texmf-dist/tex/latex/graphics/color.sty
Package: color 2005/11/14 v1.0j Standard LaTeX Color (DPC)

(/usr/share/texlive/texmf-dist/tex/latex/latexconfig/color.cfg
File: color.cfg 2007/01/18 v1.5 color configuration of teTeX/TeXLive
)
Package color Info: Driver file: pdftex.def on input line 130.

(/usr/share/texlive/texmf-dist/tex/latex/pdftex-def/pdftex.def
File: pdftex.def 2011/05/27 v0.06d Graphics/color for pdfTeX

(/usr/share/texlive/texmf-dist/tex/generic/oberdiek/infwarerr.sty
Package: infwarerr 2010/04/08 v1.3 Providing info/warning/error messages (HO)
)
(/usr/share/texlive/texmf-dist/tex/generic/oberdiek/ltxcmds.sty
Package: ltxcmds 2011/11/09 v1.22 LaTeX kernel commands for general use (HO)
)
\Gread@gobject=\count104
))
(/usr/share/texlive/texmf-dist/tex/latex/tools/multicol.sty
Package: multicol 2011/06/27 v1.7a multicolumn formatting (FMi)
\c@tracingmulticols=\count105
\mult@box=\box30
\multicol@leftmargin=\dimen127
\c@unbalance=\count106
\c@collectmore=\count107
\doublecol@number=\count108
\multicoltolerance=\count109
\multicolpretolerance=\count110
\full@width=\dimen128
\page@free=\dimen129
\premulticols=\dimen130
\postmulticols=\dimen131
\multicolsep=\skip48
\multicolbaselineskip=\skip49
\partial@page=\box31
\last@line=\box32
\mult@rightbox=\box33
\mult@grightbox=\box34
\mult@gfirstbox=\box35
\mult@firstbox=\box36
\@tempa=\box37
\@tempa=\box38
\@tempa=\box39
\@tempa=\box40
\@tempa=\box41
\@tempa=\box42
\@tempa=\box43
\@tempa=\box44
\@tempa=\box45
\@tempa=\box46
\@tempa=\box47
\@tempa=\box48
\@tempa=\box49
\@tempa=\box50
\@tempa=\box51
\@tempa=\box52
\@tempa=\box53
\c@columnbadness=\count111
\c@finalcolumnbadness=\count112
\last@try=\dimen132
\multicolovershoot=\dimen133
\multicolundershoot=\dimen134
\mult@nat@firstbox=\box54
\colbreak@box=\box55
\multicol@sort@counter=\count113
)
(/usr/share/texlive/texmf-dist/tex/latex/graphics/graphicx.sty
Package: graphicx 1999/02/16 v1.0f Enhanced LaTeX Graphics (DPC,SPQR)

(/usr/share/texlive/texmf-dist/tex/latex/graphics/graphics.sty
Package: graphics 2009/02/05 v1.0o Standard LaTeX Graphics (DPC,SPQR)

(/usr/share/texlive/texmf-dist/tex/latex/graphics/trig.sty
Package: trig 1999/03/16 v1.09 sin cos tan (DPC)
)
(/usr/share/texlive/texmf-dist/tex/latex/latexconfig/graphics.cfg
File: graphics.cfg 2010/04/23 v1.9 graphics configuration of TeX Live
)
Package graphics Info: Driver file: pdftex.def on input line 91.
)
\Gin@req@height=\dimen135
\Gin@req@width=\dimen136
)
(/usr/share/texlive/texmf-dist/tex/latex/subfig/subfig.sty
Package: subfig 2005/06/28 ver: 1.3 subfig package

(/usr/share/texlive/texmf-dist/tex/latex/caption/caption.sty
Package: caption 2012/02/19 v3.2f Customizing captions (AR)

(/usr/share/texlive/texmf-dist/tex/latex/caption/caption3.sty
Package: caption3 2012/01/12 v1.4b caption3 kernel (AR)
\captionmargin=\dimen137
\captionmargin@=\dimen138
\captionwidth=\dimen139
\caption@indent=\dimen140
\caption@parindent=\dimen141
\caption@hangindent=\dimen142
)
\c@ContinuedFloat=\count114
Package caption Info: float package is loaded.
)
\c@KVtest=\count115
\sf@farskip=\skip50
\sf@captopadj=\dimen143
\sf@capskip=\skip51
\sf@nearskip=\skip52
\c@subfigure=\count116
\c@subfigure@save=\count117
\c@lofdepth=\count118
\c@subtable=\count119
\c@subtable@save=\count120
\c@lotdepth=\count121
\sf@top=\skip53
\sf@bottom=\skip54
)
(/usr/share/texlive/texmf-dist/tex/latex/algorithms/algorithm.sty
Package: algorithm 2009/08/24 v0.1 Document Style `algorithm' - floating enviro
nment

(/usr/share/texlive/texmf-dist/tex/latex/base/ifthen.sty
Package: ifthen 2001/05/26 v1.1c Standard LaTeX ifthen package (DPC)
)
\@float@every@algorithm=\toks25
\c@algorithm=\count122
)
(/usr/share/texlive/texmf-dist/tex/latex/algorithmicx/algpseudocode.sty
Package: algpseudocode 

(/usr/share/texlive/texmf-dist/tex/latex/algorithmicx/algorithmicx.sty
Package: algorithmicx 2005/04/27 v1.2 Algorithmicx

Document Style algorithmicx 1.2 - a greatly improved `algorithmic' style
\c@ALG@line=\count123
\c@ALG@rem=\count124
\c@ALG@nested=\count125
\ALG@tlm=\skip55
\ALG@thistlm=\skip56
\c@ALG@Lnr=\count126
\c@ALG@blocknr=\count127
\c@ALG@storecount=\count128
\c@ALG@tmpcounter=\count129
\ALG@tmplength=\skip57
)
Document Style - pseudocode environments for use with the `algorithmicx' style
)
\@float@every@table=\toks26
 (./20150108.aux)
\openout1 = `20150108.aux'.

LaTeX Font Info:    Checking defaults for OML/cmm/m/it on input line 63.
LaTeX Font Info:    ... okay on input line 63.
LaTeX Font Info:    Checking defaults for T1/cmr/m/n on input line 63.
LaTeX Font Info:    ... okay on input line 63.
LaTeX Font Info:    Checking defaults for OT1/cmr/m/n on input line 63.
LaTeX Font Info:    ... okay on input line 63.
LaTeX Font Info:    Checking defaults for OMS/cmsy/m/n on input line 63.
LaTeX Font Info:    ... okay on input line 63.
LaTeX Font Info:    Checking defaults for OMX/cmex/m/n on input line 63.
LaTeX Font Info:    ... okay on input line 63.
LaTeX Font Info:    Checking defaults for U/cmr/m/n on input line 63.
LaTeX Font Info:    ... okay on input line 63.

*geometry* driver: auto-detecting
*geometry* detected driver: pdftex
*geometry* verbose mode - [ preamble ] result:
* driver: pdftex
* paper: a4paper
* layout: <same size as paper>
* layoutoffset:(h,v)=(0.0pt,0.0pt)
* bindingoffset: 14.45377pt
* modes: 
* h-part:(L,W,R)=(54.2025pt, 474.64911pt, 54.2025pt)
* v-part:(T,H,B)=(72.26999pt, 700.50687pt, 72.26999pt)
* \paperwidth=597.50787pt
* \paperheight=845.04684pt
* \textwidth=474.64911pt
* \textheight=700.50687pt
* \oddsidemargin=-3.61372pt
* \evensidemargin=-18.06749pt
* \topmargin=-37.0pt
* \headheight=12.0pt
* \headsep=25.0pt
* \topskip=12.0pt
* \footskip=18.06749pt
* \marginparwidth=44.0pt
* \marginparsep=10.0pt
* \columnsep=10.0pt
* \skip\footins=10.8pt plus 4.0pt minus 2.0pt
* \hoffset=0.0pt
* \voffset=0.0pt
* \mag=1000
* \@twocolumnfalse
* \@twosidefalse
* \@mparswitchfalse
* \@reversemarginfalse
* (1in=72.27pt=25.4mm, 1cm=28.453pt)

(/usr/share/texlive/texmf-dist/tex/context/base/supp-pdf.mkii
[Loading MPS to PDF converter (version 2006.09.02).]
\scratchcounter=\count130
\scratchdimen=\dimen144
\scratchbox=\box56
\nofMPsegments=\count131
\nofMParguments=\count132
\everyMPshowfont=\toks27
\MPscratchCnt=\count133
\MPscratchDim=\dimen145
\MPnumerator=\count134
\makeMPintoPDFobject=\count135
\everyMPtoPDFconversion=\toks28
) (/usr/share/texlive/texmf-dist/tex/generic/oberdiek/pdftexcmds.sty
Package: pdftexcmds 2011/11/29 v0.20 Utility functions of pdfTeX for LuaTeX (HO
)

(/usr/share/texlive/texmf-dist/tex/generic/oberdiek/ifluatex.sty
Package: ifluatex 2010/03/01 v1.3 Provides the ifluatex switch (HO)
Package ifluatex Info: LuaTeX not detected.
)
Package pdftexcmds Info: LuaTeX not detected.
Package pdftexcmds Info: \pdf@primitive is available.
Package pdftexcmds Info: \pdf@ifprimitive is available.
Package pdftexcmds Info: \pdfdraftmode found.
)
(/usr/share/texlive/texmf-dist/tex/latex/oberdiek/epstopdf-base.sty
Package: epstopdf-base 2010/02/09 v2.5 Base part for package epstopdf

(/usr/share/texlive/texmf-dist/tex/latex/oberdiek/grfext.sty
Package: grfext 2010/08/19 v1.1 Manage graphics extensions (HO)

(/usr/share/texlive/texmf-dist/tex/generic/oberdiek/kvdefinekeys.sty
Package: kvdefinekeys 2011/04/07 v1.3 Define keys (HO)
))
(/usr/share/texlive/texmf-dist/tex/latex/oberdiek/kvoptions.sty
Package: kvoptions 2011/06/30 v3.11 Key value format for package options (HO)

(/usr/share/texlive/texmf-dist/tex/generic/oberdiek/kvsetkeys.sty
Package: kvsetkeys 2012/04/25 v1.16 Key value parser (HO)

(/usr/share/texlive/texmf-dist/tex/generic/oberdiek/etexcmds.sty
Package: etexcmds 2011/02/16 v1.5 Avoid name clashes with e-TeX commands (HO)
Package etexcmds Info: Could not find \expanded.
(etexcmds)             That can mean that you are not using pdfTeX 1.50 or
(etexcmds)             that some package has redefined \expanded.
(etexcmds)             In the latter case, load this package earlier.
)))
Package grfext Info: Graphics extension search list:
(grfext)             [.jpg,.eps]
(grfext)             \AppendGraphicsExtensions on input line 452.

(/usr/share/texlive/texmf-dist/tex/latex/latexconfig/epstopdf-sys.cfg
File: epstopdf-sys.cfg 2010/07/13 v1.3 Configuration of (r)epstopdf for TeX Liv
e
))
Package caption Info: Begin \AtBeginDocument code.
Package caption Info: subfig package v1.3 is loaded.
Package caption Info: End \AtBeginDocument code.
LaTeX Font Info:    Try loading font information for U+msa on input line 73.

(/usr/share/texlive/texmf-dist/tex/latex/amsfonts/umsa.fd
File: umsa.fd 2009/06/22 v3.00 AMS symbols A
)
LaTeX Font Info:    Try loading font information for U+msb on input line 73.

(/usr/share/texlive/texmf-dist/tex/latex/amsfonts/umsb.fd
File: umsb.fd 2009/06/22 v3.00 AMS symbols B
) [1

{/var/lib/texmf/fonts/map/pdftex/updmap/pdftex.map}]
Underfull \hbox (badness 10000) in paragraph at lines 225--227

 []


</home/anton/documents/masc/ml/matlab/strategy_naive/fig-FARO-year-bookvals.jpg
, id=21, 1204.5pt x 903.375pt>
File: /home/anton/documents/masc/ml/matlab/strategy_naive/fig-FARO-year-bookval
s.jpg Graphic file (type jpg)

<use /home/anton/documents/masc/ml/matlab/strategy_naive/fig-FARO-year-bookvals
.jpg>
Package pdftex.def Info: /home/anton/documents/masc/ml/matlab/strategy_naive/fi
g-FARO-year-bookvals.jpg used on input line 231.
(pdftex.def)             Requested size: 474.64911pt x 355.98148pt.

</home/anton/documents/masc/ml/matlab/strategy_naive/fig-FARO-15min-hist.jpg, i
d=22, 1204.5pt x 903.375pt>
File: /home/anton/documents/masc/ml/matlab/strategy_naive/fig-FARO-15min-hist.j
pg Graphic file (type jpg)

<use /home/anton/documents/masc/ml/matlab/strategy_naive/fig-FARO-15min-hist.jp
g>
Package pdftex.def Info: /home/anton/documents/masc/ml/matlab/strategy_naive/fi
g-FARO-15min-hist.jpg used on input line 236.
(pdftex.def)             Requested size: 474.64911pt x 355.98148pt.

Underfull \hbox (badness 10000) in paragraph at lines 236--237

 []


</home/anton/documents/masc/ml/matlab/strategy_naive/fig-INTC-year-bookvals.jpg
, id=23, 1204.5pt x 903.375pt>
File: /home/anton/documents/masc/ml/matlab/strategy_naive/fig-INTC-year-bookval
s.jpg Graphic file (type jpg)

<use /home/anton/documents/masc/ml/matlab/strategy_naive/fig-INTC-year-bookvals
.jpg>
Package pdftex.def Info: /home/anton/documents/masc/ml/matlab/strategy_naive/fi
g-INTC-year-bookvals.jpg used on input line 241.
(pdftex.def)             Requested size: 474.64911pt x 355.98148pt.

</home/anton/documents/masc/ml/matlab/strategy_naive/fig-INTC-15min-hist.jpg, i
d=24, 1204.5pt x 903.375pt>
File: /home/anton/documents/masc/ml/matlab/strategy_naive/fig-INTC-15min-hist.j
pg Graphic file (type jpg)

<use /home/anton/documents/masc/ml/matlab/strategy_naive/fig-INTC-15min-hist.jp
g>
Package pdftex.def Info: /home/anton/documents/masc/ml/matlab/strategy_naive/fi
g-INTC-15min-hist.jpg used on input line 246.
(pdftex.def)             Requested size: 474.64911pt x 355.98148pt.

Underfull \hbox (badness 10000) in paragraph at lines 246--247

 []


</home/anton/documents/masc/ml/matlab/strategy_naive/fig-NTAP-year-bookvals.jpg
, id=25, 1204.5pt x 903.375pt>
File: /home/anton/documents/masc/ml/matlab/strategy_naive/fig-NTAP-year-bookval
s.jpg Graphic file (type jpg)

<use /home/anton/documents/masc/ml/matlab/strategy_naive/fig-NTAP-year-bookvals
.jpg>
Package pdftex.def Info: /home/anton/documents/masc/ml/matlab/strategy_naive/fi
g-NTAP-year-bookvals.jpg used on input line 251.
(pdftex.def)             Requested size: 474.64911pt x 355.98148pt.

</home/anton/documents/masc/ml/matlab/strategy_naive/fig-NTAP-15min-hist.jpg, i
d=26, 1204.5pt x 903.375pt>
File: /home/anton/documents/masc/ml/matlab/strategy_naive/fig-NTAP-15min-hist.j
pg Graphic file (type jpg)

<use /home/anton/documents/masc/ml/matlab/strategy_naive/fig-NTAP-15min-hist.jp
g>
Package pdftex.def Info: /home/anton/documents/masc/ml/matlab/strategy_naive/fi
g-NTAP-15min-hist.jpg used on input line 256.
(pdftex.def)             Requested size: 474.64911pt x 355.98148pt.

Underfull \hbox (badness 10000) in paragraph at lines 256--257

 []


</home/anton/documents/masc/ml/matlab/strategy_naive/fig-ORCL-year-bookvals.jpg
, id=27, 1204.5pt x 903.375pt>
File: /home/anton/documents/masc/ml/matlab/strategy_naive/fig-ORCL-year-bookval
s.jpg Graphic file (type jpg)

<use /home/anton/documents/masc/ml/matlab/strategy_naive/fig-ORCL-year-bookvals
.jpg>
Package pdftex.def Info: /home/anton/documents/masc/ml/matlab/strategy_naive/fi
g-ORCL-year-bookvals.jpg used on input line 261.
(pdftex.def)             Requested size: 474.64911pt x 355.98148pt.

</home/anton/documents/masc/ml/matlab/strategy_naive/fig-ORCL-15min-hist.jpg, i
d=28, 1204.5pt x 903.375pt>
File: /home/anton/documents/masc/ml/matlab/strategy_naive/fig-ORCL-15min-hist.j
pg Graphic file (type jpg)

<use /home/anton/documents/masc/ml/matlab/strategy_naive/fig-ORCL-15min-hist.jp
g>
Package pdftex.def Info: /home/anton/documents/masc/ml/matlab/strategy_naive/fi
g-ORCL-15min-hist.jpg used on input line 266.
(pdftex.def)             Requested size: 474.64911pt x 355.98148pt.

Underfull \hbox (badness 10000) in paragraph at lines 266--267

 []


</home/anton/documents/masc/ml/matlab/strategy_naive/fig-SMH-year-bookvals.jpg,
 id=29, 1204.5pt x 903.375pt>
File: /home/anton/documents/masc/ml/matlab/strategy_naive/fig-SMH-year-bookvals
.jpg Graphic file (type jpg)

<use /home/anton/documents/masc/ml/matlab/strategy_naive/fig-SMH-year-bookvals.
jpg>
Package pdftex.def Info: /home/anton/documents/masc/ml/matlab/strategy_naive/fi
g-SMH-year-bookvals.jpg used on input line 271.
(pdftex.def)             Requested size: 474.64911pt x 355.98148pt.

</home/anton/documents/masc/ml/matlab/strategy_naive/fig-SMH-15min-hist.jpg, id
=30, 1204.5pt x 903.375pt>
File: /home/anton/documents/masc/ml/matlab/strategy_naive/fig-SMH-15min-hist.jp
g Graphic file (type jpg)

<use /home/anton/documents/masc/ml/matlab/strategy_naive/fig-SMH-15min-hist.jpg
>
Package pdftex.def Info: /home/anton/documents/masc/ml/matlab/strategy_naive/fi
g-SMH-15min-hist.jpg used on input line 276.
(pdftex.def)             Requested size: 474.64911pt x 355.98148pt.

Underfull \hbox (badness 10000) in paragraph at lines 276--277

 []


</home/anton/documents/masc/ml/matlab/strategy_naive/fig-strategycompare-FARO.j
pg, id=31, 1204.5pt x 903.375pt>
File: /home/anton/documents/masc/ml/matlab/strategy_naive/fig-strategycompare-F
ARO.jpg Graphic file (type jpg)

<use /home/anton/documents/masc/ml/matlab/strategy_naive/fig-strategycompare-FA
RO.jpg>
Package pdftex.def Info: /home/anton/documents/masc/ml/matlab/strategy_naive/fi
g-strategycompare-FARO.jpg used on input line 284.
(pdftex.def)             Requested size: 213.59064pt x 160.18822pt.

</home/anton/documents/masc/ml/matlab/strategy_naive/fig-strategycompare-INTC.j
pg, id=32, 1204.5pt x 903.375pt>
File: /home/anton/documents/masc/ml/matlab/strategy_naive/fig-strategycompare-I
NTC.jpg Graphic file (type jpg)

<use /home/anton/documents/masc/ml/matlab/strategy_naive/fig-strategycompare-IN
TC.jpg>
Package pdftex.def Info: /home/anton/documents/masc/ml/matlab/strategy_naive/fi
g-strategycompare-INTC.jpg used on input line 284.
(pdftex.def)             Requested size: 213.59064pt x 160.18822pt.

</home/anton/documents/masc/ml/matlab/strategy_naive/fig-strategycompare-NTAP.j
pg, id=33, 1204.5pt x 903.375pt>
File: /home/anton/documents/masc/ml/matlab/strategy_naive/fig-strategycompare-N
TAP.jpg Graphic file (type jpg)

<use /home/anton/documents/masc/ml/matlab/strategy_naive/fig-strategycompare-NT
AP.jpg>
Package pdftex.def Info: /home/anton/documents/masc/ml/matlab/strategy_naive/fi
g-strategycompare-NTAP.jpg used on input line 286.
(pdftex.def)             Requested size: 213.59064pt x 160.18822pt.

</home/anton/documents/masc/ml/matlab/strategy_naive/fig-strategycompare-ORCL.j
pg, id=34, 1204.5pt x 903.375pt>
File: /home/anton/documents/masc/ml/matlab/strategy_naive/fig-strategycompare-O
RCL.jpg Graphic file (type jpg)

<use /home/anton/documents/masc/ml/matlab/strategy_naive/fig-strategycompare-OR
CL.jpg>
Package pdftex.def Info: /home/anton/documents/masc/ml/matlab/strategy_naive/fi
g-strategycompare-ORCL.jpg used on input line 286.
(pdftex.def)             Requested size: 213.59064pt x 160.18822pt.

</home/anton/documents/masc/ml/matlab/strategy_naive/fig-strategycompare-SMH.jp
g, id=35, 1204.5pt x 903.375pt>
File: /home/anton/documents/masc/ml/matlab/strategy_naive/fig-strategycompare-S
MH.jpg Graphic file (type jpg)

<use /home/anton/documents/masc/ml/matlab/strategy_naive/fig-strategycompare-SM
H.jpg>
Package pdftex.def Info: /home/anton/documents/masc/ml/matlab/strategy_naive/fi
g-strategycompare-SMH.jpg used on input line 288.
(pdftex.def)             Requested size: 213.59064pt x 160.18822pt.


LaTeX Warning: `h' float specifier changed to `ht'.

[2] [3] [4] [5 </home/anton/documents/masc/ml/matlab/strategy_naive/fig-FARO-ye
ar-bookvals.jpg>] [6 </home/anton/documents/masc/ml/matlab/strategy_naive/fig-F
ARO-15min-hist.jpg>] [7 </home/anton/documents/masc/ml/matlab/strategy_naive/fi
g-INTC-year-bookvals.jpg>] [8 </home/anton/documents/masc/ml/matlab/strategy_na
ive/fig-INTC-15min-hist.jpg>] [9 </home/anton/documents/masc/ml/matlab/strategy
_naive/fig-NTAP-year-bookvals.jpg>] [10 </home/anton/documents/masc/ml/matlab/s
trategy_naive/fig-NTAP-15min-hist.jpg>] [11 </home/anton/documents/masc/ml/matl
ab/strategy_naive/fig-ORCL-year-bookvals.jpg>] [12 </home/anton/documents/masc/
ml/matlab/strategy_naive/fig-ORCL-15min-hist.jpg>] [13 </home/anton/documents/m
asc/ml/matlab/strategy_naive/fig-SMH-year-bookvals.jpg>] [14 </home/anton/docum
ents/masc/ml/matlab/strategy_naive/fig-SMH-15min-hist.jpg>] [15] [16 </home/ant
on/documents/masc/ml/matlab/strategy_naive/fig-strategycompare-FARO.jpg> </home
/anton/documents/masc/ml/matlab/strategy_naive/fig-strategycompare-INTC.jpg> </
home/anton/documents/masc/ml/matlab/strategy_naive/fig-strategycompare-NTAP.jpg
> </home/anton/documents/masc/ml/matlab/strategy_naive/fig-strategycompare-ORCL
.jpg> </home/anton/documents/masc/ml/matlab/strategy_naive/fig-strategycompare-
SMH.jpg>] (./20150108.aux) ) 
Here is how much of TeX's memory you used:
 4744 strings out of 495059
 74222 string characters out of 3182029
 164762 words of memory out of 3000000
 7823 multiletter control sequences out of 15000+200000
 14463 words of font info for 54 fonts, out of 3000000 for 9000
 14 hyphenation exceptions out of 8191
 44i,28n,42p,1313b,384s stack positions out of 5000i,500n,10000p,200000b,50000s
</usr/share/texlive/texmf-dist/fonts/type1/public/a
msfonts/cm/cmbx12.pfb></usr/share/texlive/texmf-dist/fonts/type1/public/amsfont
s/cm/cmex10.pfb></usr/share/texlive/texmf-dist/fonts/type1/public/amsfonts/cm/c
mmi12.pfb></usr/share/texlive/texmf-dist/fonts/type1/public/amsfonts/cm/cmmi6.p
fb></usr/share/texlive/texmf-dist/fonts/type1/public/amsfonts/cm/cmmi8.pfb></us
r/share/texlive/texmf-dist/fonts/type1/public/amsfonts/cm/cmmib10.pfb></usr/sha
re/texlive/texmf-dist/fonts/type1/public/amsfonts/cmextra/cmmib8.pfb></usr/shar
e/texlive/texmf-dist/fonts/type1/public/amsfonts/cm/cmr10.pfb></usr/share/texli
ve/texmf-dist/fonts/type1/public/amsfonts/cm/cmr12.pfb></usr/share/texlive/texm
f-dist/fonts/type1/public/amsfonts/cm/cmr6.pfb></usr/share/texlive/texmf-dist/f
onts/type1/public/amsfonts/cm/cmr8.pfb></usr/share/texlive/texmf-dist/fonts/typ
e1/public/amsfonts/cm/cmsy10.pfb></usr/share/texlive/texmf-dist/fonts/type1/pub
lic/amsfonts/cm/cmsy6.pfb></usr/share/texlive/texmf-dist/fonts/type1/public/ams
fonts/cm/cmsy8.pfb></usr/share/texlive/texmf-dist/fonts/type1/public/amsfonts/c
m/cmti12.pfb></usr/share/texlive/texmf-dist/fonts/type1/public/amsfonts/cm/cmtt
12.pfb></usr/share/texlive/texmf-dist/fonts/type1/public/amsfonts/symbols/msbm1
0.pfb>
Output written on 20150108.pdf (16 pages, 1427759 bytes).
PDF statistics:
 139 PDF objects out of 1000 (max. 8388607)
 88 compressed objects within 1 object stream
 0 named destinations out of 1000 (max. 500000)
 76 words of extra memory for PDF output out of 10000 (max. 10000000)

