\BOOKMARK [0][-]{chapter.1}{Introduction}{}% 1
\BOOKMARK [1][-]{section.1.1}{The Limit-Order Book}{chapter.1}% 2
\BOOKMARK [1][-]{section.1.2}{ITCH Data Set}{chapter.1}% 3
\BOOKMARK [1][-]{section.1.3}{Order Imbalance}{chapter.1}% 4
\BOOKMARK [1][-]{section.1.4}{Roadmap}{chapter.1}% 5
\BOOKMARK [0][-]{chapter.2}{Exploratory Data Analysis}{}% 6
\BOOKMARK [1][-]{section.2.1}{Modelling Imbalance: Continuous Time Markov Chain}{chapter.2}% 7
\BOOKMARK [1][-]{section.2.2}{Maximum Likelihood Estimate of a Markov-Modulated Poisson Process}{chapter.2}% 8
\BOOKMARK [2][-]{subsection.2.2.1}{Infinitesimal Generator Matrix}{section.2.2}% 9
\BOOKMARK [2][-]{subsection.2.2.2}{Arrival Rates}{section.2.2}% 10
\BOOKMARK [1][-]{section.2.3}{Two-Dimensional CTMC}{chapter.2}% 11
\BOOKMARK [2][-]{subsection.2.3.1}{Cross-Validation}{section.2.3}% 12
\BOOKMARK [1][-]{section.2.4}{Predicting Future Price Changes}{chapter.2}% 13
\BOOKMARK [1][-]{section.2.5}{Naive Trading Strategies}{chapter.2}% 14
\BOOKMARK [1][-]{section.2.6}{Calibration and Backtesting}{chapter.2}% 15
\BOOKMARK [1][-]{section.2.7}{Conclusions from the Naive Trading Strategies}{chapter.2}% 16
\BOOKMARK [0][-]{chapter.3}{Maximizing Wealth via Continuous-Time Stochastic Control}{}% 17
\BOOKMARK [1][-]{section.3.1}{System Description}{chapter.3}% 18
\BOOKMARK [1][-]{section.3.2}{Dynamic Programming}{chapter.3}% 19
\BOOKMARK [1][-]{section.3.3}{Maximizing Terminal Wealth}{chapter.3}% 20
\BOOKMARK [1][-]{section.3.4}{Interpreting the DPE}{chapter.3}% 21
\BOOKMARK [0][-]{chapter.4}{Maximizing Wealth via Discrete-Time Stochastic Control}{}% 22
\BOOKMARK [1][-]{section.4.1}{System Description}{chapter.4}% 23
\BOOKMARK [1][-]{section.4.2}{Dynamic Programming}{chapter.4}% 24
\BOOKMARK [1][-]{section.4.3}{Maximizing Terminal Wealth}{chapter.4}% 25
\BOOKMARK [1][-]{section.4.4}{Simplifying and Interpreting the DPE}{chapter.4}% 26
\BOOKMARK [0][-]{chapter.5}{Results}{}% 27
\BOOKMARK [1][-]{section.5.1}{Calibration}{chapter.5}% 28
\BOOKMARK [1][-]{section.5.2}{Dynamics of the Optimal Posting Depths}{chapter.5}% 29
\BOOKMARK [2][-]{subsection.5.2.1}{Comparing Optimal Control Performance}{section.5.2}% 30
\BOOKMARK [1][-]{section.5.3}{In-Sample Backtesting}{chapter.5}% 31
\BOOKMARK [2][-]{subsection.5.3.1}{Same-Day Calibration}{section.5.3}% 32
\BOOKMARK [2][-]{subsection.5.3.2}{Week Offset Calibration}{section.5.3}% 33
\BOOKMARK [2][-]{subsection.5.3.3}{Annual Calibration}{section.5.3}% 34
\BOOKMARK [1][-]{section.5.4}{Out-of-Sample Backtesting}{chapter.5}% 35
\BOOKMARK [0][-]{chapter.6}{Conclusion}{}% 36
