\BOOKMARK [0][-]{chapter.1}{Introduction}{}% 1
\BOOKMARK [1][-]{section.1.1}{Algorithmic Trading}{chapter.1}% 2
\BOOKMARK [1][-]{section.1.2}{Limit Order Book}{chapter.1}% 3
\BOOKMARK [1][-]{section.1.3}{ITCH Data Set}{chapter.1}% 4
\BOOKMARK [0][-]{chapter.2}{Exploratory Data Analysis}{}% 5
\BOOKMARK [1][-]{section.2.1}{Modeling Imbalance: Continuous Time Markov Chain}{chapter.2}% 6
\BOOKMARK [1][-]{section.2.2}{Maximum Likelihood Estimate of a Markov-modulated Poisson Process}{chapter.2}% 7
\BOOKMARK [2][-]{subsection.2.2.1}{Maximum Likelihood Estimation of G}{section.2.2}% 8
\BOOKMARK [2][-]{subsection.2.2.2}{Maximum Likelihood Estimation of lpmk}{section.2.2}% 9
\BOOKMARK [1][-]{section.2.3}{Cross-Validation of CTMC Parameters}{chapter.2}% 10
\BOOKMARK [1][-]{section.2.4}{2-dimensional CTMC}{chapter.2}% 11
\BOOKMARK [1][-]{section.2.5}{In-Sample Backtesting of Naive Trading Strategies}{chapter.2}% 12
\BOOKMARK [2][-]{subsection.2.5.1}{Naive Trading Strategy}{section.2.5}% 13
\BOOKMARK [2][-]{subsection.2.5.2}{Naive+ Trading Strategy}{section.2.5}% 14
\BOOKMARK [2][-]{subsection.2.5.3}{Naive++ Trading Strategy}{section.2.5}% 15
\BOOKMARK [1][-]{section.2.6}{Conclusions from Naive Trading Strategies}{chapter.2}% 16
\BOOKMARK [0][-]{chapter.3}{Stochastic Optimal Control}{}% 17
\BOOKMARK [1][-]{section.3.1}{Continuous Time}{chapter.3}% 18
\BOOKMARK [2][-]{subsection.3.1.1}{Maximizing Terminal Wealth \(Continuous\)}{section.3.1}% 19
\BOOKMARK [1][-]{section.3.2}{Discrete Time}{chapter.3}% 20
\BOOKMARK [2][-]{subsection.3.2.1}{Dynamic Programming}{section.3.2}% 21
\BOOKMARK [2][-]{subsection.3.2.2}{Maximizing Terminal Wealth \(Discrete\)}{section.3.2}% 22
\BOOKMARK [2][-]{subsection.3.2.3}{Simplifying the DPE}{section.3.2}% 23
\BOOKMARK [0][-]{chapter.4}{Results}{}% 24
